\BOOKMARK [1][-]{section.1}{\376\377\000I\000n\000t\000r\000o\000d\000u\000c\000t\000i\000o\000n}{}% 1
\BOOKMARK [1][-]{section.2}{\376\377\000S\000y\000s\000t\000e\000m\000\040\000O\000v\000e\000r\000v\000i\000e\000w}{}% 2
\BOOKMARK [2][-]{subsection.2.1}{\376\377\000A\000r\000c\000h\000i\000t\000e\000c\000t\000u\000r\000e}{section.2}% 3
\BOOKMARK [2][-]{subsection.2.2}{\376\377\000K\000e\000y\000\040\000F\000e\000a\000t\000u\000r\000e\000s}{section.2}% 4
\BOOKMARK [1][-]{section.3}{\376\377\000P\000a\000c\000k\000e\000t\000\040\000S\000t\000r\000u\000c\000t\000u\000r\000e}{}% 5
\BOOKMARK [2][-]{subsection.3.1}{\376\377\000P\000a\000c\000k\000e\000t\000\040\000C\000o\000m\000p\000o\000s\000i\000t\000i\000o\000n}{section.3}% 6
\BOOKMARK [2][-]{subsection.3.2}{\376\377\000P\000a\000y\000l\000o\000a\000d\000\040\000P\000a\000r\000a\000m\000e\000t\000e\000r\000s}{section.3}% 7
\BOOKMARK [1][-]{section.4}{\376\377\000T\000r\000a\000n\000s\000m\000i\000t\000t\000e\000r\000\040\000C\000o\000m\000p\000o\000n\000e\000n\000t\000s}{}% 8
\BOOKMARK [2][-]{subsection.4.1}{\376\377\000W\000a\000v\000e\000f\000o\000r\000m\000\040\000C\000l\000a\000s\000s\000\040\000\050\000W\000a\000v\000e\000f\000o\000r\000m\000.\000m\000\051}{section.4}% 9
\BOOKMARK [2][-]{subsection.4.2}{\376\377\000C\000o\000n\000v\000o\000l\000u\000t\000i\000o\000n\000a\000l\000\040\000E\000n\000c\000o\000d\000e\000r\000\040\000\050\000c\000o\000n\000v\000E\000n\000c\000o\000d\000e\000r\000.\000m\000\051}{section.4}% 10
\BOOKMARK [2][-]{subsection.4.3}{\376\377\000G\000a\000u\000s\000s\000i\000a\000n\000\040\000F\000i\000l\000t\000e\000r\000\040\000\050\000G\000a\000u\000s\000s\000i\000a\000n\000F\000i\000l\000t\000e\000r\000.\000m\000\051}{section.4}% 11
\BOOKMARK [2][-]{subsection.4.4}{\376\377\000G\000M\000S\000K\000\040\000M\000a\000p\000p\000e\000r\000\040\000\050\000G\000m\000s\000k\000M\000a\000p\000p\000e\000r\000.\000m\000\051}{section.4}% 12
\BOOKMARK [1][-]{section.5}{\376\377\000R\000e\000c\000e\000i\000v\000e\000r\000\040\000C\000o\000m\000p\000o\000n\000e\000n\000t\000s}{}% 13
\BOOKMARK [2][-]{subsection.5.1}{\376\377\000R\000x\000D\000e\000m\000o\000d\000u\000l\000a\000t\000o\000r\000\040\000\050\000R\000x\000D\000e\000m\000o\000d\000u\000l\000a\000t\000o\000r\000.\000m\000\051}{section.5}% 14
\BOOKMARK [2][-]{subsection.5.2}{\376\377\000G\000M\000S\000K\000\040\000D\000e\000m\000a\000p\000p\000e\000r\000\040\000\050\000G\000m\000s\000k\000D\000e\000m\000a\000p\000p\000e\000r\000.\000m\000\051}{section.5}% 15
\BOOKMARK [2][-]{subsection.5.3}{\376\377\000V\000i\000t\000e\000r\000b\000i\000\040\000D\000e\000c\000o\000d\000e\000r\000\040\000\050\000V\000i\000t\000e\000r\000b\000i\000D\000e\000c\000o\000d\000e\000r\000.\000m\000\051}{section.5}% 16
\BOOKMARK [1][-]{section.6}{\376\377\000P\000a\000c\000k\000e\000t\000\040\000D\000e\000t\000e\000c\000t\000i\000o\000n\000\040\000a\000n\000d\000\040\000P\000r\000o\000c\000e\000s\000s\000i\000n\000g}{}% 17
\BOOKMARK [2][-]{subsection.6.1}{\376\377\000P\000r\000e\000a\000m\000b\000l\000e\000\040\000D\000e\000t\000e\000c\000t\000i\000o\000n\000\040\000\050\000d\000e\000t\000e\000c\000t\000\137\000p\000r\000e\000a\000m\000b\000l\000e\000.\000m\000\051}{section.6}% 18
\BOOKMARK [2][-]{subsection.6.2}{\376\377\000P\000a\000c\000k\000e\000t\000\040\000B\000u\000i\000l\000d\000i\000n\000g\000\040\000\050\000b\000u\000i\000l\000d\000\137\000p\000a\000c\000k\000e\000t\000.\000m\000\051}{section.6}% 19
\BOOKMARK [2][-]{subsection.6.3}{\376\377\000P\000a\000y\000l\000o\000a\000d\000\040\000E\000x\000t\000r\000a\000c\000t\000i\000o\000n\000\040\000\050\000e\000x\000t\000r\000a\000c\000t\000\137\000p\000a\000y\000l\000o\000a\000d\000.\000m\000\051}{section.6}% 20
\BOOKMARK [1][-]{section.7}{\376\377\000M\000u\000l\000t\000i\000-\000P\000a\000c\000k\000e\000t\000\040\000P\000r\000o\000c\000e\000s\000s\000i\000n\000g}{}% 21
\BOOKMARK [2][-]{subsection.7.1}{\376\377\000M\000u\000l\000t\000i\000-\000P\000a\000c\000k\000e\000t\000\040\000B\000u\000i\000l\000d\000e\000r\000\040\000\050\000b\000u\000i\000l\000d\000\137\000m\000u\000l\000t\000i\000p\000a\000c\000k\000e\000t\000.\000m\000\051}{section.7}% 22
\BOOKMARK [2][-]{subsection.7.2}{\376\377\000M\000u\000l\000t\000i\000-\000P\000a\000c\000k\000e\000t\000\040\000R\000e\000c\000e\000p\000t\000i\000o\000n\000\040\000\050\000r\000e\000c\000e\000i\000v\000e\000\137\000m\000u\000l\000t\000i\000p\000a\000c\000k\000e\000t\000.\000m\000\051}{section.7}% 23
\BOOKMARK [1][-]{section.8}{\376\377\000C\000S\000V\000\040\000I\000n\000t\000e\000r\000f\000a\000c\000e}{}% 24
\BOOKMARK [2][-]{subsection.8.1}{\376\377\000I\000n\000p\000u\000t\000\040\000F\000o\000r\000m\000a\000t\000\040\000\050\000r\000e\000a\000d\000\137\000a\000x\000i\000\137\000s\000t\000r\000e\000a\000m\000\137\000c\000s\000v\000.\000m\000\051}{section.8}% 25
\BOOKMARK [2][-]{subsection.8.2}{\376\377\000O\000u\000t\000p\000u\000t\000\040\000F\000o\000r\000m\000a\000t\000\040\000\050\000w\000r\000i\000t\000e\000\137\000a\000x\000i\000\137\000s\000t\000r\000e\000a\000m\000\137\000c\000s\000v\000.\000m\000\051}{section.8}% 26
\BOOKMARK [1][-]{section.9}{\376\377\000T\000e\000s\000t\000\040\000S\000c\000r\000i\000p\000t\000s\000\040\000a\000n\000d\000\040\000V\000a\000l\000i\000d\000a\000t\000i\000o\000n}{}% 27
\BOOKMARK [2][-]{subsection.9.1}{\376\377\000S\000i\000n\000g\000l\000e\000-\000P\000a\000c\000k\000e\000t\000\040\000T\000e\000s\000t\000\040\000\050\000t\000e\000s\000t\000\137\000c\000o\000m\000p\000l\000e\000t\000e\000\137\000s\000y\000s\000t\000e\000m\000.\000m\000\051}{section.9}% 28
\BOOKMARK [2][-]{subsection.9.2}{\376\377\000M\000u\000l\000t\000i\000-\000P\000a\000c\000k\000e\000t\000\040\000T\000e\000s\000t\000\040\000\050\000t\000e\000s\000t\000\137\000m\000u\000l\000t\000i\000p\000a\000c\000k\000e\000t\000\137\000s\000y\000s\000t\000e\000m\000.\000m\000\051}{section.9}% 29
\BOOKMARK [2][-]{subsection.9.3}{\376\377\000S\000i\000m\000p\000l\000e\000\040\000E\000x\000a\000m\000p\000l\000e\000\040\000\050\000s\000i\000m\000p\000l\000e\000\137\000m\000u\000l\000t\000i\000p\000a\000c\000k\000e\000t\000\137\000e\000x\000a\000m\000p\000l\000e\000.\000m\000\051}{section.9}% 30
\BOOKMARK [1][-]{section.10}{\376\377\000P\000e\000r\000f\000o\000r\000m\000a\000n\000c\000e\000\040\000P\000a\000r\000a\000m\000e\000t\000e\000r\000s}{}% 31
\BOOKMARK [2][-]{subsection.10.1}{\376\377\000S\000y\000s\000t\000e\000m\000\040\000P\000a\000r\000a\000m\000e\000t\000e\000r\000s}{section.10}% 32
\BOOKMARK [2][-]{subsection.10.2}{\376\377\000E\000x\000p\000e\000c\000t\000e\000d\000\040\000P\000e\000r\000f\000o\000r\000m\000a\000n\000c\000e}{section.10}% 33
\BOOKMARK [1][-]{section.11}{\376\377\000F\000i\000l\000e\000\040\000I\000n\000v\000e\000n\000t\000o\000r\000y}{}% 34
\BOOKMARK [2][-]{subsection.11.1}{\376\377\000C\000o\000r\000e\000\040\000C\000o\000m\000m\000u\000n\000i\000c\000a\000t\000i\000o\000n\000\040\000B\000l\000o\000c\000k\000s}{section.11}% 35
\BOOKMARK [2][-]{subsection.11.2}{\376\377\000P\000a\000c\000k\000e\000t\000\040\000P\000r\000o\000c\000e\000s\000s\000i\000n\000g}{section.11}% 36
\BOOKMARK [2][-]{subsection.11.3}{\376\377\000C\000S\000V\000\040\000I\000n\000t\000e\000r\000f\000a\000c\000e}{section.11}% 37
\BOOKMARK [2][-]{subsection.11.4}{\376\377\000T\000e\000s\000t\000\040\000S\000c\000r\000i\000p\000t\000s}{section.11}% 38
\BOOKMARK [1][-]{section.12}{\376\377\000U\000s\000a\000g\000e\000\040\000E\000x\000a\000m\000p\000l\000e}{}% 39
\BOOKMARK [2][-]{subsection.12.1}{\376\377\000R\000u\000n\000n\000i\000n\000g\000\040\000t\000h\000e\000\040\000S\000y\000s\000t\000e\000m}{section.12}% 40
\BOOKMARK [1][-]{section.13}{\376\377\000C\000o\000n\000c\000l\000u\000s\000i\000o\000n}{}% 41
