

Implementation tool: Xilinx Vivado v.2025.2
Project:             convEncoder
Solution:            hls
Device target:       xcku5p-ffvb676-2-e
Report date:         Wed Mar 18 16:14:17 +0530 2026

#=== Post-Implementation Resource usage ===
SLICE:            0
LUT:            132
FF:             156
DSP:              0
BRAM:             0
URAM:             0
LATCH:            0
SRL:              0
CLB:             25

#=== Final timing ===
CP required:                     10.000
CP achieved post-synthesis:      1.203
CP achieved post-implementation: 1.755
Timing met
