================================================================
== Vivado RTL Synthesis Results
================================================================
+ General Information:
    * Date:            Wed Mar 18 16:14:18 +0530 2026
    * Version:         2025.2 (Build 6295257 on Nov 12 2025)
    * Project:         convEncoder
    * Solution:        hls (Vivado IP Flow Target)
    * Product family:  kintexuplus
    * Target device:   xcku5p-ffvb676-2-e


================================================================
== Run Constraints & Options
================================================================
+ Design Constraints & Options:
    * RTL Synthesis target clock:  10 ns
    * C-Synthesis target clock:    10 ns
    * C-Synthesis uncertainty:     27%

+ RTL Synthesis Options:
    * config_export -vivado_synth_strategy:     default
    * config_export -vivado_synth_design_args:  -directive sdx_optimization_effort_high

+ Reporting Options:
    * config_export -vivado_report_level:      2
    * config_export -vivado_max_timing_paths:  10


================================================================
== RTL Synthesis Resource Summary
================================================================
LUT:              135
FF:               156
DSP:              0
BRAM:             0
URAM:             0
SRL:              0


================================================================
== RTL Synthesis Timing Summary
================================================================
* Timing was met
+----------------+-------------+
| Timing         | Period (ns) |
+----------------+-------------+
| Target         | 10.000      |
| Post-Synthesis | 1.203       |
+----------------+-------------+


================================================================
== RTL Synthesis Resources
================================================================
+-----------------------------------------------------------+-----+----+-----+------+------+-----+--------+------+---------+----------+--------+
| Name                                                      | LUT | FF | DSP | BRAM | URAM | SRL | Pragma | Impl | Latency | Variable | Source |
+-----------------------------------------------------------+-----+----+-----+------+------+-----+--------+------+---------+----------+--------+
| inst                                                      |     |    |     |      |      |     |        |      |         |          |        |
|   (inst)                                                  |     |    |     |      |      |     |        |      |         |          |        |
|   grp_convEncoder_Seq_Pipeline_VITIS_LOOP_40_1_fu_115     |     |    |     |      |      |     |        |      |         |          |        |
|     (grp_convEncoder_Seq_Pipeline_VITIS_LOOP_40_1_fu_115) |     |    |     |      |      |     |        |      |         |          |        |
|     flow_control_loop_pipe_sequential_init_U              |     |    |     |      |      |     |        |      |         |          |        |
+-----------------------------------------------------------+-----+----+-----+------+------+-----+--------+------+---------+----------+--------+


================================================================
== RTL Synthesis Fail Fast
================================================================
+-----------------------------------------------------------+-----------+--------+--------+
| Criteria                                                  | Guideline | Actual | Status |
+-----------------------------------------------------------+-----------+--------+--------+
| LUT                                                       | 70%       | 0.06%  | OK     |
| FD                                                        | 50%       | 0.04%  | OK     |
| LUTRAM+SRL                                                | 25%       | 0.00%  | OK     |
| CARRY8                                                    | 25%       | 0.00%  | OK     |
| MUXF7                                                     | 15%       | 0.01%  | OK     |
| DSP                                                       | 80%       | 0.00%  | OK     |
| RAMB/FIFO                                                 | 80%       | 0.00%  | OK     |
| URAM                                                      | 80%       | 0.00%  | OK     |
| DSP+RAMB+URAM (Avg)                                       | 70%       | 0.00%  | OK     |
| BUFGCE* + BUFGCTRL                                        | 24        | 0      | OK     |
| DONT_TOUCH (cells/nets)                                   | 0         | 0      | OK     |
| MARK_DEBUG (nets)                                         | 0         | 0      | OK     |
| Control Sets                                              | 4068      | 7      | OK     |
| Average Fanout for modules > 100k cells                   | 4         | 3.34   | OK     |
| Max Average Fanout for modules > 100k cells               | 4         | 0      | OK     |
| Non-FD high fanout nets > 10k loads                       | 0         | 0      | OK     |
+-----------------------------------------------------------+-----------+--------+--------+
| TIMING-6 (No common primary clock between related clocks) | 0         | 0      | OK     |
| TIMING-7 (No common node between related clocks)          | 0         | 0      | OK     |
| TIMING-8 (No common period between related clocks)        | 0         | 0      | OK     |
| TIMING-14 (LUT on the clock tree)                         | 0         | 0      | OK     |
| TIMING-35 (No common node in paths with the same clock)   | 0         | 0      | OK     |
+-----------------------------------------------------------+-----------+--------+--------+
| Number of paths above max LUT budgeting (0.300ns)         | 0         | 0      | OK     |
| Number of paths above max Net budgeting (0.208ns)         | 0         | 0      | OK     |
+-----------------------------------------------------------+-----------+--------+--------+


================================================================
== RTL Synthesis Timing Paths
================================================================
* Timing was met
+-------+-------+--------------------------------+-----------------------------------------------------------------------------+--------------+------------+----------------+----------------+--------------+
| Path  | SLACK | STARTPOINT PIN                 | ENDPOINT PIN                                                                | LOGIC LEVELS | MAX FANOUT | DATAPATH DELAY | DATAPATH LOGIC | DATAPATH NET |
|       |       |                                |                                                                             |              |            |                |          DELAY |        DELAY |
+-------+-------+--------------------------------+-----------------------------------------------------------------------------+--------------+------------+----------------+----------------+--------------+
| Path1 | 8.797 | in_word_data_reg_178_reg[10]/C | grp_convEncoder_Seq_Pipeline_VITIS_LOOP_40_1_fu_115/encoded_fu_58_reg[0]/D  |            4 |         32 |          1.184 |          0.403 |        0.781 |
| Path2 | 8.797 | in_word_data_reg_178_reg[10]/C | grp_convEncoder_Seq_Pipeline_VITIS_LOOP_40_1_fu_115/encoded_fu_58_reg[10]/D |            4 |         32 |          1.184 |          0.403 |        0.781 |
| Path3 | 8.797 | in_word_data_reg_178_reg[10]/C | grp_convEncoder_Seq_Pipeline_VITIS_LOOP_40_1_fu_115/encoded_fu_58_reg[11]/D |            4 |         32 |          1.184 |          0.403 |        0.781 |
| Path4 | 8.797 | in_word_data_reg_178_reg[10]/C | grp_convEncoder_Seq_Pipeline_VITIS_LOOP_40_1_fu_115/encoded_fu_58_reg[12]/D |            4 |         32 |          1.184 |          0.403 |        0.781 |
| Path5 | 8.797 | in_word_data_reg_178_reg[10]/C | grp_convEncoder_Seq_Pipeline_VITIS_LOOP_40_1_fu_115/encoded_fu_58_reg[13]/D |            4 |         32 |          1.184 |          0.403 |        0.781 |
+-------+-------+--------------------------------+-----------------------------------------------------------------------------+--------------+------------+----------------+----------------+--------------+

    +---------------------------------------------------------------------------+-------------------+
    | Path1 Cells                                                               | Primitive Type    |
    +---------------------------------------------------------------------------+-------------------+
    | in_word_data_reg_178_reg[10]                                              | REGISTER.SDR.FDRE |
    | grp_convEncoder_Seq_Pipeline_VITIS_LOOP_40_1_fu_115/empty_fu_66[0]_i_5    | CLB.LUT.LUT6      |
    | grp_convEncoder_Seq_Pipeline_VITIS_LOOP_40_1_fu_115/empty_fu_66[0]_i_3    | CLB.LUT.LUT6      |
    | grp_convEncoder_Seq_Pipeline_VITIS_LOOP_40_1_fu_115/encoded_fu_58[62]_i_2 | CLB.LUT.LUT6      |
    | grp_convEncoder_Seq_Pipeline_VITIS_LOOP_40_1_fu_115/encoded_fu_58[0]_i_1  | CLB.LUT.LUT6      |
    | grp_convEncoder_Seq_Pipeline_VITIS_LOOP_40_1_fu_115/encoded_fu_58_reg[0]  | REGISTER.SDR.FDRE |
    +---------------------------------------------------------------------------+-------------------+

    +---------------------------------------------------------------------------+-------------------+
    | Path2 Cells                                                               | Primitive Type    |
    +---------------------------------------------------------------------------+-------------------+
    | in_word_data_reg_178_reg[10]                                              | REGISTER.SDR.FDRE |
    | grp_convEncoder_Seq_Pipeline_VITIS_LOOP_40_1_fu_115/empty_fu_66[0]_i_5    | CLB.LUT.LUT6      |
    | grp_convEncoder_Seq_Pipeline_VITIS_LOOP_40_1_fu_115/empty_fu_66[0]_i_3    | CLB.LUT.LUT6      |
    | grp_convEncoder_Seq_Pipeline_VITIS_LOOP_40_1_fu_115/encoded_fu_58[62]_i_2 | CLB.LUT.LUT6      |
    | grp_convEncoder_Seq_Pipeline_VITIS_LOOP_40_1_fu_115/encoded_fu_58[10]_i_1 | CLB.LUT.LUT6      |
    | grp_convEncoder_Seq_Pipeline_VITIS_LOOP_40_1_fu_115/encoded_fu_58_reg[10] | REGISTER.SDR.FDRE |
    +---------------------------------------------------------------------------+-------------------+

    +---------------------------------------------------------------------------+-------------------+
    | Path3 Cells                                                               | Primitive Type    |
    +---------------------------------------------------------------------------+-------------------+
    | in_word_data_reg_178_reg[10]                                              | REGISTER.SDR.FDRE |
    | grp_convEncoder_Seq_Pipeline_VITIS_LOOP_40_1_fu_115/empty_fu_66[0]_i_5    | CLB.LUT.LUT6      |
    | grp_convEncoder_Seq_Pipeline_VITIS_LOOP_40_1_fu_115/empty_fu_66[0]_i_3    | CLB.LUT.LUT6      |
    | grp_convEncoder_Seq_Pipeline_VITIS_LOOP_40_1_fu_115/encoded_fu_58[63]_i_5 | CLB.LUT.LUT6      |
    | grp_convEncoder_Seq_Pipeline_VITIS_LOOP_40_1_fu_115/encoded_fu_58[11]_i_1 | CLB.LUT.LUT6      |
    | grp_convEncoder_Seq_Pipeline_VITIS_LOOP_40_1_fu_115/encoded_fu_58_reg[11] | REGISTER.SDR.FDRE |
    +---------------------------------------------------------------------------+-------------------+

    +---------------------------------------------------------------------------+-------------------+
    | Path4 Cells                                                               | Primitive Type    |
    +---------------------------------------------------------------------------+-------------------+
    | in_word_data_reg_178_reg[10]                                              | REGISTER.SDR.FDRE |
    | grp_convEncoder_Seq_Pipeline_VITIS_LOOP_40_1_fu_115/empty_fu_66[0]_i_5    | CLB.LUT.LUT6      |
    | grp_convEncoder_Seq_Pipeline_VITIS_LOOP_40_1_fu_115/empty_fu_66[0]_i_3    | CLB.LUT.LUT6      |
    | grp_convEncoder_Seq_Pipeline_VITIS_LOOP_40_1_fu_115/encoded_fu_58[62]_i_2 | CLB.LUT.LUT6      |
    | grp_convEncoder_Seq_Pipeline_VITIS_LOOP_40_1_fu_115/encoded_fu_58[12]_i_1 | CLB.LUT.LUT6      |
    | grp_convEncoder_Seq_Pipeline_VITIS_LOOP_40_1_fu_115/encoded_fu_58_reg[12] | REGISTER.SDR.FDRE |
    +---------------------------------------------------------------------------+-------------------+

    +---------------------------------------------------------------------------+-------------------+
    | Path5 Cells                                                               | Primitive Type    |
    +---------------------------------------------------------------------------+-------------------+
    | in_word_data_reg_178_reg[10]                                              | REGISTER.SDR.FDRE |
    | grp_convEncoder_Seq_Pipeline_VITIS_LOOP_40_1_fu_115/empty_fu_66[0]_i_5    | CLB.LUT.LUT6      |
    | grp_convEncoder_Seq_Pipeline_VITIS_LOOP_40_1_fu_115/empty_fu_66[0]_i_3    | CLB.LUT.LUT6      |
    | grp_convEncoder_Seq_Pipeline_VITIS_LOOP_40_1_fu_115/encoded_fu_58[63]_i_5 | CLB.LUT.LUT6      |
    | grp_convEncoder_Seq_Pipeline_VITIS_LOOP_40_1_fu_115/encoded_fu_58[13]_i_1 | CLB.LUT.LUT6      |
    | grp_convEncoder_Seq_Pipeline_VITIS_LOOP_40_1_fu_115/encoded_fu_58_reg[13] | REGISTER.SDR.FDRE |
    +---------------------------------------------------------------------------+-------------------+


================================================================
== RTL Synthesis Vivado Reports
================================================================
+--------------------------+------------------------------------------------------------------------+
| Report Type              | Report Location                                                        |
+--------------------------+------------------------------------------------------------------------+
| design_analysis          | impl/verilog/report/convEncoder_Seq_design_analysis_synth.rpt          |
| failfast                 | impl/verilog/report/convEncoder_Seq_failfast_synth.rpt                 |
| power                    | impl/verilog/report/convEncoder_Seq_power_synth.rpt                    |
| timing                   | impl/verilog/report/convEncoder_Seq_timing_synth.rpt                   |
| timing_paths             | impl/verilog/report/convEncoder_Seq_timing_paths_synth.rpt             |
| utilization              | impl/verilog/report/convEncoder_Seq_utilization_synth.rpt              |
| utilization_hierarchical | impl/verilog/report/convEncoder_Seq_utilization_hierarchical_synth.rpt |
+--------------------------+------------------------------------------------------------------------+


