# 
# Steps log generated by v++
# This log file contains a collection of steps that describe the kernel compilation flow
# Note: Some steps are tagged as internal, these steps are for debugging purposes and 
#       are not expected to be able to run independently.
# 

# The following environment variables are set when running vitis-run
Environment variables :
------------------------------------------
ALLUSERSPROFILE=C:\ProgramData
APPDATA=C:\Users\hansa\AppData\Roaming
arr.length=0
arr.Ubound=-1
CHARPOP=1
CMAKE_OBJECT_PATH_MAX=4096
CommonProgramFiles=C:\Program Files\Common Files
CommonProgramFiles(x86)=C:\Program Files (x86)\Common Files
CommonProgramW6432=C:\Program Files\Common Files
COMPUTERNAME=DULINA
ComSpec=C:\WINDOWS\system32\cmd.exe
DriverData=C:\Windows\System32\Drivers\DriverData
EFC_8732_1262719628=1
EFC_8732_1592913036=1
EFC_8732_2283032206=1
EFC_8732_2775293581=1
EFC_8732_3789132940=1
FPS_BROWSER_APP_PROFILE_STRING=Internet Explorer
FPS_BROWSER_USER_PROFILE_STRING=Default
HDI_APPROOT=D:/Xilinx/2025.2/Vitis
HDI_PROCESSOR=i686
HOMEDRIVE=C:
HOMEPATH=\Users\hansa
HW_SERVER_DJTG_DISABLE=1
HW_SERVER_FTDIMGR_DISABLE=1
IDE_SKIP_SERVER_LICENSE=1
INT_VARIABLE_NAME=XILINX_PATH
ISL_IOSTREAMS_RSA=D:/Xilinx/2025.2/Vitis/tps/isl
JAVA_EXE=D:/Xilinx/2025.2/Vitis\tps\win64\jre21.0.5_11\bin\java.exe
JAVA_HOME=D:/Xilinx/2025.2/Vitis\tps\win64\jre21.0.5_11
LC_NUMERIC=C
LOCALAPPDATA=C:\Users\hansa\AppData\Local
LOGONSERVER=\\DULINA
LOPPER_DTC_FLAGS=-b 0 -@
MGLS_LICENSE_FILE=C:\ProgramData\MentorGraphics\License\license.dat
NOSPLASH=false
NUMBER_OF_PROCESSORS=8
OneDrive=C:\Users\hansa\OneDrive
OneDriveConsumer=C:\Users\hansa\OneDrive
ORIGINAL_XDG_CURRENT_DESKTOP=undefined
OS=Windows_NT
PATH=D:/Xilinx/2025.2/Vivado/tps/win64/binutils-2.26/bin;D:/Xilinx/2025.2/Vitis/bin/../gnu/aarch64/nt/aarch64-linux/bin;D:/Xilinx/2025.2/Vitis/bin/../gnu/ppc64le/4.9.3/win64/bin;D:/Xilinx/2025.2/Vitis/bin/../gnu/aarch32/nt/gcc-arm-linux-gnueabi/bin;D:/Xilinx/2025.2/Vitis/tps/mingw/6.2.0/win64.o/nt/bin;D:/Xilinx/2025.2/Vivado\gnuwin\bin;D:/Xilinx/2025.2/Vivado\gnu\microblaze\nt\bin;D:/Xilinx/2025.2/Vitis/bin;D:/Xilinx/2025.2/Vitis\tps\win64;D:/Xilinx/2025.2/Vitis/tps/win64/java-cef-95.0.4638.69/bin/lib/win64;D:/Xilinx/2025.2/Vitis/lib/win64.o;D:/Xilinx/2025.2/Vitis/tps/win64/jre11.0.16_1/bin/server;D:/Xilinx/2025.2/Vitis/tps/win64/jre11.0.16_1/bin;D:/Xilinx/2025.2/Vitis\tps\win64\cmake-3.24.2\bin;D:/Xilinx/2025.2/Vitis\gnu\microblaze\nt\bin;D:/Xilinx/2025.2/Vitis\gnu\microblaze\linux_toolchain\nt64_le\bin;D:/Xilinx/2025.2/Vitis\gnu\aarch32\nt\gcc-arm-linux-gnueabi\bin;D:/Xilinx/2025.2/Vitis\gnu\aarch32\nt\gcc-arm-none-eabi\bin;D:/Xilinx/2025.2/Vitis\gnu\aarch64\nt\aarch64-linux\bin;D:/Xilinx/2025.2/Vitis\gnu\aarch64\nt\aarch64-none\bin;D:/Xilinx/2025.2/Vitis\gnu\armr5\nt\gcc-arm-none-eabi\bin;D:/Xilinx/2025.2/Vitis\gnuwin\bin;D:/Xilinx/2025.2/Vitis\tps\win64\python-3.13.0;D:/Xilinx/2025.2/Vitis\tps\win64\jre21.0.5_11\bin;D:/Xilinx/2025.2/Vitis\tps\win64\libxslt\bin;D:/Xilinx/2025.2/Vitis\gnu\arm\nt\bin;D:/Xilinx/2025.2/Vitis\gnu\microblaze\linux_toolchain\nt64_be\bin;D:/Xilinx/2025.2/Vitis\gnu\riscv\nt\bin;D:/Xilinx/2025.2/Vitis\gnu\riscv\linux_toolchain\nt64\bin;D:/Xilinx/2025.2/Vitis\gnu\riscv\linux_toolchain\nt32\bin;D:/Xilinx/2025.2/Vivado\tps\win64\python-3.13.0;D:/Xilinx/2025.2/Vivado\tps\win64\git-2.50.0\bin;D:/Xilinx/2025.2/Vivado\tps\win64\cmake-3.24.2\bin;D:/Xilinx/2025.2/Vitis/win64/tools/vcxx\libexec;D:/Xilinx/2025.2/Vivado\tps\win64\jre21.0.5_11\bin;C:\WINDOWS\system32;C:\WINDOWS;C:\WINDOWS\System32\Wbem;C:\WINDOWS\System32\WindowsPowerShell\v1.0\;C:\WINDOWS\System32\OpenSSH\;C:\Program Files\MATLAB\R2025b\bin;C:\Strawberry\c\bin;C:\Strawberry\perl\site\bin;C:\Strawberry\perl\bin;C:\Program Files\WezTerm;C:\Program Files\Docker\Docker\resources\bin;C:\Program Files\Git\cmd;c:\Users\hansa\AppData\Local\Programs\cursor\resources\app\codeBin;C:\Users\hansa\AppData\Local\Programs\Python\Python314\Scripts\;C:\Users\hansa\AppData\Local\Programs\Python\Python314\;C:\Users\hansa\AppData\Local\Microsoft\WindowsApps;C:\Users\hansa\AppData\Local\Programs\Microsoft VS Code\bin;C:\Users\hansa\AppData\Local\Programs\MiKTeX\miktex\bin\x64\;C:\Users\hansa\.local\bin;C:\questasim64_2024.1\win64;D:/Xilinx/2025.2/Vitis\tps\mingw\6.2.0\win64.o\nt\bin;D:/Xilinx/2025.2/Vitis\tps\mingw\6.2.0\win64.o\nt\libexec\gcc\x86_64-w64-mingw32\6.2.0
PATHEXT=.COM;.EXE;.BAT;.CMD;.VBS;.VBE;.JS;.JSE;.WSF;.WSH;.MSC
PROCESSOR_ARCHITECTURE=AMD64
PROCESSOR_IDENTIFIER=Intel64 Family 6 Model 140 Stepping 1, GenuineIntel
PROCESSOR_LEVEL=6
PROCESSOR_REVISION=8c01
PRODVERSION_EXE=D:/Xilinx/2025.2/Vitis/bin/unwrapped/win64.o/prodversion.exe
ProgramData=C:\ProgramData
ProgramFiles=C:\Program Files
ProgramFiles(x86)=C:\Program Files (x86)
ProgramW6432=C:\Program Files
PROMPT=$P$G
PSModulePath=C:\Program Files\WindowsPowerShell\Modules;C:\WINDOWS\system32\WindowsPowerShell\v1.0\Modules
PUBLIC=C:\Users\Public
PYTHONPATH=D:/Xilinx/2025.2/Vitis\cli;D:/Xilinx/2025.2/Vitis\cli\python-packages\win64;D:/Xilinx/2025.2/Vitis\cli\python-packages\site-packages;D:/Xilinx/2025.2/Vitis\cli\proto;D:/Xilinx/2025.2/Vitis\scripts\python_pkg;
python_path=D:/Xilinx/2025.2/Vitis\cli;D:/Xilinx/2025.2/Vitis\cli\python-packages\win64;D:/Xilinx/2025.2/Vitis\cli\python-packages\site-packages;D:/Xilinx/2025.2/Vitis\cli\proto;D:/Xilinx/2025.2/Vitis\scripts\python_pkg;
RDI_APPROOT=D:/Xilinx/2025.2/Vitis
RDI_ARGS= --mode hls --csim --config C:\Users\Public\Vitis_HLS\gmskModem\convEncoder\hls_config.cfg --work_dir convEncoder
RDI_ARGS_FUNCTION=RDI_EXEC_DEFAULT
RDI_BASEROOT=D:/Xilinx/2025.2
RDI_BINDIR=D:/Xilinx/2025.2/Vitis/bin
RDI_BINROOT=D:/Xilinx/2025.2/Vitis/bin
RDI_BUILD=yes
RDI_CHECK_PROG=True
RDI_DATADIR=D:/Xilinx/2025.2/Vitis/data
RDI_INSTALLROOT=D:/Xilinx
RDI_INSTALLVER=Vitis
RDI_INSTALLVERSION=2025.2
RDI_JAVACEFROOT=D:/Xilinx/2025.2/Vitis/tps/win64/java-cef-95.0.4638.69
RDI_JAVAFXROOT=D:/Xilinx/2025.2/Vitis/tps/win64/javafx-sdk-11.0.2
RDI_JAVAROOT=D:/Xilinx/2025.2/Vitis/tps/win64/jre11.0.16_1
RDI_JAVA_VERSION=11.0.16_1
RDI_LIBDIR=D:/Xilinx/2025.2/Vitis/lib/win64.o
RDI_MINGW_LIB=D:/Xilinx/2025.2/Vitis\tps\mingw\6.2.0\win64.o\nt\bin;D:/Xilinx/2025.2/Vitis\tps\mingw\6.2.0\win64.o\nt\libexec\gcc\x86_64-w64-mingw32\6.2.0
RDI_OPT_EXT=.o
RDI_OS_ARCH=64
RDI_PLATFORM=win64
RDI_PREPEND_PATH=D:/Xilinx/2025.2/Vitis/bin
RDI_PROG=D:/Xilinx/2025.2/Vitis/bin/unwrapped/win64.o/vitis-run.exe
RDI_PROGNAME=vitis-run.exe
RDI_SESSION_INFO=D:\Xilinx\2025.2\Vitis\bin:DULINA-Thu02-19-2026_15-56-58.90
RDI_SHARED_DATA=D:/Xilinx/SharedData/2025.2/data
RDI_TEMPINSTALL=D:\Xilinx\2025.2
RDI_TPS_ROOT=D:/Xilinx/2025.2/Vivado/tps/win64
RDI_USE_JDK11=1
RDI_VERBOSE=False
RT_LIBPATH=D:/Xilinx/2025.2/Vitis/scripts/rt/data
RT_TCL_PATH=D:/Xilinx/2025.2/Vitis/scripts/rt/base_tcl/tcl
SESSIONNAME=Console
session_string=C:\Users\Public\Vitis_HLS\gmskModem\convEncoder:DULINA-Thu02-19-2026_18-08-08.04
supports_classic_ide=false
SYNTH_COMMON=D:/Xilinx/2025.2/Vitis/scripts/rt/data
SystemDrive=C:
SystemRoot=C:\WINDOWS
TCL_LIBRARY=D:/Xilinx/2025.2/Vitis/tps/tcl/tcl8.6
TCMALLOC_LARGE_ALLOC_REPORT_THRESHOLD=4294967296
TEMP=C:\Users\hansa\AppData\Local\Temp
THEIA_APP_PROJECT_PATH=D:\Xilinx\2025.2\Vitis\ide\electron-app\win64\resources\app
THEIA_DEFAULT_PLUGINS=local-dir:D:\Xilinx\2025.2\Vitis\ide\electron-app\win64\resources\app\plugins
THEIA_ELECTRON_TOKEN={"value":"f435f771-be82-4cad-9877-3450faa42982"}
THEIA_ELECTRON_VERSION=30.1.2
THEIA_PLUGINS=local-dir:C:\Users\hansa\.theia\plugins
TMP=C:\Users\hansa\AppData\Local\Temp
tooldir=tps\win64\git-2.50.0
TOOLS_CLANGD=D:/Xilinx/2025.2/Vitis/win64/tools/vcxx\libexec
TPS_CMAKE=D:/Xilinx/2025.2/Vivado\tps\win64\cmake-3.24.2
TPS_GIT=D:/Xilinx/2025.2/Vivado\tps\win64\git-2.50.0
TPS_LIBXSLT=D:/Xilinx/2025.2/Vitis\tps\win64\libxslt
TPS_PYTHON=D:/Xilinx/2025.2/Vivado\tps\win64\python-3.13.0
USERDOMAIN=DULINA
USERDOMAIN_ROAMINGPROFILE=DULINA
USERNAME=hansa
USERPROFILE=C:\Users\hansa
VALIDATE_ARGS="False"
VITISNEW=true
VITIS_HLS_INSTALL=true
VSCODE_API_VERSION=1.99.3
windir=C:\WINDOWS
XILINX_HLS=D:/Xilinx/2025.2/Vitis
XILINX_PLANAHEAD=D:/Xilinx/2025.2/Vitis
XILINX_SDK=D:/Xilinx/2025.2/Vitis
XILINX_VCXX=D:/Xilinx/2025.2/Vitis/win64/tools/vcxx
XILINX_VITIS=D:/Xilinx/2025.2/Vitis
XILINX_VITIS_GIT=D:/Xilinx/2025.2/Vivado\tps\win64\git-2.50.0\bin
XILINX_VITIS_VERSION=Vitis v (64-bit)
XILINX_VIVADO=D:/Xilinx/2025.2/Vivado
XIL_CHECK_TCL_DEBUG=False
XIL_NO_OVERRIDE=0
XIL_SUPPRESS_OVERRIDE_WARNINGS=1
XVREDIST=D:/Xilinx/2025.2/Vitis\tps\win64\xvcredist.exe
ZES_ENABLE_SYSMAN=1
_RDI_BINROOT=D:\Xilinx\2025.2\Vitis\bin
_RDI_CWD=C:\Users\Public\Vitis_HLS\gmskModem\convEncoder
_RDI_DONT_SET_XILINX_AS_PATH=True
_RDI_VERSION_PROG=vitis-run
_valid=False
XILINX_CD_CONNECT_ID=49714
XILINX_CD_SESSION=06c31d8c-01c7-4041-bcdb-c5fa7d5b57c4


VITIS-RUN command line:
------------------------------------------
D:/Xilinx/2025.2/Vitis/bin/unwrapped/win64.o/vitis-run.exe --mode hls --csim --config C:\Users\Public\Vitis_HLS\gmskModem\convEncoder\hls_config.cfg --work_dir convEncoder 

FINAL PROGRAM OPTIONS
--config C:\Users\Public\Vitis_HLS\gmskModem\convEncoder\hls_config.cfg
--csim
--hls.clock 10ns
--hls.flow_target vivado
--hls.package.output.format ip_catalog
--hls.package.output.syn false
--hls.syn.file convEncoder.cpp
--hls.tb.file convEncoder_tb.cpp
--mode hls
--part xcku5p-ffvb676-2-e
--work_dir convEncoder

PARSED COMMAND LINE OPTIONS
--mode hls 
--csim 
--config C:\Users\Public\Vitis_HLS\gmskModem\convEncoder\hls_config.cfg 
--work_dir convEncoder 

PARSED CONFIG FILE (1) OPTIONS
file: C:\Users\Public\Vitis_HLS\gmskModem\convEncoder\hls_config.cfg
part xcku5p-ffvb676-2-e 
hls.flow_target vivado 
hls.package.output.format ip_catalog 
hls.package.output.syn false 
hls.clock 10ns 
hls.syn.file convEncoder.cpp 
hls.tb.file convEncoder_tb.cpp 


==========================================
new:  steps log generated by v++ for new launch 
timestamp: 19 Feb 2026 18:08:14

------------------------------------------
V++ command line :
------------------------------------------
D:/Xilinx/2025.2/Vitis/bin/unwrapped/win64.o/v++.exe -c --mode hls --config C:\Users\Public\Vitis_HLS\gmskModem\convEncoder\hls_config.cfg --work_dir convEncoder 
  Options from -O    : 
  Options from *.ini : 
  Options from Hw Platform : 

==========================================
new:  steps log generated by v++ for new launch 
timestamp: 20 Feb 2026 09:07:36

------------------------------------------
VITIS-RUN command line :
------------------------------------------
D:/Xilinx/2025.2/Vitis/bin/unwrapped/win64.o/vitis-run.exe --mode hls --cosim --config C:\Users\Public\Vitis_HLS\gmskModem\convEncoder\hls_config.cfg --work_dir convEncoder 
  Options from -O    : 
  Options from *.ini : 
  Options from Hw Platform : 

==========================================
new:  steps log generated by v++ for new launch 
timestamp: 20 Feb 2026 09:08:33

------------------------------------------
VITIS-RUN command line :
------------------------------------------
D:/Xilinx/2025.2/Vitis/bin/unwrapped/win64.o/vitis-run.exe --mode hls --csim --config C:\Users\Public\Vitis_HLS\gmskModem\convEncoder\hls_config.cfg --work_dir convEncoder 
  Options from -O    : 
  Options from *.ini : 
  Options from Hw Platform : 

==========================================
new:  steps log generated by v++ for new launch 
timestamp: 20 Feb 2026 09:12:27

------------------------------------------
VITIS-RUN command line :
------------------------------------------
D:/Xilinx/2025.2/Vitis/bin/unwrapped/win64.o/vitis-run.exe --mode hls --csim --config C:\Users\Public\Vitis_HLS\gmskModem\convEncoder\hls_config.cfg --work_dir convEncoder 
  Options from -O    : 
  Options from *.ini : 
  Options from Hw Platform : 

==========================================
new:  steps log generated by v++ for new launch 
timestamp: 20 Feb 2026 09:54:03

------------------------------------------
VITIS-RUN command line :
------------------------------------------
D:/Xilinx/2025.2/Vitis/bin/unwrapped/win64.o/vitis-run.exe --mode hls --csim --config C:\Users\Public\Vitis_HLS\gmskModem\convEncoder\hls_config.cfg --work_dir convEncoder 
  Options from -O    : 
  Options from *.ini : 
  Options from Hw Platform : 

==========================================
new:  steps log generated by v++ for new launch 
timestamp: 20 Feb 2026 10:06:34

------------------------------------------
VITIS-RUN command line :
------------------------------------------
D:/Xilinx/2025.2/Vitis/bin/unwrapped/win64.o/vitis-run.exe --mode hls --csim --config C:\Users\Public\Vitis_HLS\gmskModem\convEncoder\hls_config.cfg --work_dir convEncoder 
  Options from -O    : 
  Options from *.ini : 
  Options from Hw Platform : 

==========================================
new:  steps log generated by v++ for new launch 
timestamp: 20 Feb 2026 10:15:49

------------------------------------------
VITIS-RUN command line :
------------------------------------------
D:/Xilinx/2025.2/Vitis/bin/unwrapped/win64.o/vitis-run.exe --mode hls --csim --config C:\Users\Public\Vitis_HLS\gmskModem\convEncoder\hls_config.cfg --work_dir convEncoder 
  Options from -O    : 
  Options from *.ini : 
  Options from Hw Platform : 

==========================================
new:  steps log generated by v++ for new launch 
timestamp: 20 Feb 2026 10:39:24

------------------------------------------
VITIS-RUN command line :
------------------------------------------
D:/Xilinx/2025.2/Vitis/bin/unwrapped/win64.o/vitis-run.exe --mode hls --csim --config C:\Users\Public\Vitis_HLS\gmskModem\convEncoder\hls_config.cfg --work_dir convEncoder 
  Options from -O    : 
  Options from *.ini : 
  Options from Hw Platform : 

==========================================
new:  steps log generated by v++ for new launch 
timestamp: 20 Feb 2026 10:40:28

------------------------------------------
VITIS-RUN command line :
------------------------------------------
D:/Xilinx/2025.2/Vitis/bin/unwrapped/win64.o/vitis-run.exe --mode hls --csim --config C:\Users\Public\Vitis_HLS\gmskModem\convEncoder\hls_config.cfg --work_dir convEncoder 
  Options from -O    : 
  Options from *.ini : 
  Options from Hw Platform : 

==========================================
new:  steps log generated by v++ for new launch 
timestamp: 20 Feb 2026 10:43:16

------------------------------------------
VITIS-RUN command line :
------------------------------------------
D:/Xilinx/2025.2/Vitis/bin/unwrapped/win64.o/vitis-run.exe --mode hls --csim --config C:\Users\Public\Vitis_HLS\gmskModem\convEncoder\hls_config.cfg --work_dir convEncoder 
  Options from -O    : 
  Options from *.ini : 
  Options from Hw Platform : 

==========================================
new:  steps log generated by v++ for new launch 
timestamp: 20 Feb 2026 11:08:24

------------------------------------------
VITIS-RUN command line :
------------------------------------------
D:/Xilinx/2025.2/Vitis/bin/unwrapped/win64.o/vitis-run.exe --mode hls --csim --config C:\Users\Public\Vitis_HLS\gmskModem\convEncoder\hls_config.cfg --work_dir convEncoder 
  Options from -O    : 
  Options from *.ini : 
  Options from Hw Platform : 

==========================================
new:  steps log generated by v++ for new launch 
timestamp: 20 Feb 2026 11:08:58

------------------------------------------
VITIS-RUN command line :
------------------------------------------
D:/Xilinx/2025.2/Vitis/bin/unwrapped/win64.o/vitis-run.exe --mode hls --csim --config C:\Users\Public\Vitis_HLS\gmskModem\convEncoder\hls_config.cfg --work_dir convEncoder 
  Options from -O    : 
  Options from *.ini : 
  Options from Hw Platform : 

==========================================
new:  steps log generated by v++ for new launch 
timestamp: 20 Feb 2026 12:26:16

------------------------------------------
VITIS-RUN command line :
------------------------------------------
D:/Xilinx/2025.2/Vitis/bin/unwrapped/win64.o/vitis-run.exe --mode hls --csim --config C:\Users\Public\Vitis_HLS\gmskModem\convEncoder\hls_config.cfg --work_dir convEncoder 
  Options from -O    : 
  Options from *.ini : 
  Options from Hw Platform : 

==========================================
new:  steps log generated by v++ for new launch 
timestamp: 23 Feb 2026 09:54:22

------------------------------------------
VITIS-RUN command line :
------------------------------------------
D:/Xilinx/2025.2/Vitis/bin/unwrapped/win64.o/vitis-run.exe --mode hls --csim --config C:\Users\Public\Vitis_HLS\gmskModem\convEncoder\hls_config.cfg --work_dir convEncoder 
  Options from -O    : 
  Options from *.ini : 
  Options from Hw Platform : 

==========================================
new:  steps log generated by v++ for new launch 
timestamp: 23 Feb 2026 15:29:07

------------------------------------------
VITIS-RUN command line :
------------------------------------------
D:/Xilinx/2025.2/Vitis/bin/unwrapped/win64.o/vitis-run.exe --mode hls --csim --config C:\Users\Public\Vitis_HLS\gmskModem\convEncoder\hls_config.cfg --work_dir convEncoder 
  Options from -O    : 
  Options from *.ini : 
  Options from Hw Platform : 

==========================================
new:  steps log generated by v++ for new launch 
timestamp: 16 Mar 2026 17:11:40

------------------------------------------
VITIS-RUN command line :
------------------------------------------
D:/Xilinx/2025.2/Vitis/bin/unwrapped/win64.o/vitis-run.exe --mode hls --csim --config C:\Users\Public\Vitis_HLS\gmskModem\convEncoder\hls_config.cfg --work_dir convEncoder 
  Options from -O    : 
  Options from *.ini : 
  Options from Hw Platform : 

==========================================
new:  steps log generated by v++ for new launch 
timestamp: 16 Mar 2026 17:17:25

------------------------------------------
VITIS-RUN command line :
------------------------------------------
D:/Xilinx/2025.2/Vitis/bin/unwrapped/win64.o/vitis-run.exe --mode hls --csim --config C:\Users\Public\Vitis_HLS\gmskModem\convEncoder\hls_config.cfg --work_dir convEncoder 
  Options from -O    : 
  Options from *.ini : 
  Options from Hw Platform : 

==========================================
new:  steps log generated by v++ for new launch 
timestamp: 16 Mar 2026 17:19:40

------------------------------------------
VITIS-RUN command line :
------------------------------------------
D:/Xilinx/2025.2/Vitis/bin/unwrapped/win64.o/vitis-run.exe --mode hls --csim --config C:\Users\Public\Vitis_HLS\gmskModem\convEncoder\hls_config.cfg --work_dir convEncoder 
  Options from -O    : 
  Options from *.ini : 
  Options from Hw Platform : 

==========================================
new:  steps log generated by v++ for new launch 
timestamp: 16 Mar 2026 17:47:37

------------------------------------------
VITIS-RUN command line :
------------------------------------------
C:/AMDDesignTools/2025.2/Vitis/bin/unwrapped/win64.o/vitis-run.exe --mode hls --csim --config D:\Vitis_HLS\gmskModem\convEncoder\hls_config.cfg --work_dir convEncoder 
  Options from -O    : 
  Options from *.ini : 
  Options from Hw Platform : 

==========================================
new:  steps log generated by v++ for new launch 
timestamp: 18 Mar 2026 15:38:44

------------------------------------------
V++ command line :
------------------------------------------
C:/AMDDesignTools/2025.2/Vitis/bin/unwrapped/win64.o/v++.exe -c --mode hls --config D:\Vitis_HLS\gmskModem\convEncoder\hls_config.cfg --work_dir convEncoder 
  Options from -O    : 
  Options from *.ini : 
  Options from Hw Platform : 

==========================================
new:  steps log generated by v++ for new launch 
timestamp: 18 Mar 2026 15:39:12

------------------------------------------
VITIS-RUN command line :
------------------------------------------
C:/AMDDesignTools/2025.2/Vitis/bin/unwrapped/win64.o/vitis-run.exe --mode hls --cosim --config D:\Vitis_HLS\gmskModem\convEncoder\hls_config.cfg --work_dir convEncoder 
  Options from -O    : 
  Options from *.ini : 
  Options from Hw Platform : 

==========================================
new:  steps log generated by v++ for new launch 
timestamp: 18 Mar 2026 15:39:53

------------------------------------------
VITIS-RUN command line :
------------------------------------------
C:/AMDDesignTools/2025.2/Vitis/bin/unwrapped/win64.o/vitis-run.exe --mode hls --cosim --config D:\Vitis_HLS\gmskModem\convEncoder\hls_config.cfg --work_dir convEncoder 
  Options from -O    : 
  Options from *.ini : 
  Options from Hw Platform : 

==========================================
new:  steps log generated by v++ for new launch 
timestamp: 18 Mar 2026 15:41:36

------------------------------------------
VITIS-RUN command line :
------------------------------------------
C:/AMDDesignTools/2025.2/Vitis/bin/unwrapped/win64.o/vitis-run.exe --mode hls --csim --config D:\Vitis_HLS\gmskModem\convEncoder\hls_config.cfg --work_dir convEncoder 
  Options from -O    : 
  Options from *.ini : 
  Options from Hw Platform : 

==========================================
new:  steps log generated by v++ for new launch 
timestamp: 18 Mar 2026 15:52:38

------------------------------------------
V++ command line :
------------------------------------------
C:/AMDDesignTools/2025.2/Vitis/bin/unwrapped/win64.o/v++.exe -c --mode hls --config D:\Vitis_HLS\gmskModem\convEncoder\hls_config.cfg --work_dir convEncoder 
  Options from -O    : 
  Options from *.ini : 
  Options from Hw Platform : 

==========================================
new:  steps log generated by v++ for new launch 
timestamp: 18 Mar 2026 15:52:54

------------------------------------------
VITIS-RUN command line :
------------------------------------------
C:/AMDDesignTools/2025.2/Vitis/bin/unwrapped/win64.o/vitis-run.exe --mode hls --cosim --config D:\Vitis_HLS\gmskModem\convEncoder\hls_config.cfg --work_dir convEncoder 
  Options from -O    : 
  Options from *.ini : 
  Options from Hw Platform : 

==========================================
new:  steps log generated by v++ for new launch 
timestamp: 18 Mar 2026 15:53:44

------------------------------------------
VITIS-RUN command line :
------------------------------------------
C:/AMDDesignTools/2025.2/Vitis/bin/unwrapped/win64.o/vitis-run.exe --mode hls --csim --config D:\Vitis_HLS\gmskModem\convEncoder\hls_config.cfg --work_dir convEncoder 
  Options from -O    : 
  Options from *.ini : 
  Options from Hw Platform : 

==========================================
new:  steps log generated by v++ for new launch 
timestamp: 18 Mar 2026 16:03:59

------------------------------------------
V++ command line :
------------------------------------------
C:/AMDDesignTools/2025.2/Vitis/bin/unwrapped/win64.o/v++.exe -c --mode hls --config D:\Vitis_HLS\gmskModem\convEncoder\hls_config.cfg --work_dir convEncoder 
  Options from -O    : 
  Options from *.ini : 
  Options from Hw Platform : 

==========================================
new:  steps log generated by v++ for new launch 
timestamp: 18 Mar 2026 16:04:17

------------------------------------------
VITIS-RUN command line :
------------------------------------------
C:/AMDDesignTools/2025.2/Vitis/bin/unwrapped/win64.o/vitis-run.exe --mode hls --cosim --config D:\Vitis_HLS\gmskModem\convEncoder\hls_config.cfg --work_dir convEncoder 
  Options from -O    : 
  Options from *.ini : 
  Options from Hw Platform : 

==========================================
new:  steps log generated by v++ for new launch 
timestamp: 18 Mar 2026 16:04:52

------------------------------------------
VITIS-RUN command line :
------------------------------------------
C:/AMDDesignTools/2025.2/Vitis/bin/unwrapped/win64.o/vitis-run.exe --mode hls --package --config D:\Vitis_HLS\gmskModem\convEncoder\hls_config.cfg --work_dir convEncoder 
  Options from -O    : 
  Options from *.ini : 
  Options from Hw Platform : 

==========================================
new:  steps log generated by v++ for new launch 
timestamp: 18 Mar 2026 16:06:15

------------------------------------------
VITIS-RUN command line :
------------------------------------------
C:/AMDDesignTools/2025.2/Vitis/bin/unwrapped/win64.o/vitis-run.exe --mode hls --impl --config D:\Vitis_HLS\gmskModem\convEncoder\hls_config.cfg --work_dir convEncoder 
  Options from -O    : 
  Options from *.ini : 
  Options from Hw Platform : 

==========================================
new:  steps log generated by v++ for new launch 
timestamp: 18 Mar 2026 16:06:42
