  **** HLS Build v 6295257
INFO: [HLS 200-2005] Using work_dir C:/Users/Public/Vitis_HLS/gmskModem/convEncoder/convEncoder 
INFO: [HLS 200-2176] Writing Vitis IDE component file C:/Users/Public/Vitis_HLS/gmskModem/convEncoder/convEncoder/vitis-comp.json
INFO: [HLS 200-10] Creating and opening component 'C:/Users/Public/Vitis_HLS/gmskModem/convEncoder/convEncoder'.
INFO: [HLS 200-1505] Using default flow_target 'vivado'
Resolution: For help on HLS 200-1505 see docs.amd.com/access/sources/dita/topic?Doc_Version=.%20English&url=ug1448-hls-guidance&resourceid=200-1505.html
INFO: [HLS 200-2174] Applying component config ini file hls_config.cfg
INFO: [HLS 200-1465] Applying config ini 'syn.file=convEncoder.cpp' from hls_config.cfg(10)
INFO: [HLS 200-10] Adding design file 'C:/Users/Public/Vitis_HLS/gmskModem/convEncoder/convEncoder.cpp' to the project
INFO: [HLS 200-1465] Applying config ini 'syn.file=convEncoder_Seq.cpp' from hls_config.cfg(11)
INFO: [HLS 200-10] Adding design file 'C:/Users/Public/Vitis_HLS/gmskModem/convEncoder/convEncoder_Seq.cpp' to the project
INFO: [HLS 200-1465] Applying config ini 'tb.file=convEncoder_tb.cpp' from hls_config.cfg(12)
INFO: [HLS 200-10] Adding test bench file 'C:/Users/Public/Vitis_HLS/gmskModem/convEncoder/convEncoder_tb.cpp' to the project
INFO: [HLS 200-1465] Applying config ini 'tb.file=convEncoder_Seq_tb.cpp' from hls_config.cfg(13)
INFO: [HLS 200-10] Adding test bench file 'C:/Users/Public/Vitis_HLS/gmskModem/convEncoder/convEncoder_Seq_tb.cpp' to the project
INFO: [HLS 200-1465] Applying config ini 'syn.top=convEncoder_Seq' from hls_config.cfg(8)
INFO: [HLS 200-1465] Applying config ini 'flow_target=vivado' from hls_config.cfg(4)
INFO: [HLS 200-1505] Using flow_target 'vivado'
Resolution: For help on HLS 200-1505 see docs.amd.com/access/sources/dita/topic?Doc_Version=.%20English&url=ug1448-hls-guidance&resourceid=200-1505.html
INFO: [HLS 200-1465] Applying config ini 'part=xcku5p-ffvb676-2-e' from hls_config.cfg(1)
INFO: [HLS 200-1611] Setting target device to 'xcku5p-ffvb676-2-e'
INFO: [HLS 200-1465] Applying config ini 'clock=10ns' from hls_config.cfg(7)
INFO: [SYN 201-201] Setting up clock 'default' with a period of 10ns.
INFO: [HLS 200-1465] Applying config ini 'package.output.format=ip_catalog' from hls_config.cfg(5)
INFO: [HLS 200-1465] Applying config ini 'sim.ldflags=-Wno-macro-redefined' from hls_config.cfg(9)
INFO: [HLS 200-2176] Writing Vitis IDE component file C:/Users/Public/Vitis_HLS/gmskModem/convEncoder/convEncoder/vitis-comp.json
INFO: [SIM 211-2] *************** CSIM start ***************
INFO: [HLS 200-2191] C-Simulation will use clang-16 as the compiler
INFO: [HLS 200-2036] Building debug C Simulation binaries
   Generating csim.exe
ld.lld: error: duplicate symbol: main
>>> defined at ../../../..\convEncoder_Seq_tb.cpp:158
>>>            obj/convEncoder_Seq_tb.o
>>> defined at ../../../..\convEncoder_tb.cpp:14
>>>            obj/convEncoder_tb.o
clang++: error: linker command failed with exit code 1 (use -v to see invocation)
mingw32-make: *** [Makefile.rules:333: csim.exe] Error 1
ERROR: [SIM 211-100] 'csim_design' failed: compilation error(s).
INFO: [SIM 211-3] *************** CSIM finish ***************
ERROR: CSIM Failed
INFO: [HLS 200-112] Total CPU user time: 1 seconds. Total CPU system time: 1 seconds. Total elapsed time: 5.659 seconds; peak allocated memory: 154.957 MB.
