  **** HLS Build v 6295257
INFO: [HLS 200-2005] Using work_dir C:/Users/Public/Vitis_HLS/gmskModem/convEncoder/convEncoder 
INFO: [HLS 200-2176] Writing Vitis IDE component file C:/Users/Public/Vitis_HLS/gmskModem/convEncoder/convEncoder/vitis-comp.json
INFO: [HLS 200-10] Creating and opening component 'C:/Users/Public/Vitis_HLS/gmskModem/convEncoder/convEncoder'.
INFO: [HLS 200-1505] Using default flow_target 'vivado'
Resolution: For help on HLS 200-1505 see docs.amd.com/access/sources/dita/topic?Doc_Version=.%20English&url=ug1448-hls-guidance&resourceid=200-1505.html
INFO: [HLS 200-2174] Applying component config ini file hls_config.cfg
INFO: [HLS 200-1465] Applying config ini 'syn.file=convEncoder.cpp' from hls_config.cfg(8)
INFO: [HLS 200-10] Adding design file 'C:/Users/Public/Vitis_HLS/gmskModem/convEncoder/convEncoder.cpp' to the project
INFO: [HLS 200-1465] Applying config ini 'tb.file=convEncoder_tb.cpp' from hls_config.cfg(9)
INFO: [HLS 200-10] Adding test bench file 'C:/Users/Public/Vitis_HLS/gmskModem/convEncoder/convEncoder_tb.cpp' to the project
INFO: [HLS 200-1465] Applying config ini 'syn.top=convEncoder' from hls_config.cfg(10)
INFO: [HLS 200-1465] Applying config ini 'flow_target=vivado' from hls_config.cfg(4)
INFO: [HLS 200-1505] Using flow_target 'vivado'
Resolution: For help on HLS 200-1505 see docs.amd.com/access/sources/dita/topic?Doc_Version=.%20English&url=ug1448-hls-guidance&resourceid=200-1505.html
INFO: [HLS 200-1465] Applying config ini 'part=xcku5p-ffvb676-2-e' from hls_config.cfg(1)
INFO: [HLS 200-1611] Setting target device to 'xcku5p-ffvb676-2-e'
INFO: [HLS 200-1465] Applying config ini 'clock=10ns' from hls_config.cfg(7)
INFO: [SYN 201-201] Setting up clock 'default' with a period of 10ns.
INFO: [HLS 200-1465] Applying config ini 'package.output.format=ip_catalog' from hls_config.cfg(5)
INFO: [HLS 200-2176] Writing Vitis IDE component file C:/Users/Public/Vitis_HLS/gmskModem/convEncoder/convEncoder/vitis-comp.json
INFO: [HLS 200-111] Finished File checks and directory preparation: CPU user time: 2 seconds. CPU system time: 1 seconds. Elapsed time: 5.571 seconds; current allocated memory: 155.141 MB.
INFO: [HLS 200-2191] C-Synthesis will use clang-16 as the compiler
INFO: [HLS 200-10] Analyzing design file 'convEncoder.cpp' ... 
INFO: [HLS 200-111] Finished Source Code Analysis and Preprocessing: CPU user time: 0 seconds. CPU system time: 1 seconds. Elapsed time: 16.422 seconds; current allocated memory: 157.910 MB.
INFO: [HLS 200-777] Using interface defaults for 'Vivado' flow target.
INFO: [HLS 200-1995] There were 1,002 instructions in the design after the 'Compile/Link' phase of compilation. See the Design Size Report for more details (C:/Users/Public/Vitis_HLS/gmskModem/convEncoder/convEncoder/hls/syn/report/csynth_design_size.rpt:2)
INFO: [HLS 200-1995] There were 188 instructions in the design after the 'Unroll/Inline (step 1)' phase of compilation. See the Design Size Report for more details (C:/Users/Public/Vitis_HLS/gmskModem/convEncoder/convEncoder/hls/syn/report/csynth_design_size.rpt:2)
INFO: [HLS 200-1995] There were 147 instructions in the design after the 'Unroll/Inline (step 2)' phase of compilation. See the Design Size Report for more details (C:/Users/Public/Vitis_HLS/gmskModem/convEncoder/convEncoder/hls/syn/report/csynth_design_size.rpt:2)
INFO: [HLS 200-1995] There were 142 instructions in the design after the 'Unroll/Inline (step 3)' phase of compilation. See the Design Size Report for more details (C:/Users/Public/Vitis_HLS/gmskModem/convEncoder/convEncoder/hls/syn/report/csynth_design_size.rpt:2)
INFO: [HLS 200-1995] There were 103 instructions in the design after the 'Unroll/Inline (step 4)' phase of compilation. See the Design Size Report for more details (C:/Users/Public/Vitis_HLS/gmskModem/convEncoder/convEncoder/hls/syn/report/csynth_design_size.rpt:2)
INFO: [HLS 200-1995] There were 103 instructions in the design after the 'Array/Struct (step 1)' phase of compilation. See the Design Size Report for more details (C:/Users/Public/Vitis_HLS/gmskModem/convEncoder/convEncoder/hls/syn/report/csynth_design_size.rpt:2)
INFO: [HLS 200-1995] There were 103 instructions in the design after the 'Array/Struct (step 2)' phase of compilation. See the Design Size Report for more details (C:/Users/Public/Vitis_HLS/gmskModem/convEncoder/convEncoder/hls/syn/report/csynth_design_size.rpt:2)
INFO: [HLS 200-1995] There were 103 instructions in the design after the 'Array/Struct (step 3)' phase of compilation. See the Design Size Report for more details (C:/Users/Public/Vitis_HLS/gmskModem/convEncoder/convEncoder/hls/syn/report/csynth_design_size.rpt:2)
INFO: [HLS 200-1995] There were 103 instructions in the design after the 'Array/Struct (step 4)' phase of compilation. See the Design Size Report for more details (C:/Users/Public/Vitis_HLS/gmskModem/convEncoder/convEncoder/hls/syn/report/csynth_design_size.rpt:2)
INFO: [HLS 200-1995] There were 208 instructions in the design after the 'Array/Struct (step 5)' phase of compilation. See the Design Size Report for more details (C:/Users/Public/Vitis_HLS/gmskModem/convEncoder/convEncoder/hls/syn/report/csynth_design_size.rpt:2)
INFO: [HLS 200-1995] There were 206 instructions in the design after the 'Performance (step 1)' phase of compilation. See the Design Size Report for more details (C:/Users/Public/Vitis_HLS/gmskModem/convEncoder/convEncoder/hls/syn/report/csynth_design_size.rpt:2)
INFO: [HLS 200-1995] There were 160 instructions in the design after the 'Performance (step 2)' phase of compilation. See the Design Size Report for more details (C:/Users/Public/Vitis_HLS/gmskModem/convEncoder/convEncoder/hls/syn/report/csynth_design_size.rpt:2)
INFO: [HLS 200-1995] There were 118 instructions in the design after the 'Performance (step 3)' phase of compilation. See the Design Size Report for more details (C:/Users/Public/Vitis_HLS/gmskModem/convEncoder/convEncoder/hls/syn/report/csynth_design_size.rpt:2)
INFO: [HLS 200-1995] There were 118 instructions in the design after the 'Performance (step 4)' phase of compilation. See the Design Size Report for more details (C:/Users/Public/Vitis_HLS/gmskModem/convEncoder/convEncoder/hls/syn/report/csynth_design_size.rpt:2)
INFO: [HLS 200-1995] There were 94 instructions in the design after the 'HW Transforms (step 1)' phase of compilation. See the Design Size Report for more details (C:/Users/Public/Vitis_HLS/gmskModem/convEncoder/convEncoder/hls/syn/report/csynth_design_size.rpt:2)
INFO: [HLS 200-1995] There were 57 instructions in the design after the 'HW Transforms (step 2)' phase of compilation. See the Design Size Report for more details (C:/Users/Public/Vitis_HLS/gmskModem/convEncoder/convEncoder/hls/syn/report/csynth_design_size.rpt:2)
INFO: [HLS 214-178] Inlining function 'hls::axis<ap_int<1>, 0ul, 0ul, 0ul, (unsigned char)56, false>::axis()' into 'convEncoder(hls::stream<hls::axis<ap_int<1>, 0ul, 0ul, 0ul, (unsigned char)56, false>, 0>&, hls::stream<hls::axis<ap_int<1>, 0ul, 0ul, 0ul, (unsigned char)56, false>, 0>&)' (convEncoder.cpp:10:0)
INFO: [HLS 200-111] Finished Compiling Optimization and Transform: CPU user time: 0 seconds. CPU system time: 1 seconds. Elapsed time: 14.099 seconds; current allocated memory: 159.762 MB.
INFO: [HLS 200-111] Finished Checking Pragmas: CPU user time: 0 seconds. CPU system time: 0 seconds. Elapsed time: 0.005 seconds; current allocated memory: 159.762 MB.
INFO: [HLS 200-10] Starting code transformations ...
INFO: [HLS 200-111] Finished Standard Transforms: CPU user time: 0 seconds. CPU system time: 0 seconds. Elapsed time: 0.014 seconds; current allocated memory: 163.473 MB.
INFO: [HLS 200-10] Checking synthesizability ...
INFO: [HLS 200-111] Finished Checking Synthesizability: CPU user time: 0 seconds. CPU system time: 0 seconds. Elapsed time: 0.009 seconds; current allocated memory: 164.891 MB.
INFO: [XFORM 203-11] Balancing expressions in function 'convEncoder' (convEncoder.cpp:7:1)...4 expression(s) balanced.
INFO: [HLS 200-111] Finished Loop, function and other optimizations: CPU user time: 0 seconds. CPU system time: 0 seconds. Elapsed time: 0.033 seconds; current allocated memory: 186.266 MB.
INFO: [HLS 200-111] Finished Architecture Synthesis: CPU user time: 0 seconds. CPU system time: 0 seconds. Elapsed time: 0.031 seconds; current allocated memory: 186.270 MB.
INFO: [HLS 200-10] Starting hardware synthesis ...
INFO: [HLS 200-10] Synthesizing 'convEncoder' ...
INFO: [HLS 200-10] ----------------------------------------------------------------
INFO: [HLS 200-42] -- Implementing module 'convEncoder' 
INFO: [HLS 200-10] ----------------------------------------------------------------
INFO: [SCHED 204-11] Starting scheduling ...
INFO: [SCHED 204-61] Pipelining function 'convEncoder'.
WARNING: [HLS 200-880] The II Violation in module 'convEncoder' (function 'convEncoder'): Unable to enforce a carried dependence constraint (II = 1, distance = 1, offset = 1) between axis write operation ('m_axis_V_data_V_write_ln44', convEncoder.cpp:44) on port 'm_axis_V_data_V' (convEncoder.cpp:44) and axis write operation ('m_axis_V_data_V_write_ln39', convEncoder.cpp:39) on port 'm_axis_V_data_V' (convEncoder.cpp:39).
Resolution: For help on HLS 200-880 see docs.amd.com/access/sources/dita/topic?Doc_Version=.%20English&url=ug1448-hls-guidance&resourceid=200-880.html
INFO: [HLS 200-1470] Pipelining result : Target II = 1, Final II = 2, Depth = 4, function 'convEncoder'
INFO: [SCHED 204-11] Finished scheduling.
INFO: [HLS 200-111] Finished Scheduling: CPU user time: 0 seconds. CPU system time: 0 seconds. Elapsed time: 0.423 seconds; current allocated memory: 186.270 MB.
INFO: [BIND 205-100] Starting micro-architecture generation ...
INFO: [BIND 205-101] Performing variable lifetime analysis.
INFO: [BIND 205-101] Exploring resource sharing.
INFO: [BIND 205-101] Binding ...
INFO: [BIND 205-100] Finished micro-architecture generation.
INFO: [HLS 200-111] Finished Binding: CPU user time: 0 seconds. CPU system time: 0 seconds. Elapsed time: 0.023 seconds; current allocated memory: 186.270 MB.
INFO: [HLS 200-10] ----------------------------------------------------------------
INFO: [HLS 200-10] -- Generating RTL for module 'convEncoder' 
INFO: [HLS 200-10] ----------------------------------------------------------------
WARNING: [RTGEN 206-101] Design contains AXI ports. Reset is fixed to synchronous and active low.
INFO: [RTGEN 206-500] Setting interface mode on port 'convEncoder/s_axis_V_data_V' to 'axis' (register, both mode).
INFO: [RTGEN 206-500] Setting interface mode on port 'convEncoder/s_axis_V_keep_V' to 'axis' (register, both mode).
INFO: [RTGEN 206-500] Setting interface mode on port 'convEncoder/s_axis_V_strb_V' to 'axis' (register, both mode).
INFO: [RTGEN 206-500] Setting interface mode on port 'convEncoder/s_axis_V_last_V' to 'axis' (register, both mode).
INFO: [RTGEN 206-500] Setting interface mode on port 'convEncoder/m_axis_V_data_V' to 'axis' (register, both mode).
INFO: [RTGEN 206-500] Setting interface mode on port 'convEncoder/m_axis_V_keep_V' to 'axis' (register, both mode).
INFO: [RTGEN 206-500] Setting interface mode on port 'convEncoder/m_axis_V_strb_V' to 'axis' (register, both mode).
INFO: [RTGEN 206-500] Setting interface mode on port 'convEncoder/m_axis_V_last_V' to 'axis' (register, both mode).
INFO: [RTGEN 206-500] Setting interface mode on function 'convEncoder' to 'ap_ctrl_none'.
WARNING: [RTGEN 206-101] Register 'shift_reg' is power-on initialization.
INFO: [HLS 200-1030] Apply Unified Pipeline Control on module 'convEncoder' pipeline 'convEncoder' pipeline type 'function pipeline'
INFO: [RTGEN 206-100] Finished creating RTL model for 'convEncoder'.
INFO: [HLS 200-111] Finished Creating RTL model: CPU user time: 0 seconds. CPU system time: 0 seconds. Elapsed time: 1.445 seconds; current allocated memory: 187.309 MB.
INFO: [HLS 200-111] Finished Generating all RTL models: CPU user time: 0 seconds. CPU system time: 0 seconds. Elapsed time: 0.325 seconds; current allocated memory: 190.289 MB.
INFO: [HLS 200-2225] Wrote inferred directives to file C:/Users/Public/Vitis_HLS/gmskModem/convEncoder/convEncoder/hls/syn/inferred_directives.ini
INFO: [HLS 200-111] Finished Updating report files: CPU user time: 1 seconds. CPU system time: 0 seconds. Elapsed time: 0.818 seconds; current allocated memory: 191.695 MB.
INFO: [VHDL 208-304] Generating VHDL RTL for convEncoder.
INFO: [VLOG 209-307] Generating Verilog RTL for convEncoder.
INFO: [HLS 200-789] **** Estimated Fmax: 1248.44 MHz
INFO: [HLS 200-112] Total CPU user time: 3 seconds. Total CPU system time: 3 seconds. Total elapsed time: 39.238 seconds; peak allocated memory: 191.781 MB.
INFO: [v++ 60-791] Total elapsed time: 0h 0m 45s
