  **** HLS Build v 6295257
INFO: [HLS 200-2005] Using work_dir C:/Users/Public/Vitis_HLS/gmskModem/convEncoder/convEncoder 
INFO: [HLS 200-2176] Writing Vitis IDE component file C:/Users/Public/Vitis_HLS/gmskModem/convEncoder/convEncoder/vitis-comp.json
INFO: [HLS 200-10] Creating and opening component 'C:/Users/Public/Vitis_HLS/gmskModem/convEncoder/convEncoder'.
INFO: [HLS 200-1611] Setting target device to 'xcku5p-ffvb676-2-e'
INFO: [HLS 200-1505] Using default flow_target 'vivado'
Resolution: For help on HLS 200-1505 see docs.amd.com/access/sources/dita/topic?Doc_Version=.%20English&url=ug1448-hls-guidance&resourceid=200-1505.html
INFO: [HLS 200-2174] Applying component config ini file hls_config.cfg
INFO: [HLS 200-1465] Applying config ini 'syn.file=convEncoder.cpp' from hls_config.cfg(8)
INFO: [HLS 200-10] Adding design file 'C:/Users/Public/Vitis_HLS/gmskModem/convEncoder/convEncoder.cpp' to the project
INFO: [HLS 200-1465] Applying config ini 'tb.file=convEncoder_tb.cpp' from hls_config.cfg(9)
INFO: [HLS 200-10] Adding test bench file 'C:/Users/Public/Vitis_HLS/gmskModem/convEncoder/convEncoder_tb.cpp' to the project
INFO: [HLS 200-1465] Applying config ini 'syn.top=convEncoder' from hls_config.cfg(10)
INFO: [HLS 200-1465] Applying config ini 'flow_target=vivado' from hls_config.cfg(4)
INFO: [HLS 200-1505] Using flow_target 'vivado'
Resolution: For help on HLS 200-1505 see docs.amd.com/access/sources/dita/topic?Doc_Version=.%20English&url=ug1448-hls-guidance&resourceid=200-1505.html
INFO: [HLS 200-1465] Applying config ini 'part=xcku5p-ffvb676-2-e' from hls_config.cfg(1)
INFO: [HLS 200-1465] Applying config ini 'clock=10ns' from hls_config.cfg(7)
INFO: [SYN 201-201] Setting up clock 'default' with a period of 10ns.
INFO: [HLS 200-1465] Applying config ini 'package.output.format=ip_catalog' from hls_config.cfg(5)
INFO: [HLS 200-2176] Writing Vitis IDE component file C:/Users/Public/Vitis_HLS/gmskModem/convEncoder/convEncoder/vitis-comp.json
WARNING: [COSIM 212-382] This design has top-level non-blocking FIFO/Stream accesses with ap_ctrl_none control interface, which may result in mismatches or simulation hanging.
INFO: [COSIM 212-47] Using XSIM for RTL simulation.
INFO: [COSIM 212-14] Instrumenting C test bench ...
   Build using "D:/Xilinx/2025.2/Vitis/win64/tools/clang-16/bin/clang++"
   Compiling apatb_convEncoder.cpp
   Compiling apatb_convEncoder_util.cpp
   Compiling convEncoder.cpp_pre.cpp.tb.cpp
   Compiling convEncoder_tb.cpp_pre.cpp.tb.cpp
   Compiling apatb_convEncoder_ir.ll
   Generating cosim.tv.exe
INFO: [COSIM 212-302] Starting C TB testing ... 
Input bits: 1011001011
Encode bits: -10-1000-100000-10-10-100-1
INFO [HLS SIM]: The maximum depth reached by any hls::stream() instance in the design is 20
INFO: [COSIM 212-333] Generating C post check test bench ...
This_is_a_noneblocking_read_case
INFO: [COSIM 212-12] Generating RTL test bench ...
INFO: [COSIM 212-1] *** C/RTL co-simulation file generation completed. ***
INFO: [COSIM 212-323] Starting verilog simulation. 
INFO: [COSIM 212-15] Starting XSIM ...

C:\Users\Public\Vitis_HLS\gmskModem\convEncoder\convEncoder\hls\sim\verilog>set PATH= 

C:\Users\Public\Vitis_HLS\gmskModem\convEncoder\convEncoder\hls\sim\verilog>call D:/Xilinx/2025.2/Vivado/bin/xelab xil_defaultlib.apatb_convEncoder_top xil_defaultlib.glbl -Oenable_linking_all_libraries -prj convEncoder.prj -L smartconnect_v1_0 -L axi_protocol_checker_v1_1_12 -L axi_protocol_checker_v1_1_13 -L axis_protocol_checker_v1_1_11 -L axis_protocol_checker_v1_1_12 -L xil_defaultlib -L unisims_ver -L xpm  -L floating_point_v7_1_21 -L floating_point_v7_0_26 --lib "ieee_proposed=./ieee_proposed" -L uvm -relax -i ./svr -i ./axivip -i ./svtb -i ./file_agent -i ./convEncoder_subsystem  -s convEncoder  
Vivado Simulator v2025.2
Copyright 1986-2022 Xilinx, Inc. All Rights Reserved.
Copyright 2022-2025 Advanced Micro Devices, Inc. All Rights Reserved.
Running: D:/Xilinx/2025.2/Vivado/bin/unwrapped/win64.o/xelab.exe xil_defaultlib.apatb_convEncoder_top xil_defaultlib.glbl -Oenable_linking_all_libraries -prj convEncoder.prj -L smartconnect_v1_0 -L axi_protocol_checker_v1_1_12 -L axi_protocol_checker_v1_1_13 -L axis_protocol_checker_v1_1_11 -L axis_protocol_checker_v1_1_12 -L xil_defaultlib -L unisims_ver -L xpm -L floating_point_v7_1_21 -L floating_point_v7_0_26 --lib ieee_proposed=./ieee_proposed -L uvm -relax -i ./svr -i ./axivip -i ./svtb -i ./file_agent -i ./convEncoder_subsystem -s convEncoder 
Multi-threading is on. Using 6 slave threads.
INFO: [VRFC 10-2263] Analyzing SystemVerilog file "C:/Users/Public/Vitis_HLS/gmskModem/convEncoder/convEncoder/hls/sim/verilog/glbl.v" into library xil_defaultlib
INFO: [VRFC 10-311] analyzing module glbl
INFO: [VRFC 10-2263] Analyzing SystemVerilog file "C:/Users/Public/Vitis_HLS/gmskModem/convEncoder/convEncoder/hls/sim/verilog/AESL_deadlock_idx0_monitor.v" into library xil_defaultlib
INFO: [VRFC 10-311] analyzing module AESL_deadlock_idx0_monitor
INFO: [VRFC 10-2263] Analyzing SystemVerilog file "C:/Users/Public/Vitis_HLS/gmskModem/convEncoder/convEncoder/hls/sim/verilog/AESL_deadlock_kernel_monitor_top.v" into library xil_defaultlib
INFO: [VRFC 10-311] analyzing module AESL_deadlock_kernel_monitor_top
INFO: [VRFC 10-2263] Analyzing SystemVerilog file "C:/Users/Public/Vitis_HLS/gmskModem/convEncoder/convEncoder/hls/sim/verilog/convEncoder.autotb.v" into library xil_defaultlib
INFO: [VRFC 10-311] analyzing module apatb_convEncoder_top
INFO: [VRFC 10-2263] Analyzing SystemVerilog file "C:/Users/Public/Vitis_HLS/gmskModem/convEncoder/convEncoder/hls/sim/verilog/convEncoder.v" into library xil_defaultlib
INFO: [VRFC 10-311] analyzing module convEncoder
INFO: [VRFC 10-2263] Analyzing SystemVerilog file "C:/Users/Public/Vitis_HLS/gmskModem/convEncoder/convEncoder/hls/sim/verilog/convEncoder_regslice_both.v" into library xil_defaultlib
INFO: [VRFC 10-311] analyzing module convEncoder_regslice_both
INFO: [VRFC 10-2263] Analyzing SystemVerilog file "C:/Users/Public/Vitis_HLS/gmskModem/convEncoder/convEncoder/hls/sim/verilog/dataflow_monitor.sv" into library xil_defaultlib
INFO: [VRFC 10-311] analyzing module dataflow_monitor
INFO: [VRFC 10-2263] Analyzing SystemVerilog file "C:/Users/Public/Vitis_HLS/gmskModem/convEncoder/convEncoder/hls/sim/verilog/file_agent/file_agent_pkg.sv" into library xil_defaultlib
INFO: [VRFC 10-2263] Analyzing SystemVerilog file "C:/Users/Public/Vitis_HLS/gmskModem/convEncoder/convEncoder/hls/sim/verilog/svr/svr_pkg.sv" into library xil_defaultlib
INFO: [VRFC 10-2263] Analyzing SystemVerilog file "C:/Users/Public/Vitis_HLS/gmskModem/convEncoder/convEncoder/hls/sim/verilog/svr/svr_if.sv" into library xil_defaultlib
INFO: [VRFC 10-2263] Analyzing SystemVerilog file "C:/Users/Public/Vitis_HLS/gmskModem/convEncoder/convEncoder/hls/sim/verilog/convEncoder_subsystem/convEncoder_subsystem_pkg.sv" into library xil_defaultlib
INFO: [VRFC 10-2263] Analyzing SystemVerilog file "C:/Users/Public/Vitis_HLS/gmskModem/convEncoder/convEncoder/hls/sim/verilog/svtb/misc_interface.sv" into library xil_defaultlib
INFO: [VRFC 10-2263] Analyzing SystemVerilog file "C:/Users/Public/Vitis_HLS/gmskModem/convEncoder/convEncoder/hls/sim/verilog/svtb/sv_module_top.sv" into library xil_defaultlib
INFO: [VRFC 10-311] analyzing module sv_module_top
Starting static elaboration
Pass Through NonSizing Optimizer
Completed static elaboration
Starting simulation data flow analysis
WARNING: [XSIM 43-4099] "/proj/primebuilds/9999.0_PRIME_0428_0031/installs/data/system_verilog/uvm_1.2/xlnx_uvm_package.sv" Line 4356. Module uvm_pkg doesn't have a timescale but at least one module in design has a timescale.
Completed simulation data flow analysis
Time Resolution for simulation is 1ps
Compiling package xil_defaultlib.$unit_sv_module_top_sv
Compiling package uvm.uvm_pkg
Compiling package std.std
Compiling package xil_defaultlib.svr_pkg
Compiling package xil_defaultlib.file_agent_pkg
Compiling package xil_defaultlib.convEncoder_subsystem_pkg
Compiling package xil_defaultlib.$unit_dataflow_monitor_sv
Compiling module xil_defaultlib.convEncoder_regslice_both(DataWi...
Compiling module xil_defaultlib.convEncoder
Compiling module xil_defaultlib.misc_interface_default
Compiling module xil_defaultlib.svr_if(DATA_WIDTH=4)
Compiling module xil_defaultlib.sv_module_top
Compiling module xil_defaultlib.AESL_deadlock_idx0_monitor
Compiling module xil_defaultlib.AESL_deadlock_kernel_monitor_top...
Compiling module xil_defaultlib.nodf_module_intf_default
Compiling module xil_defaultlib.dataflow_monitor
Compiling module xil_defaultlib.apatb_convEncoder_top
Compiling module xil_defaultlib.glbl
Built simulation snapshot convEncoder

****** xsim v (64-bit)
  **** SW Build 6299465 on Fri Nov 14 19:35:11 GMT 2025
  **** IP Build 6300035 on Fri Nov 14 10:48:45 MST 2025
  **** SharedData Build 6298862 on Thu Nov 13 04:50:51 MST 2025
  **** Start of session at: Fri Feb 20 09:09:56 2026
    ** Copyright 1986-2022 Xilinx, Inc. All Rights Reserved.
    ** Copyright 2022-2025 Advanced Micro Devices, Inc. All Rights Reserved.

source xsim.dir/convEncoder/xsim_script.tcl
# xsim {convEncoder} -testplusarg UVM_VERBOSITY=UVM_NONE -testplusarg UVM_TESTNAME=convEncoder_test_lib -testplusarg UVM_TIMEOUT=20000000000000 -autoloadwcfg -tclbatch {convEncoder.tcl}
Time resolution is 1 ps
source convEncoder.tcl
## run all
UVM_INFO D:/Xilinx/2025.2/Vivado/data/system_verilog/uvm_1.2/xlnx_uvm_package.sv(18601) @ 0: reporter [UVM/RELNOTES] 
----------------------------------------------------------------
UVM-1.2
(C) 2007-2014 Mentor Graphics Corporation
(C) 2007-2014 Cadence Design Systems, Inc.
(C) 2006-2014 Synopsys, Inc.
(C) 2011-2013 Cypress Semiconductor Corp.
(C) 2013-2014 NVIDIA Corporation
----------------------------------------------------------------

  ***********       IMPORTANT RELEASE NOTES         ************

  You are using a version of the UVM library that has been compiled
  with `UVM_NO_DEPRECATED undefined.

  You are using a version of the UVM library that has been compiled
  with `UVM_OBJECT_DO_NOT_NEED_CONSTRUCTOR undefined.

      (Specify +UVM_NO_RELNOTES to turn off this notice)

UVM_INFO D:/Xilinx/2025.2/Vivado/data/system_verilog/uvm_1.2/xlnx_uvm_package.sv(18648) @ 0: reporter [NO_DPI_TSTNAME] UVM_NO_DPI defined--getting UVM_TESTNAME directly, without DPI
UVM_INFO D:/Xilinx/2025.2/Vivado/data/system_verilog/uvm_1.2/xlnx_uvm_package.sv(18752) @ 0: reporter [UVMTOP] UVM testbench topology:
------------------------------------------------------------------------------------------------------------
Name                                               Type                                Size  Value          
------------------------------------------------------------------------------------------------------------
uvm_test_top                                       convEncoder_test_lib                -     @349           
  top_env                                          convEncoder_env                     -     @360           
    convEncoder_virtual_sqr                        convEncoder_virtual_sequencer       -     @444           
      rsp_export                                   uvm_analysis_export                 -     @453           
      seq_item_export                              uvm_seq_item_pull_imp               -     @571           
      arbitration_queue                            array                               0     -              
      lock_queue                                   array                               0     -              
      num_last_reqs                                integral                            32    'd1            
      num_last_rsps                                integral                            32    'd1            
    env_master_svr_s_axis                          uvm_env                             -     @379           
      m_agt                                        uvm_agent                           -     @587           
        drv                                        uvm_driver #(REQ,RSP)               -     @735           
          rsp_port                                 uvm_analysis_port                   -     @754           
          seq_item_port                            uvm_seq_item_pull_port              -     @744           
        mon                                        uvm_monitor                         -     @764           
          item_collect_port                        uvm_analysis_port                   -     @775           
        sqr                                        uvm_sequencer                       -     @598           
          rsp_export                               uvm_analysis_export                 -     @607           
          seq_item_export                          uvm_seq_item_pull_imp               -     @725           
          arbitration_queue                        array                               0     -              
          lock_queue                               array                               0     -              
          num_last_reqs                            integral                            32    'd1            
          num_last_rsps                            integral                            32    'd1            
    env_slave_svr_m_axis                           uvm_env                             -     @392           
      s_agt                                        uvm_agent                           -     @793           
        drv                                        uvm_driver #(REQ,RSP)               -     @941           
          rsp_port                                 uvm_analysis_port                   -     @960           
          seq_item_port                            uvm_seq_item_pull_port              -     @950           
        mon                                        uvm_monitor                         -     @970           
          item_collect_port                        uvm_analysis_port                   -     @981           
        sqr                                        uvm_sequencer                       -     @804           
          rsp_export                               uvm_analysis_export                 -     @813           
          seq_item_export                          uvm_seq_item_pull_imp               -     @931           
          arbitration_queue                        array                               0     -              
          lock_queue                               array                               0     -              
          num_last_reqs                            integral                            32    'd1            
          num_last_rsps                            integral                            32    'd1            
    refm                                           convEncoder_reference_model         -     @402           
      trans_num_idx                                integral                            32    'h0            
    subsys_mon                                     convEncoder_subsystem_monitor       -     @415           
      scbd                                         convEncoder_scoreboard              -     @1003          
        refm                                       convEncoder_reference_model         -     @402           
          trans_num_idx                            integral                            32    'h0            
        file_rd_TVOUT_transaction_size             <unknown>                           -     @1013          
          TV_FILE                                  string                              0     ""             
          fp                                       integral                            32    'hxxxxxxxx     
          TV_FILE_num                              integral                            32    'h0            
          HEX_read                                 integral                            32    'h0            
          DEC_read                                 integral                            32    'h0            
          is_binary                                integral                            32    'h0            
          TV_FILE_COMPARE                          string                              0     ""             
          fp_compare                               integral                            32    'hxxxxxxxx     
        TVOUT_transaction_size_queue               da(integral)                        0     -              
        file_wr_port_m_axis_m_axis_TDATA           <unknown>                           -     @1014          
          TV_FILE                                  string                              0     ""             
          fp                                       integral                            32    'hxxxxxxxx     
          file_open                                integral                            32    'h0            
          write_file_done                          integral                            32    'h0            
          write_section_done                       integral                            32    'h0            
          TRANSACTION_NUM                          integral                            32    'h0            
          transaction_num_idx                      integral                            32    'h0            
          TRANSACTION_DEPTH                        integral                            32    'h0            
          TRANSACTION_DEPTH_queue                  da(integral)                        0     -              
          TRANSACTION_DEPTH_queue_for_depth_check  da(integral)                        0     -              
          transaction_depth_idx                    integral                            32    'h0            
          ap_done_num_idx                          integral                            32    'h0            
          is_binary                                integral                            32    'h0            
        write_file_done_m_axis_m_axis_TDATA        integral                            32    'h0            
        write_section_done_m_axis_m_axis_TDATA     integral                            32    'h0            
        file_wr_port_m_axis_m_axis_TKEEP           <unknown>                           -     @1015          
          TV_FILE                                  string                              0     ""             
          fp                                       integral                            32    'hxxxxxxxx     
          file_open                                integral                            32    'h0            
          write_file_done                          integral                            32    'h0            
          write_section_done                       integral                            32    'h0            
          TRANSACTION_NUM                          integral                            32    'h0            
          transaction_num_idx                      integral                            32    'h0            
          TRANSACTION_DEPTH                        integral                            32    'h0            
          TRANSACTION_DEPTH_queue                  da(integral)                        0     -              
          TRANSACTION_DEPTH_queue_for_depth_check  da(integral)                        0     -              
          transaction_depth_idx                    integral                            32    'h0            
          ap_done_num_idx                          integral                            32    'h0            
          is_binary                                integral                            32    'h0            
        write_file_done_m_axis_m_axis_TKEEP        integral                            32    'h0            
        write_section_done_m_axis_m_axis_TKEEP     integral                            32    'h0            
        file_wr_port_m_axis_m_axis_TSTRB           <unknown>                           -     @1016          
          TV_FILE                                  string                              0     ""             
          fp                                       integral                            32    'hxxxxxxxx     
          file_open                                integral                            32    'h0            
          write_file_done                          integral                            32    'h0            
          write_section_done                       integral                            32    'h0            
          TRANSACTION_NUM                          integral                            32    'h0            
          transaction_num_idx                      integral                            32    'h0            
          TRANSACTION_DEPTH                        integral                            32    'h0            
          TRANSACTION_DEPTH_queue                  da(integral)                        0     -              
          TRANSACTION_DEPTH_queue_for_depth_check  da(integral)                        0     -              
          transaction_depth_idx                    integral                            32    'h0            
          ap_done_num_idx                          integral                            32    'h0            
          is_binary                                integral                            32    'h0            
        write_file_done_m_axis_m_axis_TSTRB        integral                            32    'h0            
        write_section_done_m_axis_m_axis_TSTRB     integral                            32    'h0            
        file_wr_port_m_axis_m_axis_TLAST           <unknown>                           -     @1017          
          TV_FILE                                  string                              0     ""             
          fp                                       integral                            32    'hxxxxxxxx     
          file_open                                integral                            32    'h0            
          write_file_done                          integral                            32    'h0            
          write_section_done                       integral                            32    'h0            
          TRANSACTION_NUM                          integral                            32    'h0            
          transaction_num_idx                      integral                            32    'h0            
          TRANSACTION_DEPTH                        integral                            32    'h0            
          TRANSACTION_DEPTH_queue                  da(integral)                        0     -              
          TRANSACTION_DEPTH_queue_for_depth_check  da(integral)                        0     -              
          transaction_depth_idx                    integral                            32    'h0            
          ap_done_num_idx                          integral                            32    'h0            
          is_binary                                integral                            32    'h0            
        write_file_done_m_axis_m_axis_TLAST        integral                            32    'h0            
        write_section_done_m_axis_m_axis_TLAST     integral                            32    'h0            
      svr_master_s_axis_imp                        uvm_analysis_imp_svr_master_s_axis  -     @424           
      svr_slave_m_axis_imp                         uvm_analysis_imp_svr_slave_m_axis   -     @434           
    env_master_svr_s_axis                          uvm_env                             -     @379           
    env_slave_svr_m_axis                           uvm_env                             -     @392           
    refm                                           convEncoder_reference_model         -     @402           
    convEncoder_virtual_sqr                        convEncoder_virtual_sequencer       -     @444           
    convEncoder_cfg                                convEncoder_config                  -     @374           
      port_s_axis_cfg                              svr_config                          -     @375           
        svr_type                                   svr_inst_type                       32    SVR_MASTER     
        prt_type                                   svr_protocol_type                   32    AXIS           
        is_active                                  svr_active_passive_enum             1     SVR_ACTIVE     
        reset_level                                svr_reset_level_enum                1     RESET_LEVEL_LOW
        spec_cfg                                   svr_spec_cfg_enum                   32    NORMAL         
        clatency                                   svr_latency                         -     @376           
          transfer_latency                         integral                            32    'h0            
      port_m_axis_cfg                              svr_config                          -     @377           
        svr_type                                   svr_inst_type                       32    SVR_SLAVE      
        prt_type                                   svr_protocol_type                   32    AXIS           
        is_active                                  svr_active_passive_enum             1     SVR_ACTIVE     
        reset_level                                svr_reset_level_enum                1     RESET_LEVEL_LOW
        spec_cfg                                   svr_spec_cfg_enum                   32    NORMAL         
        clatency                                   svr_latency                         -     @378           
          transfer_latency                         integral                            32    'h0            
      check_ena                                    integral                            32    'h0            
      cover_ena                                    integral                            32    'h0            
------------------------------------------------------------------------------------------------------------

UVM_INFO D:/Xilinx/2025.2/Vivado/data/system_verilog/uvm_1.2/xlnx_uvm_package.sv(20867) @ 0: reporter [UVM/COMP/NAMECHECK] This implementation of the component name checks requires DPI to be enabled
////////////////////////////////////////////////////////////////////////////////////
// Inter-Transaction Progress: Completed Transaction / Total Transaction
// Intra-Transaction Progress: Measured Latency / Latency Estimation * 100%
//
// RTL Simulation : "Inter-Transaction Progress" ["Intra-Transaction Progress"] @ "Simulation Time"
////////////////////////////////////////////////////////////////////////////////////
// RTL Simulation : 0 / 10 [0.00%] @ "125000"
// RTL Simulation : 10 / 10 [100.00%] @ "375000"
////////////////////////////////////////////////////////////////////////////////////
UVM_FATAL @ 435000: uvm_test_top.top_env.env_master_svr_s_axis.m_agt.sqr [uvm_test_top.top_env.env_master_svr_s_axis.m_agt.sqr] Item_done() called with no outstanding requests. Each call to item_done() must be paired with a previous call to get_next_item().
$finish called at time : 435 ns : File "D:/Xilinx/2025.2/Vivado/data/system_verilog/uvm_1.2/xlnx_uvm_package.sv" Line 18538
## quit
INFO: [Common 17-206] Exiting xsim at Fri Feb 20 09:10:08 2026...
INFO: [COSIM 212-316] Starting C post checking ...
Input bits: 1011001011
Encode bits: -10-1000-100000-10-10-100-1
INFO [HLS SIM]: The maximum depth reached by any hls::stream() instance in the design is 20
INFO: [COSIM 212-1000] *** C/RTL co-simulation finished: PASS ***
INFO: [HLS 200-112] Total CPU user time: 3 seconds. Total CPU system time: 2 seconds. Total elapsed time: 95.174 seconds; peak allocated memory: 227.695 MB.
INFO: [vitis-run 60-791] Total elapsed time: 0h 1m 40s
