  **** HLS Build v 6295257
INFO: [HLS 200-2005] Using work_dir C:/Users/Public/Vitis_HLS/gmskModem/convEncoder/convEncoder 
INFO: [HLS 200-2176] Writing Vitis IDE component file C:/Users/Public/Vitis_HLS/gmskModem/convEncoder/convEncoder/vitis-comp.json
INFO: [HLS 200-10] Creating and opening component 'C:/Users/Public/Vitis_HLS/gmskModem/convEncoder/convEncoder'.
INFO: [HLS 200-1505] Using default flow_target 'vivado'
Resolution: For help on HLS 200-1505 see docs.amd.com/access/sources/dita/topic?Doc_Version=.%20English&url=ug1448-hls-guidance&resourceid=200-1505.html
INFO: [HLS 200-2174] Applying component config ini file hls_config.cfg
WARNING: [HLS 200-2001] file not found 'convEncoder.cpp' see [hls] from hls_config.cfg(10)
INFO: [HLS 200-1465] Applying config ini 'syn.file=convEncoder.cpp' from hls_config.cfg(10)
WARNING: [HLS 200-40] Cannot find design file 'convEncoder.cpp'
INFO: [HLS 200-1465] Applying config ini 'syn.file=convEncoder_Seq.cpp' from hls_config.cfg(11)
INFO: [HLS 200-10] Adding design file 'C:/Users/Public/Vitis_HLS/gmskModem/convEncoder/convEncoder_Seq.cpp' to the project
INFO: [HLS 200-1465] Applying config ini 'tb.file=convEncoder_Seq_tb.cpp' from hls_config.cfg(12)
INFO: [HLS 200-10] Adding test bench file 'C:/Users/Public/Vitis_HLS/gmskModem/convEncoder/convEncoder_Seq_tb.cpp' to the project
INFO: [HLS 200-1465] Applying config ini 'syn.top=convEncoder_Seq' from hls_config.cfg(8)
INFO: [HLS 200-1465] Applying config ini 'flow_target=vivado' from hls_config.cfg(4)
INFO: [HLS 200-1505] Using flow_target 'vivado'
Resolution: For help on HLS 200-1505 see docs.amd.com/access/sources/dita/topic?Doc_Version=.%20English&url=ug1448-hls-guidance&resourceid=200-1505.html
INFO: [HLS 200-1465] Applying config ini 'part=xcku5p-ffvb676-2-e' from hls_config.cfg(1)
INFO: [HLS 200-1611] Setting target device to 'xcku5p-ffvb676-2-e'
INFO: [HLS 200-1465] Applying config ini 'clock=10ns' from hls_config.cfg(7)
INFO: [SYN 201-201] Setting up clock 'default' with a period of 10ns.
INFO: [HLS 200-1465] Applying config ini 'package.output.format=ip_catalog' from hls_config.cfg(5)
INFO: [HLS 200-1465] Applying config ini 'sim.ldflags=-Wno-macro-redefined' from hls_config.cfg(9)
INFO: [HLS 200-2176] Writing Vitis IDE component file C:/Users/Public/Vitis_HLS/gmskModem/convEncoder/convEncoder/vitis-comp.json
INFO: [SIM 211-2] *************** CSIM start ***************
INFO: [HLS 200-2191] C-Simulation will use clang-16 as the compiler
INFO: [HLS 200-2036] Building debug C Simulation binaries
mingw32-make: 'csim.exe' is up to date.
========================================
  Conv Encoder Testbench (K=7 [171 133])
========================================

[PASS] TC1: All-zero input
  Word[0]  IN =0x00000000  OUT[lo]=0x00000000  OUT[hi]=0x00000000
[PASS] TC2: All-ones input
  Word[0]  IN =0xffffffff  OUT[lo]=0xfffff29b  OUT[hi]=0xffffffff
[FAIL] TC3: Impulse (bit 0 only) — output word [0]  DUT=0x00003593  REF=0x000038f7
[PASS] TC4: Single bit at MSB (bit 31)
  Word[0]  IN =0x80000000  OUT[lo]=0x00000000  OUT[hi]=0xc0000000
[FAIL] TC5: Alternating bits 0xAAAAAAAA — output word [0]  DUT=0xcccccc21  REF=0xccccc21c
[FAIL] TC6: Alternating bits 0x55555555 — output word [0]  DUT=0x33333e57  REF=0x33333087
[FAIL] TC7: Known pattern 0xDEADBEEF — output word [0]  DUT=0xb730062f  REF=0xb730059b
[FAIL] TC8: Multi-word state persistence (4 words) — output word [0]  DUT=0xe8f66b47  REF=0xe8f666c0

--- TC9: Walking ones (32 single-word tests) ---
[PASS] TC9.0: Walking one at bit 0
[PASS] TC9.1: Walking one at bit 1
[PASS] TC9.2: Walking one at bit 2
[PASS] TC9.3: Walking one at bit 3
[PASS] TC9.4: Walking one at bit 4
[PASS] TC9.5: Walking one at bit 5
[PASS] TC9.6: Walking one at bit 6
[PASS] TC9.7: Walking one at bit 7
[PASS] TC9.8: Walking one at bit 8
[PASS] TC9.9: Walking one at bit 9
[PASS] TC9.10: Walking one at bit 10
[PASS] TC9.11: Walking one at bit 11
[PASS] TC9.12: Walking one at bit 12
[PASS] TC9.13: Walking one at bit 13
[PASS] TC9.14: Walking one at bit 14
[PASS] TC9.15: Walking one at bit 15
[PASS] TC9.16: Walking one at bit 16
[PASS] TC9.17: Walking one at bit 17
[PASS] TC9.18: Walking one at bit 18
[PASS] TC9.19: Walking one at bit 19
[PASS] TC9.20: Walking one at bit 20
[PASS] TC9.21: Walking one at bit 21
[PASS] TC9.22: Walking one at bit 22
[PASS] TC9.23: Walking one at bit 23
[PASS] TC9.24: Walking one at bit 24
[PASS] TC9.25: Walking one at bit 25
[PASS] TC9.26: Walking one at bit 26
[FAIL] TC9.27: Walking one at bit 27 — output word [0]  DUT=0x00000003  REF=0x00000000
[FAIL] TC9.28: Walking one at bit 28 — output word [0]  DUT=0x0000000e  REF=0x00000000
[FAIL] TC9.29: Walking one at bit 29 — output word [0]  DUT=0x00000038  REF=0x00000000
[FAIL] TC9.30: Walking one at bit 30 — output word [0]  DUT=0x000000e3  REF=0x00000000
[FAIL] TC9.31: Walking one at bit 31 — output word [0]  DUT=0x0000038f  REF=0x00000000

--- TC10: Pseudo-random patterns ---
[FAIL] TC10: 6-word pseudo-random — output word [0]  DUT=0x3ee39de1  REF=0x3ee393dc

========================================
  Results: 30 / 41 tests passed
========================================
INFO [HLS SIM]: The maximum depth reached by any hls::stream() instance in the design is 12
@E Simulation failed: Function 'main' returns nonzero value '1'.
ERROR: [SIM 211-100] 'csim_design' failed: nonzero return value.
INFO: [SIM 211-3] *************** CSIM finish ***************
ERROR: CSIM Failed
INFO: [HLS 200-112] Total CPU user time: 2 seconds. Total CPU system time: 1 seconds. Total elapsed time: 2.183 seconds; peak allocated memory: 154.586 MB.
