

================================================================
== Vitis HLS Report for 'convEncoder_Seq'
================================================================
* Date:           Wed Mar 18 16:04:40 2026

* Version:        2025.2 (Build 6295257 on Nov 12 2025)
* Project:        convEncoder
* Solution:       hls (Vivado IP Flow Target)
* Product family: kintexuplus
* Target device:  xcku5p-ffvb676-2-e


================================================================
== Performance Estimates
================================================================
+ Timing: 
    * Summary: 
    +--------+----------+----------+------------+
    |  Clock |  Target  | Estimated| Uncertainty|
    +--------+----------+----------+------------+
    |ap_clk  |  10.00 ns|  2.018 ns|     2.70 ns|
    +--------+----------+----------+------------+

+ Latency: 
    * Summary: 
    +---------+---------+-----------+----------+-----+-----+---------+
    |  Latency (cycles) |  Latency (absolute)  |  Interval | Pipeline|
    |   min   |   max   |    min    |    max   | min | max |   Type  |
    +---------+---------+-----------+----------+-----+-----+---------+
    |        1|       37|  10.000 ns|  0.370 us|    2|   38|       no|
    +---------+---------+-----------+----------+-----+-----+---------+

    + Detail: 
        * Instance: 
        +-----------------------------------------------------+------------------------------------------+---------+---------+----------+----------+-----+-----+-------------------+
        |                                                     |                                          |  Latency (cycles) |  Latency (absolute) |  Interval |      Pipeline     |
        |                       Instance                      |                  Module                  |   min   |   max   |    min   |    max   | min | max |        Type       |
        +-----------------------------------------------------+------------------------------------------+---------+---------+----------+----------+-----+-----+-------------------+
        |grp_convEncoder_Seq_Pipeline_VITIS_LOOP_40_1_fu_115  |convEncoder_Seq_Pipeline_VITIS_LOOP_40_1  |       34|       34|  0.340 us|  0.340 us|    0|    0|  loop pipeline stp|
        +-----------------------------------------------------+------------------------------------------+---------+---------+----------+----------+-----+-----+-------------------+

        * Loop: 
        N/A



================================================================
== Utilization Estimates
================================================================
* Summary: 
+-----------------+---------+------+--------+--------+-----+
|       Name      | BRAM_18K|  DSP |   FF   |   LUT  | URAM|
+-----------------+---------+------+--------+--------+-----+
|DSP              |        -|     -|       -|       -|    -|
|Expression       |        -|     -|       0|       6|    -|
|FIFO             |        -|     -|       -|       -|    -|
|Instance         |        -|     -|      79|     169|    -|
|Memory           |        -|     -|       -|       -|    -|
|Multiplexer      |        -|     -|       0|      72|    -|
|Register         |        -|     -|      77|       -|    -|
+-----------------+---------+------+--------+--------+-----+
|Total            |        0|     0|     156|     247|    0|
+-----------------+---------+------+--------+--------+-----+
|Available        |      960|  1824|  433920|  216960|   64|
+-----------------+---------+------+--------+--------+-----+
|Utilization (%)  |        0|     0|      ~0|      ~0|    0|
+-----------------+---------+------+--------+--------+-----+

+ Detail: 
    * Instance: 
    +-----------------------------------------------------+------------------------------------------+---------+----+----+-----+-----+
    |                       Instance                      |                  Module                  | BRAM_18K| DSP| FF | LUT | URAM|
    +-----------------------------------------------------+------------------------------------------+---------+----+----+-----+-----+
    |grp_convEncoder_Seq_Pipeline_VITIS_LOOP_40_1_fu_115  |convEncoder_Seq_Pipeline_VITIS_LOOP_40_1  |        0|   0|  79|  169|    0|
    +-----------------------------------------------------+------------------------------------------+---------+----+----+-----+-----+
    |Total                                                |                                          |        0|   0|  79|  169|    0|
    +-----------------------------------------------------+------------------------------------------+---------+----+----+-----+-----+

    * DSP: 
    N/A

    * Memory: 
    N/A

    * FIFO: 
    N/A

    * Expression: 
    +------------------------+----------+----+---+----+------------+------------+
    |      Variable Name     | Operation| DSP| FF| LUT| Bitwidth P0| Bitwidth P1|
    +------------------------+----------+----+---+----+------------+------------+
    |ap_block_state4         |       and|   0|  0|   2|           1|           1|
    |tmp_nbreadreq_fu_70_p6  |       and|   0|  0|   2|           1|           0|
    |ap_block_state1         |        or|   0|  0|   2|           1|           1|
    +------------------------+----------+----+---+----+------------+------------+
    |Total                   |          |   0|  0|   6|           3|           2|
    +------------------------+----------+----+---+----+------------+------------+

    * Multiplexer: 
    +--------------------+----+-----------+-----+-----------+
    |        Name        | LUT| Input Size| Bits| Total Bits|
    +--------------------+----+-----------+-----+-----------+
    |ap_NS_fsm           |  26|          5|    1|          5|
    |m_axis_TDATA        |  14|          3|   32|         96|
    |m_axis_TDATA_blk_n  |   9|          2|    1|          2|
    |m_axis_TLAST        |  14|          3|    1|          3|
    |s_axis_TDATA_blk_n  |   9|          2|    1|          2|
    +--------------------+----+-----------+-----+-----------+
    |Total               |  72|         15|   36|        108|
    +--------------------+----+-----------+-----+-----------+

    * Register: 
    +------------------------------------------------------------------+----+----+-----+-----------+
    |                               Name                               | FF | LUT| Bits| Const Bits|
    +------------------------------------------------------------------+----+----+-----+-----------+
    |ap_CS_fsm                                                         |   4|   0|    4|          0|
    |grp_convEncoder_Seq_Pipeline_VITIS_LOOP_40_1_fu_115_ap_start_reg  |   1|   0|    1|          0|
    |in_word_data_reg_178                                              |  32|   0|   32|          0|
    |in_word_last_reg_183                                              |   1|   0|    1|          0|
    |p_s_reg_191                                                       |  32|   0|   32|          0|
    |state                                                             |   6|   0|    6|          0|
    |tmp_reg_174                                                       |   1|   0|    1|          0|
    +------------------------------------------------------------------+----+----+-----+-----------+
    |Total                                                             |  77|   0|   77|          0|
    +------------------------------------------------------------------+----+----+-----+-----------+



================================================================
== Interface
================================================================
* Summary: 
+---------------+-----+-----+------------+-----------------+--------------+
|   RTL Ports   | Dir | Bits|  Protocol  |  Source Object  |    C Type    |
+---------------+-----+-----+------------+-----------------+--------------+
|ap_clk         |   in|    1|  ap_ctrl_hs|  convEncoder_Seq|  return value|
|ap_rst_n       |   in|    1|  ap_ctrl_hs|  convEncoder_Seq|  return value|
|ap_start       |   in|    1|  ap_ctrl_hs|  convEncoder_Seq|  return value|
|ap_done        |  out|    1|  ap_ctrl_hs|  convEncoder_Seq|  return value|
|ap_idle        |  out|    1|  ap_ctrl_hs|  convEncoder_Seq|  return value|
|ap_ready       |  out|    1|  ap_ctrl_hs|  convEncoder_Seq|  return value|
|s_axis_TDATA   |   in|   32|        axis|  s_axis_V_data_V|       pointer|
|s_axis_TVALID  |   in|    1|        axis|  s_axis_V_data_V|       pointer|
|s_axis_TREADY  |  out|    1|        axis|  s_axis_V_last_V|       pointer|
|s_axis_TLAST   |   in|    1|        axis|  s_axis_V_last_V|       pointer|
|s_axis_TKEEP   |   in|    4|        axis|  s_axis_V_keep_V|       pointer|
|s_axis_TSTRB   |   in|    4|        axis|  s_axis_V_strb_V|       pointer|
|m_axis_TDATA   |  out|   32|        axis|  m_axis_V_data_V|       pointer|
|m_axis_TREADY  |   in|    1|        axis|  m_axis_V_data_V|       pointer|
|m_axis_TVALID  |  out|    1|        axis|  m_axis_V_last_V|       pointer|
|m_axis_TLAST   |  out|    1|        axis|  m_axis_V_last_V|       pointer|
|m_axis_TKEEP   |  out|    4|        axis|  m_axis_V_keep_V|       pointer|
|m_axis_TSTRB   |  out|    4|        axis|  m_axis_V_strb_V|       pointer|
+---------------+-----+-----+------------+-----------------+--------------+

============================================================
+ Verbose Summary: Synthesis Manager
============================================================
InlineROM: 1
ExposeGlobal: 0
============================================================
+ Verbose Summary: CDFG Model
============================================================
IsTopModel: 1
ResetActiveHigh: 1
IsCombinational: 2
IsDatapathOnly: 2
HasWiredReturn: 1
HasMFsm: 0
HasVarLatency: 1
IsPipeline: 0
IsRtlPipelined: 0
IsInstanceOverlapped: 0
IsDontTouch: 0
HasImplIP: 0
IsGatedGlobalClock: 0


============================================================
+ Verbose Summary: Schedule
============================================================
* Number of FSM states : 4
* Pipeline : 0
* Dataflow Pipeline: 0

* FSM state transitions: 
1 --> 2 4 
2 --> 3 
3 --> 4 
4 --> 

* FSM state operations: 

State 1 <SV = 0> <Delay = 0.42>
ST_1 : Operation 5 [1/1] (0.00ns)   --->   "%encoded_loc = alloca i64 1"   --->   Operation 5 'alloca' 'encoded_loc' <Predicate = true> <Delay = 0.00>
ST_1 : Operation 6 [1/1] (0.00ns)   --->   "%p_loc = alloca i64 1"   --->   Operation 6 'alloca' 'p_loc' <Predicate = true> <Delay = 0.00>
ST_1 : Operation 7 [1/1] (0.00ns)   --->   "%spectopmodule_ln18 = spectopmodule void @_ssdm_op_SpecTopModule, void @empty_3" [convEncoder_Seq.cpp:18]   --->   Operation 7 'spectopmodule' 'spectopmodule_ln18' <Predicate = true> <Delay = 0.00>
ST_1 : Operation 8 [1/1] (0.00ns)   --->   "%specinterface_ln0 = specinterface void @_ssdm_op_SpecInterface, i32 %s_axis_V_data_V, i4 %s_axis_V_keep_V, i4 %s_axis_V_strb_V, i1 %s_axis_V_last_V, void @empty, i32 0, i32 0, void @empty_0, i32 0, i32 0, void @empty_0, void @empty_0, void @empty_0, i32 0, i32 0, i32 0, i32 0, void @empty_0, void @empty_0, i32 4294967295, i32 0, i32 0, i32 0"   --->   Operation 8 'specinterface' 'specinterface_ln0' <Predicate = true> <Delay = 0.00>
ST_1 : Operation 9 [1/1] (0.00ns)   --->   "%specbitsmap_ln0 = specbitsmap void @_ssdm_op_SpecBitsMap, i32 %s_axis_V_data_V"   --->   Operation 9 'specbitsmap' 'specbitsmap_ln0' <Predicate = true> <Delay = 0.00>
ST_1 : Operation 10 [1/1] (0.00ns)   --->   "%specbitsmap_ln0 = specbitsmap void @_ssdm_op_SpecBitsMap, i4 %s_axis_V_keep_V"   --->   Operation 10 'specbitsmap' 'specbitsmap_ln0' <Predicate = true> <Delay = 0.00>
ST_1 : Operation 11 [1/1] (0.00ns)   --->   "%specbitsmap_ln0 = specbitsmap void @_ssdm_op_SpecBitsMap, i4 %s_axis_V_strb_V"   --->   Operation 11 'specbitsmap' 'specbitsmap_ln0' <Predicate = true> <Delay = 0.00>
ST_1 : Operation 12 [1/1] (0.00ns)   --->   "%specbitsmap_ln0 = specbitsmap void @_ssdm_op_SpecBitsMap, i1 %s_axis_V_last_V"   --->   Operation 12 'specbitsmap' 'specbitsmap_ln0' <Predicate = true> <Delay = 0.00>
ST_1 : Operation 13 [1/1] (0.00ns)   --->   "%specinterface_ln0 = specinterface void @_ssdm_op_SpecInterface, i32 %m_axis_V_data_V, i4 %m_axis_V_keep_V, i4 %m_axis_V_strb_V, i1 %m_axis_V_last_V, void @empty, i32 0, i32 0, void @empty_0, i32 0, i32 0, void @empty_0, void @empty_0, void @empty_0, i32 0, i32 0, i32 0, i32 0, void @empty_0, void @empty_0, i32 4294967295, i32 0, i32 0, i32 0"   --->   Operation 13 'specinterface' 'specinterface_ln0' <Predicate = true> <Delay = 0.00>
ST_1 : Operation 14 [1/1] (0.00ns)   --->   "%specbitsmap_ln0 = specbitsmap void @_ssdm_op_SpecBitsMap, i32 %m_axis_V_data_V"   --->   Operation 14 'specbitsmap' 'specbitsmap_ln0' <Predicate = true> <Delay = 0.00>
ST_1 : Operation 15 [1/1] (0.00ns)   --->   "%specbitsmap_ln0 = specbitsmap void @_ssdm_op_SpecBitsMap, i4 %m_axis_V_keep_V"   --->   Operation 15 'specbitsmap' 'specbitsmap_ln0' <Predicate = true> <Delay = 0.00>
ST_1 : Operation 16 [1/1] (0.00ns)   --->   "%specbitsmap_ln0 = specbitsmap void @_ssdm_op_SpecBitsMap, i4 %m_axis_V_strb_V"   --->   Operation 16 'specbitsmap' 'specbitsmap_ln0' <Predicate = true> <Delay = 0.00>
ST_1 : Operation 17 [1/1] (0.00ns)   --->   "%specbitsmap_ln0 = specbitsmap void @_ssdm_op_SpecBitsMap, i1 %m_axis_V_last_V"   --->   Operation 17 'specbitsmap' 'specbitsmap_ln0' <Predicate = true> <Delay = 0.00>
ST_1 : Operation 18 [1/1] ( I:0.00ns O:0.00ns )   --->   "%tmp = nbreadreq i1 @_ssdm_op_NbReadReq.axis.i32P0A.i4P0A.i4P0A.i1P0A, i32 %s_axis_V_data_V, i4 %s_axis_V_keep_V, i4 %s_axis_V_strb_V, i1 %s_axis_V_last_V, i32 1" [convEncoder_Seq.cpp:33]   --->   Operation 18 'nbreadreq' 'tmp' <Predicate = true> <Delay = 0.00>
ST_1 : Operation 19 [1/1] (0.00ns)   --->   "%specaxissidechannel_ln33 = specaxissidechannel void @_ssdm_op_SpecAXISSideChannel, i32 %m_axis_V_data_V, i4 %m_axis_V_keep_V, i4 %m_axis_V_strb_V, i1 0, i1 %m_axis_V_last_V, i1 0, i1 0, void @empty_1" [convEncoder_Seq.cpp:33]   --->   Operation 19 'specaxissidechannel' 'specaxissidechannel_ln33' <Predicate = true> <Delay = 0.00>
ST_1 : Operation 20 [1/1] (0.00ns)   --->   "%specaxissidechannel_ln33 = specaxissidechannel void @_ssdm_op_SpecAXISSideChannel, i32 %s_axis_V_data_V, i4 %s_axis_V_keep_V, i4 %s_axis_V_strb_V, i1 0, i1 %s_axis_V_last_V, i1 0, i1 0, void @empty_2" [convEncoder_Seq.cpp:33]   --->   Operation 20 'specaxissidechannel' 'specaxissidechannel_ln33' <Predicate = true> <Delay = 0.00>
ST_1 : Operation 21 [1/1] (0.00ns)   --->   "%br_ln33 = br i1 %tmp, void %if.end, void %if.then" [convEncoder_Seq.cpp:33]   --->   Operation 21 'br' 'br_ln33' <Predicate = true> <Delay = 0.00>
ST_1 : Operation 22 [1/1] ( I:0.00ns O:0.00ns )   --->   "%empty = read i41 @_ssdm_op_Read.axis.volatile.i32P0A.i4P0A.i4P0A.i1P0A, i32 %s_axis_V_data_V, i4 %s_axis_V_keep_V, i4 %s_axis_V_strb_V, i1 %s_axis_V_last_V" [convEncoder_Seq.cpp:35]   --->   Operation 22 'read' 'empty' <Predicate = (tmp)> <Delay = 0.00>
ST_1 : Operation 23 [1/1] (0.00ns)   --->   "%in_word_data = extractvalue i41 %empty" [convEncoder_Seq.cpp:35]   --->   Operation 23 'extractvalue' 'in_word_data' <Predicate = (tmp)> <Delay = 0.00>
ST_1 : Operation 24 [1/1] (0.00ns)   --->   "%in_word_last = extractvalue i41 %empty" [convEncoder_Seq.cpp:35]   --->   Operation 24 'extractvalue' 'in_word_last' <Predicate = (tmp)> <Delay = 0.00>
ST_1 : Operation 25 [1/1] (0.00ns)   --->   "%state_load = load i6 %state" [convEncoder_Seq.cpp:10->convEncoder_Seq.cpp:43]   --->   Operation 25 'load' 'state_load' <Predicate = (tmp)> <Delay = 0.00>
ST_1 : Operation 26 [2/2] (0.42ns)   --->   "%call_ln10 = call void @convEncoder_Seq_Pipeline_VITIS_LOOP_40_1, i6 %state_load, i32 %in_word_data, i6 %p_loc, i64 %encoded_loc" [convEncoder_Seq.cpp:10->convEncoder_Seq.cpp:43]   --->   Operation 26 'call' 'call_ln10' <Predicate = (tmp)> <Delay = 0.42> <CoreType = "Generic">   --->   Generic Core

State 2 <SV = 1> <Delay = 1.20>
ST_2 : Operation 27 [1/2] (1.20ns)   --->   "%call_ln10 = call void @convEncoder_Seq_Pipeline_VITIS_LOOP_40_1, i6 %state_load, i32 %in_word_data, i6 %p_loc, i64 %encoded_loc" [convEncoder_Seq.cpp:10->convEncoder_Seq.cpp:43]   --->   Operation 27 'call' 'call_ln10' <Predicate = true> <Delay = 1.20> <CoreType = "Generic">   --->   Generic Core

State 3 <SV = 2> <Delay = 0.00>
ST_3 : Operation 28 [1/1] (0.00ns)   --->   "%encoded_loc_load = load i64 %encoded_loc"   --->   Operation 28 'load' 'encoded_loc_load' <Predicate = true> <Delay = 0.00>
ST_3 : Operation 29 [1/1] (0.00ns)   --->   "%trunc_ln48 = trunc i64 %encoded_loc_load" [convEncoder_Seq.cpp:48]   --->   Operation 29 'trunc' 'trunc_ln48' <Predicate = true> <Delay = 0.00>
ST_3 : Operation 30 [1/1] ( I:0.00ns O:0.00ns )   --->   "%write_ln52 = write void @_ssdm_op_Write.axis.volatile.i32P0A.i4P0A.i4P0A.i1P0A, i32 %m_axis_V_data_V, i4 %m_axis_V_keep_V, i4 %m_axis_V_strb_V, i1 %m_axis_V_last_V, i32 %trunc_ln48, i4 15, i4 15, i1 0" [convEncoder_Seq.cpp:52]   --->   Operation 30 'write' 'write_ln52' <Predicate = true> <Delay = 0.00>
ST_3 : Operation 31 [1/1] (0.00ns)   --->   "%p_s = partselect i32 @_ssdm_op_PartSelect.i32.i64.i32, i64 %encoded_loc_load, i32 32" [convEncoder_Seq.cpp:55]   --->   Operation 31 'partselect' 'p_s' <Predicate = true> <Delay = 0.00>

State 4 <SV = 3> <Delay = 0.00>
ST_4 : Operation 32 [1/1] (0.00ns)   --->   "%p_loc_load = load i6 %p_loc"   --->   Operation 32 'load' 'p_loc_load' <Predicate = (tmp)> <Delay = 0.00>
ST_4 : Operation 33 [1/1] (0.00ns)   --->   "%store_ln10 = store i6 %p_loc_load, i6 %state" [convEncoder_Seq.cpp:10->convEncoder_Seq.cpp:43]   --->   Operation 33 'store' 'store_ln10' <Predicate = (tmp)> <Delay = 0.00>
ST_4 : Operation 34 [1/1] ( I:0.00ns O:0.00ns )   --->   "%write_ln59 = write void @_ssdm_op_Write.axis.volatile.i32P0A.i4P0A.i4P0A.i1P0A, i32 %m_axis_V_data_V, i4 %m_axis_V_keep_V, i4 %m_axis_V_strb_V, i1 %m_axis_V_last_V, i32 %p_s, i4 15, i4 15, i1 %in_word_last" [convEncoder_Seq.cpp:59]   --->   Operation 34 'write' 'write_ln59' <Predicate = (tmp)> <Delay = 0.00>
ST_4 : Operation 35 [1/1] (0.00ns)   --->   "%br_ln60 = br void %if.end" [convEncoder_Seq.cpp:60]   --->   Operation 35 'br' 'br_ln60' <Predicate = (tmp)> <Delay = 0.00>
ST_4 : Operation 36 [1/1] (0.00ns)   --->   "%ret_ln61 = ret" [convEncoder_Seq.cpp:61]   --->   Operation 36 'ret' 'ret_ln61' <Predicate = true> <Delay = 0.00>


============================================================
+ Verbose Summary: Binding
============================================================
STG Binding: 
---------------- STG Properties BEGIN ----------------
- Is combinational: 0
- Is one-state seq: 0
- Is datapath-only: 0
- Is pipelined: 0
- Is top level: 1
Port [ Return ] is wired: 1; IO mode=ap_ctrl_hs:ce=0
Port [ s_axis_V_data_V]:  wired=1; compound=1; hidden=0; nouse=0; global=0; static=0; extern=0; dir=0; type=0; pingpong=0; private_global=0; IO mode=axis:ce=0
Port [ s_axis_V_keep_V]:  wired=1; compound=1; hidden=0; nouse=0; global=0; static=0; extern=0; dir=0; type=0; pingpong=0; private_global=0; IO mode=axis:ce=0
Port [ s_axis_V_strb_V]:  wired=1; compound=1; hidden=0; nouse=0; global=0; static=0; extern=0; dir=0; type=0; pingpong=0; private_global=0; IO mode=axis:ce=0
Port [ s_axis_V_last_V]:  wired=1; compound=1; hidden=0; nouse=0; global=0; static=0; extern=0; dir=0; type=0; pingpong=0; private_global=0; IO mode=axis:ce=0
Port [ m_axis_V_data_V]:  wired=1; compound=1; hidden=0; nouse=0; global=0; static=0; extern=0; dir=1; type=0; pingpong=0; private_global=0; IO mode=axis:ce=0
Port [ m_axis_V_keep_V]:  wired=1; compound=1; hidden=0; nouse=0; global=0; static=0; extern=0; dir=1; type=0; pingpong=0; private_global=0; IO mode=axis:ce=0
Port [ m_axis_V_strb_V]:  wired=1; compound=1; hidden=0; nouse=0; global=0; static=0; extern=0; dir=1; type=0; pingpong=0; private_global=0; IO mode=axis:ce=0
Port [ m_axis_V_last_V]:  wired=1; compound=1; hidden=0; nouse=0; global=0; static=0; extern=0; dir=1; type=0; pingpong=0; private_global=0; IO mode=axis:ce=0
Port [ state]:  wired=0; compound=0; hidden=1; nouse=0; global=1; static=1; extern=0; dir=2; type=0; pingpong=0; private_global=1; IO mode=ap_ovld:ce=0
---------------- STG Properties END ------------------

---------------- Datapath Model BEGIN ----------------

<LifeTime>
<method=bitvector/>
encoded_loc              (alloca             ) [ 01110]
p_loc                    (alloca             ) [ 01111]
spectopmodule_ln18       (spectopmodule      ) [ 00000]
specinterface_ln0        (specinterface      ) [ 00000]
specbitsmap_ln0          (specbitsmap        ) [ 00000]
specbitsmap_ln0          (specbitsmap        ) [ 00000]
specbitsmap_ln0          (specbitsmap        ) [ 00000]
specbitsmap_ln0          (specbitsmap        ) [ 00000]
specinterface_ln0        (specinterface      ) [ 00000]
specbitsmap_ln0          (specbitsmap        ) [ 00000]
specbitsmap_ln0          (specbitsmap        ) [ 00000]
specbitsmap_ln0          (specbitsmap        ) [ 00000]
specbitsmap_ln0          (specbitsmap        ) [ 00000]
tmp                      (nbreadreq          ) [ 01111]
specaxissidechannel_ln33 (specaxissidechannel) [ 00000]
specaxissidechannel_ln33 (specaxissidechannel) [ 00000]
br_ln33                  (br                 ) [ 00000]
empty                    (read               ) [ 00000]
in_word_data             (extractvalue       ) [ 00100]
in_word_last             (extractvalue       ) [ 00111]
state_load               (load               ) [ 00100]
call_ln10                (call               ) [ 00000]
encoded_loc_load         (load               ) [ 00000]
trunc_ln48               (trunc              ) [ 00000]
write_ln52               (write              ) [ 00000]
p_s                      (partselect         ) [ 00001]
p_loc_load               (load               ) [ 00000]
store_ln10               (store              ) [ 00000]
write_ln59               (write              ) [ 00000]
br_ln60                  (br                 ) [ 00000]
ret_ln61                 (ret                ) [ 00000]
</LifeTime>

<model>

<comp_list>
<comp id="0" class="1000" name="s_axis_V_data_V">
<pin_list>
<pin id="1" dir="1" index="0" bw="1" slack="0"/>
</pin_list>
<bind>
<StgValue><ssdm name="s_axis_V_data_V"/></StgValue>
</bind>
</comp>

<comp id="2" class="1000" name="s_axis_V_keep_V">
<pin_list>
<pin id="3" dir="1" index="0" bw="1" slack="0"/>
</pin_list>
<bind>
<StgValue><ssdm name="s_axis_V_keep_V"/></StgValue>
</bind>
</comp>

<comp id="4" class="1000" name="s_axis_V_strb_V">
<pin_list>
<pin id="5" dir="1" index="0" bw="1" slack="0"/>
</pin_list>
<bind>
<StgValue><ssdm name="s_axis_V_strb_V"/></StgValue>
</bind>
</comp>

<comp id="6" class="1000" name="s_axis_V_last_V">
<pin_list>
<pin id="7" dir="1" index="0" bw="1" slack="0"/>
</pin_list>
<bind>
<StgValue><ssdm name="s_axis_V_last_V"/></StgValue>
</bind>
</comp>

<comp id="8" class="1000" name="m_axis_V_data_V">
<pin_list>
<pin id="9" dir="1" index="0" bw="1" slack="0"/>
</pin_list>
<bind>
<StgValue><ssdm name="m_axis_V_data_V"/></StgValue>
</bind>
</comp>

<comp id="10" class="1000" name="m_axis_V_keep_V">
<pin_list>
<pin id="11" dir="1" index="0" bw="1" slack="0"/>
</pin_list>
<bind>
<StgValue><ssdm name="m_axis_V_keep_V"/></StgValue>
</bind>
</comp>

<comp id="12" class="1000" name="m_axis_V_strb_V">
<pin_list>
<pin id="13" dir="1" index="0" bw="1" slack="0"/>
</pin_list>
<bind>
<StgValue><ssdm name="m_axis_V_strb_V"/></StgValue>
</bind>
</comp>

<comp id="14" class="1000" name="m_axis_V_last_V">
<pin_list>
<pin id="15" dir="1" index="0" bw="1" slack="0"/>
</pin_list>
<bind>
<StgValue><ssdm name="m_axis_V_last_V"/></StgValue>
</bind>
</comp>

<comp id="16" class="1000" name="state">
<pin_list>
<pin id="17" dir="1" index="0" bw="1" slack="0"/>
</pin_list>
<bind>
<StgValue><ssdm name="state"/></StgValue>
</bind>
</comp>

<comp id="18" class="1001" name="const_18">
<pin_list>
<pin id="19" dir="1" index="0" bw="1" slack="0"/>
</pin_list>
<bind>
<StgValue><ssdm name=""/></StgValue>
</bind>
</comp>

<comp id="20" class="1001" name="const_20">
<pin_list>
<pin id="21" dir="1" index="0" bw="1" slack="2147483647"/>
</pin_list>
<bind>
<StgValue><ssdm name="_ssdm_op_SpecTopModule"/></StgValue>
</bind>
</comp>

<comp id="22" class="1001" name="const_22">
<pin_list>
<pin id="23" dir="1" index="0" bw="1" slack="2147483647"/>
</pin_list>
<bind>
<StgValue><ssdm name="empty_3"/></StgValue>
</bind>
</comp>

<comp id="24" class="1001" name="const_24">
<pin_list>
<pin id="25" dir="1" index="0" bw="1" slack="2147483647"/>
</pin_list>
<bind>
<StgValue><ssdm name="_ssdm_op_SpecInterface"/></StgValue>
</bind>
</comp>

<comp id="26" class="1001" name="const_26">
<pin_list>
<pin id="27" dir="1" index="0" bw="1" slack="2147483647"/>
</pin_list>
<bind>
<StgValue><ssdm name="empty"/></StgValue>
</bind>
</comp>

<comp id="28" class="1001" name="const_28">
<pin_list>
<pin id="29" dir="1" index="0" bw="1" slack="2147483647"/>
</pin_list>
<bind>
<StgValue><ssdm name=""/></StgValue>
</bind>
</comp>

<comp id="30" class="1001" name="const_30">
<pin_list>
<pin id="31" dir="1" index="0" bw="1" slack="2147483647"/>
</pin_list>
<bind>
<StgValue><ssdm name="empty_0"/></StgValue>
</bind>
</comp>

<comp id="32" class="1001" name="const_32">
<pin_list>
<pin id="33" dir="1" index="0" bw="1" slack="2147483647"/>
</pin_list>
<bind>
<StgValue><ssdm name=""/></StgValue>
</bind>
</comp>

<comp id="34" class="1001" name="const_34">
<pin_list>
<pin id="35" dir="1" index="0" bw="1" slack="2147483647"/>
</pin_list>
<bind>
<StgValue><ssdm name="_ssdm_op_SpecBitsMap"/></StgValue>
</bind>
</comp>

<comp id="36" class="1001" name="const_36">
<pin_list>
<pin id="37" dir="1" index="0" bw="1" slack="0"/>
</pin_list>
<bind>
<StgValue><ssdm name="_ssdm_op_NbReadReq.axis.i32P0A.i4P0A.i4P0A.i1P0A"/></StgValue>
</bind>
</comp>

<comp id="38" class="1001" name="const_38">
<pin_list>
<pin id="39" dir="1" index="0" bw="1" slack="0"/>
</pin_list>
<bind>
<StgValue><ssdm name=""/></StgValue>
</bind>
</comp>

<comp id="40" class="1001" name="const_40">
<pin_list>
<pin id="41" dir="1" index="0" bw="1" slack="2147483647"/>
</pin_list>
<bind>
<StgValue><ssdm name="_ssdm_op_SpecAXISSideChannel"/></StgValue>
</bind>
</comp>

<comp id="42" class="1001" name="const_42">
<pin_list>
<pin id="43" dir="1" index="0" bw="1" slack="2147483647"/>
</pin_list>
<bind>
<StgValue><ssdm name=""/></StgValue>
</bind>
</comp>

<comp id="44" class="1001" name="const_44">
<pin_list>
<pin id="45" dir="1" index="0" bw="1" slack="2147483647"/>
</pin_list>
<bind>
<StgValue><ssdm name="empty_1"/></StgValue>
</bind>
</comp>

<comp id="46" class="1001" name="const_46">
<pin_list>
<pin id="47" dir="1" index="0" bw="1" slack="2147483647"/>
</pin_list>
<bind>
<StgValue><ssdm name="empty_2"/></StgValue>
</bind>
</comp>

<comp id="48" class="1001" name="const_48">
<pin_list>
<pin id="49" dir="1" index="0" bw="1" slack="0"/>
</pin_list>
<bind>
<StgValue><ssdm name="_ssdm_op_Read.axis.volatile.i32P0A.i4P0A.i4P0A.i1P0A"/></StgValue>
</bind>
</comp>

<comp id="50" class="1001" name="const_50">
<pin_list>
<pin id="51" dir="1" index="0" bw="1" slack="0"/>
</pin_list>
<bind>
<StgValue><ssdm name="convEncoder_Seq_Pipeline_VITIS_LOOP_40_1"/></StgValue>
</bind>
</comp>

<comp id="52" class="1001" name="const_52">
<pin_list>
<pin id="53" dir="1" index="0" bw="1" slack="0"/>
</pin_list>
<bind>
<StgValue><ssdm name="_ssdm_op_Write.axis.volatile.i32P0A.i4P0A.i4P0A.i1P0A"/></StgValue>
</bind>
</comp>

<comp id="54" class="1001" name="const_54">
<pin_list>
<pin id="55" dir="1" index="0" bw="1" slack="0"/>
</pin_list>
<bind>
<StgValue><ssdm name=""/></StgValue>
</bind>
</comp>

<comp id="56" class="1001" name="const_56">
<pin_list>
<pin id="57" dir="1" index="0" bw="1" slack="0"/>
</pin_list>
<bind>
<StgValue><ssdm name=""/></StgValue>
</bind>
</comp>

<comp id="58" class="1001" name="const_58">
<pin_list>
<pin id="59" dir="1" index="0" bw="1" slack="0"/>
</pin_list>
<bind>
<StgValue><ssdm name="_ssdm_op_PartSelect.i32.i64.i32"/></StgValue>
</bind>
</comp>

<comp id="60" class="1001" name="const_60">
<pin_list>
<pin id="61" dir="1" index="0" bw="1" slack="0"/>
</pin_list>
<bind>
<StgValue><ssdm name=""/></StgValue>
</bind>
</comp>

<comp id="62" class="1004" name="encoded_loc_fu_62">
<pin_list>
<pin id="63" dir="0" index="0" bw="1" slack="0"/>
<pin id="64" dir="1" index="1" bw="64" slack="0"/>
</pin_list>
<bind>
<opcode="alloca(26) " fcode="alloca"/>
<opset="encoded_loc/1 "/>
</bind>
</comp>

<comp id="66" class="1004" name="p_loc_fu_66">
<pin_list>
<pin id="67" dir="0" index="0" bw="1" slack="0"/>
<pin id="68" dir="1" index="1" bw="6" slack="0"/>
</pin_list>
<bind>
<opcode="alloca(26) " fcode="alloca"/>
<opset="p_loc/1 "/>
</bind>
</comp>

<comp id="70" class="1004" name="tmp_nbreadreq_fu_70">
<pin_list>
<pin id="71" dir="0" index="0" bw="1" slack="0"/>
<pin id="72" dir="0" index="1" bw="32" slack="0"/>
<pin id="73" dir="0" index="2" bw="4" slack="0"/>
<pin id="74" dir="0" index="3" bw="4" slack="0"/>
<pin id="75" dir="0" index="4" bw="1" slack="0"/>
<pin id="76" dir="0" index="5" bw="1" slack="0"/>
<pin id="77" dir="1" index="6" bw="1" slack="3"/>
</pin_list>
<bind>
<opcode="nbreadreq(1156) " fcode="nbreadreq"/>
<opset="tmp/1 "/>
</bind>
</comp>

<comp id="84" class="1004" name="empty_read_fu_84">
<pin_list>
<pin id="85" dir="0" index="0" bw="41" slack="0"/>
<pin id="86" dir="0" index="1" bw="32" slack="0"/>
<pin id="87" dir="0" index="2" bw="4" slack="0"/>
<pin id="88" dir="0" index="3" bw="4" slack="0"/>
<pin id="89" dir="0" index="4" bw="1" slack="0"/>
<pin id="90" dir="1" index="5" bw="41" slack="0"/>
</pin_list>
<bind>
<opcode="read(1150) " fcode="read"/>
<opset="empty/1 "/>
</bind>
</comp>

<comp id="96" class="1004" name="grp_write_fu_96">
<pin_list>
<pin id="97" dir="0" index="0" bw="0" slack="0"/>
<pin id="98" dir="0" index="1" bw="32" slack="0"/>
<pin id="99" dir="0" index="2" bw="4" slack="0"/>
<pin id="100" dir="0" index="3" bw="4" slack="0"/>
<pin id="101" dir="0" index="4" bw="1" slack="0"/>
<pin id="102" dir="0" index="5" bw="32" slack="0"/>
<pin id="103" dir="0" index="6" bw="1" slack="0"/>
<pin id="104" dir="0" index="7" bw="1" slack="0"/>
<pin id="105" dir="0" index="8" bw="1" slack="0"/>
<pin id="106" dir="1" index="9" bw="0" slack="2147483647"/>
</pin_list>
<bind>
<opcode="write(1151) " fcode="write"/>
<opset="write_ln52/3 write_ln59/4 "/>
</bind>
</comp>

<comp id="115" class="1004" name="grp_convEncoder_Seq_Pipeline_VITIS_LOOP_40_1_fu_115">
<pin_list>
<pin id="116" dir="0" index="0" bw="0" slack="0"/>
<pin id="117" dir="0" index="1" bw="6" slack="0"/>
<pin id="118" dir="0" index="2" bw="32" slack="0"/>
<pin id="119" dir="0" index="3" bw="6" slack="0"/>
<pin id="120" dir="0" index="4" bw="64" slack="0"/>
<pin id="121" dir="1" index="5" bw="0" slack="2147483647"/>
</pin_list>
<bind>
<opcode="call(48) " fcode="call"/>
<opset="call_ln10/1 "/>
</bind>
</comp>

<comp id="123" class="1004" name="in_word_data_fu_123">
<pin_list>
<pin id="124" dir="0" index="0" bw="41" slack="0"/>
<pin id="125" dir="1" index="1" bw="32" slack="0"/>
</pin_list>
<bind>
<opcode="extractvalue(56) " fcode="extractvalue"/>
<opset="in_word_data/1 "/>
</bind>
</comp>

<comp id="128" class="1004" name="in_word_last_fu_128">
<pin_list>
<pin id="129" dir="0" index="0" bw="41" slack="0"/>
<pin id="130" dir="1" index="1" bw="1" slack="3"/>
</pin_list>
<bind>
<opcode="extractvalue(56) " fcode="extractvalue"/>
<opset="in_word_last/1 "/>
</bind>
</comp>

<comp id="132" class="1004" name="state_load_load_fu_132">
<pin_list>
<pin id="133" dir="0" index="0" bw="6" slack="0"/>
<pin id="134" dir="1" index="1" bw="6" slack="0"/>
</pin_list>
<bind>
<opcode="load(27) " fcode="load"/>
<opset="state_load/1 "/>
</bind>
</comp>

<comp id="137" class="1004" name="encoded_loc_load_load_fu_137">
<pin_list>
<pin id="138" dir="0" index="0" bw="64" slack="2"/>
<pin id="139" dir="1" index="1" bw="64" slack="0"/>
</pin_list>
<bind>
<opcode="load(27) " fcode="load"/>
<opset="encoded_loc_load/3 "/>
</bind>
</comp>

<comp id="140" class="1004" name="trunc_ln48_fu_140">
<pin_list>
<pin id="141" dir="0" index="0" bw="64" slack="0"/>
<pin id="142" dir="1" index="1" bw="32" slack="0"/>
</pin_list>
<bind>
<opcode="trunc(33) " fcode="trunc"/>
<opset="trunc_ln48/3 "/>
</bind>
</comp>

<comp id="145" class="1004" name="p_s_fu_145">
<pin_list>
<pin id="146" dir="0" index="0" bw="32" slack="0"/>
<pin id="147" dir="0" index="1" bw="64" slack="0"/>
<pin id="148" dir="0" index="2" bw="7" slack="0"/>
<pin id="149" dir="1" index="3" bw="32" slack="1"/>
</pin_list>
<bind>
<opcode="partselect(1002) " fcode="partselect"/>
<opset="p_s/3 "/>
</bind>
</comp>

<comp id="153" class="1004" name="p_loc_load_load_fu_153">
<pin_list>
<pin id="154" dir="0" index="0" bw="6" slack="3"/>
<pin id="155" dir="1" index="1" bw="6" slack="0"/>
</pin_list>
<bind>
<opcode="load(27) " fcode="load"/>
<opset="p_loc_load/4 "/>
</bind>
</comp>

<comp id="156" class="1004" name="store_ln10_store_fu_156">
<pin_list>
<pin id="157" dir="0" index="0" bw="6" slack="0"/>
<pin id="158" dir="0" index="1" bw="6" slack="0"/>
<pin id="159" dir="1" index="2" bw="0" slack="2147483647"/>
</pin_list>
<bind>
<opcode="store(28) " fcode="store"/>
<opset="store_ln10/4 "/>
</bind>
</comp>

<comp id="162" class="1005" name="encoded_loc_reg_162">
<pin_list>
<pin id="163" dir="0" index="0" bw="64" slack="0"/>
<pin id="164" dir="1" index="1" bw="64" slack="0"/>
</pin_list>
<bind>
<opset="encoded_loc "/>
</bind>
</comp>

<comp id="168" class="1005" name="p_loc_reg_168">
<pin_list>
<pin id="169" dir="0" index="0" bw="6" slack="0"/>
<pin id="170" dir="1" index="1" bw="6" slack="0"/>
</pin_list>
<bind>
<opset="p_loc "/>
</bind>
</comp>

<comp id="174" class="1005" name="tmp_reg_174">
<pin_list>
<pin id="175" dir="0" index="0" bw="1" slack="3"/>
<pin id="176" dir="1" index="1" bw="1" slack="2147483647"/>
</pin_list>
<bind>
<opset="tmp "/>
</bind>
</comp>

<comp id="178" class="1005" name="in_word_data_reg_178">
<pin_list>
<pin id="179" dir="0" index="0" bw="32" slack="1"/>
<pin id="180" dir="1" index="1" bw="32" slack="1"/>
</pin_list>
<bind>
<opset="in_word_data "/>
</bind>
</comp>

<comp id="183" class="1005" name="in_word_last_reg_183">
<pin_list>
<pin id="184" dir="0" index="0" bw="1" slack="3"/>
<pin id="185" dir="1" index="1" bw="1" slack="3"/>
</pin_list>
<bind>
<opset="in_word_last "/>
</bind>
</comp>

<comp id="191" class="1005" name="p_s_reg_191">
<pin_list>
<pin id="192" dir="0" index="0" bw="32" slack="1"/>
<pin id="193" dir="1" index="1" bw="32" slack="1"/>
</pin_list>
<bind>
<opset="p_s "/>
</bind>
</comp>

</comp_list>

<net_list>
<net id="65"><net_src comp="18" pin="0"/><net_sink comp="62" pin=0"/></net>

<net id="69"><net_src comp="18" pin="0"/><net_sink comp="66" pin=0"/></net>

<net id="78"><net_src comp="36" pin="0"/><net_sink comp="70" pin=0"/></net>

<net id="79"><net_src comp="0" pin="0"/><net_sink comp="70" pin=1"/></net>

<net id="80"><net_src comp="2" pin="0"/><net_sink comp="70" pin=2"/></net>

<net id="81"><net_src comp="4" pin="0"/><net_sink comp="70" pin=3"/></net>

<net id="82"><net_src comp="6" pin="0"/><net_sink comp="70" pin=4"/></net>

<net id="83"><net_src comp="38" pin="0"/><net_sink comp="70" pin=5"/></net>

<net id="91"><net_src comp="48" pin="0"/><net_sink comp="84" pin=0"/></net>

<net id="92"><net_src comp="0" pin="0"/><net_sink comp="84" pin=1"/></net>

<net id="93"><net_src comp="2" pin="0"/><net_sink comp="84" pin=2"/></net>

<net id="94"><net_src comp="4" pin="0"/><net_sink comp="84" pin=3"/></net>

<net id="95"><net_src comp="6" pin="0"/><net_sink comp="84" pin=4"/></net>

<net id="107"><net_src comp="52" pin="0"/><net_sink comp="96" pin=0"/></net>

<net id="108"><net_src comp="8" pin="0"/><net_sink comp="96" pin=1"/></net>

<net id="109"><net_src comp="10" pin="0"/><net_sink comp="96" pin=2"/></net>

<net id="110"><net_src comp="12" pin="0"/><net_sink comp="96" pin=3"/></net>

<net id="111"><net_src comp="14" pin="0"/><net_sink comp="96" pin=4"/></net>

<net id="112"><net_src comp="54" pin="0"/><net_sink comp="96" pin=6"/></net>

<net id="113"><net_src comp="54" pin="0"/><net_sink comp="96" pin=7"/></net>

<net id="114"><net_src comp="56" pin="0"/><net_sink comp="96" pin=8"/></net>

<net id="122"><net_src comp="50" pin="0"/><net_sink comp="115" pin=0"/></net>

<net id="126"><net_src comp="84" pin="5"/><net_sink comp="123" pin=0"/></net>

<net id="127"><net_src comp="123" pin="1"/><net_sink comp="115" pin=2"/></net>

<net id="131"><net_src comp="84" pin="5"/><net_sink comp="128" pin=0"/></net>

<net id="135"><net_src comp="16" pin="0"/><net_sink comp="132" pin=0"/></net>

<net id="136"><net_src comp="132" pin="1"/><net_sink comp="115" pin=1"/></net>

<net id="143"><net_src comp="137" pin="1"/><net_sink comp="140" pin=0"/></net>

<net id="144"><net_src comp="140" pin="1"/><net_sink comp="96" pin=5"/></net>

<net id="150"><net_src comp="58" pin="0"/><net_sink comp="145" pin=0"/></net>

<net id="151"><net_src comp="137" pin="1"/><net_sink comp="145" pin=1"/></net>

<net id="152"><net_src comp="60" pin="0"/><net_sink comp="145" pin=2"/></net>

<net id="160"><net_src comp="153" pin="1"/><net_sink comp="156" pin=0"/></net>

<net id="161"><net_src comp="16" pin="0"/><net_sink comp="156" pin=1"/></net>

<net id="165"><net_src comp="62" pin="1"/><net_sink comp="162" pin=0"/></net>

<net id="166"><net_src comp="162" pin="1"/><net_sink comp="115" pin=4"/></net>

<net id="167"><net_src comp="162" pin="1"/><net_sink comp="137" pin=0"/></net>

<net id="171"><net_src comp="66" pin="1"/><net_sink comp="168" pin=0"/></net>

<net id="172"><net_src comp="168" pin="1"/><net_sink comp="115" pin=3"/></net>

<net id="173"><net_src comp="168" pin="1"/><net_sink comp="153" pin=0"/></net>

<net id="177"><net_src comp="70" pin="6"/><net_sink comp="174" pin=0"/></net>

<net id="181"><net_src comp="123" pin="1"/><net_sink comp="178" pin=0"/></net>

<net id="182"><net_src comp="178" pin="1"/><net_sink comp="115" pin=2"/></net>

<net id="186"><net_src comp="128" pin="1"/><net_sink comp="183" pin=0"/></net>

<net id="187"><net_src comp="183" pin="1"/><net_sink comp="96" pin=8"/></net>

<net id="194"><net_src comp="145" pin="3"/><net_sink comp="191" pin=0"/></net>

<net id="195"><net_src comp="191" pin="1"/><net_sink comp="96" pin=5"/></net>

</net_list>

</model> 
---------------- Datapath Model END ------------------

* FSMD analyzer results:
  - Output states:
	Port: m_axis_V_data_V | {3 4 }
	Port: m_axis_V_keep_V | {3 4 }
	Port: m_axis_V_strb_V | {3 4 }
	Port: m_axis_V_last_V | {3 4 }
	Port: state | {4 }
 - Input state : 
	Port: convEncoder_Seq : s_axis_V_data_V | {1 }
	Port: convEncoder_Seq : s_axis_V_keep_V | {1 }
	Port: convEncoder_Seq : s_axis_V_strb_V | {1 }
	Port: convEncoder_Seq : s_axis_V_last_V | {1 }
	Port: convEncoder_Seq : state | {1 }
  - Chain level:
	State 1
		call_ln10 : 1
	State 2
	State 3
		trunc_ln48 : 1
		write_ln52 : 2
		p_s : 1
	State 4
		store_ln10 : 1


============================================================
+ Verbose Summary: Datapath Resource usage 
============================================================

* Functional unit list:
|----------|-----------------------------------------------------|---------|---------|
| Operation|                   Functional Unit                   |    FF   |   LUT   |
|----------|-----------------------------------------------------|---------|---------|
|   call   | grp_convEncoder_Seq_Pipeline_VITIS_LOOP_40_1_fu_115 |   108   |   121   |
|----------|-----------------------------------------------------|---------|---------|
| nbreadreq|                 tmp_nbreadreq_fu_70                 |    0    |    0    |
|----------|-----------------------------------------------------|---------|---------|
|   read   |                   empty_read_fu_84                  |    0    |    0    |
|----------|-----------------------------------------------------|---------|---------|
|   write  |                   grp_write_fu_96                   |    0    |    0    |
|----------|-----------------------------------------------------|---------|---------|
|extractvalue|                 in_word_data_fu_123                 |    0    |    0    |
|          |                 in_word_last_fu_128                 |    0    |    0    |
|----------|-----------------------------------------------------|---------|---------|
|   trunc  |                  trunc_ln48_fu_140                  |    0    |    0    |
|----------|-----------------------------------------------------|---------|---------|
|partselect|                      p_s_fu_145                     |    0    |    0    |
|----------|-----------------------------------------------------|---------|---------|
|   Total  |                                                     |   108   |   121   |
|----------|-----------------------------------------------------|---------|---------|

Memories:
N/A

* Register list:
+--------------------+--------+
|                    |   FF   |
+--------------------+--------+
| encoded_loc_reg_162|   64   |
|in_word_data_reg_178|   32   |
|in_word_last_reg_183|    1   |
|    p_loc_reg_168   |    6   |
|     p_s_reg_191    |   32   |
|     tmp_reg_174    |    1   |
+--------------------+--------+
|        Total       |   136  |
+--------------------+--------+

* Multiplexer (MUX) list: 
|-----------------------------------------------------|------|------|------|--------||---------||---------||---------|
|                         Comp                        |  Pin | Size |  BW  | S x BW ||  Delay  ||    FF   ||   LUT   |
|-----------------------------------------------------|------|------|------|--------||---------||---------||---------|
|                   grp_write_fu_96                   |  p5  |   2  |  32  |   64   ||    0    ||    9    |
|                   grp_write_fu_96                   |  p8  |   2  |   1  |    2   ||    0    ||    9    |
| grp_convEncoder_Seq_Pipeline_VITIS_LOOP_40_1_fu_115 |  p2  |   2  |  32  |   64   ||    0    ||    9    |
|-----------------------------------------------------|------|------|------|--------||---------||---------||---------|
|                        Total                        |      |      |      |   130  ||  1.281  ||    0    ||    27   |
|-----------------------------------------------------|------|------|------|--------||---------||---------||---------|



* Summary:
+-----------+--------+--------+--------+
|           |  Delay |   FF   |   LUT  |
+-----------+--------+--------+--------+
|  Function |    -   |   108  |   121  |
|   Memory  |    -   |    -   |    -   |
|Multiplexer|    1   |    0   |   27   |
|  Register |    -   |   136  |    -   |
+-----------+--------+--------+--------+
|   Total   |    1   |   244  |   148  |
+-----------+--------+--------+--------+
