

================================================================
== Vitis HLS Report for 'convEncoder_Seq_Pipeline_VITIS_LOOP_40_1'
================================================================
* Date:           Wed Mar 18 16:04:38 2026

* Version:        2025.2 (Build 6295257 on Nov 12 2025)
* Project:        convEncoder
* Solution:       hls (Vivado IP Flow Target)
* Product family: kintexuplus
* Target device:  xcku5p-ffvb676-2-e


================================================================
== Performance Estimates
================================================================
+ Timing: 
    * Summary: 
    +--------+----------+----------+------------+
    |  Clock |  Target  | Estimated| Uncertainty|
    +--------+----------+----------+------------+
    |ap_clk  |  10.00 ns|  2.018 ns|     2.70 ns|
    +--------+----------+----------+------------+

+ Latency: 
    * Summary: 
    +---------+---------+----------+----------+-----+-----+-------------------+
    |  Latency (cycles) |  Latency (absolute) |  Interval |      Pipeline     |
    |   min   |   max   |    min   |    max   | min | max |        Type       |
    +---------+---------+----------+----------+-----+-----+-------------------+
    |       34|       34|  0.340 us|  0.340 us|    0|    0|  loop pipeline stp|
    +---------+---------+----------+----------+-----+-----+-------------------+

    + Detail: 
        * Instance: 
        N/A

        * Loop: 
        +-------------------+---------+---------+----------+-----------+-----------+------+----------+
        |                   |  Latency (cycles) | Iteration|  Initiation Interval  | Trip |          |
        |     Loop Name     |   min   |   max   |  Latency |  achieved |   target  | Count| Pipelined|
        +-------------------+---------+---------+----------+-----------+-----------+------+----------+
        |- VITIS_LOOP_40_1  |       32|       32|         1|          1|          1|    32|       yes|
        +-------------------+---------+---------+----------+-----------+-----------+------+----------+

============================================================
+ Verbose Summary: Synthesis Manager
============================================================
InlineROM: 1
ExposeGlobal: 0
============================================================
+ Verbose Summary: CDFG Model
============================================================
IsTopModel: 0
ResetActiveHigh: 1
IsCombinational: 0
IsDatapathOnly: 0
HasWiredReturn: 1
HasMFsm: 2
HasVarLatency: 1
IsPipeline: 0
IsRtlPipelined: 0
IsInstanceOverlapped: 0
IsDontTouch: 0
HasImplIP: 0
IsGatedGlobalClock: 0

+ Individual pipeline summary: 
  * Pipeline-0: initiation interval (II) = 1, depth = 2


============================================================
+ Verbose Summary: Schedule
============================================================
* Number of FSM states : 2
* Pipeline : 1
  Pipeline-0 : II = 1, D = 2, States = { 1 2 }
* Dataflow Pipeline: 0

* FSM state transitions: 
1 --> 2 
2 --> 

* FSM state operations: 

State 1 <SV = 0> <Delay = 0.42>
ST_1 : Operation 4 [1/1] (0.00ns)   --->   "%encoded = alloca i32 1" [convEncoder_Seq.cpp:38]   --->   Operation 4 'alloca' 'encoded' <Predicate = true> <Delay = 0.00>
ST_1 : Operation 5 [1/1] (0.00ns)   --->   "%i = alloca i32 1" [convEncoder_Seq.cpp:40]   --->   Operation 5 'alloca' 'i' <Predicate = true> <Delay = 0.00>
ST_1 : Operation 6 [1/1] (0.00ns)   --->   "%empty = alloca i32 1"   --->   Operation 6 'alloca' 'empty' <Predicate = true> <Delay = 0.00>
ST_1 : Operation 7 [1/1] (0.00ns)   --->   "%in_word_data_read = read i32 @_ssdm_op_Read.ap_auto.i32, i32 %in_word_data"   --->   Operation 7 'read' 'in_word_data_read' <Predicate = true> <Delay = 0.00>
ST_1 : Operation 8 [1/1] (0.00ns)   --->   "%state_load_read = read i6 @_ssdm_op_Read.ap_auto.i6, i6 %state_load"   --->   Operation 8 'read' 'state_load_read' <Predicate = true> <Delay = 0.00>
ST_1 : Operation 9 [1/1] (0.42ns)   --->   "%store_ln0 = store i6 %state_load_read, i6 %empty"   --->   Operation 9 'store' 'store_ln0' <Predicate = true> <Delay = 0.42>
ST_1 : Operation 10 [1/1] (0.42ns)   --->   "%store_ln40 = store i6 0, i6 %i" [convEncoder_Seq.cpp:40]   --->   Operation 10 'store' 'store_ln40' <Predicate = true> <Delay = 0.42>
ST_1 : Operation 11 [1/1] (0.42ns)   --->   "%store_ln38 = store i64 0, i64 %encoded" [convEncoder_Seq.cpp:38]   --->   Operation 11 'store' 'store_ln38' <Predicate = true> <Delay = 0.42>
ST_1 : Operation 12 [1/1] (0.00ns)   --->   "%br_ln0 = br void %for.inc"   --->   Operation 12 'br' 'br_ln0' <Predicate = true> <Delay = 0.00>

State 2 <SV = 1> <Delay = 2.01>
ST_2 : Operation 13 [1/1] (0.00ns)   --->   "%i_1 = load i6 %i" [convEncoder_Seq.cpp:40]   --->   Operation 13 'load' 'i_1' <Predicate = true> <Delay = 0.00>
ST_2 : Operation 14 [1/1] (0.78ns)   --->   "%icmp_ln40 = icmp_eq  i6 %i_1, i6 32" [convEncoder_Seq.cpp:40]   --->   Operation 14 'icmp' 'icmp_ln40' <Predicate = true> <Delay = 0.78> <CoreInst = "Cmp">   --->   Core 9 'Cmp' <Latency = 0> <II = 1> <Delay = 0.78> <FuncUnit> <Opcode : 'seteq' 'setne' 'setle' 'setge' 'setlt' 'setgt'> <InPorts = 2> <OutPorts = 1>
ST_2 : Operation 15 [1/1] (0.78ns)   --->   "%i_2 = add i6 %i_1, i6 1" [convEncoder_Seq.cpp:40]   --->   Operation 15 'add' 'i_2' <Predicate = true> <Delay = 0.78> <CoreInst = "Adder">   --->   Core 1 'Adder' <Latency = 0> <II = 1> <Delay = 0.78> <FuncUnit> <Opcode : 'add' 'sub'> <InPorts = 2> <OutPorts = 1>
ST_2 : Operation 16 [1/1] (0.00ns)   --->   "%br_ln40 = br i1 %icmp_ln40, void %for.inc.split, void %for.cond.cleanup.exitStub" [convEncoder_Seq.cpp:40]   --->   Operation 16 'br' 'br_ln40' <Predicate = true> <Delay = 0.00>
ST_2 : Operation 17 [1/1] (0.00ns)   --->   "%encoded_load_1 = load i64 %encoded" [convEncoder_Seq.cpp:44]   --->   Operation 17 'load' 'encoded_load_1' <Predicate = (!icmp_ln40)> <Delay = 0.00>
ST_2 : Operation 18 [1/1] (0.00ns)   --->   "%p_load = load i6 %empty" [convEncoder_Seq.cpp:13->convEncoder_Seq.cpp:43]   --->   Operation 18 'load' 'p_load' <Predicate = (!icmp_ln40)> <Delay = 0.00>
ST_2 : Operation 19 [1/1] (0.00ns)   --->   "%trunc_ln40 = trunc i6 %i_1" [convEncoder_Seq.cpp:40]   --->   Operation 19 'trunc' 'trunc_ln40' <Predicate = (!icmp_ln40)> <Delay = 0.00>
ST_2 : Operation 20 [1/1] (0.00ns)   --->   "%specpipeline_ln38 = specpipeline void @_ssdm_op_SpecPipeline, i32 4294967295, i32 0, i32 0, i32 0, i32 4294967295, void @empty_0" [convEncoder_Seq.cpp:38]   --->   Operation 20 'specpipeline' 'specpipeline_ln38' <Predicate = (!icmp_ln40)> <Delay = 0.00>
ST_2 : Operation 21 [1/1] (0.00ns)   --->   "%speclooptripcount_ln38 = speclooptripcount void @_ssdm_op_SpecLoopTripCount, i64 32, i64 32, i64 32" [convEncoder_Seq.cpp:38]   --->   Operation 21 'speclooptripcount' 'speclooptripcount_ln38' <Predicate = (!icmp_ln40)> <Delay = 0.00>
ST_2 : Operation 22 [1/1] (0.00ns)   --->   "%specloopname_ln40 = specloopname void @_ssdm_op_SpecLoopName, void @empty_4" [convEncoder_Seq.cpp:40]   --->   Operation 22 'specloopname' 'specloopname_ln40' <Predicate = (!icmp_ln40)> <Delay = 0.00>
ST_2 : Operation 23 [1/1] (0.57ns)   --->   "%bit = bitselect i1 @_ssdm_op_BitSelect.i1.i32.i5, i32 %in_word_data_read, i5 %trunc_ln40" [convEncoder_Seq.cpp:42]   --->   Operation 23 'bitselect' 'bit' <Predicate = (!icmp_ln40)> <Delay = 0.57> <CoreInst = "BitSelector">   --->   Core 153 'BitSelector' <Latency = 0> <II = 1> <Delay = 0.57> <FuncUnit> <Opcode : 'bitselect'> <InPorts = 2> <OutPorts = 1>
ST_2 : Operation 24 [1/1] (0.00ns) (grouped into LUT with out node g1)   --->   "%trunc_ln10 = trunc i6 %p_load" [convEncoder_Seq.cpp:10->convEncoder_Seq.cpp:43]   --->   Operation 24 'trunc' 'trunc_ln10' <Predicate = (!icmp_ln40)> <Delay = 0.00>
ST_2 : Operation 25 [1/1] (0.00ns)   --->   "%tmp = bitselect i1 @_ssdm_op_BitSelect.i1.i6.i32, i6 %p_load, i32 1" [convEncoder_Seq.cpp:10->convEncoder_Seq.cpp:43]   --->   Operation 25 'bitselect' 'tmp' <Predicate = (!icmp_ln40)> <Delay = 0.00>
ST_2 : Operation 26 [1/1] (0.00ns)   --->   "%tmp_1 = bitselect i1 @_ssdm_op_BitSelect.i1.i6.i32, i6 %p_load, i32 2" [convEncoder_Seq.cpp:10->convEncoder_Seq.cpp:43]   --->   Operation 26 'bitselect' 'tmp_1' <Predicate = (!icmp_ln40)> <Delay = 0.00>
ST_2 : Operation 27 [1/1] (0.00ns)   --->   "%tmp_2 = bitselect i1 @_ssdm_op_BitSelect.i1.i6.i32, i6 %p_load, i32 5" [convEncoder_Seq.cpp:10->convEncoder_Seq.cpp:43]   --->   Operation 27 'bitselect' 'tmp_2' <Predicate = (!icmp_ln40)> <Delay = 0.00>
ST_2 : Operation 28 [1/1] (0.28ns)   --->   "%xor_ln10 = xor i1 %bit, i1 %tmp_2" [convEncoder_Seq.cpp:10->convEncoder_Seq.cpp:43]   --->   Operation 28 'xor' 'xor_ln10' <Predicate = (!icmp_ln40)> <Delay = 0.28> <CoreInst = "LogicGate">   --->   Core 74 'LogicGate' <Latency = 0> <II = 1> <Delay = 0.28> <FuncUnit> <Opcode : 'and' 'or' 'xor'> <InPorts = 2> <OutPorts = 1>
ST_2 : Operation 29 [1/1] (0.00ns) (grouped into LUT with out node g1)   --->   "%xor_ln10_1 = xor i1 %trunc_ln10, i1 %tmp" [convEncoder_Seq.cpp:10->convEncoder_Seq.cpp:43]   --->   Operation 29 'xor' 'xor_ln10_1' <Predicate = (!icmp_ln40)> <Delay = 0.00> <CoreInst = "LogicGate">   --->   Core 74 'LogicGate' <Latency = 0> <II = 1> <Delay = 0.28> <FuncUnit> <Opcode : 'and' 'or' 'xor'> <InPorts = 2> <OutPorts = 1>
ST_2 : Operation 30 [1/1] (0.00ns) (grouped into LUT with out node g1)   --->   "%xor_ln10_2 = xor i1 %tmp_1, i1 %xor_ln10" [convEncoder_Seq.cpp:10->convEncoder_Seq.cpp:43]   --->   Operation 30 'xor' 'xor_ln10_2' <Predicate = (!icmp_ln40)> <Delay = 0.00> <CoreInst = "LogicGate">   --->   Core 74 'LogicGate' <Latency = 0> <II = 1> <Delay = 0.28> <FuncUnit> <Opcode : 'and' 'or' 'xor'> <InPorts = 2> <OutPorts = 1>
ST_2 : Operation 31 [1/1] (0.28ns) (out node of the LUT)   --->   "%g1 = xor i1 %xor_ln10_2, i1 %xor_ln10_1" [convEncoder_Seq.cpp:10->convEncoder_Seq.cpp:43]   --->   Operation 31 'xor' 'g1' <Predicate = (!icmp_ln40)> <Delay = 0.28> <CoreInst = "LogicGate">   --->   Core 74 'LogicGate' <Latency = 0> <II = 1> <Delay = 0.28> <FuncUnit> <Opcode : 'and' 'or' 'xor'> <InPorts = 2> <OutPorts = 1>
ST_2 : Operation 32 [1/1] (0.00ns) (grouped into LUT with out node g2)   --->   "%tmp_3 = bitselect i1 @_ssdm_op_BitSelect.i1.i6.i32, i6 %p_load, i32 4" [convEncoder_Seq.cpp:11->convEncoder_Seq.cpp:43]   --->   Operation 32 'bitselect' 'tmp_3' <Predicate = (!icmp_ln40)> <Delay = 0.00>
ST_2 : Operation 33 [1/1] (0.00ns) (grouped into LUT with out node g2)   --->   "%xor_ln11 = xor i1 %tmp, i1 %tmp_1" [convEncoder_Seq.cpp:11->convEncoder_Seq.cpp:43]   --->   Operation 33 'xor' 'xor_ln11' <Predicate = (!icmp_ln40)> <Delay = 0.00> <CoreInst = "LogicGate">   --->   Core 74 'LogicGate' <Latency = 0> <II = 1> <Delay = 0.28> <FuncUnit> <Opcode : 'and' 'or' 'xor'> <InPorts = 2> <OutPorts = 1>
ST_2 : Operation 34 [1/1] (0.00ns) (grouped into LUT with out node g2)   --->   "%xor_ln11_1 = xor i1 %tmp_3, i1 %xor_ln10" [convEncoder_Seq.cpp:11->convEncoder_Seq.cpp:43]   --->   Operation 34 'xor' 'xor_ln11_1' <Predicate = (!icmp_ln40)> <Delay = 0.00> <CoreInst = "LogicGate">   --->   Core 74 'LogicGate' <Latency = 0> <II = 1> <Delay = 0.28> <FuncUnit> <Opcode : 'and' 'or' 'xor'> <InPorts = 2> <OutPorts = 1>
ST_2 : Operation 35 [1/1] (0.28ns) (out node of the LUT)   --->   "%g2 = xor i1 %xor_ln11_1, i1 %xor_ln11" [convEncoder_Seq.cpp:11->convEncoder_Seq.cpp:43]   --->   Operation 35 'xor' 'g2' <Predicate = (!icmp_ln40)> <Delay = 0.28> <CoreInst = "LogicGate">   --->   Core 74 'LogicGate' <Latency = 0> <II = 1> <Delay = 0.28> <FuncUnit> <Opcode : 'and' 'or' 'xor'> <InPorts = 2> <OutPorts = 1>
ST_2 : Operation 36 [1/1] (0.00ns)   --->   "%trunc_ln13 = trunc i6 %p_load" [convEncoder_Seq.cpp:13->convEncoder_Seq.cpp:43]   --->   Operation 36 'trunc' 'trunc_ln13' <Predicate = (!icmp_ln40)> <Delay = 0.00>
ST_2 : Operation 37 [1/1] (0.00ns)   --->   "%or_ln = bitconcatenate i6 @_ssdm_op_BitConcatenate.i6.i5.i1, i5 %trunc_ln13, i1 %bit" [convEncoder_Seq.cpp:13->convEncoder_Seq.cpp:43]   --->   Operation 37 'bitconcatenate' 'or_ln' <Predicate = (!icmp_ln40)> <Delay = 0.00>
ST_2 : Operation 38 [1/1] (0.00ns)   --->   "%out_bits = bitconcatenate i2 @_ssdm_op_BitConcatenate.i2.i1.i1, i1 %g2, i1 %g1" [convEncoder_Seq.cpp:15->convEncoder_Seq.cpp:43]   --->   Operation 38 'bitconcatenate' 'out_bits' <Predicate = (!icmp_ln40)> <Delay = 0.00>
ST_2 : Operation 39 [1/1] (0.00ns)   --->   "%shl_ln44 = shl i6 %i_1, i6 1" [convEncoder_Seq.cpp:44]   --->   Operation 39 'shl' 'shl_ln44' <Predicate = (!icmp_ln40)> <Delay = 0.00>
ST_2 : Operation 40 [1/1] (0.45ns)   --->   "%encoded_1 = partset i64 @_ssdm_op_PartSet.i64.i64.i2.i6, i64 %encoded_load_1, i2 %out_bits, i6 %shl_ln44" [convEncoder_Seq.cpp:44]   --->   Operation 40 'partset' 'encoded_1' <Predicate = (!icmp_ln40)> <Delay = 0.45> <CoreInst = "PartSet">   --->   Core 156 'PartSet' <Latency = 0> <II = 1> <Delay = 0.45> <FuncUnit> <Opcode : 'partset'> <InPorts = 3> <OutPorts = 1>
ST_2 : Operation 41 [1/1] (0.42ns)   --->   "%store_ln13 = store i6 %or_ln, i6 %empty" [convEncoder_Seq.cpp:13->convEncoder_Seq.cpp:43]   --->   Operation 41 'store' 'store_ln13' <Predicate = (!icmp_ln40)> <Delay = 0.42>
ST_2 : Operation 42 [1/1] (0.42ns)   --->   "%store_ln40 = store i6 %i_2, i6 %i" [convEncoder_Seq.cpp:40]   --->   Operation 42 'store' 'store_ln40' <Predicate = (!icmp_ln40)> <Delay = 0.42>
ST_2 : Operation 43 [1/1] (0.42ns)   --->   "%store_ln38 = store i64 %encoded_1, i64 %encoded" [convEncoder_Seq.cpp:38]   --->   Operation 43 'store' 'store_ln38' <Predicate = (!icmp_ln40)> <Delay = 0.42>
ST_2 : Operation 44 [1/1] (0.00ns)   --->   "%br_ln40 = br void %for.inc" [convEncoder_Seq.cpp:40]   --->   Operation 44 'br' 'br_ln40' <Predicate = (!icmp_ln40)> <Delay = 0.00>
ST_2 : Operation 45 [1/1] (0.00ns)   --->   "%encoded_load = load i64 %encoded"   --->   Operation 45 'load' 'encoded_load' <Predicate = (icmp_ln40)> <Delay = 0.00>
ST_2 : Operation 46 [1/1] (0.00ns)   --->   "%p_load7 = load i6 %empty"   --->   Operation 46 'load' 'p_load7' <Predicate = (icmp_ln40)> <Delay = 0.00>
ST_2 : Operation 47 [1/1] (0.00ns)   --->   "%write_ln0 = write void @_ssdm_op_Write.ap_auto.i6P0A, i6 %p_out, i6 %p_load7"   --->   Operation 47 'write' 'write_ln0' <Predicate = (icmp_ln40)> <Delay = 0.00>
ST_2 : Operation 48 [1/1] (0.00ns)   --->   "%write_ln0 = write void @_ssdm_op_Write.ap_auto.i64P0A, i64 %encoded_out, i64 %encoded_load"   --->   Operation 48 'write' 'write_ln0' <Predicate = (icmp_ln40)> <Delay = 0.00>
ST_2 : Operation 49 [1/1] (0.42ns)   --->   "%ret_ln0 = ret"   --->   Operation 49 'ret' 'ret_ln0' <Predicate = (icmp_ln40)> <Delay = 0.42>


============================================================
+ Verbose Summary: Binding
============================================================
STG Binding: 
---------------- STG Properties BEGIN ----------------
- Is combinational: 0
- Is one-state seq: 0
- Is datapath-only: 0
- Is pipelined: 0
- Is top level: 0
Port [ Return ] is wired: 1; IO mode=ap_ctrl_hs:ce=0
Port [ state_load]:  wired=1; compound=0; hidden=0; nouse=0; global=0; static=0; extern=0; dir=0; type=0; pingpong=0; private_global=0; IO mode=ap_none:ce=0
Port [ in_word_data]:  wired=1; compound=0; hidden=0; nouse=0; global=0; static=0; extern=0; dir=0; type=0; pingpong=0; private_global=0; IO mode=ap_none:ce=0
Port [ p_out]:  wired=1; compound=0; hidden=0; nouse=0; global=0; static=0; extern=0; dir=1; type=0; pingpong=0; private_global=0; IO mode=ap_vld:ce=0
Port [ encoded_out]:  wired=1; compound=0; hidden=0; nouse=0; global=0; static=0; extern=0; dir=1; type=0; pingpong=0; private_global=0; IO mode=ap_vld:ce=0
---------------- STG Properties END ------------------

---------------- Datapath Model BEGIN ----------------

<LifeTime>
<method=bitvector/>
encoded                (alloca           ) [ 011]
i                      (alloca           ) [ 011]
empty                  (alloca           ) [ 011]
in_word_data_read      (read             ) [ 011]
state_load_read        (read             ) [ 000]
store_ln0              (store            ) [ 000]
store_ln40             (store            ) [ 000]
store_ln38             (store            ) [ 000]
br_ln0                 (br               ) [ 000]
i_1                    (load             ) [ 000]
icmp_ln40              (icmp             ) [ 011]
i_2                    (add              ) [ 000]
br_ln40                (br               ) [ 000]
encoded_load_1         (load             ) [ 000]
p_load                 (load             ) [ 000]
trunc_ln40             (trunc            ) [ 000]
specpipeline_ln38      (specpipeline     ) [ 000]
speclooptripcount_ln38 (speclooptripcount) [ 000]
specloopname_ln40      (specloopname     ) [ 000]
bit                    (bitselect        ) [ 000]
trunc_ln10             (trunc            ) [ 000]
tmp                    (bitselect        ) [ 000]
tmp_1                  (bitselect        ) [ 000]
tmp_2                  (bitselect        ) [ 000]
xor_ln10               (xor              ) [ 000]
xor_ln10_1             (xor              ) [ 000]
xor_ln10_2             (xor              ) [ 000]
g1                     (xor              ) [ 000]
tmp_3                  (bitselect        ) [ 000]
xor_ln11               (xor              ) [ 000]
xor_ln11_1             (xor              ) [ 000]
g2                     (xor              ) [ 000]
trunc_ln13             (trunc            ) [ 000]
or_ln                  (bitconcatenate   ) [ 000]
out_bits               (bitconcatenate   ) [ 000]
shl_ln44               (shl              ) [ 000]
encoded_1              (partset          ) [ 000]
store_ln13             (store            ) [ 000]
store_ln40             (store            ) [ 000]
store_ln38             (store            ) [ 000]
br_ln40                (br               ) [ 000]
encoded_load           (load             ) [ 000]
p_load7                (load             ) [ 000]
write_ln0              (write            ) [ 000]
write_ln0              (write            ) [ 000]
ret_ln0                (ret              ) [ 000]
</LifeTime>

<model>

<comp_list>
<comp id="0" class="1000" name="state_load">
<pin_list>
<pin id="1" dir="1" index="0" bw="1" slack="0"/>
</pin_list>
<bind>
<StgValue><ssdm name="state_load"/></StgValue>
</bind>
</comp>

<comp id="2" class="1000" name="in_word_data">
<pin_list>
<pin id="3" dir="1" index="0" bw="1" slack="0"/>
</pin_list>
<bind>
<StgValue><ssdm name="in_word_data"/></StgValue>
</bind>
</comp>

<comp id="4" class="1000" name="p_out">
<pin_list>
<pin id="5" dir="1" index="0" bw="1" slack="0"/>
</pin_list>
<bind>
<StgValue><ssdm name="p_out"/></StgValue>
</bind>
</comp>

<comp id="6" class="1000" name="encoded_out">
<pin_list>
<pin id="7" dir="1" index="0" bw="1" slack="0"/>
</pin_list>
<bind>
<StgValue><ssdm name="encoded_out"/></StgValue>
</bind>
</comp>

<comp id="8" class="1001" name="const_8">
<pin_list>
<pin id="9" dir="1" index="0" bw="1" slack="0"/>
</pin_list>
<bind>
<StgValue><ssdm name=""/></StgValue>
</bind>
</comp>

<comp id="10" class="1001" name="const_10">
<pin_list>
<pin id="11" dir="1" index="0" bw="1" slack="0"/>
</pin_list>
<bind>
<StgValue><ssdm name="_ssdm_op_Read.ap_auto.i32"/></StgValue>
</bind>
</comp>

<comp id="12" class="1001" name="const_12">
<pin_list>
<pin id="13" dir="1" index="0" bw="1" slack="0"/>
</pin_list>
<bind>
<StgValue><ssdm name="_ssdm_op_Read.ap_auto.i6"/></StgValue>
</bind>
</comp>

<comp id="14" class="1001" name="const_14">
<pin_list>
<pin id="15" dir="1" index="0" bw="1" slack="0"/>
</pin_list>
<bind>
<StgValue><ssdm name=""/></StgValue>
</bind>
</comp>

<comp id="16" class="1001" name="const_16">
<pin_list>
<pin id="17" dir="1" index="0" bw="1" slack="0"/>
</pin_list>
<bind>
<StgValue><ssdm name=""/></StgValue>
</bind>
</comp>

<comp id="18" class="1001" name="const_18">
<pin_list>
<pin id="19" dir="1" index="0" bw="1" slack="0"/>
</pin_list>
<bind>
<StgValue><ssdm name=""/></StgValue>
</bind>
</comp>

<comp id="20" class="1001" name="const_20">
<pin_list>
<pin id="21" dir="1" index="0" bw="1" slack="0"/>
</pin_list>
<bind>
<StgValue><ssdm name=""/></StgValue>
</bind>
</comp>

<comp id="22" class="1001" name="const_22">
<pin_list>
<pin id="23" dir="1" index="0" bw="1" slack="2147483647"/>
</pin_list>
<bind>
<StgValue><ssdm name="_ssdm_op_SpecPipeline"/></StgValue>
</bind>
</comp>

<comp id="24" class="1001" name="const_24">
<pin_list>
<pin id="25" dir="1" index="0" bw="1" slack="2147483647"/>
</pin_list>
<bind>
<StgValue><ssdm name=""/></StgValue>
</bind>
</comp>

<comp id="26" class="1001" name="const_26">
<pin_list>
<pin id="27" dir="1" index="0" bw="1" slack="2147483647"/>
</pin_list>
<bind>
<StgValue><ssdm name=""/></StgValue>
</bind>
</comp>

<comp id="28" class="1001" name="const_28">
<pin_list>
<pin id="29" dir="1" index="0" bw="1" slack="2147483647"/>
</pin_list>
<bind>
<StgValue><ssdm name="empty_0"/></StgValue>
</bind>
</comp>

<comp id="30" class="1001" name="const_30">
<pin_list>
<pin id="31" dir="1" index="0" bw="1" slack="2147483647"/>
</pin_list>
<bind>
<StgValue><ssdm name="_ssdm_op_SpecLoopTripCount"/></StgValue>
</bind>
</comp>

<comp id="32" class="1001" name="const_32">
<pin_list>
<pin id="33" dir="1" index="0" bw="1" slack="2147483647"/>
</pin_list>
<bind>
<StgValue><ssdm name=""/></StgValue>
</bind>
</comp>

<comp id="34" class="1001" name="const_34">
<pin_list>
<pin id="35" dir="1" index="0" bw="1" slack="2147483647"/>
</pin_list>
<bind>
<StgValue><ssdm name="_ssdm_op_SpecLoopName"/></StgValue>
</bind>
</comp>

<comp id="36" class="1001" name="const_36">
<pin_list>
<pin id="37" dir="1" index="0" bw="1" slack="2147483647"/>
</pin_list>
<bind>
<StgValue><ssdm name="empty_4"/></StgValue>
</bind>
</comp>

<comp id="38" class="1001" name="const_38">
<pin_list>
<pin id="39" dir="1" index="0" bw="1" slack="0"/>
</pin_list>
<bind>
<StgValue><ssdm name="_ssdm_op_BitSelect.i1.i32.i5"/></StgValue>
</bind>
</comp>

<comp id="40" class="1001" name="const_40">
<pin_list>
<pin id="41" dir="1" index="0" bw="1" slack="0"/>
</pin_list>
<bind>
<StgValue><ssdm name="_ssdm_op_BitSelect.i1.i6.i32"/></StgValue>
</bind>
</comp>

<comp id="42" class="1001" name="const_42">
<pin_list>
<pin id="43" dir="1" index="0" bw="1" slack="0"/>
</pin_list>
<bind>
<StgValue><ssdm name=""/></StgValue>
</bind>
</comp>

<comp id="44" class="1001" name="const_44">
<pin_list>
<pin id="45" dir="1" index="0" bw="1" slack="0"/>
</pin_list>
<bind>
<StgValue><ssdm name=""/></StgValue>
</bind>
</comp>

<comp id="46" class="1001" name="const_46">
<pin_list>
<pin id="47" dir="1" index="0" bw="1" slack="0"/>
</pin_list>
<bind>
<StgValue><ssdm name=""/></StgValue>
</bind>
</comp>

<comp id="48" class="1001" name="const_48">
<pin_list>
<pin id="49" dir="1" index="0" bw="1" slack="0"/>
</pin_list>
<bind>
<StgValue><ssdm name="_ssdm_op_BitConcatenate.i6.i5.i1"/></StgValue>
</bind>
</comp>

<comp id="50" class="1001" name="const_50">
<pin_list>
<pin id="51" dir="1" index="0" bw="1" slack="0"/>
</pin_list>
<bind>
<StgValue><ssdm name="_ssdm_op_BitConcatenate.i2.i1.i1"/></StgValue>
</bind>
</comp>

<comp id="52" class="1001" name="const_52">
<pin_list>
<pin id="53" dir="1" index="0" bw="1" slack="0"/>
</pin_list>
<bind>
<StgValue><ssdm name="_ssdm_op_PartSet.i64.i64.i2.i6"/></StgValue>
</bind>
</comp>

<comp id="54" class="1001" name="const_54">
<pin_list>
<pin id="55" dir="1" index="0" bw="1" slack="0"/>
</pin_list>
<bind>
<StgValue><ssdm name="_ssdm_op_Write.ap_auto.i6P0A"/></StgValue>
</bind>
</comp>

<comp id="56" class="1001" name="const_56">
<pin_list>
<pin id="57" dir="1" index="0" bw="1" slack="0"/>
</pin_list>
<bind>
<StgValue><ssdm name="_ssdm_op_Write.ap_auto.i64P0A"/></StgValue>
</bind>
</comp>

<comp id="58" class="1004" name="encoded_fu_58">
<pin_list>
<pin id="59" dir="0" index="0" bw="1" slack="0"/>
<pin id="60" dir="1" index="1" bw="64" slack="0"/>
</pin_list>
<bind>
<opcode="alloca(26) " fcode="alloca"/>
<opset="encoded/1 "/>
</bind>
</comp>

<comp id="62" class="1004" name="i_fu_62">
<pin_list>
<pin id="63" dir="0" index="0" bw="1" slack="0"/>
<pin id="64" dir="1" index="1" bw="6" slack="0"/>
</pin_list>
<bind>
<opcode="alloca(26) " fcode="alloca"/>
<opset="i/1 "/>
</bind>
</comp>

<comp id="66" class="1004" name="empty_fu_66">
<pin_list>
<pin id="67" dir="0" index="0" bw="1" slack="0"/>
<pin id="68" dir="1" index="1" bw="6" slack="0"/>
</pin_list>
<bind>
<opcode="alloca(26) " fcode="alloca"/>
<opset="empty/1 "/>
</bind>
</comp>

<comp id="70" class="1004" name="in_word_data_read_read_fu_70">
<pin_list>
<pin id="71" dir="0" index="0" bw="32" slack="0"/>
<pin id="72" dir="0" index="1" bw="32" slack="0"/>
<pin id="73" dir="1" index="2" bw="32" slack="1"/>
</pin_list>
<bind>
<opcode="read(1150) " fcode="read"/>
<opset="in_word_data_read/1 "/>
</bind>
</comp>

<comp id="76" class="1004" name="state_load_read_read_fu_76">
<pin_list>
<pin id="77" dir="0" index="0" bw="6" slack="0"/>
<pin id="78" dir="0" index="1" bw="6" slack="0"/>
<pin id="79" dir="1" index="2" bw="6" slack="0"/>
</pin_list>
<bind>
<opcode="read(1150) " fcode="read"/>
<opset="state_load_read/1 "/>
</bind>
</comp>

<comp id="82" class="1004" name="write_ln0_write_fu_82">
<pin_list>
<pin id="83" dir="0" index="0" bw="0" slack="0"/>
<pin id="84" dir="0" index="1" bw="6" slack="0"/>
<pin id="85" dir="0" index="2" bw="6" slack="0"/>
<pin id="86" dir="1" index="3" bw="0" slack="2147483647"/>
</pin_list>
<bind>
<opcode="write(1151) " fcode="write"/>
<opset="write_ln0/2 "/>
</bind>
</comp>

<comp id="89" class="1004" name="write_ln0_write_fu_89">
<pin_list>
<pin id="90" dir="0" index="0" bw="0" slack="0"/>
<pin id="91" dir="0" index="1" bw="64" slack="0"/>
<pin id="92" dir="0" index="2" bw="64" slack="0"/>
<pin id="93" dir="1" index="3" bw="0" slack="2147483647"/>
</pin_list>
<bind>
<opcode="write(1151) " fcode="write"/>
<opset="write_ln0/2 "/>
</bind>
</comp>

<comp id="96" class="1004" name="store_ln0_store_fu_96">
<pin_list>
<pin id="97" dir="0" index="0" bw="6" slack="0"/>
<pin id="98" dir="0" index="1" bw="6" slack="0"/>
<pin id="99" dir="1" index="2" bw="0" slack="2147483647"/>
</pin_list>
<bind>
<opcode="store(28) " fcode="store"/>
<opset="store_ln0/1 "/>
</bind>
</comp>

<comp id="101" class="1004" name="store_ln40_store_fu_101">
<pin_list>
<pin id="102" dir="0" index="0" bw="1" slack="0"/>
<pin id="103" dir="0" index="1" bw="6" slack="0"/>
<pin id="104" dir="1" index="2" bw="0" slack="2147483647"/>
</pin_list>
<bind>
<opcode="store(28) " fcode="store"/>
<opset="store_ln40/1 "/>
</bind>
</comp>

<comp id="106" class="1004" name="store_ln38_store_fu_106">
<pin_list>
<pin id="107" dir="0" index="0" bw="1" slack="0"/>
<pin id="108" dir="0" index="1" bw="64" slack="0"/>
<pin id="109" dir="1" index="2" bw="0" slack="2147483647"/>
</pin_list>
<bind>
<opcode="store(28) " fcode="store"/>
<opset="store_ln38/1 "/>
</bind>
</comp>

<comp id="111" class="1004" name="i_1_load_fu_111">
<pin_list>
<pin id="112" dir="0" index="0" bw="6" slack="1"/>
<pin id="113" dir="1" index="1" bw="6" slack="0"/>
</pin_list>
<bind>
<opcode="load(27) " fcode="load"/>
<opset="i_1/2 "/>
</bind>
</comp>

<comp id="114" class="1004" name="icmp_ln40_fu_114">
<pin_list>
<pin id="115" dir="0" index="0" bw="6" slack="0"/>
<pin id="116" dir="0" index="1" bw="6" slack="0"/>
<pin id="117" dir="1" index="2" bw="1" slack="2147483647"/>
</pin_list>
<bind>
<opcode="icmp(45) " fcode="icmp"/>
<opset="icmp_ln40/2 "/>
</bind>
</comp>

<comp id="120" class="1004" name="i_2_fu_120">
<pin_list>
<pin id="121" dir="0" index="0" bw="6" slack="0"/>
<pin id="122" dir="0" index="1" bw="1" slack="0"/>
<pin id="123" dir="1" index="2" bw="6" slack="0"/>
</pin_list>
<bind>
<opcode="add(8) " fcode="add"/>
<opset="i_2/2 "/>
</bind>
</comp>

<comp id="126" class="1004" name="encoded_load_1_load_fu_126">
<pin_list>
<pin id="127" dir="0" index="0" bw="64" slack="1"/>
<pin id="128" dir="1" index="1" bw="64" slack="0"/>
</pin_list>
<bind>
<opcode="load(27) " fcode="load"/>
<opset="encoded_load_1/2 "/>
</bind>
</comp>

<comp id="129" class="1004" name="p_load_load_fu_129">
<pin_list>
<pin id="130" dir="0" index="0" bw="6" slack="1"/>
<pin id="131" dir="1" index="1" bw="6" slack="0"/>
</pin_list>
<bind>
<opcode="load(27) " fcode="load"/>
<opset="p_load/2 "/>
</bind>
</comp>

<comp id="132" class="1004" name="trunc_ln40_fu_132">
<pin_list>
<pin id="133" dir="0" index="0" bw="6" slack="0"/>
<pin id="134" dir="1" index="1" bw="5" slack="0"/>
</pin_list>
<bind>
<opcode="trunc(33) " fcode="trunc"/>
<opset="trunc_ln40/2 "/>
</bind>
</comp>

<comp id="136" class="1004" name="bit_fu_136">
<pin_list>
<pin id="137" dir="0" index="0" bw="1" slack="0"/>
<pin id="138" dir="0" index="1" bw="32" slack="1"/>
<pin id="139" dir="0" index="2" bw="5" slack="0"/>
<pin id="140" dir="1" index="3" bw="1" slack="0"/>
</pin_list>
<bind>
<opcode="bitselect(1000) " fcode="bitselect"/>
<opset="bit/2 "/>
</bind>
</comp>

<comp id="143" class="1004" name="trunc_ln10_fu_143">
<pin_list>
<pin id="144" dir="0" index="0" bw="6" slack="0"/>
<pin id="145" dir="1" index="1" bw="1" slack="0"/>
</pin_list>
<bind>
<opcode="trunc(33) " fcode="trunc"/>
<opset="trunc_ln10/2 "/>
</bind>
</comp>

<comp id="147" class="1004" name="tmp_fu_147">
<pin_list>
<pin id="148" dir="0" index="0" bw="1" slack="0"/>
<pin id="149" dir="0" index="1" bw="6" slack="0"/>
<pin id="150" dir="0" index="2" bw="1" slack="0"/>
<pin id="151" dir="1" index="3" bw="1" slack="0"/>
</pin_list>
<bind>
<opcode="bitselect(1000) " fcode="bitselect"/>
<opset="tmp/2 "/>
</bind>
</comp>

<comp id="155" class="1004" name="tmp_1_fu_155">
<pin_list>
<pin id="156" dir="0" index="0" bw="1" slack="0"/>
<pin id="157" dir="0" index="1" bw="6" slack="0"/>
<pin id="158" dir="0" index="2" bw="3" slack="0"/>
<pin id="159" dir="1" index="3" bw="1" slack="0"/>
</pin_list>
<bind>
<opcode="bitselect(1000) " fcode="bitselect"/>
<opset="tmp_1/2 "/>
</bind>
</comp>

<comp id="163" class="1004" name="tmp_2_fu_163">
<pin_list>
<pin id="164" dir="0" index="0" bw="1" slack="0"/>
<pin id="165" dir="0" index="1" bw="6" slack="0"/>
<pin id="166" dir="0" index="2" bw="4" slack="0"/>
<pin id="167" dir="1" index="3" bw="1" slack="0"/>
</pin_list>
<bind>
<opcode="bitselect(1000) " fcode="bitselect"/>
<opset="tmp_2/2 "/>
</bind>
</comp>

<comp id="171" class="1004" name="xor_ln10_fu_171">
<pin_list>
<pin id="172" dir="0" index="0" bw="1" slack="0"/>
<pin id="173" dir="0" index="1" bw="1" slack="0"/>
<pin id="174" dir="1" index="2" bw="1" slack="0"/>
</pin_list>
<bind>
<opcode="xor(25) " fcode="xor"/>
<opset="xor_ln10/2 "/>
</bind>
</comp>

<comp id="177" class="1004" name="xor_ln10_1_fu_177">
<pin_list>
<pin id="178" dir="0" index="0" bw="1" slack="0"/>
<pin id="179" dir="0" index="1" bw="1" slack="0"/>
<pin id="180" dir="1" index="2" bw="1" slack="0"/>
</pin_list>
<bind>
<opcode="xor(25) " fcode="xor"/>
<opset="xor_ln10_1/2 "/>
</bind>
</comp>

<comp id="183" class="1004" name="xor_ln10_2_fu_183">
<pin_list>
<pin id="184" dir="0" index="0" bw="1" slack="0"/>
<pin id="185" dir="0" index="1" bw="1" slack="0"/>
<pin id="186" dir="1" index="2" bw="1" slack="0"/>
</pin_list>
<bind>
<opcode="xor(25) " fcode="xor"/>
<opset="xor_ln10_2/2 "/>
</bind>
</comp>

<comp id="189" class="1004" name="g1_fu_189">
<pin_list>
<pin id="190" dir="0" index="0" bw="1" slack="0"/>
<pin id="191" dir="0" index="1" bw="1" slack="0"/>
<pin id="192" dir="1" index="2" bw="1" slack="0"/>
</pin_list>
<bind>
<opcode="xor(25) " fcode="xor"/>
<opset="g1/2 "/>
</bind>
</comp>

<comp id="195" class="1004" name="tmp_3_fu_195">
<pin_list>
<pin id="196" dir="0" index="0" bw="1" slack="0"/>
<pin id="197" dir="0" index="1" bw="6" slack="0"/>
<pin id="198" dir="0" index="2" bw="4" slack="0"/>
<pin id="199" dir="1" index="3" bw="1" slack="0"/>
</pin_list>
<bind>
<opcode="bitselect(1000) " fcode="bitselect"/>
<opset="tmp_3/2 "/>
</bind>
</comp>

<comp id="203" class="1004" name="xor_ln11_fu_203">
<pin_list>
<pin id="204" dir="0" index="0" bw="1" slack="0"/>
<pin id="205" dir="0" index="1" bw="1" slack="0"/>
<pin id="206" dir="1" index="2" bw="1" slack="0"/>
</pin_list>
<bind>
<opcode="xor(25) " fcode="xor"/>
<opset="xor_ln11/2 "/>
</bind>
</comp>

<comp id="209" class="1004" name="xor_ln11_1_fu_209">
<pin_list>
<pin id="210" dir="0" index="0" bw="1" slack="0"/>
<pin id="211" dir="0" index="1" bw="1" slack="0"/>
<pin id="212" dir="1" index="2" bw="1" slack="0"/>
</pin_list>
<bind>
<opcode="xor(25) " fcode="xor"/>
<opset="xor_ln11_1/2 "/>
</bind>
</comp>

<comp id="215" class="1004" name="g2_fu_215">
<pin_list>
<pin id="216" dir="0" index="0" bw="1" slack="0"/>
<pin id="217" dir="0" index="1" bw="1" slack="0"/>
<pin id="218" dir="1" index="2" bw="1" slack="0"/>
</pin_list>
<bind>
<opcode="xor(25) " fcode="xor"/>
<opset="g2/2 "/>
</bind>
</comp>

<comp id="221" class="1004" name="trunc_ln13_fu_221">
<pin_list>
<pin id="222" dir="0" index="0" bw="6" slack="0"/>
<pin id="223" dir="1" index="1" bw="5" slack="0"/>
</pin_list>
<bind>
<opcode="trunc(33) " fcode="trunc"/>
<opset="trunc_ln13/2 "/>
</bind>
</comp>

<comp id="225" class="1004" name="or_ln_fu_225">
<pin_list>
<pin id="226" dir="0" index="0" bw="6" slack="0"/>
<pin id="227" dir="0" index="1" bw="5" slack="0"/>
<pin id="228" dir="0" index="2" bw="1" slack="0"/>
<pin id="229" dir="1" index="3" bw="6" slack="0"/>
</pin_list>
<bind>
<opcode="bitconcatenate(1004) " fcode="bitconcatenate"/>
<opset="or_ln/2 "/>
</bind>
</comp>

<comp id="233" class="1004" name="out_bits_fu_233">
<pin_list>
<pin id="234" dir="0" index="0" bw="2" slack="0"/>
<pin id="235" dir="0" index="1" bw="1" slack="0"/>
<pin id="236" dir="0" index="2" bw="1" slack="0"/>
<pin id="237" dir="1" index="3" bw="2" slack="0"/>
</pin_list>
<bind>
<opcode="bitconcatenate(1004) " fcode="bitconcatenate"/>
<opset="out_bits/2 "/>
</bind>
</comp>

<comp id="241" class="1004" name="shl_ln44_fu_241">
<pin_list>
<pin id="242" dir="0" index="0" bw="6" slack="0"/>
<pin id="243" dir="0" index="1" bw="1" slack="0"/>
<pin id="244" dir="1" index="2" bw="6" slack="0"/>
</pin_list>
<bind>
<opcode="shl(20) " fcode="shl"/>
<opset="shl_ln44/2 "/>
</bind>
</comp>

<comp id="247" class="1004" name="encoded_1_fu_247">
<pin_list>
<pin id="248" dir="0" index="0" bw="64" slack="0"/>
<pin id="249" dir="0" index="1" bw="64" slack="0"/>
<pin id="250" dir="0" index="2" bw="2" slack="0"/>
<pin id="251" dir="0" index="3" bw="6" slack="0"/>
<pin id="252" dir="1" index="4" bw="64" slack="0"/>
</pin_list>
<bind>
<opcode="partset(1003) " fcode="partset"/>
<opset="encoded_1/2 "/>
</bind>
</comp>

<comp id="257" class="1004" name="store_ln13_store_fu_257">
<pin_list>
<pin id="258" dir="0" index="0" bw="6" slack="0"/>
<pin id="259" dir="0" index="1" bw="6" slack="1"/>
<pin id="260" dir="1" index="2" bw="0" slack="2147483647"/>
</pin_list>
<bind>
<opcode="store(28) " fcode="store"/>
<opset="store_ln13/2 "/>
</bind>
</comp>

<comp id="262" class="1004" name="store_ln40_store_fu_262">
<pin_list>
<pin id="263" dir="0" index="0" bw="6" slack="0"/>
<pin id="264" dir="0" index="1" bw="6" slack="1"/>
<pin id="265" dir="1" index="2" bw="0" slack="2147483647"/>
</pin_list>
<bind>
<opcode="store(28) " fcode="store"/>
<opset="store_ln40/2 "/>
</bind>
</comp>

<comp id="267" class="1004" name="store_ln38_store_fu_267">
<pin_list>
<pin id="268" dir="0" index="0" bw="64" slack="0"/>
<pin id="269" dir="0" index="1" bw="64" slack="1"/>
<pin id="270" dir="1" index="2" bw="0" slack="2147483647"/>
</pin_list>
<bind>
<opcode="store(28) " fcode="store"/>
<opset="store_ln38/2 "/>
</bind>
</comp>

<comp id="272" class="1004" name="encoded_load_load_fu_272">
<pin_list>
<pin id="273" dir="0" index="0" bw="64" slack="1"/>
<pin id="274" dir="1" index="1" bw="64" slack="0"/>
</pin_list>
<bind>
<opcode="load(27) " fcode="load"/>
<opset="encoded_load/2 "/>
</bind>
</comp>

<comp id="276" class="1004" name="p_load7_load_fu_276">
<pin_list>
<pin id="277" dir="0" index="0" bw="6" slack="1"/>
<pin id="278" dir="1" index="1" bw="6" slack="0"/>
</pin_list>
<bind>
<opcode="load(27) " fcode="load"/>
<opset="p_load7/2 "/>
</bind>
</comp>

<comp id="280" class="1005" name="encoded_reg_280">
<pin_list>
<pin id="281" dir="0" index="0" bw="64" slack="0"/>
<pin id="282" dir="1" index="1" bw="64" slack="0"/>
</pin_list>
<bind>
<opset="encoded "/>
</bind>
</comp>

<comp id="288" class="1005" name="i_reg_288">
<pin_list>
<pin id="289" dir="0" index="0" bw="6" slack="0"/>
<pin id="290" dir="1" index="1" bw="6" slack="0"/>
</pin_list>
<bind>
<opset="i "/>
</bind>
</comp>

<comp id="295" class="1005" name="empty_reg_295">
<pin_list>
<pin id="296" dir="0" index="0" bw="6" slack="0"/>
<pin id="297" dir="1" index="1" bw="6" slack="0"/>
</pin_list>
<bind>
<opset="empty "/>
</bind>
</comp>

<comp id="303" class="1005" name="in_word_data_read_reg_303">
<pin_list>
<pin id="304" dir="0" index="0" bw="32" slack="1"/>
<pin id="305" dir="1" index="1" bw="32" slack="1"/>
</pin_list>
<bind>
<opset="in_word_data_read "/>
</bind>
</comp>

</comp_list>

<net_list>
<net id="61"><net_src comp="8" pin="0"/><net_sink comp="58" pin=0"/></net>

<net id="65"><net_src comp="8" pin="0"/><net_sink comp="62" pin=0"/></net>

<net id="69"><net_src comp="8" pin="0"/><net_sink comp="66" pin=0"/></net>

<net id="74"><net_src comp="10" pin="0"/><net_sink comp="70" pin=0"/></net>

<net id="75"><net_src comp="2" pin="0"/><net_sink comp="70" pin=1"/></net>

<net id="80"><net_src comp="12" pin="0"/><net_sink comp="76" pin=0"/></net>

<net id="81"><net_src comp="0" pin="0"/><net_sink comp="76" pin=1"/></net>

<net id="87"><net_src comp="54" pin="0"/><net_sink comp="82" pin=0"/></net>

<net id="88"><net_src comp="4" pin="0"/><net_sink comp="82" pin=1"/></net>

<net id="94"><net_src comp="56" pin="0"/><net_sink comp="89" pin=0"/></net>

<net id="95"><net_src comp="6" pin="0"/><net_sink comp="89" pin=1"/></net>

<net id="100"><net_src comp="76" pin="2"/><net_sink comp="96" pin=0"/></net>

<net id="105"><net_src comp="14" pin="0"/><net_sink comp="101" pin=0"/></net>

<net id="110"><net_src comp="16" pin="0"/><net_sink comp="106" pin=0"/></net>

<net id="118"><net_src comp="111" pin="1"/><net_sink comp="114" pin=0"/></net>

<net id="119"><net_src comp="18" pin="0"/><net_sink comp="114" pin=1"/></net>

<net id="124"><net_src comp="111" pin="1"/><net_sink comp="120" pin=0"/></net>

<net id="125"><net_src comp="20" pin="0"/><net_sink comp="120" pin=1"/></net>

<net id="135"><net_src comp="111" pin="1"/><net_sink comp="132" pin=0"/></net>

<net id="141"><net_src comp="38" pin="0"/><net_sink comp="136" pin=0"/></net>

<net id="142"><net_src comp="132" pin="1"/><net_sink comp="136" pin=2"/></net>

<net id="146"><net_src comp="129" pin="1"/><net_sink comp="143" pin=0"/></net>

<net id="152"><net_src comp="40" pin="0"/><net_sink comp="147" pin=0"/></net>

<net id="153"><net_src comp="129" pin="1"/><net_sink comp="147" pin=1"/></net>

<net id="154"><net_src comp="8" pin="0"/><net_sink comp="147" pin=2"/></net>

<net id="160"><net_src comp="40" pin="0"/><net_sink comp="155" pin=0"/></net>

<net id="161"><net_src comp="129" pin="1"/><net_sink comp="155" pin=1"/></net>

<net id="162"><net_src comp="42" pin="0"/><net_sink comp="155" pin=2"/></net>

<net id="168"><net_src comp="40" pin="0"/><net_sink comp="163" pin=0"/></net>

<net id="169"><net_src comp="129" pin="1"/><net_sink comp="163" pin=1"/></net>

<net id="170"><net_src comp="44" pin="0"/><net_sink comp="163" pin=2"/></net>

<net id="175"><net_src comp="136" pin="3"/><net_sink comp="171" pin=0"/></net>

<net id="176"><net_src comp="163" pin="3"/><net_sink comp="171" pin=1"/></net>

<net id="181"><net_src comp="143" pin="1"/><net_sink comp="177" pin=0"/></net>

<net id="182"><net_src comp="147" pin="3"/><net_sink comp="177" pin=1"/></net>

<net id="187"><net_src comp="155" pin="3"/><net_sink comp="183" pin=0"/></net>

<net id="188"><net_src comp="171" pin="2"/><net_sink comp="183" pin=1"/></net>

<net id="193"><net_src comp="183" pin="2"/><net_sink comp="189" pin=0"/></net>

<net id="194"><net_src comp="177" pin="2"/><net_sink comp="189" pin=1"/></net>

<net id="200"><net_src comp="40" pin="0"/><net_sink comp="195" pin=0"/></net>

<net id="201"><net_src comp="129" pin="1"/><net_sink comp="195" pin=1"/></net>

<net id="202"><net_src comp="46" pin="0"/><net_sink comp="195" pin=2"/></net>

<net id="207"><net_src comp="147" pin="3"/><net_sink comp="203" pin=0"/></net>

<net id="208"><net_src comp="155" pin="3"/><net_sink comp="203" pin=1"/></net>

<net id="213"><net_src comp="195" pin="3"/><net_sink comp="209" pin=0"/></net>

<net id="214"><net_src comp="171" pin="2"/><net_sink comp="209" pin=1"/></net>

<net id="219"><net_src comp="209" pin="2"/><net_sink comp="215" pin=0"/></net>

<net id="220"><net_src comp="203" pin="2"/><net_sink comp="215" pin=1"/></net>

<net id="224"><net_src comp="129" pin="1"/><net_sink comp="221" pin=0"/></net>

<net id="230"><net_src comp="48" pin="0"/><net_sink comp="225" pin=0"/></net>

<net id="231"><net_src comp="221" pin="1"/><net_sink comp="225" pin=1"/></net>

<net id="232"><net_src comp="136" pin="3"/><net_sink comp="225" pin=2"/></net>

<net id="238"><net_src comp="50" pin="0"/><net_sink comp="233" pin=0"/></net>

<net id="239"><net_src comp="215" pin="2"/><net_sink comp="233" pin=1"/></net>

<net id="240"><net_src comp="189" pin="2"/><net_sink comp="233" pin=2"/></net>

<net id="245"><net_src comp="111" pin="1"/><net_sink comp="241" pin=0"/></net>

<net id="246"><net_src comp="20" pin="0"/><net_sink comp="241" pin=1"/></net>

<net id="253"><net_src comp="52" pin="0"/><net_sink comp="247" pin=0"/></net>

<net id="254"><net_src comp="126" pin="1"/><net_sink comp="247" pin=1"/></net>

<net id="255"><net_src comp="233" pin="3"/><net_sink comp="247" pin=2"/></net>

<net id="256"><net_src comp="241" pin="2"/><net_sink comp="247" pin=3"/></net>

<net id="261"><net_src comp="225" pin="3"/><net_sink comp="257" pin=0"/></net>

<net id="266"><net_src comp="120" pin="2"/><net_sink comp="262" pin=0"/></net>

<net id="271"><net_src comp="247" pin="4"/><net_sink comp="267" pin=0"/></net>

<net id="275"><net_src comp="272" pin="1"/><net_sink comp="89" pin=2"/></net>

<net id="279"><net_src comp="276" pin="1"/><net_sink comp="82" pin=2"/></net>

<net id="283"><net_src comp="58" pin="1"/><net_sink comp="280" pin=0"/></net>

<net id="284"><net_src comp="280" pin="1"/><net_sink comp="106" pin=1"/></net>

<net id="285"><net_src comp="280" pin="1"/><net_sink comp="126" pin=0"/></net>

<net id="286"><net_src comp="280" pin="1"/><net_sink comp="267" pin=1"/></net>

<net id="287"><net_src comp="280" pin="1"/><net_sink comp="272" pin=0"/></net>

<net id="291"><net_src comp="62" pin="1"/><net_sink comp="288" pin=0"/></net>

<net id="292"><net_src comp="288" pin="1"/><net_sink comp="101" pin=1"/></net>

<net id="293"><net_src comp="288" pin="1"/><net_sink comp="111" pin=0"/></net>

<net id="294"><net_src comp="288" pin="1"/><net_sink comp="262" pin=1"/></net>

<net id="298"><net_src comp="66" pin="1"/><net_sink comp="295" pin=0"/></net>

<net id="299"><net_src comp="295" pin="1"/><net_sink comp="96" pin=1"/></net>

<net id="300"><net_src comp="295" pin="1"/><net_sink comp="129" pin=0"/></net>

<net id="301"><net_src comp="295" pin="1"/><net_sink comp="257" pin=1"/></net>

<net id="302"><net_src comp="295" pin="1"/><net_sink comp="276" pin=0"/></net>

<net id="306"><net_src comp="70" pin="2"/><net_sink comp="303" pin=0"/></net>

<net id="307"><net_src comp="303" pin="1"/><net_sink comp="136" pin=1"/></net>

</net_list>

</model> 
---------------- Datapath Model END ------------------

* FSMD analyzer results:
  - Output states:
	Port: p_out | {2 }
	Port: encoded_out | {2 }
 - Input state : 
	Port: convEncoder_Seq_Pipeline_VITIS_LOOP_40_1 : state_load | {1 }
	Port: convEncoder_Seq_Pipeline_VITIS_LOOP_40_1 : in_word_data | {1 }
  - Chain level:
	State 1
		store_ln40 : 1
		store_ln38 : 1
	State 2
		icmp_ln40 : 1
		i_2 : 1
		br_ln40 : 2
		trunc_ln40 : 1
		bit : 2
		trunc_ln10 : 1
		tmp : 1
		tmp_1 : 1
		tmp_2 : 1
		xor_ln10 : 3
		xor_ln10_1 : 2
		xor_ln10_2 : 3
		g1 : 3
		tmp_3 : 1
		xor_ln11 : 2
		xor_ln11_1 : 3
		g2 : 3
		trunc_ln13 : 1
		or_ln : 3
		out_bits : 3
		shl_ln44 : 1
		encoded_1 : 4
		store_ln13 : 4
		store_ln40 : 2
		store_ln38 : 5
		write_ln0 : 1
		write_ln0 : 1


============================================================
+ Verbose Summary: Datapath Resource usage 
============================================================

* Functional unit list:
|----------|------------------------------|---------|---------|
| Operation|        Functional Unit       |    FF   |   LUT   |
|----------|------------------------------|---------|---------|
|  partset |       encoded_1_fu_247       |    0    |    72   |
|----------|------------------------------|---------|---------|
|          |        xor_ln10_fu_171       |    0    |    2    |
|          |       xor_ln10_1_fu_177      |    0    |    2    |
|          |       xor_ln10_2_fu_183      |    0    |    2    |
|    xor   |           g1_fu_189          |    0    |    2    |
|          |        xor_ln11_fu_203       |    0    |    2    |
|          |       xor_ln11_1_fu_209      |    0    |    2    |
|          |           g2_fu_215          |    0    |    2    |
|----------|------------------------------|---------|---------|
|   icmp   |       icmp_ln40_fu_114       |    0    |    13   |
|----------|------------------------------|---------|---------|
|    add   |          i_2_fu_120          |    0    |    13   |
|----------|------------------------------|---------|---------|
|          |          bit_fu_136          |    0    |    9    |
|          |          tmp_fu_147          |    0    |    0    |
| bitselect|         tmp_1_fu_155         |    0    |    0    |
|          |         tmp_2_fu_163         |    0    |    0    |
|          |         tmp_3_fu_195         |    0    |    0    |
|----------|------------------------------|---------|---------|
|   read   | in_word_data_read_read_fu_70 |    0    |    0    |
|          |  state_load_read_read_fu_76  |    0    |    0    |
|----------|------------------------------|---------|---------|
|   write  |     write_ln0_write_fu_82    |    0    |    0    |
|          |     write_ln0_write_fu_89    |    0    |    0    |
|----------|------------------------------|---------|---------|
|          |       trunc_ln40_fu_132      |    0    |    0    |
|   trunc  |       trunc_ln10_fu_143      |    0    |    0    |
|          |       trunc_ln13_fu_221      |    0    |    0    |
|----------|------------------------------|---------|---------|
|bitconcatenate|         or_ln_fu_225         |    0    |    0    |
|          |        out_bits_fu_233       |    0    |    0    |
|----------|------------------------------|---------|---------|
|    shl   |        shl_ln44_fu_241       |    0    |    0    |
|----------|------------------------------|---------|---------|
|   Total  |                              |    0    |   121   |
|----------|------------------------------|---------|---------|

Memories:
N/A

* Register list:
+-------------------------+--------+
|                         |   FF   |
+-------------------------+--------+
|      empty_reg_295      |    6   |
|     encoded_reg_280     |   64   |
|        i_reg_288        |    6   |
|in_word_data_read_reg_303|   32   |
+-------------------------+--------+
|          Total          |   108  |
+-------------------------+--------+

* Multiplexer (MUX) list: 
|--------|------|------|------|--------|
|  Comp  |  Pin | Size |  BW  | S x BW |
|--------|------|------|------|--------|
|  Total |      |      |      |    0   |
|--------|------|------|------|--------|



* Summary:
+-----------+--------+--------+
|           |   FF   |   LUT  |
+-----------+--------+--------+
|  Function |    0   |   121  |
|   Memory  |    -   |    -   |
|Multiplexer|    -   |    -   |
|  Register |   108  |    -   |
+-----------+--------+--------+
|   Total   |   108  |   121  |
+-----------+--------+--------+
