

================================================================
== Vitis HLS Report for 'convEncoder_Seq_Pipeline_VITIS_LOOP_40_1'
================================================================
* Date:           Wed Mar 18 16:04:38 2026

* Version:        2025.2 (Build 6295257 on Nov 12 2025)
* Project:        convEncoder
* Solution:       hls (Vivado IP Flow Target)
* Product family: kintexuplus
* Target device:  xcku5p-ffvb676-2-e


================================================================
== Performance Estimates
================================================================
+ Timing: 
    * Summary: 
    +--------+----------+----------+------------+
    |  Clock |  Target  | Estimated| Uncertainty|
    +--------+----------+----------+------------+
    |ap_clk  |  10.00 ns|  2.018 ns|     2.70 ns|
    +--------+----------+----------+------------+

+ Latency: 
    * Summary: 
    +---------+---------+----------+----------+-----+-----+-------------------+
    |  Latency (cycles) |  Latency (absolute) |  Interval |      Pipeline     |
    |   min   |   max   |    min   |    max   | min | max |        Type       |
    +---------+---------+----------+----------+-----+-----+-------------------+
    |       34|       34|  0.340 us|  0.340 us|    0|    0|  loop pipeline stp|
    +---------+---------+----------+----------+-----+-----+-------------------+

    + Detail: 
        * Instance: 
        N/A

        * Loop: 
        +-------------------+---------+---------+----------+-----------+-----------+------+----------+
        |                   |  Latency (cycles) | Iteration|  Initiation Interval  | Trip |          |
        |     Loop Name     |   min   |   max   |  Latency |  achieved |   target  | Count| Pipelined|
        +-------------------+---------+---------+----------+-----------+-----------+------+----------+
        |- VITIS_LOOP_40_1  |       32|       32|         1|          1|          1|    32|       yes|
        +-------------------+---------+---------+----------+-----------+-----------+------+----------+

============================================================
+ Verbose Summary: Synthesis Manager
============================================================
InlineROM: 1
ExposeGlobal: 0
============================================================
+ Verbose Summary: CDFG Model
============================================================
IsTopModel: 0
ResetActiveHigh: 1
IsCombinational: 0
IsDatapathOnly: 0
HasWiredReturn: 1
HasMFsm: 2
HasVarLatency: 1
IsPipeline: 0
IsRtlPipelined: 0
IsInstanceOverlapped: 0
IsDontTouch: 0
HasImplIP: 0
IsGatedGlobalClock: 0

+ Individual pipeline summary: 
  * Pipeline-0: initiation interval (II) = 1, depth = 2


============================================================
+ Verbose Summary: Schedule
============================================================
* Number of FSM states : 2
* Pipeline : 1
  Pipeline-0 : II = 1, D = 2, States = { 1 2 }
* Dataflow Pipeline: 0

* FSM state transitions: 
1 --> 2 
2 --> 

* FSM state operations: 

State 1 <SV = 0> <Delay = 0.42>
ST_1 : Operation 4 [1/1] (0.00ns)   --->   "%encoded = alloca i32 1" [convEncoder_Seq.cpp:38]   --->   Operation 4 'alloca' 'encoded' <Predicate = true> <Delay = 0.00>
ST_1 : Operation 5 [1/1] (0.00ns)   --->   "%i = alloca i32 1" [convEncoder_Seq.cpp:40]   --->   Operation 5 'alloca' 'i' <Predicate = true> <Delay = 0.00>
ST_1 : Operation 6 [1/1] (0.00ns)   --->   "%empty = alloca i32 1"   --->   Operation 6 'alloca' 'empty' <Predicate = true> <Delay = 0.00>
ST_1 : Operation 7 [1/1] (0.00ns)   --->   "%in_word_data_read = read i32 @_ssdm_op_Read.ap_auto.i32, i32 %in_word_data"   --->   Operation 7 'read' 'in_word_data_read' <Predicate = true> <Delay = 0.00>
ST_1 : Operation 8 [1/1] (0.00ns)   --->   "%state_load_read = read i6 @_ssdm_op_Read.ap_auto.i6, i6 %state_load"   --->   Operation 8 'read' 'state_load_read' <Predicate = true> <Delay = 0.00>
ST_1 : Operation 9 [1/1] (0.42ns)   --->   "%store_ln0 = store i6 %state_load_read, i6 %empty"   --->   Operation 9 'store' 'store_ln0' <Predicate = true> <Delay = 0.42>
ST_1 : Operation 10 [1/1] (0.42ns)   --->   "%store_ln40 = store i6 0, i6 %i" [convEncoder_Seq.cpp:40]   --->   Operation 10 'store' 'store_ln40' <Predicate = true> <Delay = 0.42>
ST_1 : Operation 11 [1/1] (0.42ns)   --->   "%store_ln38 = store i64 0, i64 %encoded" [convEncoder_Seq.cpp:38]   --->   Operation 11 'store' 'store_ln38' <Predicate = true> <Delay = 0.42>
ST_1 : Operation 12 [1/1] (0.00ns)   --->   "%br_ln0 = br void %for.inc"   --->   Operation 12 'br' 'br_ln0' <Predicate = true> <Delay = 0.00>

State 2 <SV = 1> <Delay = 2.01>
ST_2 : Operation 13 [1/1] (0.00ns)   --->   "%i_1 = load i6 %i" [convEncoder_Seq.cpp:40]   --->   Operation 13 'load' 'i_1' <Predicate = true> <Delay = 0.00>
ST_2 : Operation 14 [1/1] (0.78ns)   --->   "%icmp_ln40 = icmp_eq  i6 %i_1, i6 32" [convEncoder_Seq.cpp:40]   --->   Operation 14 'icmp' 'icmp_ln40' <Predicate = true> <Delay = 0.78> <CoreInst = "Cmp">   --->   Core 9 'Cmp' <Latency = 0> <II = 1> <Delay = 0.78> <FuncUnit> <Opcode : 'seteq' 'setne' 'setle' 'setge' 'setlt' 'setgt'> <InPorts = 2> <OutPorts = 1>
ST_2 : Operation 15 [1/1] (0.78ns)   --->   "%i_2 = add i6 %i_1, i6 1" [convEncoder_Seq.cpp:40]   --->   Operation 15 'add' 'i_2' <Predicate = true> <Delay = 0.78> <CoreInst = "Adder">   --->   Core 1 'Adder' <Latency = 0> <II = 1> <Delay = 0.78> <FuncUnit> <Opcode : 'add' 'sub'> <InPorts = 2> <OutPorts = 1>
ST_2 : Operation 16 [1/1] (0.00ns)   --->   "%br_ln40 = br i1 %icmp_ln40, void %for.inc.split, void %for.cond.cleanup.exitStub" [convEncoder_Seq.cpp:40]   --->   Operation 16 'br' 'br_ln40' <Predicate = true> <Delay = 0.00>
ST_2 : Operation 17 [1/1] (0.00ns)   --->   "%encoded_load_1 = load i64 %encoded" [convEncoder_Seq.cpp:44]   --->   Operation 17 'load' 'encoded_load_1' <Predicate = (!icmp_ln40)> <Delay = 0.00>
ST_2 : Operation 18 [1/1] (0.00ns)   --->   "%p_load = load i6 %empty" [convEncoder_Seq.cpp:13->convEncoder_Seq.cpp:43]   --->   Operation 18 'load' 'p_load' <Predicate = (!icmp_ln40)> <Delay = 0.00>
ST_2 : Operation 19 [1/1] (0.00ns)   --->   "%trunc_ln40 = trunc i6 %i_1" [convEncoder_Seq.cpp:40]   --->   Operation 19 'trunc' 'trunc_ln40' <Predicate = (!icmp_ln40)> <Delay = 0.00>
ST_2 : Operation 20 [1/1] (0.00ns)   --->   "%specpipeline_ln38 = specpipeline void @_ssdm_op_SpecPipeline, i32 4294967295, i32 0, i32 0, i32 0, i32 4294967295, void @empty_0" [convEncoder_Seq.cpp:38]   --->   Operation 20 'specpipeline' 'specpipeline_ln38' <Predicate = (!icmp_ln40)> <Delay = 0.00>
ST_2 : Operation 21 [1/1] (0.00ns)   --->   "%speclooptripcount_ln38 = speclooptripcount void @_ssdm_op_SpecLoopTripCount, i64 32, i64 32, i64 32" [convEncoder_Seq.cpp:38]   --->   Operation 21 'speclooptripcount' 'speclooptripcount_ln38' <Predicate = (!icmp_ln40)> <Delay = 0.00>
ST_2 : Operation 22 [1/1] (0.00ns)   --->   "%specloopname_ln40 = specloopname void @_ssdm_op_SpecLoopName, void @empty_4" [convEncoder_Seq.cpp:40]   --->   Operation 22 'specloopname' 'specloopname_ln40' <Predicate = (!icmp_ln40)> <Delay = 0.00>
ST_2 : Operation 23 [1/1] (0.57ns)   --->   "%bit = bitselect i1 @_ssdm_op_BitSelect.i1.i32.i5, i32 %in_word_data_read, i5 %trunc_ln40" [convEncoder_Seq.cpp:42]   --->   Operation 23 'bitselect' 'bit' <Predicate = (!icmp_ln40)> <Delay = 0.57> <CoreInst = "BitSelector">   --->   Core 153 'BitSelector' <Latency = 0> <II = 1> <Delay = 0.57> <FuncUnit> <Opcode : 'bitselect'> <InPorts = 2> <OutPorts = 1>
ST_2 : Operation 24 [1/1] (0.00ns) (grouped into LUT with out node g1)   --->   "%trunc_ln10 = trunc i6 %p_load" [convEncoder_Seq.cpp:10->convEncoder_Seq.cpp:43]   --->   Operation 24 'trunc' 'trunc_ln10' <Predicate = (!icmp_ln40)> <Delay = 0.00>
ST_2 : Operation 25 [1/1] (0.00ns)   --->   "%tmp = bitselect i1 @_ssdm_op_BitSelect.i1.i6.i32, i6 %p_load, i32 1" [convEncoder_Seq.cpp:10->convEncoder_Seq.cpp:43]   --->   Operation 25 'bitselect' 'tmp' <Predicate = (!icmp_ln40)> <Delay = 0.00>
ST_2 : Operation 26 [1/1] (0.00ns)   --->   "%tmp_1 = bitselect i1 @_ssdm_op_BitSelect.i1.i6.i32, i6 %p_load, i32 2" [convEncoder_Seq.cpp:10->convEncoder_Seq.cpp:43]   --->   Operation 26 'bitselect' 'tmp_1' <Predicate = (!icmp_ln40)> <Delay = 0.00>
ST_2 : Operation 27 [1/1] (0.00ns)   --->   "%tmp_2 = bitselect i1 @_ssdm_op_BitSelect.i1.i6.i32, i6 %p_load, i32 5" [convEncoder_Seq.cpp:10->convEncoder_Seq.cpp:43]   --->   Operation 27 'bitselect' 'tmp_2' <Predicate = (!icmp_ln40)> <Delay = 0.00>
ST_2 : Operation 28 [1/1] (0.28ns)   --->   "%xor_ln10 = xor i1 %bit, i1 %tmp_2" [convEncoder_Seq.cpp:10->convEncoder_Seq.cpp:43]   --->   Operation 28 'xor' 'xor_ln10' <Predicate = (!icmp_ln40)> <Delay = 0.28> <CoreInst = "LogicGate">   --->   Core 74 'LogicGate' <Latency = 0> <II = 1> <Delay = 0.28> <FuncUnit> <Opcode : 'and' 'or' 'xor'> <InPorts = 2> <OutPorts = 1>
ST_2 : Operation 29 [1/1] (0.00ns) (grouped into LUT with out node g1)   --->   "%xor_ln10_1 = xor i1 %trunc_ln10, i1 %tmp" [convEncoder_Seq.cpp:10->convEncoder_Seq.cpp:43]   --->   Operation 29 'xor' 'xor_ln10_1' <Predicate = (!icmp_ln40)> <Delay = 0.00> <CoreInst = "LogicGate">   --->   Core 74 'LogicGate' <Latency = 0> <II = 1> <Delay = 0.28> <FuncUnit> <Opcode : 'and' 'or' 'xor'> <InPorts = 2> <OutPorts = 1>
ST_2 : Operation 30 [1/1] (0.00ns) (grouped into LUT with out node g1)   --->   "%xor_ln10_2 = xor i1 %tmp_1, i1 %xor_ln10" [convEncoder_Seq.cpp:10->convEncoder_Seq.cpp:43]   --->   Operation 30 'xor' 'xor_ln10_2' <Predicate = (!icmp_ln40)> <Delay = 0.00> <CoreInst = "LogicGate">   --->   Core 74 'LogicGate' <Latency = 0> <II = 1> <Delay = 0.28> <FuncUnit> <Opcode : 'and' 'or' 'xor'> <InPorts = 2> <OutPorts = 1>
ST_2 : Operation 31 [1/1] (0.28ns) (out node of the LUT)   --->   "%g1 = xor i1 %xor_ln10_2, i1 %xor_ln10_1" [convEncoder_Seq.cpp:10->convEncoder_Seq.cpp:43]   --->   Operation 31 'xor' 'g1' <Predicate = (!icmp_ln40)> <Delay = 0.28> <CoreInst = "LogicGate">   --->   Core 74 'LogicGate' <Latency = 0> <II = 1> <Delay = 0.28> <FuncUnit> <Opcode : 'and' 'or' 'xor'> <InPorts = 2> <OutPorts = 1>
ST_2 : Operation 32 [1/1] (0.00ns) (grouped into LUT with out node g2)   --->   "%tmp_3 = bitselect i1 @_ssdm_op_BitSelect.i1.i6.i32, i6 %p_load, i32 4" [convEncoder_Seq.cpp:11->convEncoder_Seq.cpp:43]   --->   Operation 32 'bitselect' 'tmp_3' <Predicate = (!icmp_ln40)> <Delay = 0.00>
ST_2 : Operation 33 [1/1] (0.00ns) (grouped into LUT with out node g2)   --->   "%xor_ln11 = xor i1 %tmp, i1 %tmp_1" [convEncoder_Seq.cpp:11->convEncoder_Seq.cpp:43]   --->   Operation 33 'xor' 'xor_ln11' <Predicate = (!icmp_ln40)> <Delay = 0.00> <CoreInst = "LogicGate">   --->   Core 74 'LogicGate' <Latency = 0> <II = 1> <Delay = 0.28> <FuncUnit> <Opcode : 'and' 'or' 'xor'> <InPorts = 2> <OutPorts = 1>
ST_2 : Operation 34 [1/1] (0.00ns) (grouped into LUT with out node g2)   --->   "%xor_ln11_1 = xor i1 %tmp_3, i1 %xor_ln10" [convEncoder_Seq.cpp:11->convEncoder_Seq.cpp:43]   --->   Operation 34 'xor' 'xor_ln11_1' <Predicate = (!icmp_ln40)> <Delay = 0.00> <CoreInst = "LogicGate">   --->   Core 74 'LogicGate' <Latency = 0> <II = 1> <Delay = 0.28> <FuncUnit> <Opcode : 'and' 'or' 'xor'> <InPorts = 2> <OutPorts = 1>
ST_2 : Operation 35 [1/1] (0.28ns) (out node of the LUT)   --->   "%g2 = xor i1 %xor_ln11_1, i1 %xor_ln11" [convEncoder_Seq.cpp:11->convEncoder_Seq.cpp:43]   --->   Operation 35 'xor' 'g2' <Predicate = (!icmp_ln40)> <Delay = 0.28> <CoreInst = "LogicGate">   --->   Core 74 'LogicGate' <Latency = 0> <II = 1> <Delay = 0.28> <FuncUnit> <Opcode : 'and' 'or' 'xor'> <InPorts = 2> <OutPorts = 1>
ST_2 : Operation 36 [1/1] (0.00ns)   --->   "%trunc_ln13 = trunc i6 %p_load" [convEncoder_Seq.cpp:13->convEncoder_Seq.cpp:43]   --->   Operation 36 'trunc' 'trunc_ln13' <Predicate = (!icmp_ln40)> <Delay = 0.00>
ST_2 : Operation 37 [1/1] (0.00ns)   --->   "%or_ln = bitconcatenate i6 @_ssdm_op_BitConcatenate.i6.i5.i1, i5 %trunc_ln13, i1 %bit" [convEncoder_Seq.cpp:13->convEncoder_Seq.cpp:43]   --->   Operation 37 'bitconcatenate' 'or_ln' <Predicate = (!icmp_ln40)> <Delay = 0.00>
ST_2 : Operation 38 [1/1] (0.00ns)   --->   "%out_bits = bitconcatenate i2 @_ssdm_op_BitConcatenate.i2.i1.i1, i1 %g2, i1 %g1" [convEncoder_Seq.cpp:15->convEncoder_Seq.cpp:43]   --->   Operation 38 'bitconcatenate' 'out_bits' <Predicate = (!icmp_ln40)> <Delay = 0.00>
ST_2 : Operation 39 [1/1] (0.00ns)   --->   "%shl_ln44 = shl i6 %i_1, i6 1" [convEncoder_Seq.cpp:44]   --->   Operation 39 'shl' 'shl_ln44' <Predicate = (!icmp_ln40)> <Delay = 0.00>
ST_2 : Operation 40 [1/1] (0.45ns)   --->   "%encoded_1 = partset i64 @_ssdm_op_PartSet.i64.i64.i2.i6, i64 %encoded_load_1, i2 %out_bits, i6 %shl_ln44" [convEncoder_Seq.cpp:44]   --->   Operation 40 'partset' 'encoded_1' <Predicate = (!icmp_ln40)> <Delay = 0.45> <CoreInst = "PartSet">   --->   Core 156 'PartSet' <Latency = 0> <II = 1> <Delay = 0.45> <FuncUnit> <Opcode : 'partset'> <InPorts = 3> <OutPorts = 1>
ST_2 : Operation 41 [1/1] (0.42ns)   --->   "%store_ln13 = store i6 %or_ln, i6 %empty" [convEncoder_Seq.cpp:13->convEncoder_Seq.cpp:43]   --->   Operation 41 'store' 'store_ln13' <Predicate = (!icmp_ln40)> <Delay = 0.42>
ST_2 : Operation 42 [1/1] (0.42ns)   --->   "%store_ln40 = store i6 %i_2, i6 %i" [convEncoder_Seq.cpp:40]   --->   Operation 42 'store' 'store_ln40' <Predicate = (!icmp_ln40)> <Delay = 0.42>
ST_2 : Operation 43 [1/1] (0.42ns)   --->   "%store_ln38 = store i64 %encoded_1, i64 %encoded" [convEncoder_Seq.cpp:38]   --->   Operation 43 'store' 'store_ln38' <Predicate = (!icmp_ln40)> <Delay = 0.42>
ST_2 : Operation 44 [1/1] (0.00ns)   --->   "%br_ln40 = br void %for.inc" [convEncoder_Seq.cpp:40]   --->   Operation 44 'br' 'br_ln40' <Predicate = (!icmp_ln40)> <Delay = 0.00>
ST_2 : Operation 45 [1/1] (0.00ns)   --->   "%encoded_load = load i64 %encoded"   --->   Operation 45 'load' 'encoded_load' <Predicate = (icmp_ln40)> <Delay = 0.00>
ST_2 : Operation 46 [1/1] (0.00ns)   --->   "%p_load7 = load i6 %empty"   --->   Operation 46 'load' 'p_load7' <Predicate = (icmp_ln40)> <Delay = 0.00>
ST_2 : Operation 47 [1/1] (0.00ns)   --->   "%write_ln0 = write void @_ssdm_op_Write.ap_auto.i6P0A, i6 %p_out, i6 %p_load7"   --->   Operation 47 'write' 'write_ln0' <Predicate = (icmp_ln40)> <Delay = 0.00>
ST_2 : Operation 48 [1/1] (0.00ns)   --->   "%write_ln0 = write void @_ssdm_op_Write.ap_auto.i64P0A, i64 %encoded_out, i64 %encoded_load"   --->   Operation 48 'write' 'write_ln0' <Predicate = (icmp_ln40)> <Delay = 0.00>
ST_2 : Operation 49 [1/1] (0.42ns)   --->   "%ret_ln0 = ret"   --->   Operation 49 'ret' 'ret_ln0' <Predicate = (icmp_ln40)> <Delay = 0.42>


============================================================
+ Verbose Summary: Timing violations
============================================================
Target clock period: 10.000ns, clock uncertainty: 2.700ns.

 <State 1>: 0.427ns
The critical path consists of the following:
	'alloca' operation 6 bit ('empty') [7]  (0.000 ns)
	'store' operation ('store_ln0') of variable 'state_load_read' 6 bit on local variable 'empty' [10]  (0.427 ns)

 <State 2>: 2.018ns
The critical path consists of the following:
	'load' operation 6 bit ('i', convEncoder_Seq.cpp:40) on local variable 'i', convEncoder_Seq.cpp:40 [15]  (0.000 ns)
	'xor' operation 1 bit ('xor_ln10', convEncoder_Seq.cpp:10->convEncoder_Seq.cpp:43) [31]  (0.282 ns)
	'xor' operation 1 bit ('xor_ln11_1', convEncoder_Seq.cpp:11->convEncoder_Seq.cpp:43) [37]  (0.000 ns)
	'xor' operation 1 bit ('g2', convEncoder_Seq.cpp:11->convEncoder_Seq.cpp:43) [38]  (0.282 ns)
	'store' operation ('store_ln38', convEncoder_Seq.cpp:38) of variable 'encoded', convEncoder_Seq.cpp:44 64 bit on local variable 'encoded', convEncoder_Seq.cpp:38 [46]  (0.427 ns)
	blocking operation 1.027 ns on control path)


============================================================
+ Verbose Summary: Binding
============================================================
N/A
* FSMD analyzer results:
  - Output states:
 - Input state : 
  - Chain level:
	State 1
	State 2


============================================================
+ Verbose Summary: Datapath Resource usage 
============================================================
N/A
