

================================================================
== Vitis HLS Report for 'convEncoder_Seq'
================================================================
* Date:           Wed Mar 18 16:04:38 2026

* Version:        2025.2 (Build 6295257 on Nov 12 2025)
* Project:        convEncoder
* Solution:       hls (Vivado IP Flow Target)
* Product family: kintexuplus
* Target device:  xcku5p-ffvb676-2-e


================================================================
== Performance Estimates
================================================================
+ Timing: 
    * Summary: 
    +--------+----------+----------+------------+
    |  Clock |  Target  | Estimated| Uncertainty|
    +--------+----------+----------+------------+
    |ap_clk  |  10.00 ns|  2.018 ns|     2.70 ns|
    +--------+----------+----------+------------+

+ Latency: 
    * Summary: 
    +---------+---------+-----------+----------+-----+-----+---------+
    |  Latency (cycles) |  Latency (absolute)  |  Interval | Pipeline|
    |   min   |   max   |    min    |    max   | min | max |   Type  |
    +---------+---------+-----------+----------+-----+-----+---------+
    |        1|       37|  10.000 ns|  0.370 us|    2|   38|       no|
    +---------+---------+-----------+----------+-----+-----+---------+

    + Detail: 
        * Instance: 
        N/A

        * Loop: 
        N/A

============================================================
+ Verbose Summary: Synthesis Manager
============================================================
InlineROM: 1
ExposeGlobal: 0
============================================================
+ Verbose Summary: CDFG Model
============================================================
IsTopModel: 1
ResetActiveHigh: 1
IsCombinational: 0
IsDatapathOnly: 0
HasWiredReturn: 1
HasMFsm: 0
HasVarLatency: 1
IsPipeline: 0
IsRtlPipelined: 0
IsInstanceOverlapped: 0
IsDontTouch: 0
HasImplIP: 0
IsGatedGlobalClock: 0


============================================================
+ Verbose Summary: Schedule
============================================================
* Number of FSM states : 4
* Pipeline : 0
* Dataflow Pipeline: 0

* FSM state transitions: 
1 --> 2 4 
2 --> 3 
3 --> 4 
4 --> 

* FSM state operations: 

State 1 <SV = 0> <Delay = 0.42>
ST_1 : Operation 5 [1/1] (0.00ns)   --->   "%encoded_loc = alloca i64 1"   --->   Operation 5 'alloca' 'encoded_loc' <Predicate = true> <Delay = 0.00>
ST_1 : Operation 6 [1/1] (0.00ns)   --->   "%p_loc = alloca i64 1"   --->   Operation 6 'alloca' 'p_loc' <Predicate = true> <Delay = 0.00>
ST_1 : Operation 7 [1/1] (0.00ns)   --->   "%spectopmodule_ln18 = spectopmodule void @_ssdm_op_SpecTopModule, void @empty_3" [convEncoder_Seq.cpp:18]   --->   Operation 7 'spectopmodule' 'spectopmodule_ln18' <Predicate = true> <Delay = 0.00>
ST_1 : Operation 8 [1/1] (0.00ns)   --->   "%specinterface_ln0 = specinterface void @_ssdm_op_SpecInterface, i32 %s_axis_V_data_V, i4 %s_axis_V_keep_V, i4 %s_axis_V_strb_V, i1 %s_axis_V_last_V, void @empty, i32 0, i32 0, void @empty_0, i32 0, i32 0, void @empty_0, void @empty_0, void @empty_0, i32 0, i32 0, i32 0, i32 0, void @empty_0, void @empty_0, i32 4294967295, i32 0, i32 0, i32 0"   --->   Operation 8 'specinterface' 'specinterface_ln0' <Predicate = true> <Delay = 0.00>
ST_1 : Operation 9 [1/1] (0.00ns)   --->   "%specbitsmap_ln0 = specbitsmap void @_ssdm_op_SpecBitsMap, i32 %s_axis_V_data_V"   --->   Operation 9 'specbitsmap' 'specbitsmap_ln0' <Predicate = true> <Delay = 0.00>
ST_1 : Operation 10 [1/1] (0.00ns)   --->   "%specbitsmap_ln0 = specbitsmap void @_ssdm_op_SpecBitsMap, i4 %s_axis_V_keep_V"   --->   Operation 10 'specbitsmap' 'specbitsmap_ln0' <Predicate = true> <Delay = 0.00>
ST_1 : Operation 11 [1/1] (0.00ns)   --->   "%specbitsmap_ln0 = specbitsmap void @_ssdm_op_SpecBitsMap, i4 %s_axis_V_strb_V"   --->   Operation 11 'specbitsmap' 'specbitsmap_ln0' <Predicate = true> <Delay = 0.00>
ST_1 : Operation 12 [1/1] (0.00ns)   --->   "%specbitsmap_ln0 = specbitsmap void @_ssdm_op_SpecBitsMap, i1 %s_axis_V_last_V"   --->   Operation 12 'specbitsmap' 'specbitsmap_ln0' <Predicate = true> <Delay = 0.00>
ST_1 : Operation 13 [1/1] (0.00ns)   --->   "%specinterface_ln0 = specinterface void @_ssdm_op_SpecInterface, i32 %m_axis_V_data_V, i4 %m_axis_V_keep_V, i4 %m_axis_V_strb_V, i1 %m_axis_V_last_V, void @empty, i32 0, i32 0, void @empty_0, i32 0, i32 0, void @empty_0, void @empty_0, void @empty_0, i32 0, i32 0, i32 0, i32 0, void @empty_0, void @empty_0, i32 4294967295, i32 0, i32 0, i32 0"   --->   Operation 13 'specinterface' 'specinterface_ln0' <Predicate = true> <Delay = 0.00>
ST_1 : Operation 14 [1/1] (0.00ns)   --->   "%specbitsmap_ln0 = specbitsmap void @_ssdm_op_SpecBitsMap, i32 %m_axis_V_data_V"   --->   Operation 14 'specbitsmap' 'specbitsmap_ln0' <Predicate = true> <Delay = 0.00>
ST_1 : Operation 15 [1/1] (0.00ns)   --->   "%specbitsmap_ln0 = specbitsmap void @_ssdm_op_SpecBitsMap, i4 %m_axis_V_keep_V"   --->   Operation 15 'specbitsmap' 'specbitsmap_ln0' <Predicate = true> <Delay = 0.00>
ST_1 : Operation 16 [1/1] (0.00ns)   --->   "%specbitsmap_ln0 = specbitsmap void @_ssdm_op_SpecBitsMap, i4 %m_axis_V_strb_V"   --->   Operation 16 'specbitsmap' 'specbitsmap_ln0' <Predicate = true> <Delay = 0.00>
ST_1 : Operation 17 [1/1] (0.00ns)   --->   "%specbitsmap_ln0 = specbitsmap void @_ssdm_op_SpecBitsMap, i1 %m_axis_V_last_V"   --->   Operation 17 'specbitsmap' 'specbitsmap_ln0' <Predicate = true> <Delay = 0.00>
ST_1 : Operation 18 [1/1] ( I:0.00ns O:0.00ns )   --->   "%tmp = nbreadreq i1 @_ssdm_op_NbReadReq.axis.i32P0A.i4P0A.i4P0A.i1P0A, i32 %s_axis_V_data_V, i4 %s_axis_V_keep_V, i4 %s_axis_V_strb_V, i1 %s_axis_V_last_V, i32 1" [convEncoder_Seq.cpp:33]   --->   Operation 18 'nbreadreq' 'tmp' <Predicate = true> <Delay = 0.00>
ST_1 : Operation 19 [1/1] (0.00ns)   --->   "%specaxissidechannel_ln33 = specaxissidechannel void @_ssdm_op_SpecAXISSideChannel, i32 %m_axis_V_data_V, i4 %m_axis_V_keep_V, i4 %m_axis_V_strb_V, i1 0, i1 %m_axis_V_last_V, i1 0, i1 0, void @empty_1" [convEncoder_Seq.cpp:33]   --->   Operation 19 'specaxissidechannel' 'specaxissidechannel_ln33' <Predicate = true> <Delay = 0.00>
ST_1 : Operation 20 [1/1] (0.00ns)   --->   "%specaxissidechannel_ln33 = specaxissidechannel void @_ssdm_op_SpecAXISSideChannel, i32 %s_axis_V_data_V, i4 %s_axis_V_keep_V, i4 %s_axis_V_strb_V, i1 0, i1 %s_axis_V_last_V, i1 0, i1 0, void @empty_2" [convEncoder_Seq.cpp:33]   --->   Operation 20 'specaxissidechannel' 'specaxissidechannel_ln33' <Predicate = true> <Delay = 0.00>
ST_1 : Operation 21 [1/1] (0.00ns)   --->   "%br_ln33 = br i1 %tmp, void %if.end, void %if.then" [convEncoder_Seq.cpp:33]   --->   Operation 21 'br' 'br_ln33' <Predicate = true> <Delay = 0.00>
ST_1 : Operation 22 [1/1] ( I:0.00ns O:0.00ns )   --->   "%empty = read i41 @_ssdm_op_Read.axis.volatile.i32P0A.i4P0A.i4P0A.i1P0A, i32 %s_axis_V_data_V, i4 %s_axis_V_keep_V, i4 %s_axis_V_strb_V, i1 %s_axis_V_last_V" [convEncoder_Seq.cpp:35]   --->   Operation 22 'read' 'empty' <Predicate = (tmp)> <Delay = 0.00>
ST_1 : Operation 23 [1/1] (0.00ns)   --->   "%in_word_data = extractvalue i41 %empty" [convEncoder_Seq.cpp:35]   --->   Operation 23 'extractvalue' 'in_word_data' <Predicate = (tmp)> <Delay = 0.00>
ST_1 : Operation 24 [1/1] (0.00ns)   --->   "%in_word_last = extractvalue i41 %empty" [convEncoder_Seq.cpp:35]   --->   Operation 24 'extractvalue' 'in_word_last' <Predicate = (tmp)> <Delay = 0.00>
ST_1 : Operation 25 [1/1] (0.00ns)   --->   "%state_load = load i6 %state" [convEncoder_Seq.cpp:10->convEncoder_Seq.cpp:43]   --->   Operation 25 'load' 'state_load' <Predicate = (tmp)> <Delay = 0.00>
ST_1 : Operation 26 [2/2] (0.42ns)   --->   "%call_ln10 = call void @convEncoder_Seq_Pipeline_VITIS_LOOP_40_1, i6 %state_load, i32 %in_word_data, i6 %p_loc, i64 %encoded_loc" [convEncoder_Seq.cpp:10->convEncoder_Seq.cpp:43]   --->   Operation 26 'call' 'call_ln10' <Predicate = (tmp)> <Delay = 0.42> <CoreType = "Generic">   --->   Generic Core

State 2 <SV = 1> <Delay = 1.20>
ST_2 : Operation 27 [1/2] (1.20ns)   --->   "%call_ln10 = call void @convEncoder_Seq_Pipeline_VITIS_LOOP_40_1, i6 %state_load, i32 %in_word_data, i6 %p_loc, i64 %encoded_loc" [convEncoder_Seq.cpp:10->convEncoder_Seq.cpp:43]   --->   Operation 27 'call' 'call_ln10' <Predicate = true> <Delay = 1.20> <CoreType = "Generic">   --->   Generic Core

State 3 <SV = 2> <Delay = 0.00>
ST_3 : Operation 28 [1/1] (0.00ns)   --->   "%encoded_loc_load = load i64 %encoded_loc"   --->   Operation 28 'load' 'encoded_loc_load' <Predicate = true> <Delay = 0.00>
ST_3 : Operation 29 [1/1] (0.00ns)   --->   "%trunc_ln48 = trunc i64 %encoded_loc_load" [convEncoder_Seq.cpp:48]   --->   Operation 29 'trunc' 'trunc_ln48' <Predicate = true> <Delay = 0.00>
ST_3 : Operation 30 [1/1] ( I:0.00ns O:0.00ns )   --->   "%write_ln52 = write void @_ssdm_op_Write.axis.volatile.i32P0A.i4P0A.i4P0A.i1P0A, i32 %m_axis_V_data_V, i4 %m_axis_V_keep_V, i4 %m_axis_V_strb_V, i1 %m_axis_V_last_V, i32 %trunc_ln48, i4 15, i4 15, i1 0" [convEncoder_Seq.cpp:52]   --->   Operation 30 'write' 'write_ln52' <Predicate = true> <Delay = 0.00>
ST_3 : Operation 31 [1/1] (0.00ns)   --->   "%p_s = partselect i32 @_ssdm_op_PartSelect.i32.i64.i32, i64 %encoded_loc_load, i32 32" [convEncoder_Seq.cpp:55]   --->   Operation 31 'partselect' 'p_s' <Predicate = true> <Delay = 0.00>

State 4 <SV = 3> <Delay = 0.00>
ST_4 : Operation 32 [1/1] (0.00ns)   --->   "%p_loc_load = load i6 %p_loc"   --->   Operation 32 'load' 'p_loc_load' <Predicate = (tmp)> <Delay = 0.00>
ST_4 : Operation 33 [1/1] (0.00ns)   --->   "%store_ln10 = store i6 %p_loc_load, i6 %state" [convEncoder_Seq.cpp:10->convEncoder_Seq.cpp:43]   --->   Operation 33 'store' 'store_ln10' <Predicate = (tmp)> <Delay = 0.00>
ST_4 : Operation 34 [1/1] ( I:0.00ns O:0.00ns )   --->   "%write_ln59 = write void @_ssdm_op_Write.axis.volatile.i32P0A.i4P0A.i4P0A.i1P0A, i32 %m_axis_V_data_V, i4 %m_axis_V_keep_V, i4 %m_axis_V_strb_V, i1 %m_axis_V_last_V, i32 %p_s, i4 15, i4 15, i1 %in_word_last" [convEncoder_Seq.cpp:59]   --->   Operation 34 'write' 'write_ln59' <Predicate = (tmp)> <Delay = 0.00>
ST_4 : Operation 35 [1/1] (0.00ns)   --->   "%br_ln60 = br void %if.end" [convEncoder_Seq.cpp:60]   --->   Operation 35 'br' 'br_ln60' <Predicate = (tmp)> <Delay = 0.00>
ST_4 : Operation 36 [1/1] (0.00ns)   --->   "%ret_ln61 = ret" [convEncoder_Seq.cpp:61]   --->   Operation 36 'ret' 'ret_ln61' <Predicate = true> <Delay = 0.00>


============================================================
+ Verbose Summary: Timing violations
============================================================
Target clock period: 10.000ns, clock uncertainty: 2.700ns.

 <State 1>: 0.427ns
The critical path consists of the following:
	'alloca' operation 64 bit ('encoded_loc') [10]  (0.000 ns)
	'call' operation ('call_ln10', convEncoder_Seq.cpp:10->convEncoder_Seq.cpp:43) to 'convEncoder_Seq_Pipeline_VITIS_LOOP_40_1' [32]  (0.427 ns)

 <State 2>: 1.208ns
The critical path consists of the following:
	'call' operation ('call_ln10', convEncoder_Seq.cpp:10->convEncoder_Seq.cpp:43) to 'convEncoder_Seq_Pipeline_VITIS_LOOP_40_1' [32]  (1.208 ns)

 <State 3>: 0.000ns
The critical path consists of the following:

 <State 4>: 0.000ns
The critical path consists of the following:


============================================================
+ Verbose Summary: Binding
============================================================
N/A
* FSMD analyzer results:
  - Output states:
 - Input state : 
  - Chain level:
	State 1
	State 2
	State 3
	State 4


============================================================
+ Verbose Summary: Datapath Resource usage 
============================================================
N/A
