D:\Vitis_HLS\gmskModem\convEncoder\convEncoder\hls\.autopilot\db\convEncoder_Seq.pp.0.cpp:2384:5: remark: Added loop label VITIS_LOOP_676_1:   [xilinx-label-all-loops]
    for (unsigned i = low; i != high+1; ++i) {
    ^
    VITIS_LOOP_676_1: 
D:\Vitis_HLS\gmskModem\convEncoder\convEncoder\hls\.autopilot\db\convEncoder_Seq.pp.0.cpp:2384:5: note: FIX-IT applied suggested code changes
D:\Vitis_HLS\gmskModem\convEncoder\convEncoder\hls\.autopilot\db\convEncoder_Seq.pp.0.cpp:2398:5: remark: Added loop label VITIS_LOOP_690_1:   [xilinx-label-all-loops]
    for (unsigned i = low; i != high+1; ++i) {
    ^
    VITIS_LOOP_690_1: 
D:\Vitis_HLS\gmskModem\convEncoder\convEncoder\hls\.autopilot\db\convEncoder_Seq.pp.0.cpp:2398:5: note: FIX-IT applied suggested code changes
D:\Vitis_HLS\gmskModem\convEncoder\convEncoder\hls\.autopilot\db\convEncoder_Seq.pp.0.cpp:2412:5: remark: Added loop label VITIS_LOOP_704_1:   [xilinx-label-all-loops]
    for (unsigned i = low; i != high+1; ++i) {
    ^
    VITIS_LOOP_704_1: 
D:\Vitis_HLS\gmskModem\convEncoder\convEncoder\hls\.autopilot\db\convEncoder_Seq.pp.0.cpp:2412:5: note: FIX-IT applied suggested code changes
D:\Vitis_HLS\gmskModem\convEncoder\convEncoder\hls\.autopilot\db\convEncoder_Seq.pp.0.cpp:5932:7: remark: Added loop label VITIS_LOOP_1251_1:   [xilinx-label-all-loops]
      for (i = 0; i < __N - 1; ++i) {
      ^
      VITIS_LOOP_1251_1: 
D:\Vitis_HLS\gmskModem\convEncoder\convEncoder\hls\.autopilot\db\convEncoder_Seq.pp.0.cpp:5932:7: note: FIX-IT applied suggested code changes
D:\Vitis_HLS\gmskModem\convEncoder\convEncoder\hls\.autopilot\db\convEncoder_Seq.pp.0.cpp:50044:9: remark: Added loop label VITIS_LOOP_40_1:   [xilinx-label-all-loops]
        for (int i = 0; i < 32; i++)
        ^
        VITIS_LOOP_40_1: 
D:\Vitis_HLS\gmskModem\convEncoder\convEncoder\hls\.autopilot\db\convEncoder_Seq.pp.0.cpp:50044:9: note: FIX-IT applied suggested code changes
