In file included from convEncoder_Seq.cpp:3:
C:/AMDDesignTools/2025.2/Vitis/common/technology/autopilot\ap_axi_sdata.h:149:1: warning: HLS pragma dump _XLX_SEP_ PragmaIsValid=1_XLX_SEP_ PragmaType=inline_XLX_SEP_ PragmaContext=hls_XLX_SEP_ PragmaFunction=get_data_XLX_SEP_ PragmaOptions=_XLX_SEP_ [-Wdump-hls-pragmas]
#pragma HLS inline
^
C:/AMDDesignTools/2025.2/Vitis/common/technology/autopilot\ap_axi_sdata.h:154:1: warning: HLS pragma dump _XLX_SEP_ PragmaIsValid=1_XLX_SEP_ PragmaType=inline_XLX_SEP_ PragmaContext=hls_XLX_SEP_ PragmaFunction=set_data_XLX_SEP_ PragmaOptions=_XLX_SEP_ [-Wdump-hls-pragmas]
#pragma HLS inline
^
C:/AMDDesignTools/2025.2/Vitis/common/technology/autopilot\ap_axi_sdata.h:255:1: warning: HLS pragma dump _XLX_SEP_ PragmaIsValid=1_XLX_SEP_ PragmaType=inline_XLX_SEP_ PragmaContext=hls_XLX_SEP_ PragmaFunction=keep_all_XLX_SEP_ PragmaOptions=_XLX_SEP_ [-Wdump-hls-pragmas]
#pragma HLS inline
^
C:/AMDDesignTools/2025.2/Vitis/common/technology/autopilot\ap_axi_sdata.h:372:1: warning: HLS pragma dump _XLX_SEP_ PragmaIsValid=1_XLX_SEP_ PragmaType=inline_XLX_SEP_ PragmaContext=hls_XLX_SEP_ PragmaFunction=empty_XLX_SEP_ PragmaOptions=_XLX_SEP_ [-Wdump-hls-pragmas]
#pragma HLS inline
^
C:/AMDDesignTools/2025.2/Vitis/common/technology/autopilot\ap_axi_sdata.h:380:1: warning: HLS pragma dump _XLX_SEP_ PragmaIsValid=1_XLX_SEP_ PragmaType=inline_XLX_SEP_ PragmaContext=hls_XLX_SEP_ PragmaFunction=full_XLX_SEP_ PragmaOptions=_XLX_SEP_ [-Wdump-hls-pragmas]
#pragma HLS inline
^
C:/AMDDesignTools/2025.2/Vitis/common/technology/autopilot\ap_axi_sdata.h:389:1: warning: HLS pragma dump _XLX_SEP_ PragmaIsValid=1_XLX_SEP_ PragmaType=inline_XLX_SEP_ PragmaContext=hls_XLX_SEP_ PragmaFunction=read_XLX_SEP_ PragmaOptions=_XLX_SEP_ [-Wdump-hls-pragmas]
#pragma HLS inline
^
C:/AMDDesignTools/2025.2/Vitis/common/technology/autopilot\ap_axi_sdata.h:400:1: warning: HLS pragma dump _XLX_SEP_ PragmaIsValid=1_XLX_SEP_ PragmaType=inline_XLX_SEP_ PragmaContext=hls_XLX_SEP_ PragmaFunction=read_XLX_SEP_ PragmaOptions=_XLX_SEP_ [-Wdump-hls-pragmas]
#pragma HLS inline
^
C:/AMDDesignTools/2025.2/Vitis/common/technology/autopilot\ap_axi_sdata.h:412:1: warning: HLS pragma dump _XLX_SEP_ PragmaIsValid=1_XLX_SEP_ PragmaType=inline_XLX_SEP_ PragmaContext=hls_XLX_SEP_ PragmaFunction=write_XLX_SEP_ PragmaOptions=_XLX_SEP_ [-Wdump-hls-pragmas]
#pragma HLS inline
^
C:/AMDDesignTools/2025.2/Vitis/common/technology/autopilot\ap_axi_sdata.h:423:1: warning: HLS pragma dump _XLX_SEP_ PragmaIsValid=1_XLX_SEP_ PragmaType=inline_XLX_SEP_ PragmaContext=hls_XLX_SEP_ PragmaFunction=read_nb_XLX_SEP_ PragmaOptions=_XLX_SEP_ [-Wdump-hls-pragmas]
#pragma HLS inline
^
C:/AMDDesignTools/2025.2/Vitis/common/technology/autopilot\ap_axi_sdata.h:440:1: warning: HLS pragma dump _XLX_SEP_ PragmaIsValid=1_XLX_SEP_ PragmaType=inline_XLX_SEP_ PragmaContext=hls_XLX_SEP_ PragmaFunction=write_nb_XLX_SEP_ PragmaOptions=_XLX_SEP_ [-Wdump-hls-pragmas]
#pragma HLS inline
^
convEncoder_Seq.cpp:9:1: warning: HLS pragma dump _XLX_SEP_ PragmaIsValid=1_XLX_SEP_ PragmaType=inline_XLX_SEP_ PragmaContext=hls_XLX_SEP_ PragmaFunction=encode_XLX_SEP_ PragmaOptions=_XLX_SEP_ [-Wdump-hls-pragmas]
#pragma HLS INLINE
^
directive:1:1: warning: HLS pragma dump _XLX_SEP_ PragmaIsValid=1_XLX_SEP_ PragmaType=top_XLX_SEP_ PragmaContext=directive_XLX_SEP_ PragmaFunction=convEncoder_Seq_XLX_SEP_ PragmaOptions=name=convEncoder_Seq_XLX_SEP_ [-Wdump-hls-pragmas]
#pragma HLSDIRECTIVE TOP name=convEncoder_Seq
^
convEncoder_Seq.cpp:22:1: warning: HLS pragma dump _XLX_SEP_ PragmaIsValid=1_XLX_SEP_ PragmaType=interface_XLX_SEP_ PragmaContext=hls_XLX_SEP_ PragmaFunction=convEncoder_Seq_XLX_SEP_ PragmaOptions=axis port=s_axis register_mode=off_XLX_SEP_ [-Wdump-hls-pragmas]
#pragma HLS INTERFACE axis port=s_axis register_mode=off
^
convEncoder_Seq.cpp:23:1: warning: HLS pragma dump _XLX_SEP_ PragmaIsValid=1_XLX_SEP_ PragmaType=interface_XLX_SEP_ PragmaContext=hls_XLX_SEP_ PragmaFunction=convEncoder_Seq_XLX_SEP_ PragmaOptions=axis port=m_axis register_mode=off_XLX_SEP_ [-Wdump-hls-pragmas]
#pragma HLS INTERFACE axis port=m_axis register_mode=off
^
14 warnings generated.
