#-----------------------------------------------------------
# Vivado v2025.2 (64-bit)
# SW Build 6299465 on Fri Nov 14 19:35:11 GMT 2025
# IP Build 6300035 on Fri Nov 14 10:48:45 MST 2025
# SharedData Build 6298862 on Thu Nov 13 04:50:51 MST 2025
# Start of session at: Wed Mar 18 16:06:47 2026
# Process ID         : 11348
# Current directory  : D:/Vitis_HLS/gmskModem/convEncoder/convEncoder/hls/impl/ip
# Command line       : vivado.exe -notrace -mode batch -source run_ippack.tcl
# Log file           : D:/Vitis_HLS/gmskModem/convEncoder/convEncoder/hls/impl/ip/vivado.log
# Journal file       : D:/Vitis_HLS/gmskModem/convEncoder/convEncoder/hls/impl/ip\vivado.jou
# Running On         : Dulina
# Platform           : Windows Server 2016 or Windows 10
# Operating System   : 26200
# Processor Detail   : 11th Gen Intel(R) Core(TM) i7-1165G7 @ 2.80GHz
# CPU Frequency      : 1690 MHz
# CPU Physical cores : 4
# CPU Logical cores  : 8
# Host memory        : 16893 MB
# Swap memory        : 5905 MB
# Total Virtual      : 22798 MB
# Available Virtual  : 2693 MB
#-----------------------------------------------------------
source run_ippack.tcl -notrace
INFO: calling package_hls_ip ip_types=vitis sysgen json_file=D:/Vitis_HLS/gmskModem/convEncoder/convEncoder/hls/hls_data.json outdir=D:/Vitis_HLS/gmskModem/convEncoder/convEncoder/hls/impl/ip srcdir=D:/Vitis_HLS/gmskModem/convEncoder/convEncoder/hls ippack_options_dict= ippack_options_dict=
INFO: Copied 1 ipmisc file(s) to D:/Vitis_HLS/gmskModem/convEncoder/convEncoder/hls/impl/ip/misc
INFO: Copied 7 verilog file(s) to D:/Vitis_HLS/gmskModem/convEncoder/convEncoder/hls/impl/ip/hdl/verilog
INFO: Copied 5 vhdl file(s) to D:/Vitis_HLS/gmskModem/convEncoder/convEncoder/hls/impl/ip/hdl/vhdl
ipx::create_core: Time (s): cpu = 00:00:09 ; elapsed = 00:00:06 . Memory (MB): peak = 538.840 ; gain = 214.637
INFO: Import ports from HDL: D:/Vitis_HLS/gmskModem/convEncoder/convEncoder/hls/impl/ip/hdl/vhdl/convEncoder_Seq.vhd (convEncoder_Seq)
INFO: Add clock interface ap_clk
INFO: Add reset interface ap_rst_n
INFO: Add ap_ctrl interface ap_ctrl
INFO: Add axi4stream interface s_axis
INFO: Add axi4stream interface m_axis
INFO: [IP_Flow 19-234] Refreshing IP repositories
INFO: [IP_Flow 19-1704] No user IP repositories specified
INFO: [IP_Flow 19-2313] Loaded Vivado IP repository 'C:/AMDDesignTools/2025.2/Vivado/data/ip'.
INFO: Calling post_process_vitis to specialize IP
INFO: Calling post_process_sysgen to specialize IP
Generating sysgen info xml from json file
INFO: Created IP D:/Vitis_HLS/gmskModem/convEncoder/convEncoder/hls/impl/ip/component.xml
INFO: Created IP archive D:/Vitis_HLS/gmskModem/convEncoder/convEncoder/hls/impl/ip/xilinx_com_hls_convEncoder_Seq_1_0.zip
INFO: [Common 17-206] Exiting Vivado at Wed Mar 18 16:06:57 2026...
