Copyright 1986-2022 Xilinx, Inc. All Rights Reserved. Copyright 2022-2025 Advanced Micro Devices, Inc. All Rights Reserved.
--------------------------------------------------------------------------------------------------------------------------------------------------
| Tool Version      : Vivado v.2025.2 (win64) Build 6299465 Fri Nov 14 19:35:11 GMT 2025
| Date              : Wed Mar 18 16:10:36 2026
| Host              : Dulina running 64-bit major release  (build 9200)
| Command           : report_timing_summary -file ./report/convEncoder_Seq_timing_synth.rpt
| Design            : bd_0_wrapper
| Device            : xcku5p-ffvb676
| Speed File        : -2  PRODUCTION 1.29 05-01-2022
| Design State      : Synthesized
| Temperature Grade : E
--------------------------------------------------------------------------------------------------------------------------------------------------

Timing Summary Report

------------------------------------------------------------------------------------------------
| Timer Settings
| --------------
------------------------------------------------------------------------------------------------

  Enable Multi Corner Analysis               :  Yes
  Enable Pessimism Removal                   :  Yes
  Pessimism Removal Resolution               :  Nearest Common Node
  Enable Input Delay Default Clock           :  No
  Enable Preset / Clear Arcs                 :  No
  Disable Flight Delays                      :  No
  Ignore I/O Paths                           :  No
  Timing Early Launch at Borrowing Latches   :  No
  Borrow Time for Max Delay Exceptions       :  Yes
  Merge Timing Exceptions                    :  Yes
  Inter-SLR Compensation                     :  Conservative

  Corner  Analyze    Analyze    
  Name    Max Paths  Min Paths  
  ------  ---------  ---------  
  Slow    Yes        Yes        
  Fast    Yes        Yes        


------------------------------------------------------------------------------------------------
| Report Methodology
| ------------------
------------------------------------------------------------------------------------------------

No report available as report_methodology has not been run prior. Run report_methodology on the current design for the summary of methodology violations.



check_timing report

Table of Contents
-----------------
1. checking no_clock (0)
2. checking constant_clock (0)
3. checking pulse_width_clock (0)
4. checking unconstrained_internal_endpoints (0)
5. checking no_input_delay (37)
6. checking no_output_delay (38)
7. checking multiple_clock (0)
8. checking generated_clocks (0)
9. checking loops (0)
10. checking partial_input_delay (0)
11. checking partial_output_delay (0)
12. checking latch_loops (0)

1. checking no_clock (0)
------------------------
 There are 0 register/latch pins with no clock.


2. checking constant_clock (0)
------------------------------
 There are 0 register/latch pins with constant_clock.


3. checking pulse_width_clock (0)
---------------------------------
 There are 0 register/latch pins which need pulse_width check


4. checking unconstrained_internal_endpoints (0)
------------------------------------------------
 There are 0 pins that are not constrained for maximum delay.

 There are 0 pins that are not constrained for maximum delay due to constant clock.


5. checking no_input_delay (37)
-------------------------------
 There are 37 input ports with no input delay specified. (HIGH)

 There are 0 input ports with no input delay but user has a false path constraint.


6. checking no_output_delay (38)
--------------------------------
 There are 38 ports with no output delay specified. (HIGH)

 There are 0 ports with no output delay but user has a false path constraint

 There are 0 ports with no output delay but with a timing clock defined on it or propagating through it


7. checking multiple_clock (0)
------------------------------
 There are 0 register/latch pins with multiple clocks.


8. checking generated_clocks (0)
--------------------------------
 There are 0 generated clocks that are not connected to a clock source.


9. checking loops (0)
---------------------
 There are 0 combinational loops in the design.


10. checking partial_input_delay (0)
------------------------------------
 There are 0 input ports with partial input delay specified.


11. checking partial_output_delay (0)
-------------------------------------
 There are 0 ports with partial output delay specified.


12. checking latch_loops (0)
----------------------------
 There are 0 combinational latch loops in the design through latch input



------------------------------------------------------------------------------------------------
| Design Timing Summary
| ---------------------
------------------------------------------------------------------------------------------------

    WNS(ns)      TNS(ns)  TNS Failing Endpoints  TNS Total Endpoints      WHS(ns)      THS(ns)  THS Failing Endpoints  THS Total Endpoints     WPWS(ns)     TPWS(ns)  TPWS Failing Endpoints  TPWS Total Endpoints  
    -------      -------  ---------------------  -------------------      -------      -------  ---------------------  -------------------     --------     --------  ----------------------  --------------------  
      8.797        0.000                      0                  340        0.080        0.000                      0                  340        4.725        0.000                       0                   156  


All user specified timing constraints are met.


------------------------------------------------------------------------------------------------
| Clock Summary
| -------------
------------------------------------------------------------------------------------------------

Clock   Waveform(ns)       Period(ns)      Frequency(MHz)
-----   ------------       ----------      --------------
ap_clk  {0.000 5.000}      10.000          100.000         


------------------------------------------------------------------------------------------------
| Intra Clock Table
| -----------------
------------------------------------------------------------------------------------------------

Clock             WNS(ns)      TNS(ns)  TNS Failing Endpoints  TNS Total Endpoints      WHS(ns)      THS(ns)  THS Failing Endpoints  THS Total Endpoints     WPWS(ns)     TPWS(ns)  TPWS Failing Endpoints  TPWS Total Endpoints  
-----             -------      -------  ---------------------  -------------------      -------      -------  ---------------------  -------------------     --------     --------  ----------------------  --------------------  
ap_clk              8.797        0.000                      0                  340        0.080        0.000                      0                  340        4.725        0.000                       0                   156  


------------------------------------------------------------------------------------------------
| Inter Clock Table
| -----------------
------------------------------------------------------------------------------------------------

From Clock    To Clock          WNS(ns)      TNS(ns)  TNS Failing Endpoints  TNS Total Endpoints      WHS(ns)      THS(ns)  THS Failing Endpoints  THS Total Endpoints  
----------    --------          -------      -------  ---------------------  -------------------      -------      -------  ---------------------  -------------------  


------------------------------------------------------------------------------------------------
| Other Path Groups Table
| -----------------------
------------------------------------------------------------------------------------------------

Path Group    From Clock    To Clock          WNS(ns)      TNS(ns)  TNS Failing Endpoints  TNS Total Endpoints      WHS(ns)      THS(ns)  THS Failing Endpoints  THS Total Endpoints  
----------    ----------    --------          -------      -------  ---------------------  -------------------      -------      -------  ---------------------  -------------------  


------------------------------------------------------------------------------------------------
| Timing Details
| --------------
------------------------------------------------------------------------------------------------


---------------------------------------------------------------------------------------------------
From Clock:  ap_clk
  To Clock:  ap_clk

Setup :            0  Failing Endpoints,  Worst Slack        8.797ns,  Total Violation        0.000ns
Hold  :            0  Failing Endpoints,  Worst Slack        0.080ns,  Total Violation        0.000ns
PW    :            0  Failing Endpoints,  Worst Slack        4.725ns,  Total Violation        0.000ns
---------------------------------------------------------------------------------------------------


Max Delay Paths
--------------------------------------------------------------------------------------
Slack (MET) :             8.797ns  (required time - arrival time)
  Source:                 bd_0_i/hls_inst/inst/in_word_data_reg_178_reg[10]/C
                            (rising edge-triggered cell FDRE clocked by ap_clk  {rise@0.000ns fall@5.000ns period=10.000ns})
  Destination:            bd_0_i/hls_inst/inst/grp_convEncoder_Seq_Pipeline_VITIS_LOOP_40_1_fu_115/encoded_fu_58_reg[0]/D
                            (rising edge-triggered cell FDRE clocked by ap_clk  {rise@0.000ns fall@5.000ns period=10.000ns})
  Path Group:             ap_clk
  Path Type:              Setup (Max at Slow Process Corner)
  Requirement:            10.000ns  (ap_clk rise@10.000ns - ap_clk rise@0.000ns)
  Data Path Delay:        1.184ns  (logic 0.403ns (34.037%)  route 0.781ns (65.963%))
  Logic Levels:           4  (LUT6=4)
  Clock Path Skew:        -0.009ns (DCD - SCD + CPR)
    Destination Clock Delay (DCD):    0.021ns = ( 10.021 - 10.000 ) 
    Source Clock Delay      (SCD):    0.030ns
    Clock Pessimism Removal (CPR):    0.000ns
  Clock Uncertainty:      0.035ns  ((TSJ^2 + TIJ^2)^1/2 + DJ) / 2 + PE
    Total System Jitter     (TSJ):    0.071ns
    Total Input Jitter      (TIJ):    0.000ns
    Discrete Jitter          (DJ):    0.000ns
    Phase Error              (PE):    0.000ns

    Location             Delay type                Incr(ns)  Path(ns)    Netlist Resource(s)
  -------------------------------------------------------------------    -------------------
                         (clock ap_clk rise edge)     0.000     0.000 r  
                                                      0.000     0.000 r  ap_clk (IN)
                         net (fo=155, unset)          0.030     0.030    bd_0_i/hls_inst/inst/ap_clk
                         FDRE                                         r  bd_0_i/hls_inst/inst/in_word_data_reg_178_reg[10]/C
  -------------------------------------------------------------------    -------------------
                         FDRE (Prop_FDRE_C_Q)         0.077     0.107 r  bd_0_i/hls_inst/inst/in_word_data_reg_178_reg[10]/Q
                         net (fo=1, unplaced)         0.154     0.261    bd_0_i/hls_inst/inst/grp_convEncoder_Seq_Pipeline_VITIS_LOOP_40_1_fu_115/empty_fu_66[0]_i_4_0[10]
                         LUT6 (Prop_LUT6_I0_O)        0.150     0.411 f  bd_0_i/hls_inst/inst/grp_convEncoder_Seq_Pipeline_VITIS_LOOP_40_1_fu_115/empty_fu_66[0]_i_5/O
                         net (fo=1, unplaced)         0.141     0.552    bd_0_i/hls_inst/inst/grp_convEncoder_Seq_Pipeline_VITIS_LOOP_40_1_fu_115/empty_fu_66[0]_i_5_n_3
                         LUT6 (Prop_LUT6_I0_O)        0.100     0.652 r  bd_0_i/hls_inst/inst/grp_convEncoder_Seq_Pipeline_VITIS_LOOP_40_1_fu_115/empty_fu_66[0]_i_3/O
                         net (fo=3, unplaced)         0.192     0.844    bd_0_i/hls_inst/inst/grp_convEncoder_Seq_Pipeline_VITIS_LOOP_40_1_fu_115/empty_fu_66[0]_i_3_n_3
                         LUT6 (Prop_LUT6_I2_O)        0.038     0.882 f  bd_0_i/hls_inst/inst/grp_convEncoder_Seq_Pipeline_VITIS_LOOP_40_1_fu_115/encoded_fu_58[62]_i_2/O
                         net (fo=32, unplaced)        0.246     1.128    bd_0_i/hls_inst/inst/grp_convEncoder_Seq_Pipeline_VITIS_LOOP_40_1_fu_115/encoded_fu_58[62]_i_2_n_3
                         LUT6 (Prop_LUT6_I5_O)        0.038     1.166 r  bd_0_i/hls_inst/inst/grp_convEncoder_Seq_Pipeline_VITIS_LOOP_40_1_fu_115/encoded_fu_58[0]_i_1/O
                         net (fo=1, unplaced)         0.048     1.214    bd_0_i/hls_inst/inst/grp_convEncoder_Seq_Pipeline_VITIS_LOOP_40_1_fu_115/encoded_1_fu_247_p4[0]
                         FDRE                                         r  bd_0_i/hls_inst/inst/grp_convEncoder_Seq_Pipeline_VITIS_LOOP_40_1_fu_115/encoded_fu_58_reg[0]/D
  -------------------------------------------------------------------    -------------------

                         (clock ap_clk rise edge)    10.000    10.000 r  
                                                      0.000    10.000 r  ap_clk (IN)
                         net (fo=155, unset)          0.021    10.021    bd_0_i/hls_inst/inst/grp_convEncoder_Seq_Pipeline_VITIS_LOOP_40_1_fu_115/ap_clk
                         FDRE                                         r  bd_0_i/hls_inst/inst/grp_convEncoder_Seq_Pipeline_VITIS_LOOP_40_1_fu_115/encoded_fu_58_reg[0]/C
                         clock pessimism              0.000    10.021    
                         clock uncertainty           -0.035     9.986    
                         FDRE (Setup_FDRE_C_D)        0.025    10.011    bd_0_i/hls_inst/inst/grp_convEncoder_Seq_Pipeline_VITIS_LOOP_40_1_fu_115/encoded_fu_58_reg[0]
  -------------------------------------------------------------------
                         required time                         10.011    
                         arrival time                          -1.214    
  -------------------------------------------------------------------
                         slack                                  8.797    





Min Delay Paths
--------------------------------------------------------------------------------------
Slack (MET) :             0.080ns  (arrival time - required time)
  Source:                 bd_0_i/hls_inst/inst/grp_convEncoder_Seq_Pipeline_VITIS_LOOP_40_1_fu_115/encoded_fu_58_reg[32]/C
                            (rising edge-triggered cell FDRE clocked by ap_clk  {rise@0.000ns fall@5.000ns period=10.000ns})
  Destination:            bd_0_i/hls_inst/inst/p_s_reg_191_reg[0]/D
                            (rising edge-triggered cell FDRE clocked by ap_clk  {rise@0.000ns fall@5.000ns period=10.000ns})
  Path Group:             ap_clk
  Path Type:              Hold (Min at Fast Process Corner)
  Requirement:            0.000ns  (ap_clk rise@0.000ns - ap_clk rise@0.000ns)
  Data Path Delay:        0.132ns  (logic 0.038ns (28.788%)  route 0.094ns (71.212%))
  Logic Levels:           0  
  Clock Path Skew:        0.006ns (DCD - SCD - CPR)
    Destination Clock Delay (DCD):    0.019ns
    Source Clock Delay      (SCD):    0.013ns
    Clock Pessimism Removal (CPR):    -0.000ns

    Location             Delay type                Incr(ns)  Path(ns)    Netlist Resource(s)
  -------------------------------------------------------------------    -------------------
                         (clock ap_clk rise edge)     0.000     0.000 r  
                                                      0.000     0.000 r  ap_clk (IN)
                         net (fo=155, unset)          0.013     0.013    bd_0_i/hls_inst/inst/grp_convEncoder_Seq_Pipeline_VITIS_LOOP_40_1_fu_115/ap_clk
                         FDRE                                         r  bd_0_i/hls_inst/inst/grp_convEncoder_Seq_Pipeline_VITIS_LOOP_40_1_fu_115/encoded_fu_58_reg[32]/C
  -------------------------------------------------------------------    -------------------
                         FDRE (Prop_FDRE_C_Q)         0.038     0.051 r  bd_0_i/hls_inst/inst/grp_convEncoder_Seq_Pipeline_VITIS_LOOP_40_1_fu_115/encoded_fu_58_reg[32]/Q
                         net (fo=2, unplaced)         0.094     0.145    bd_0_i/hls_inst/inst/grp_convEncoder_Seq_Pipeline_VITIS_LOOP_40_1_fu_115_encoded_out[32]
                         FDRE                                         r  bd_0_i/hls_inst/inst/p_s_reg_191_reg[0]/D
  -------------------------------------------------------------------    -------------------

                         (clock ap_clk rise edge)     0.000     0.000 r  
                                                      0.000     0.000 r  ap_clk (IN)
                         net (fo=155, unset)          0.019     0.019    bd_0_i/hls_inst/inst/ap_clk
                         FDRE                                         r  bd_0_i/hls_inst/inst/p_s_reg_191_reg[0]/C
                         clock pessimism              0.000     0.019    
                         FDRE (Hold_FDRE_C_D)         0.046     0.065    bd_0_i/hls_inst/inst/p_s_reg_191_reg[0]
  -------------------------------------------------------------------
                         required time                         -0.065    
                         arrival time                           0.145    
  -------------------------------------------------------------------
                         slack                                  0.080    





Pulse Width Checks
--------------------------------------------------------------------------------------
Clock Name:         ap_clk
Waveform(ns):       { 0.000 5.000 }
Period(ns):         10.000
Sources:            { ap_clk }

Check Type        Corner  Lib Pin  Reference Pin  Required(ns)  Actual(ns)  Slack(ns)  Location  Pin
Min Period        n/a     FDSE/C   n/a            0.550         10.000      9.450                bd_0_i/hls_inst/inst/ap_CS_fsm_reg[0]/C
Low Pulse Width   Slow    FDSE/C   n/a            0.275         5.000       4.725                bd_0_i/hls_inst/inst/ap_CS_fsm_reg[0]/C
High Pulse Width  Slow    FDSE/C   n/a            0.275         5.000       4.725                bd_0_i/hls_inst/inst/ap_CS_fsm_reg[0]/C



