Copyright 1986-2022 Xilinx, Inc. All Rights Reserved. Copyright 2022-2025 Advanced Micro Devices, Inc. All Rights Reserved.
--------------------------------------------------------------------------------------------------------------------------------------------------
| Tool Version      : Vivado v.2025.2 (win64) Build 6299465 Fri Nov 14 19:35:11 GMT 2025
| Date              : Wed Mar 18 16:14:13 2026
| Host              : Dulina running 64-bit major release  (build 9200)
| Command           : report_timing -max_paths 10 -file ./report/convEncoder_Seq_timing_paths_routed.rpt
| Design            : bd_0_wrapper
| Device            : xcku5p-ffvb676
| Speed File        : -2  PRODUCTION 1.29 05-01-2022
| Design State      : Routed
| Temperature Grade : E
--------------------------------------------------------------------------------------------------------------------------------------------------

Timing Report

Slack (MET) :             8.245ns  (required time - arrival time)
  Source:                 bd_0_i/hls_inst/inst/grp_convEncoder_Seq_Pipeline_VITIS_LOOP_40_1_fu_115/i_fu_62_reg[1]/C
                            (rising edge-triggered cell FDRE clocked by ap_clk  {rise@0.000ns fall@5.000ns period=10.000ns})
  Destination:            bd_0_i/hls_inst/inst/grp_convEncoder_Seq_Pipeline_VITIS_LOOP_40_1_fu_115/encoded_fu_58_reg[36]/D
                            (rising edge-triggered cell FDRE clocked by ap_clk  {rise@0.000ns fall@5.000ns period=10.000ns})
  Path Group:             ap_clk
  Path Type:              Setup (Max at Slow Process Corner)
  Requirement:            10.000ns  (ap_clk rise@10.000ns - ap_clk rise@0.000ns)
  Data Path Delay:        1.736ns  (logic 0.591ns (34.051%)  route 1.145ns (65.949%))
  Logic Levels:           4  (LUT6=4)
  Clock Path Skew:        -0.009ns (DCD - SCD + CPR)
    Destination Clock Delay (DCD):    0.020ns = ( 10.020 - 10.000 ) 
    Source Clock Delay      (SCD):    0.029ns
    Clock Pessimism Removal (CPR):    0.000ns
  Clock Uncertainty:      0.035ns  ((TSJ^2 + TIJ^2)^1/2 + DJ) / 2 + PE
    Total System Jitter     (TSJ):    0.071ns
    Total Input Jitter      (TIJ):    0.000ns
    Discrete Jitter          (DJ):    0.000ns
    Phase Error              (PE):    0.000ns

    Location             Delay type                Incr(ns)  Path(ns)    Netlist Resource(s)
  -------------------------------------------------------------------    -------------------
                         (clock ap_clk rise edge)     0.000     0.000 r  
                                                      0.000     0.000 r  ap_clk (IN)
                         net (fo=155, unset)          0.029     0.029    bd_0_i/hls_inst/inst/grp_convEncoder_Seq_Pipeline_VITIS_LOOP_40_1_fu_115/ap_clk
    SLICE_X24Y53         FDRE                                         r  bd_0_i/hls_inst/inst/grp_convEncoder_Seq_Pipeline_VITIS_LOOP_40_1_fu_115/i_fu_62_reg[1]/C
  -------------------------------------------------------------------    -------------------
    SLICE_X24Y53         FDRE (Prop_HFF2_SLICEL_C_Q)
                                                      0.080     0.109 r  bd_0_i/hls_inst/inst/grp_convEncoder_Seq_Pipeline_VITIS_LOOP_40_1_fu_115/i_fu_62_reg[1]/Q
                         net (fo=17, routed)          0.344     0.453    bd_0_i/hls_inst/inst/grp_convEncoder_Seq_Pipeline_VITIS_LOOP_40_1_fu_115/i_fu_62_reg[1]
    SLICE_X26Y54         LUT6 (Prop_H6LUT_SLICEL_I3_O)
                                                      0.090     0.543 f  bd_0_i/hls_inst/inst/grp_convEncoder_Seq_Pipeline_VITIS_LOOP_40_1_fu_115/empty_fu_66[0]_i_7/O
                         net (fo=1, routed)           0.230     0.773    bd_0_i/hls_inst/inst/grp_convEncoder_Seq_Pipeline_VITIS_LOOP_40_1_fu_115/empty_fu_66[0]_i_7_n_3
    SLICE_X25Y54         LUT6 (Prop_H6LUT_SLICEM_I4_O)
                                                      0.152     0.925 r  bd_0_i/hls_inst/inst/grp_convEncoder_Seq_Pipeline_VITIS_LOOP_40_1_fu_115/empty_fu_66[0]_i_3/O
                         net (fo=3, routed)           0.104     1.029    bd_0_i/hls_inst/inst/grp_convEncoder_Seq_Pipeline_VITIS_LOOP_40_1_fu_115/empty_fu_66[0]_i_3_n_3
    SLICE_X25Y53         LUT6 (Prop_C6LUT_SLICEM_I2_O)
                                                      0.123     1.152 f  bd_0_i/hls_inst/inst/grp_convEncoder_Seq_Pipeline_VITIS_LOOP_40_1_fu_115/encoded_fu_58[62]_i_2/O
                         net (fo=32, routed)          0.416     1.569    bd_0_i/hls_inst/inst/grp_convEncoder_Seq_Pipeline_VITIS_LOOP_40_1_fu_115/encoded_fu_58[62]_i_2_n_3
    SLICE_X24Y49         LUT6 (Prop_C6LUT_SLICEL_I5_O)
                                                      0.146     1.715 r  bd_0_i/hls_inst/inst/grp_convEncoder_Seq_Pipeline_VITIS_LOOP_40_1_fu_115/encoded_fu_58[36]_i_1/O
                         net (fo=1, routed)           0.050     1.765    bd_0_i/hls_inst/inst/grp_convEncoder_Seq_Pipeline_VITIS_LOOP_40_1_fu_115/encoded_1_fu_247_p4[36]
    SLICE_X24Y49         FDRE                                         r  bd_0_i/hls_inst/inst/grp_convEncoder_Seq_Pipeline_VITIS_LOOP_40_1_fu_115/encoded_fu_58_reg[36]/D
  -------------------------------------------------------------------    -------------------

                         (clock ap_clk rise edge)    10.000    10.000 r  
                                                      0.000    10.000 r  ap_clk (IN)
                         net (fo=155, unset)          0.020    10.020    bd_0_i/hls_inst/inst/grp_convEncoder_Seq_Pipeline_VITIS_LOOP_40_1_fu_115/ap_clk
    SLICE_X24Y49         FDRE                                         r  bd_0_i/hls_inst/inst/grp_convEncoder_Seq_Pipeline_VITIS_LOOP_40_1_fu_115/encoded_fu_58_reg[36]/C
                         clock pessimism              0.000    10.020    
                         clock uncertainty           -0.035     9.985    
    SLICE_X24Y49         FDRE (Setup_CFF_SLICEL_C_D)
                                                      0.025    10.010    bd_0_i/hls_inst/inst/grp_convEncoder_Seq_Pipeline_VITIS_LOOP_40_1_fu_115/encoded_fu_58_reg[36]
  -------------------------------------------------------------------
                         required time                         10.010    
                         arrival time                          -1.765    
  -------------------------------------------------------------------
                         slack                                  8.245    

Slack (MET) :             8.260ns  (required time - arrival time)
  Source:                 bd_0_i/hls_inst/inst/grp_convEncoder_Seq_Pipeline_VITIS_LOOP_40_1_fu_115/i_fu_62_reg[1]/C
                            (rising edge-triggered cell FDRE clocked by ap_clk  {rise@0.000ns fall@5.000ns period=10.000ns})
  Destination:            bd_0_i/hls_inst/inst/grp_convEncoder_Seq_Pipeline_VITIS_LOOP_40_1_fu_115/encoded_fu_58_reg[45]/D
                            (rising edge-triggered cell FDRE clocked by ap_clk  {rise@0.000ns fall@5.000ns period=10.000ns})
  Path Group:             ap_clk
  Path Type:              Setup (Max at Slow Process Corner)
  Requirement:            10.000ns  (ap_clk rise@10.000ns - ap_clk rise@0.000ns)
  Data Path Delay:        1.721ns  (logic 0.619ns (35.965%)  route 1.102ns (64.035%))
  Logic Levels:           4  (LUT6=4)
  Clock Path Skew:        -0.009ns (DCD - SCD + CPR)
    Destination Clock Delay (DCD):    0.020ns = ( 10.020 - 10.000 ) 
    Source Clock Delay      (SCD):    0.029ns
    Clock Pessimism Removal (CPR):    0.000ns
  Clock Uncertainty:      0.035ns  ((TSJ^2 + TIJ^2)^1/2 + DJ) / 2 + PE
    Total System Jitter     (TSJ):    0.071ns
    Total Input Jitter      (TIJ):    0.000ns
    Discrete Jitter          (DJ):    0.000ns
    Phase Error              (PE):    0.000ns

    Location             Delay type                Incr(ns)  Path(ns)    Netlist Resource(s)
  -------------------------------------------------------------------    -------------------
                         (clock ap_clk rise edge)     0.000     0.000 r  
                                                      0.000     0.000 r  ap_clk (IN)
                         net (fo=155, unset)          0.029     0.029    bd_0_i/hls_inst/inst/grp_convEncoder_Seq_Pipeline_VITIS_LOOP_40_1_fu_115/ap_clk
    SLICE_X24Y53         FDRE                                         r  bd_0_i/hls_inst/inst/grp_convEncoder_Seq_Pipeline_VITIS_LOOP_40_1_fu_115/i_fu_62_reg[1]/C
  -------------------------------------------------------------------    -------------------
    SLICE_X24Y53         FDRE (Prop_HFF2_SLICEL_C_Q)
                                                      0.080     0.109 r  bd_0_i/hls_inst/inst/grp_convEncoder_Seq_Pipeline_VITIS_LOOP_40_1_fu_115/i_fu_62_reg[1]/Q
                         net (fo=17, routed)          0.344     0.453    bd_0_i/hls_inst/inst/grp_convEncoder_Seq_Pipeline_VITIS_LOOP_40_1_fu_115/i_fu_62_reg[1]
    SLICE_X26Y54         LUT6 (Prop_H6LUT_SLICEL_I3_O)
                                                      0.090     0.543 f  bd_0_i/hls_inst/inst/grp_convEncoder_Seq_Pipeline_VITIS_LOOP_40_1_fu_115/empty_fu_66[0]_i_7/O
                         net (fo=1, routed)           0.230     0.773    bd_0_i/hls_inst/inst/grp_convEncoder_Seq_Pipeline_VITIS_LOOP_40_1_fu_115/empty_fu_66[0]_i_7_n_3
    SLICE_X25Y54         LUT6 (Prop_H6LUT_SLICEM_I4_O)
                                                      0.152     0.925 r  bd_0_i/hls_inst/inst/grp_convEncoder_Seq_Pipeline_VITIS_LOOP_40_1_fu_115/empty_fu_66[0]_i_3/O
                         net (fo=3, routed)           0.117     1.042    bd_0_i/hls_inst/inst/grp_convEncoder_Seq_Pipeline_VITIS_LOOP_40_1_fu_115/empty_fu_66[0]_i_3_n_3
    SLICE_X25Y53         LUT6 (Prop_B6LUT_SLICEM_I2_O)
                                                      0.149     1.191 f  bd_0_i/hls_inst/inst/grp_convEncoder_Seq_Pipeline_VITIS_LOOP_40_1_fu_115/encoded_fu_58[63]_i_5/O
                         net (fo=32, routed)          0.362     1.553    bd_0_i/hls_inst/inst/grp_convEncoder_Seq_Pipeline_VITIS_LOOP_40_1_fu_115/encoded_fu_58[63]_i_5_n_3
    SLICE_X24Y50         LUT6 (Prop_B6LUT_SLICEL_I1_O)
                                                      0.148     1.701 r  bd_0_i/hls_inst/inst/grp_convEncoder_Seq_Pipeline_VITIS_LOOP_40_1_fu_115/encoded_fu_58[45]_i_1/O
                         net (fo=1, routed)           0.049     1.750    bd_0_i/hls_inst/inst/grp_convEncoder_Seq_Pipeline_VITIS_LOOP_40_1_fu_115/encoded_1_fu_247_p4[45]
    SLICE_X24Y50         FDRE                                         r  bd_0_i/hls_inst/inst/grp_convEncoder_Seq_Pipeline_VITIS_LOOP_40_1_fu_115/encoded_fu_58_reg[45]/D
  -------------------------------------------------------------------    -------------------

                         (clock ap_clk rise edge)    10.000    10.000 r  
                                                      0.000    10.000 r  ap_clk (IN)
                         net (fo=155, unset)          0.020    10.020    bd_0_i/hls_inst/inst/grp_convEncoder_Seq_Pipeline_VITIS_LOOP_40_1_fu_115/ap_clk
    SLICE_X24Y50         FDRE                                         r  bd_0_i/hls_inst/inst/grp_convEncoder_Seq_Pipeline_VITIS_LOOP_40_1_fu_115/encoded_fu_58_reg[45]/C
                         clock pessimism              0.000    10.020    
                         clock uncertainty           -0.035     9.985    
    SLICE_X24Y50         FDRE (Setup_BFF_SLICEL_C_D)
                                                      0.025    10.010    bd_0_i/hls_inst/inst/grp_convEncoder_Seq_Pipeline_VITIS_LOOP_40_1_fu_115/encoded_fu_58_reg[45]
  -------------------------------------------------------------------
                         required time                         10.010    
                         arrival time                          -1.750    
  -------------------------------------------------------------------
                         slack                                  8.260    

Slack (MET) :             8.261ns  (required time - arrival time)
  Source:                 bd_0_i/hls_inst/inst/grp_convEncoder_Seq_Pipeline_VITIS_LOOP_40_1_fu_115/i_fu_62_reg[1]/C
                            (rising edge-triggered cell FDRE clocked by ap_clk  {rise@0.000ns fall@5.000ns period=10.000ns})
  Destination:            bd_0_i/hls_inst/inst/grp_convEncoder_Seq_Pipeline_VITIS_LOOP_40_1_fu_115/encoded_fu_58_reg[61]/D
                            (rising edge-triggered cell FDRE clocked by ap_clk  {rise@0.000ns fall@5.000ns period=10.000ns})
  Path Group:             ap_clk
  Path Type:              Setup (Max at Slow Process Corner)
  Requirement:            10.000ns  (ap_clk rise@10.000ns - ap_clk rise@0.000ns)
  Data Path Delay:        1.720ns  (logic 0.620ns (36.044%)  route 1.100ns (63.956%))
  Logic Levels:           4  (LUT6=4)
  Clock Path Skew:        -0.009ns (DCD - SCD + CPR)
    Destination Clock Delay (DCD):    0.020ns = ( 10.020 - 10.000 ) 
    Source Clock Delay      (SCD):    0.029ns
    Clock Pessimism Removal (CPR):    0.000ns
  Clock Uncertainty:      0.035ns  ((TSJ^2 + TIJ^2)^1/2 + DJ) / 2 + PE
    Total System Jitter     (TSJ):    0.071ns
    Total Input Jitter      (TIJ):    0.000ns
    Discrete Jitter          (DJ):    0.000ns
    Phase Error              (PE):    0.000ns

    Location             Delay type                Incr(ns)  Path(ns)    Netlist Resource(s)
  -------------------------------------------------------------------    -------------------
                         (clock ap_clk rise edge)     0.000     0.000 r  
                                                      0.000     0.000 r  ap_clk (IN)
                         net (fo=155, unset)          0.029     0.029    bd_0_i/hls_inst/inst/grp_convEncoder_Seq_Pipeline_VITIS_LOOP_40_1_fu_115/ap_clk
    SLICE_X24Y53         FDRE                                         r  bd_0_i/hls_inst/inst/grp_convEncoder_Seq_Pipeline_VITIS_LOOP_40_1_fu_115/i_fu_62_reg[1]/C
  -------------------------------------------------------------------    -------------------
    SLICE_X24Y53         FDRE (Prop_HFF2_SLICEL_C_Q)
                                                      0.080     0.109 r  bd_0_i/hls_inst/inst/grp_convEncoder_Seq_Pipeline_VITIS_LOOP_40_1_fu_115/i_fu_62_reg[1]/Q
                         net (fo=17, routed)          0.344     0.453    bd_0_i/hls_inst/inst/grp_convEncoder_Seq_Pipeline_VITIS_LOOP_40_1_fu_115/i_fu_62_reg[1]
    SLICE_X26Y54         LUT6 (Prop_H6LUT_SLICEL_I3_O)
                                                      0.090     0.543 f  bd_0_i/hls_inst/inst/grp_convEncoder_Seq_Pipeline_VITIS_LOOP_40_1_fu_115/empty_fu_66[0]_i_7/O
                         net (fo=1, routed)           0.230     0.773    bd_0_i/hls_inst/inst/grp_convEncoder_Seq_Pipeline_VITIS_LOOP_40_1_fu_115/empty_fu_66[0]_i_7_n_3
    SLICE_X25Y54         LUT6 (Prop_H6LUT_SLICEM_I4_O)
                                                      0.152     0.925 r  bd_0_i/hls_inst/inst/grp_convEncoder_Seq_Pipeline_VITIS_LOOP_40_1_fu_115/empty_fu_66[0]_i_3/O
                         net (fo=3, routed)           0.117     1.042    bd_0_i/hls_inst/inst/grp_convEncoder_Seq_Pipeline_VITIS_LOOP_40_1_fu_115/empty_fu_66[0]_i_3_n_3
    SLICE_X25Y53         LUT6 (Prop_B6LUT_SLICEM_I2_O)
                                                      0.149     1.191 f  bd_0_i/hls_inst/inst/grp_convEncoder_Seq_Pipeline_VITIS_LOOP_40_1_fu_115/encoded_fu_58[63]_i_5/O
                         net (fo=32, routed)          0.361     1.552    bd_0_i/hls_inst/inst/grp_convEncoder_Seq_Pipeline_VITIS_LOOP_40_1_fu_115/encoded_fu_58[63]_i_5_n_3
    SLICE_X24Y50         LUT6 (Prop_A6LUT_SLICEL_I1_O)
                                                      0.149     1.701 r  bd_0_i/hls_inst/inst/grp_convEncoder_Seq_Pipeline_VITIS_LOOP_40_1_fu_115/encoded_fu_58[61]_i_1/O
                         net (fo=1, routed)           0.048     1.749    bd_0_i/hls_inst/inst/grp_convEncoder_Seq_Pipeline_VITIS_LOOP_40_1_fu_115/encoded_1_fu_247_p4[61]
    SLICE_X24Y50         FDRE                                         r  bd_0_i/hls_inst/inst/grp_convEncoder_Seq_Pipeline_VITIS_LOOP_40_1_fu_115/encoded_fu_58_reg[61]/D
  -------------------------------------------------------------------    -------------------

                         (clock ap_clk rise edge)    10.000    10.000 r  
                                                      0.000    10.000 r  ap_clk (IN)
                         net (fo=155, unset)          0.020    10.020    bd_0_i/hls_inst/inst/grp_convEncoder_Seq_Pipeline_VITIS_LOOP_40_1_fu_115/ap_clk
    SLICE_X24Y50         FDRE                                         r  bd_0_i/hls_inst/inst/grp_convEncoder_Seq_Pipeline_VITIS_LOOP_40_1_fu_115/encoded_fu_58_reg[61]/C
                         clock pessimism              0.000    10.020    
                         clock uncertainty           -0.035     9.985    
    SLICE_X24Y50         FDRE (Setup_AFF_SLICEL_C_D)
                                                      0.025    10.010    bd_0_i/hls_inst/inst/grp_convEncoder_Seq_Pipeline_VITIS_LOOP_40_1_fu_115/encoded_fu_58_reg[61]
  -------------------------------------------------------------------
                         required time                         10.010    
                         arrival time                          -1.749    
  -------------------------------------------------------------------
                         slack                                  8.261    

Slack (MET) :             8.272ns  (required time - arrival time)
  Source:                 bd_0_i/hls_inst/inst/grp_convEncoder_Seq_Pipeline_VITIS_LOOP_40_1_fu_115/i_fu_62_reg[1]/C
                            (rising edge-triggered cell FDRE clocked by ap_clk  {rise@0.000ns fall@5.000ns period=10.000ns})
  Destination:            bd_0_i/hls_inst/inst/grp_convEncoder_Seq_Pipeline_VITIS_LOOP_40_1_fu_115/encoded_fu_58_reg[29]/D
                            (rising edge-triggered cell FDRE clocked by ap_clk  {rise@0.000ns fall@5.000ns period=10.000ns})
  Path Group:             ap_clk
  Path Type:              Setup (Max at Slow Process Corner)
  Requirement:            10.000ns  (ap_clk rise@10.000ns - ap_clk rise@0.000ns)
  Data Path Delay:        1.709ns  (logic 0.617ns (36.112%)  route 1.092ns (63.888%))
  Logic Levels:           4  (LUT6=4)
  Clock Path Skew:        -0.009ns (DCD - SCD + CPR)
    Destination Clock Delay (DCD):    0.020ns = ( 10.020 - 10.000 ) 
    Source Clock Delay      (SCD):    0.029ns
    Clock Pessimism Removal (CPR):    0.000ns
  Clock Uncertainty:      0.035ns  ((TSJ^2 + TIJ^2)^1/2 + DJ) / 2 + PE
    Total System Jitter     (TSJ):    0.071ns
    Total Input Jitter      (TIJ):    0.000ns
    Discrete Jitter          (DJ):    0.000ns
    Phase Error              (PE):    0.000ns

    Location             Delay type                Incr(ns)  Path(ns)    Netlist Resource(s)
  -------------------------------------------------------------------    -------------------
                         (clock ap_clk rise edge)     0.000     0.000 r  
                                                      0.000     0.000 r  ap_clk (IN)
                         net (fo=155, unset)          0.029     0.029    bd_0_i/hls_inst/inst/grp_convEncoder_Seq_Pipeline_VITIS_LOOP_40_1_fu_115/ap_clk
    SLICE_X24Y53         FDRE                                         r  bd_0_i/hls_inst/inst/grp_convEncoder_Seq_Pipeline_VITIS_LOOP_40_1_fu_115/i_fu_62_reg[1]/C
  -------------------------------------------------------------------    -------------------
    SLICE_X24Y53         FDRE (Prop_HFF2_SLICEL_C_Q)
                                                      0.080     0.109 r  bd_0_i/hls_inst/inst/grp_convEncoder_Seq_Pipeline_VITIS_LOOP_40_1_fu_115/i_fu_62_reg[1]/Q
                         net (fo=17, routed)          0.344     0.453    bd_0_i/hls_inst/inst/grp_convEncoder_Seq_Pipeline_VITIS_LOOP_40_1_fu_115/i_fu_62_reg[1]
    SLICE_X26Y54         LUT6 (Prop_H6LUT_SLICEL_I3_O)
                                                      0.090     0.543 f  bd_0_i/hls_inst/inst/grp_convEncoder_Seq_Pipeline_VITIS_LOOP_40_1_fu_115/empty_fu_66[0]_i_7/O
                         net (fo=1, routed)           0.230     0.773    bd_0_i/hls_inst/inst/grp_convEncoder_Seq_Pipeline_VITIS_LOOP_40_1_fu_115/empty_fu_66[0]_i_7_n_3
    SLICE_X25Y54         LUT6 (Prop_H6LUT_SLICEM_I4_O)
                                                      0.152     0.925 r  bd_0_i/hls_inst/inst/grp_convEncoder_Seq_Pipeline_VITIS_LOOP_40_1_fu_115/empty_fu_66[0]_i_3/O
                         net (fo=3, routed)           0.117     1.042    bd_0_i/hls_inst/inst/grp_convEncoder_Seq_Pipeline_VITIS_LOOP_40_1_fu_115/empty_fu_66[0]_i_3_n_3
    SLICE_X25Y53         LUT6 (Prop_B6LUT_SLICEM_I2_O)
                                                      0.149     1.191 f  bd_0_i/hls_inst/inst/grp_convEncoder_Seq_Pipeline_VITIS_LOOP_40_1_fu_115/encoded_fu_58[63]_i_5/O
                         net (fo=32, routed)          0.350     1.542    bd_0_i/hls_inst/inst/grp_convEncoder_Seq_Pipeline_VITIS_LOOP_40_1_fu_115/encoded_fu_58[63]_i_5_n_3
    SLICE_X24Y50         LUT6 (Prop_C6LUT_SLICEL_I1_O)
                                                      0.146     1.688 r  bd_0_i/hls_inst/inst/grp_convEncoder_Seq_Pipeline_VITIS_LOOP_40_1_fu_115/encoded_fu_58[29]_i_1/O
                         net (fo=1, routed)           0.050     1.738    bd_0_i/hls_inst/inst/grp_convEncoder_Seq_Pipeline_VITIS_LOOP_40_1_fu_115/encoded_1_fu_247_p4[29]
    SLICE_X24Y50         FDRE                                         r  bd_0_i/hls_inst/inst/grp_convEncoder_Seq_Pipeline_VITIS_LOOP_40_1_fu_115/encoded_fu_58_reg[29]/D
  -------------------------------------------------------------------    -------------------

                         (clock ap_clk rise edge)    10.000    10.000 r  
                                                      0.000    10.000 r  ap_clk (IN)
                         net (fo=155, unset)          0.020    10.020    bd_0_i/hls_inst/inst/grp_convEncoder_Seq_Pipeline_VITIS_LOOP_40_1_fu_115/ap_clk
    SLICE_X24Y50         FDRE                                         r  bd_0_i/hls_inst/inst/grp_convEncoder_Seq_Pipeline_VITIS_LOOP_40_1_fu_115/encoded_fu_58_reg[29]/C
                         clock pessimism              0.000    10.020    
                         clock uncertainty           -0.035     9.985    
    SLICE_X24Y50         FDRE (Setup_CFF_SLICEL_C_D)
                                                      0.025    10.010    bd_0_i/hls_inst/inst/grp_convEncoder_Seq_Pipeline_VITIS_LOOP_40_1_fu_115/encoded_fu_58_reg[29]
  -------------------------------------------------------------------
                         required time                         10.010    
                         arrival time                          -1.738    
  -------------------------------------------------------------------
                         slack                                  8.272    

Slack (MET) :             8.292ns  (required time - arrival time)
  Source:                 bd_0_i/hls_inst/inst/grp_convEncoder_Seq_Pipeline_VITIS_LOOP_40_1_fu_115/i_fu_62_reg[1]/C
                            (rising edge-triggered cell FDRE clocked by ap_clk  {rise@0.000ns fall@5.000ns period=10.000ns})
  Destination:            bd_0_i/hls_inst/inst/grp_convEncoder_Seq_Pipeline_VITIS_LOOP_40_1_fu_115/encoded_fu_58_reg[2]/D
                            (rising edge-triggered cell FDRE clocked by ap_clk  {rise@0.000ns fall@5.000ns period=10.000ns})
  Path Group:             ap_clk
  Path Type:              Setup (Max at Slow Process Corner)
  Requirement:            10.000ns  (ap_clk rise@10.000ns - ap_clk rise@0.000ns)
  Data Path Delay:        1.688ns  (logic 0.591ns (35.004%)  route 1.097ns (64.996%))
  Logic Levels:           4  (LUT6=4)
  Clock Path Skew:        -0.009ns (DCD - SCD + CPR)
    Destination Clock Delay (DCD):    0.020ns = ( 10.020 - 10.000 ) 
    Source Clock Delay      (SCD):    0.029ns
    Clock Pessimism Removal (CPR):    0.000ns
  Clock Uncertainty:      0.035ns  ((TSJ^2 + TIJ^2)^1/2 + DJ) / 2 + PE
    Total System Jitter     (TSJ):    0.071ns
    Total Input Jitter      (TIJ):    0.000ns
    Discrete Jitter          (DJ):    0.000ns
    Phase Error              (PE):    0.000ns

    Location             Delay type                Incr(ns)  Path(ns)    Netlist Resource(s)
  -------------------------------------------------------------------    -------------------
                         (clock ap_clk rise edge)     0.000     0.000 r  
                                                      0.000     0.000 r  ap_clk (IN)
                         net (fo=155, unset)          0.029     0.029    bd_0_i/hls_inst/inst/grp_convEncoder_Seq_Pipeline_VITIS_LOOP_40_1_fu_115/ap_clk
    SLICE_X24Y53         FDRE                                         r  bd_0_i/hls_inst/inst/grp_convEncoder_Seq_Pipeline_VITIS_LOOP_40_1_fu_115/i_fu_62_reg[1]/C
  -------------------------------------------------------------------    -------------------
    SLICE_X24Y53         FDRE (Prop_HFF2_SLICEL_C_Q)
                                                      0.080     0.109 r  bd_0_i/hls_inst/inst/grp_convEncoder_Seq_Pipeline_VITIS_LOOP_40_1_fu_115/i_fu_62_reg[1]/Q
                         net (fo=17, routed)          0.344     0.453    bd_0_i/hls_inst/inst/grp_convEncoder_Seq_Pipeline_VITIS_LOOP_40_1_fu_115/i_fu_62_reg[1]
    SLICE_X26Y54         LUT6 (Prop_H6LUT_SLICEL_I3_O)
                                                      0.090     0.543 f  bd_0_i/hls_inst/inst/grp_convEncoder_Seq_Pipeline_VITIS_LOOP_40_1_fu_115/empty_fu_66[0]_i_7/O
                         net (fo=1, routed)           0.230     0.773    bd_0_i/hls_inst/inst/grp_convEncoder_Seq_Pipeline_VITIS_LOOP_40_1_fu_115/empty_fu_66[0]_i_7_n_3
    SLICE_X25Y54         LUT6 (Prop_H6LUT_SLICEM_I4_O)
                                                      0.152     0.925 r  bd_0_i/hls_inst/inst/grp_convEncoder_Seq_Pipeline_VITIS_LOOP_40_1_fu_115/empty_fu_66[0]_i_3/O
                         net (fo=3, routed)           0.104     1.029    bd_0_i/hls_inst/inst/grp_convEncoder_Seq_Pipeline_VITIS_LOOP_40_1_fu_115/empty_fu_66[0]_i_3_n_3
    SLICE_X25Y53         LUT6 (Prop_C6LUT_SLICEM_I2_O)
                                                      0.123     1.152 f  bd_0_i/hls_inst/inst/grp_convEncoder_Seq_Pipeline_VITIS_LOOP_40_1_fu_115/encoded_fu_58[62]_i_2/O
                         net (fo=32, routed)          0.369     1.521    bd_0_i/hls_inst/inst/grp_convEncoder_Seq_Pipeline_VITIS_LOOP_40_1_fu_115/encoded_fu_58[62]_i_2_n_3
    SLICE_X22Y49         LUT6 (Prop_C6LUT_SLICEL_I5_O)
                                                      0.146     1.667 r  bd_0_i/hls_inst/inst/grp_convEncoder_Seq_Pipeline_VITIS_LOOP_40_1_fu_115/encoded_fu_58[2]_i_1/O
                         net (fo=1, routed)           0.050     1.717    bd_0_i/hls_inst/inst/grp_convEncoder_Seq_Pipeline_VITIS_LOOP_40_1_fu_115/encoded_1_fu_247_p4[2]
    SLICE_X22Y49         FDRE                                         r  bd_0_i/hls_inst/inst/grp_convEncoder_Seq_Pipeline_VITIS_LOOP_40_1_fu_115/encoded_fu_58_reg[2]/D
  -------------------------------------------------------------------    -------------------

                         (clock ap_clk rise edge)    10.000    10.000 r  
                                                      0.000    10.000 r  ap_clk (IN)
                         net (fo=155, unset)          0.020    10.020    bd_0_i/hls_inst/inst/grp_convEncoder_Seq_Pipeline_VITIS_LOOP_40_1_fu_115/ap_clk
    SLICE_X22Y49         FDRE                                         r  bd_0_i/hls_inst/inst/grp_convEncoder_Seq_Pipeline_VITIS_LOOP_40_1_fu_115/encoded_fu_58_reg[2]/C
                         clock pessimism              0.000    10.020    
                         clock uncertainty           -0.035     9.985    
    SLICE_X22Y49         FDRE (Setup_CFF_SLICEL_C_D)
                                                      0.025    10.010    bd_0_i/hls_inst/inst/grp_convEncoder_Seq_Pipeline_VITIS_LOOP_40_1_fu_115/encoded_fu_58_reg[2]
  -------------------------------------------------------------------
                         required time                         10.010    
                         arrival time                          -1.717    
  -------------------------------------------------------------------
                         slack                                  8.292    

Slack (MET) :             8.307ns  (required time - arrival time)
  Source:                 bd_0_i/hls_inst/inst/grp_convEncoder_Seq_Pipeline_VITIS_LOOP_40_1_fu_115/i_fu_62_reg[1]/C
                            (rising edge-triggered cell FDRE clocked by ap_clk  {rise@0.000ns fall@5.000ns period=10.000ns})
  Destination:            bd_0_i/hls_inst/inst/grp_convEncoder_Seq_Pipeline_VITIS_LOOP_40_1_fu_115/encoded_fu_58_reg[17]/D
                            (rising edge-triggered cell FDRE clocked by ap_clk  {rise@0.000ns fall@5.000ns period=10.000ns})
  Path Group:             ap_clk
  Path Type:              Setup (Max at Slow Process Corner)
  Requirement:            10.000ns  (ap_clk rise@10.000ns - ap_clk rise@0.000ns)
  Data Path Delay:        1.675ns  (logic 0.616ns (36.775%)  route 1.059ns (63.225%))
  Logic Levels:           4  (LUT6=4)
  Clock Path Skew:        -0.008ns (DCD - SCD + CPR)
    Destination Clock Delay (DCD):    0.021ns = ( 10.021 - 10.000 ) 
    Source Clock Delay      (SCD):    0.029ns
    Clock Pessimism Removal (CPR):    0.000ns
  Clock Uncertainty:      0.035ns  ((TSJ^2 + TIJ^2)^1/2 + DJ) / 2 + PE
    Total System Jitter     (TSJ):    0.071ns
    Total Input Jitter      (TIJ):    0.000ns
    Discrete Jitter          (DJ):    0.000ns
    Phase Error              (PE):    0.000ns

    Location             Delay type                Incr(ns)  Path(ns)    Netlist Resource(s)
  -------------------------------------------------------------------    -------------------
                         (clock ap_clk rise edge)     0.000     0.000 r  
                                                      0.000     0.000 r  ap_clk (IN)
                         net (fo=155, unset)          0.029     0.029    bd_0_i/hls_inst/inst/grp_convEncoder_Seq_Pipeline_VITIS_LOOP_40_1_fu_115/ap_clk
    SLICE_X24Y53         FDRE                                         r  bd_0_i/hls_inst/inst/grp_convEncoder_Seq_Pipeline_VITIS_LOOP_40_1_fu_115/i_fu_62_reg[1]/C
  -------------------------------------------------------------------    -------------------
    SLICE_X24Y53         FDRE (Prop_HFF2_SLICEL_C_Q)
                                                      0.080     0.109 r  bd_0_i/hls_inst/inst/grp_convEncoder_Seq_Pipeline_VITIS_LOOP_40_1_fu_115/i_fu_62_reg[1]/Q
                         net (fo=17, routed)          0.344     0.453    bd_0_i/hls_inst/inst/grp_convEncoder_Seq_Pipeline_VITIS_LOOP_40_1_fu_115/i_fu_62_reg[1]
    SLICE_X26Y54         LUT6 (Prop_H6LUT_SLICEL_I3_O)
                                                      0.090     0.543 f  bd_0_i/hls_inst/inst/grp_convEncoder_Seq_Pipeline_VITIS_LOOP_40_1_fu_115/empty_fu_66[0]_i_7/O
                         net (fo=1, routed)           0.230     0.773    bd_0_i/hls_inst/inst/grp_convEncoder_Seq_Pipeline_VITIS_LOOP_40_1_fu_115/empty_fu_66[0]_i_7_n_3
    SLICE_X25Y54         LUT6 (Prop_H6LUT_SLICEM_I4_O)
                                                      0.152     0.925 r  bd_0_i/hls_inst/inst/grp_convEncoder_Seq_Pipeline_VITIS_LOOP_40_1_fu_115/empty_fu_66[0]_i_3/O
                         net (fo=3, routed)           0.117     1.042    bd_0_i/hls_inst/inst/grp_convEncoder_Seq_Pipeline_VITIS_LOOP_40_1_fu_115/empty_fu_66[0]_i_3_n_3
    SLICE_X25Y53         LUT6 (Prop_B6LUT_SLICEM_I2_O)
                                                      0.149     1.191 f  bd_0_i/hls_inst/inst/grp_convEncoder_Seq_Pipeline_VITIS_LOOP_40_1_fu_115/encoded_fu_58[63]_i_5/O
                         net (fo=32, routed)          0.296     1.487    bd_0_i/hls_inst/inst/grp_convEncoder_Seq_Pipeline_VITIS_LOOP_40_1_fu_115/encoded_fu_58[63]_i_5_n_3
    SLICE_X21Y53         LUT6 (Prop_D6LUT_SLICEM_I1_O)
                                                      0.145     1.632 r  bd_0_i/hls_inst/inst/grp_convEncoder_Seq_Pipeline_VITIS_LOOP_40_1_fu_115/encoded_fu_58[17]_i_1/O
                         net (fo=1, routed)           0.072     1.704    bd_0_i/hls_inst/inst/grp_convEncoder_Seq_Pipeline_VITIS_LOOP_40_1_fu_115/encoded_1_fu_247_p4[17]
    SLICE_X21Y53         FDRE                                         r  bd_0_i/hls_inst/inst/grp_convEncoder_Seq_Pipeline_VITIS_LOOP_40_1_fu_115/encoded_fu_58_reg[17]/D
  -------------------------------------------------------------------    -------------------

                         (clock ap_clk rise edge)    10.000    10.000 r  
                                                      0.000    10.000 r  ap_clk (IN)
                         net (fo=155, unset)          0.021    10.021    bd_0_i/hls_inst/inst/grp_convEncoder_Seq_Pipeline_VITIS_LOOP_40_1_fu_115/ap_clk
    SLICE_X21Y53         FDRE                                         r  bd_0_i/hls_inst/inst/grp_convEncoder_Seq_Pipeline_VITIS_LOOP_40_1_fu_115/encoded_fu_58_reg[17]/C
                         clock pessimism              0.000    10.021    
                         clock uncertainty           -0.035     9.986    
    SLICE_X21Y53         FDRE (Setup_DFF_SLICEM_C_D)
                                                      0.025    10.011    bd_0_i/hls_inst/inst/grp_convEncoder_Seq_Pipeline_VITIS_LOOP_40_1_fu_115/encoded_fu_58_reg[17]
  -------------------------------------------------------------------
                         required time                         10.011    
                         arrival time                          -1.704    
  -------------------------------------------------------------------
                         slack                                  8.307    

Slack (MET) :             8.312ns  (required time - arrival time)
  Source:                 bd_0_i/hls_inst/inst/grp_convEncoder_Seq_Pipeline_VITIS_LOOP_40_1_fu_115/i_fu_62_reg[1]/C
                            (rising edge-triggered cell FDRE clocked by ap_clk  {rise@0.000ns fall@5.000ns period=10.000ns})
  Destination:            bd_0_i/hls_inst/inst/grp_convEncoder_Seq_Pipeline_VITIS_LOOP_40_1_fu_115/encoded_fu_58_reg[3]/D
                            (rising edge-triggered cell FDRE clocked by ap_clk  {rise@0.000ns fall@5.000ns period=10.000ns})
  Path Group:             ap_clk
  Path Type:              Setup (Max at Slow Process Corner)
  Requirement:            10.000ns  (ap_clk rise@10.000ns - ap_clk rise@0.000ns)
  Data Path Delay:        1.668ns  (logic 0.619ns (37.101%)  route 1.049ns (62.899%))
  Logic Levels:           4  (LUT6=4)
  Clock Path Skew:        -0.009ns (DCD - SCD + CPR)
    Destination Clock Delay (DCD):    0.020ns = ( 10.020 - 10.000 ) 
    Source Clock Delay      (SCD):    0.029ns
    Clock Pessimism Removal (CPR):    0.000ns
  Clock Uncertainty:      0.035ns  ((TSJ^2 + TIJ^2)^1/2 + DJ) / 2 + PE
    Total System Jitter     (TSJ):    0.071ns
    Total Input Jitter      (TIJ):    0.000ns
    Discrete Jitter          (DJ):    0.000ns
    Phase Error              (PE):    0.000ns

    Location             Delay type                Incr(ns)  Path(ns)    Netlist Resource(s)
  -------------------------------------------------------------------    -------------------
                         (clock ap_clk rise edge)     0.000     0.000 r  
                                                      0.000     0.000 r  ap_clk (IN)
                         net (fo=155, unset)          0.029     0.029    bd_0_i/hls_inst/inst/grp_convEncoder_Seq_Pipeline_VITIS_LOOP_40_1_fu_115/ap_clk
    SLICE_X24Y53         FDRE                                         r  bd_0_i/hls_inst/inst/grp_convEncoder_Seq_Pipeline_VITIS_LOOP_40_1_fu_115/i_fu_62_reg[1]/C
  -------------------------------------------------------------------    -------------------
    SLICE_X24Y53         FDRE (Prop_HFF2_SLICEL_C_Q)
                                                      0.080     0.109 r  bd_0_i/hls_inst/inst/grp_convEncoder_Seq_Pipeline_VITIS_LOOP_40_1_fu_115/i_fu_62_reg[1]/Q
                         net (fo=17, routed)          0.344     0.453    bd_0_i/hls_inst/inst/grp_convEncoder_Seq_Pipeline_VITIS_LOOP_40_1_fu_115/i_fu_62_reg[1]
    SLICE_X26Y54         LUT6 (Prop_H6LUT_SLICEL_I3_O)
                                                      0.090     0.543 f  bd_0_i/hls_inst/inst/grp_convEncoder_Seq_Pipeline_VITIS_LOOP_40_1_fu_115/empty_fu_66[0]_i_7/O
                         net (fo=1, routed)           0.230     0.773    bd_0_i/hls_inst/inst/grp_convEncoder_Seq_Pipeline_VITIS_LOOP_40_1_fu_115/empty_fu_66[0]_i_7_n_3
    SLICE_X25Y54         LUT6 (Prop_H6LUT_SLICEM_I4_O)
                                                      0.152     0.925 r  bd_0_i/hls_inst/inst/grp_convEncoder_Seq_Pipeline_VITIS_LOOP_40_1_fu_115/empty_fu_66[0]_i_3/O
                         net (fo=3, routed)           0.117     1.042    bd_0_i/hls_inst/inst/grp_convEncoder_Seq_Pipeline_VITIS_LOOP_40_1_fu_115/empty_fu_66[0]_i_3_n_3
    SLICE_X25Y53         LUT6 (Prop_B6LUT_SLICEM_I2_O)
                                                      0.149     1.191 f  bd_0_i/hls_inst/inst/grp_convEncoder_Seq_Pipeline_VITIS_LOOP_40_1_fu_115/encoded_fu_58[63]_i_5/O
                         net (fo=32, routed)          0.309     1.500    bd_0_i/hls_inst/inst/grp_convEncoder_Seq_Pipeline_VITIS_LOOP_40_1_fu_115/encoded_fu_58[63]_i_5_n_3
    SLICE_X22Y50         LUT6 (Prop_B6LUT_SLICEL_I5_O)
                                                      0.148     1.648 r  bd_0_i/hls_inst/inst/grp_convEncoder_Seq_Pipeline_VITIS_LOOP_40_1_fu_115/encoded_fu_58[3]_i_1/O
                         net (fo=1, routed)           0.049     1.697    bd_0_i/hls_inst/inst/grp_convEncoder_Seq_Pipeline_VITIS_LOOP_40_1_fu_115/encoded_1_fu_247_p4[3]
    SLICE_X22Y50         FDRE                                         r  bd_0_i/hls_inst/inst/grp_convEncoder_Seq_Pipeline_VITIS_LOOP_40_1_fu_115/encoded_fu_58_reg[3]/D
  -------------------------------------------------------------------    -------------------

                         (clock ap_clk rise edge)    10.000    10.000 r  
                                                      0.000    10.000 r  ap_clk (IN)
                         net (fo=155, unset)          0.020    10.020    bd_0_i/hls_inst/inst/grp_convEncoder_Seq_Pipeline_VITIS_LOOP_40_1_fu_115/ap_clk
    SLICE_X22Y50         FDRE                                         r  bd_0_i/hls_inst/inst/grp_convEncoder_Seq_Pipeline_VITIS_LOOP_40_1_fu_115/encoded_fu_58_reg[3]/C
                         clock pessimism              0.000    10.020    
                         clock uncertainty           -0.035     9.985    
    SLICE_X22Y50         FDRE (Setup_BFF_SLICEL_C_D)
                                                      0.025    10.010    bd_0_i/hls_inst/inst/grp_convEncoder_Seq_Pipeline_VITIS_LOOP_40_1_fu_115/encoded_fu_58_reg[3]
  -------------------------------------------------------------------
                         required time                         10.010    
                         arrival time                          -1.697    
  -------------------------------------------------------------------
                         slack                                  8.312    

Slack (MET) :             8.313ns  (required time - arrival time)
  Source:                 bd_0_i/hls_inst/inst/grp_convEncoder_Seq_Pipeline_VITIS_LOOP_40_1_fu_115/i_fu_62_reg[1]/C
                            (rising edge-triggered cell FDRE clocked by ap_clk  {rise@0.000ns fall@5.000ns period=10.000ns})
  Destination:            bd_0_i/hls_inst/inst/grp_convEncoder_Seq_Pipeline_VITIS_LOOP_40_1_fu_115/encoded_fu_58_reg[51]/D
                            (rising edge-triggered cell FDRE clocked by ap_clk  {rise@0.000ns fall@5.000ns period=10.000ns})
  Path Group:             ap_clk
  Path Type:              Setup (Max at Slow Process Corner)
  Requirement:            10.000ns  (ap_clk rise@10.000ns - ap_clk rise@0.000ns)
  Data Path Delay:        1.667ns  (logic 0.620ns (37.183%)  route 1.047ns (62.817%))
  Logic Levels:           4  (LUT6=4)
  Clock Path Skew:        -0.009ns (DCD - SCD + CPR)
    Destination Clock Delay (DCD):    0.020ns = ( 10.020 - 10.000 ) 
    Source Clock Delay      (SCD):    0.029ns
    Clock Pessimism Removal (CPR):    0.000ns
  Clock Uncertainty:      0.035ns  ((TSJ^2 + TIJ^2)^1/2 + DJ) / 2 + PE
    Total System Jitter     (TSJ):    0.071ns
    Total Input Jitter      (TIJ):    0.000ns
    Discrete Jitter          (DJ):    0.000ns
    Phase Error              (PE):    0.000ns

    Location             Delay type                Incr(ns)  Path(ns)    Netlist Resource(s)
  -------------------------------------------------------------------    -------------------
                         (clock ap_clk rise edge)     0.000     0.000 r  
                                                      0.000     0.000 r  ap_clk (IN)
                         net (fo=155, unset)          0.029     0.029    bd_0_i/hls_inst/inst/grp_convEncoder_Seq_Pipeline_VITIS_LOOP_40_1_fu_115/ap_clk
    SLICE_X24Y53         FDRE                                         r  bd_0_i/hls_inst/inst/grp_convEncoder_Seq_Pipeline_VITIS_LOOP_40_1_fu_115/i_fu_62_reg[1]/C
  -------------------------------------------------------------------    -------------------
    SLICE_X24Y53         FDRE (Prop_HFF2_SLICEL_C_Q)
                                                      0.080     0.109 r  bd_0_i/hls_inst/inst/grp_convEncoder_Seq_Pipeline_VITIS_LOOP_40_1_fu_115/i_fu_62_reg[1]/Q
                         net (fo=17, routed)          0.344     0.453    bd_0_i/hls_inst/inst/grp_convEncoder_Seq_Pipeline_VITIS_LOOP_40_1_fu_115/i_fu_62_reg[1]
    SLICE_X26Y54         LUT6 (Prop_H6LUT_SLICEL_I3_O)
                                                      0.090     0.543 f  bd_0_i/hls_inst/inst/grp_convEncoder_Seq_Pipeline_VITIS_LOOP_40_1_fu_115/empty_fu_66[0]_i_7/O
                         net (fo=1, routed)           0.230     0.773    bd_0_i/hls_inst/inst/grp_convEncoder_Seq_Pipeline_VITIS_LOOP_40_1_fu_115/empty_fu_66[0]_i_7_n_3
    SLICE_X25Y54         LUT6 (Prop_H6LUT_SLICEM_I4_O)
                                                      0.152     0.925 r  bd_0_i/hls_inst/inst/grp_convEncoder_Seq_Pipeline_VITIS_LOOP_40_1_fu_115/empty_fu_66[0]_i_3/O
                         net (fo=3, routed)           0.117     1.042    bd_0_i/hls_inst/inst/grp_convEncoder_Seq_Pipeline_VITIS_LOOP_40_1_fu_115/empty_fu_66[0]_i_3_n_3
    SLICE_X25Y53         LUT6 (Prop_B6LUT_SLICEM_I2_O)
                                                      0.149     1.191 f  bd_0_i/hls_inst/inst/grp_convEncoder_Seq_Pipeline_VITIS_LOOP_40_1_fu_115/encoded_fu_58[63]_i_5/O
                         net (fo=32, routed)          0.308     1.499    bd_0_i/hls_inst/inst/grp_convEncoder_Seq_Pipeline_VITIS_LOOP_40_1_fu_115/encoded_fu_58[63]_i_5_n_3
    SLICE_X22Y50         LUT6 (Prop_A6LUT_SLICEL_I1_O)
                                                      0.149     1.648 r  bd_0_i/hls_inst/inst/grp_convEncoder_Seq_Pipeline_VITIS_LOOP_40_1_fu_115/encoded_fu_58[51]_i_1/O
                         net (fo=1, routed)           0.048     1.696    bd_0_i/hls_inst/inst/grp_convEncoder_Seq_Pipeline_VITIS_LOOP_40_1_fu_115/encoded_1_fu_247_p4[51]
    SLICE_X22Y50         FDRE                                         r  bd_0_i/hls_inst/inst/grp_convEncoder_Seq_Pipeline_VITIS_LOOP_40_1_fu_115/encoded_fu_58_reg[51]/D
  -------------------------------------------------------------------    -------------------

                         (clock ap_clk rise edge)    10.000    10.000 r  
                                                      0.000    10.000 r  ap_clk (IN)
                         net (fo=155, unset)          0.020    10.020    bd_0_i/hls_inst/inst/grp_convEncoder_Seq_Pipeline_VITIS_LOOP_40_1_fu_115/ap_clk
    SLICE_X22Y50         FDRE                                         r  bd_0_i/hls_inst/inst/grp_convEncoder_Seq_Pipeline_VITIS_LOOP_40_1_fu_115/encoded_fu_58_reg[51]/C
                         clock pessimism              0.000    10.020    
                         clock uncertainty           -0.035     9.985    
    SLICE_X22Y50         FDRE (Setup_AFF_SLICEL_C_D)
                                                      0.025    10.010    bd_0_i/hls_inst/inst/grp_convEncoder_Seq_Pipeline_VITIS_LOOP_40_1_fu_115/encoded_fu_58_reg[51]
  -------------------------------------------------------------------
                         required time                         10.010    
                         arrival time                          -1.696    
  -------------------------------------------------------------------
                         slack                                  8.313    

Slack (MET) :             8.315ns  (required time - arrival time)
  Source:                 bd_0_i/hls_inst/inst/grp_convEncoder_Seq_Pipeline_VITIS_LOOP_40_1_fu_115/i_fu_62_reg[1]/C
                            (rising edge-triggered cell FDRE clocked by ap_clk  {rise@0.000ns fall@5.000ns period=10.000ns})
  Destination:            bd_0_i/hls_inst/inst/grp_convEncoder_Seq_Pipeline_VITIS_LOOP_40_1_fu_115/encoded_fu_58_reg[50]/D
                            (rising edge-triggered cell FDRE clocked by ap_clk  {rise@0.000ns fall@5.000ns period=10.000ns})
  Path Group:             ap_clk
  Path Type:              Setup (Max at Slow Process Corner)
  Requirement:            10.000ns  (ap_clk rise@10.000ns - ap_clk rise@0.000ns)
  Data Path Delay:        1.665ns  (logic 0.543ns (32.603%)  route 1.122ns (67.397%))
  Logic Levels:           4  (LUT6=4)
  Clock Path Skew:        -0.009ns (DCD - SCD + CPR)
    Destination Clock Delay (DCD):    0.020ns = ( 10.020 - 10.000 ) 
    Source Clock Delay      (SCD):    0.029ns
    Clock Pessimism Removal (CPR):    0.000ns
  Clock Uncertainty:      0.035ns  ((TSJ^2 + TIJ^2)^1/2 + DJ) / 2 + PE
    Total System Jitter     (TSJ):    0.071ns
    Total Input Jitter      (TIJ):    0.000ns
    Discrete Jitter          (DJ):    0.000ns
    Phase Error              (PE):    0.000ns

    Location             Delay type                Incr(ns)  Path(ns)    Netlist Resource(s)
  -------------------------------------------------------------------    -------------------
                         (clock ap_clk rise edge)     0.000     0.000 r  
                                                      0.000     0.000 r  ap_clk (IN)
                         net (fo=155, unset)          0.029     0.029    bd_0_i/hls_inst/inst/grp_convEncoder_Seq_Pipeline_VITIS_LOOP_40_1_fu_115/ap_clk
    SLICE_X24Y53         FDRE                                         r  bd_0_i/hls_inst/inst/grp_convEncoder_Seq_Pipeline_VITIS_LOOP_40_1_fu_115/i_fu_62_reg[1]/C
  -------------------------------------------------------------------    -------------------
    SLICE_X24Y53         FDRE (Prop_HFF2_SLICEL_C_Q)
                                                      0.080     0.109 r  bd_0_i/hls_inst/inst/grp_convEncoder_Seq_Pipeline_VITIS_LOOP_40_1_fu_115/i_fu_62_reg[1]/Q
                         net (fo=17, routed)          0.344     0.453    bd_0_i/hls_inst/inst/grp_convEncoder_Seq_Pipeline_VITIS_LOOP_40_1_fu_115/i_fu_62_reg[1]
    SLICE_X26Y54         LUT6 (Prop_H6LUT_SLICEL_I3_O)
                                                      0.090     0.543 f  bd_0_i/hls_inst/inst/grp_convEncoder_Seq_Pipeline_VITIS_LOOP_40_1_fu_115/empty_fu_66[0]_i_7/O
                         net (fo=1, routed)           0.230     0.773    bd_0_i/hls_inst/inst/grp_convEncoder_Seq_Pipeline_VITIS_LOOP_40_1_fu_115/empty_fu_66[0]_i_7_n_3
    SLICE_X25Y54         LUT6 (Prop_H6LUT_SLICEM_I4_O)
                                                      0.152     0.925 r  bd_0_i/hls_inst/inst/grp_convEncoder_Seq_Pipeline_VITIS_LOOP_40_1_fu_115/empty_fu_66[0]_i_3/O
                         net (fo=3, routed)           0.104     1.029    bd_0_i/hls_inst/inst/grp_convEncoder_Seq_Pipeline_VITIS_LOOP_40_1_fu_115/empty_fu_66[0]_i_3_n_3
    SLICE_X25Y53         LUT6 (Prop_C6LUT_SLICEM_I2_O)
                                                      0.123     1.152 f  bd_0_i/hls_inst/inst/grp_convEncoder_Seq_Pipeline_VITIS_LOOP_40_1_fu_115/encoded_fu_58[62]_i_2/O
                         net (fo=32, routed)          0.395     1.547    bd_0_i/hls_inst/inst/grp_convEncoder_Seq_Pipeline_VITIS_LOOP_40_1_fu_115/encoded_fu_58[62]_i_2_n_3
    SLICE_X23Y49         LUT6 (Prop_B6LUT_SLICEL_I1_O)
                                                      0.098     1.645 r  bd_0_i/hls_inst/inst/grp_convEncoder_Seq_Pipeline_VITIS_LOOP_40_1_fu_115/encoded_fu_58[50]_i_1/O
                         net (fo=1, routed)           0.049     1.694    bd_0_i/hls_inst/inst/grp_convEncoder_Seq_Pipeline_VITIS_LOOP_40_1_fu_115/encoded_1_fu_247_p4[50]
    SLICE_X23Y49         FDRE                                         r  bd_0_i/hls_inst/inst/grp_convEncoder_Seq_Pipeline_VITIS_LOOP_40_1_fu_115/encoded_fu_58_reg[50]/D
  -------------------------------------------------------------------    -------------------

                         (clock ap_clk rise edge)    10.000    10.000 r  
                                                      0.000    10.000 r  ap_clk (IN)
                         net (fo=155, unset)          0.020    10.020    bd_0_i/hls_inst/inst/grp_convEncoder_Seq_Pipeline_VITIS_LOOP_40_1_fu_115/ap_clk
    SLICE_X23Y49         FDRE                                         r  bd_0_i/hls_inst/inst/grp_convEncoder_Seq_Pipeline_VITIS_LOOP_40_1_fu_115/encoded_fu_58_reg[50]/C
                         clock pessimism              0.000    10.020    
                         clock uncertainty           -0.035     9.985    
    SLICE_X23Y49         FDRE (Setup_BFF_SLICEL_C_D)
                                                      0.025    10.010    bd_0_i/hls_inst/inst/grp_convEncoder_Seq_Pipeline_VITIS_LOOP_40_1_fu_115/encoded_fu_58_reg[50]
  -------------------------------------------------------------------
                         required time                         10.010    
                         arrival time                          -1.694    
  -------------------------------------------------------------------
                         slack                                  8.315    

Slack (MET) :             8.319ns  (required time - arrival time)
  Source:                 bd_0_i/hls_inst/inst/grp_convEncoder_Seq_Pipeline_VITIS_LOOP_40_1_fu_115/i_fu_62_reg[1]/C
                            (rising edge-triggered cell FDRE clocked by ap_clk  {rise@0.000ns fall@5.000ns period=10.000ns})
  Destination:            bd_0_i/hls_inst/inst/grp_convEncoder_Seq_Pipeline_VITIS_LOOP_40_1_fu_115/encoded_fu_58_reg[20]/D
                            (rising edge-triggered cell FDRE clocked by ap_clk  {rise@0.000ns fall@5.000ns period=10.000ns})
  Path Group:             ap_clk
  Path Type:              Setup (Max at Slow Process Corner)
  Requirement:            10.000ns  (ap_clk rise@10.000ns - ap_clk rise@0.000ns)
  Data Path Delay:        1.662ns  (logic 0.534ns (32.137%)  route 1.128ns (67.863%))
  Logic Levels:           4  (LUT6=4)
  Clock Path Skew:        -0.009ns (DCD - SCD + CPR)
    Destination Clock Delay (DCD):    0.020ns = ( 10.020 - 10.000 ) 
    Source Clock Delay      (SCD):    0.029ns
    Clock Pessimism Removal (CPR):    0.000ns
  Clock Uncertainty:      0.035ns  ((TSJ^2 + TIJ^2)^1/2 + DJ) / 2 + PE
    Total System Jitter     (TSJ):    0.071ns
    Total Input Jitter      (TIJ):    0.000ns
    Discrete Jitter          (DJ):    0.000ns
    Phase Error              (PE):    0.000ns

    Location             Delay type                Incr(ns)  Path(ns)    Netlist Resource(s)
  -------------------------------------------------------------------    -------------------
                         (clock ap_clk rise edge)     0.000     0.000 r  
                                                      0.000     0.000 r  ap_clk (IN)
                         net (fo=155, unset)          0.029     0.029    bd_0_i/hls_inst/inst/grp_convEncoder_Seq_Pipeline_VITIS_LOOP_40_1_fu_115/ap_clk
    SLICE_X24Y53         FDRE                                         r  bd_0_i/hls_inst/inst/grp_convEncoder_Seq_Pipeline_VITIS_LOOP_40_1_fu_115/i_fu_62_reg[1]/C
  -------------------------------------------------------------------    -------------------
    SLICE_X24Y53         FDRE (Prop_HFF2_SLICEL_C_Q)
                                                      0.080     0.109 r  bd_0_i/hls_inst/inst/grp_convEncoder_Seq_Pipeline_VITIS_LOOP_40_1_fu_115/i_fu_62_reg[1]/Q
                         net (fo=17, routed)          0.344     0.453    bd_0_i/hls_inst/inst/grp_convEncoder_Seq_Pipeline_VITIS_LOOP_40_1_fu_115/i_fu_62_reg[1]
    SLICE_X26Y54         LUT6 (Prop_H6LUT_SLICEL_I3_O)
                                                      0.090     0.543 f  bd_0_i/hls_inst/inst/grp_convEncoder_Seq_Pipeline_VITIS_LOOP_40_1_fu_115/empty_fu_66[0]_i_7/O
                         net (fo=1, routed)           0.230     0.773    bd_0_i/hls_inst/inst/grp_convEncoder_Seq_Pipeline_VITIS_LOOP_40_1_fu_115/empty_fu_66[0]_i_7_n_3
    SLICE_X25Y54         LUT6 (Prop_H6LUT_SLICEM_I4_O)
                                                      0.152     0.925 r  bd_0_i/hls_inst/inst/grp_convEncoder_Seq_Pipeline_VITIS_LOOP_40_1_fu_115/empty_fu_66[0]_i_3/O
                         net (fo=3, routed)           0.104     1.029    bd_0_i/hls_inst/inst/grp_convEncoder_Seq_Pipeline_VITIS_LOOP_40_1_fu_115/empty_fu_66[0]_i_3_n_3
    SLICE_X25Y53         LUT6 (Prop_C6LUT_SLICEM_I2_O)
                                                      0.123     1.152 f  bd_0_i/hls_inst/inst/grp_convEncoder_Seq_Pipeline_VITIS_LOOP_40_1_fu_115/encoded_fu_58[62]_i_2/O
                         net (fo=32, routed)          0.400     1.553    bd_0_i/hls_inst/inst/grp_convEncoder_Seq_Pipeline_VITIS_LOOP_40_1_fu_115/encoded_fu_58[62]_i_2_n_3
    SLICE_X24Y49         LUT6 (Prop_D6LUT_SLICEL_I1_O)
                                                      0.089     1.642 r  bd_0_i/hls_inst/inst/grp_convEncoder_Seq_Pipeline_VITIS_LOOP_40_1_fu_115/encoded_fu_58[20]_i_1/O
                         net (fo=1, routed)           0.049     1.691    bd_0_i/hls_inst/inst/grp_convEncoder_Seq_Pipeline_VITIS_LOOP_40_1_fu_115/encoded_1_fu_247_p4[20]
    SLICE_X24Y49         FDRE                                         r  bd_0_i/hls_inst/inst/grp_convEncoder_Seq_Pipeline_VITIS_LOOP_40_1_fu_115/encoded_fu_58_reg[20]/D
  -------------------------------------------------------------------    -------------------

                         (clock ap_clk rise edge)    10.000    10.000 r  
                                                      0.000    10.000 r  ap_clk (IN)
                         net (fo=155, unset)          0.020    10.020    bd_0_i/hls_inst/inst/grp_convEncoder_Seq_Pipeline_VITIS_LOOP_40_1_fu_115/ap_clk
    SLICE_X24Y49         FDRE                                         r  bd_0_i/hls_inst/inst/grp_convEncoder_Seq_Pipeline_VITIS_LOOP_40_1_fu_115/encoded_fu_58_reg[20]/C
                         clock pessimism              0.000    10.020    
                         clock uncertainty           -0.035     9.985    
    SLICE_X24Y49         FDRE (Setup_DFF_SLICEL_C_D)
                                                      0.025    10.010    bd_0_i/hls_inst/inst/grp_convEncoder_Seq_Pipeline_VITIS_LOOP_40_1_fu_115/encoded_fu_58_reg[20]
  -------------------------------------------------------------------
                         required time                         10.010    
                         arrival time                          -1.691    
  -------------------------------------------------------------------
                         slack                                  8.319    




