Copyright 1986-2022 Xilinx, Inc. All Rights Reserved. Copyright 2022-2025 Advanced Micro Devices, Inc. All Rights Reserved.
---------------------------------------------------------------------------------------------------------------------------------------------
| Tool Version : Vivado v.2025.2 (win64) Build 6299465 Fri Nov 14 19:35:11 GMT 2025
| Date         : Wed Mar 18 16:14:13 2026
| Host         : Dulina running 64-bit major release  (build 9200)
| Command      : report_design_analysis -file ./report/convEncoder_Seq_design_analysis_routed.rpt
| Design       : bd_0_wrapper
| Device       : xcku5p
| Design State : Routed
---------------------------------------------------------------------------------------------------------------------------------------------

Report Design Analysis

Table of Contents
-----------------
1. Setup Path Characteristics 1-1
2. Logic Level Distribution
3. Placer Final Level Congestion Reporting
4. Router Initial Congestion

1. Setup Path Characteristics 1-1
---------------------------------

+---------------------------+---------------------------------------------------------+
|      Characteristics      |                         Path #1                         |
+---------------------------+---------------------------------------------------------+
| Requirement               | 10.000                                                  |
| Path Delay                | 1.736                                                   |
| Logic Delay               | 0.591(35%)                                              |
| Net Delay                 | 1.145(65%)                                              |
| Clock Skew                | -0.009                                                  |
| Slack                     | 8.245                                                   |
| Clock Uncertainty         | 0.035                                                   |
| Clock Pair Classification | Timed                                                   |
| Clock Delay Group         | Same Clock                                              |
| Logic Levels              | 4                                                       |
| Routes                    | 4                                                       |
| Logical Path              | FDRE/C-(17)-LUT6-(1)-LUT6-(3)-LUT6-(32)-LUT6-(1)-FDRE/D |
| Start Point Clock         | ap_clk                                                  |
| End Point Clock           | ap_clk                                                  |
| DSP Block                 | None                                                    |
| RAM Registers             | None-None                                               |
| IO Crossings              | 0                                                       |
| SLR Crossings             | 0                                                       |
| PBlocks                   | 0                                                       |
| High Fanout               | 32                                                      |
| ASYNC REG                 | 0                                                       |
| Dont Touch                | 0                                                       |
| Mark Debug                | 0                                                       |
| Start Point Pin Primitive | FDRE/C                                                  |
| End Point Pin Primitive   | FDRE/D                                                  |
| Start Point Pin           | i_fu_62_reg[1]/C                                        |
| End Point Pin             | encoded_fu_58_reg[36]/D                                 |
+---------------------------+---------------------------------------------------------+
* Bounding box calculated as % of dimensions for the target device (2658, 496)


2. Logic Level Distribution
---------------------------

+-----------------+-------------+-----+-----+----+----+
| End Point Clock | Requirement |  0  |  1  |  2 |  4 |
+-----------------+-------------+-----+-----+----+----+
| ap_clk          | 10.000ns    | 104 | 158 | 13 | 65 |
+-----------------+-------------+-----+-----+----+----+
* Columns represent the logic levels per end point clock
** Distribution is for top worst 340 paths


3. Placer Final Level Congestion Reporting
------------------------------------------

+-----------+------+-------+--------+---------------+----------------+-----+--------+------+------+------+------+-----+-------+-----+------------+
| Direction | Type | Level | Window | Combined LUTs | Avg LUT Inputs | LUT | LUTRAM | Flop | MUXF | RAMB | URAM | DSP | CARRY | SRL | Cell Names |
+-----------+------+-------+--------+---------------+----------------+-----+--------+------+------+------+------+-----+-------+-----+------------+
* No congestion windows are found above level 5


4. Router Initial Congestion
----------------------------

+-----------+------+-------+--------+---------------+----------------+-----+--------+------+------+------+------+-----+-------+-----+------------+-------------+
| Direction | Type | Level | Window | Combined LUTs | Avg LUT Inputs | LUT | LUTRAM | Flop | MUXF | RAMB | URAM | DSP | CARRY | SRL | Cell Names | Sub Windows |
+-----------+------+-------+--------+---------------+----------------+-----+--------+------+------+------+------+-----+-------+-----+------------+-------------+
* No effective congestion windows are found above level 5


