Copyright 1986-2022 Xilinx, Inc. All Rights Reserved. Copyright 2022-2025 Advanced Micro Devices, Inc. All Rights Reserved.
---------------------------------------------------------------------------------------------------------------------------------------------
| Tool Version : Vivado v.2025.2 (win64) Build 6299465 Fri Nov 14 19:35:11 GMT 2025
| Date         : Wed Mar 18 16:10:18 2026
| Host         : Dulina running 64-bit major release  (build 9200)
| Command      : report_utilization -hierarchical -hierarchical_depth 6 -file ./report/convEncoder_Seq_utilization_hierarchical_synth.rpt
| Design       : bd_0_wrapper
| Device       : xcku5p-ffvb676-2-e
| Speed File   : -2
| Design State : Synthesized
---------------------------------------------------------------------------------------------------------------------------------------------

Utilization Design Information

Table of Contents
-----------------
1. Utilization by Hierarchy

1. Utilization by Hierarchy
---------------------------

+-----------------------------------------------------------------+--------------------------------------------------------------------------+------------+------------+---------+------+-----+--------+--------+------+------------+
|                             Instance                            |                                  Module                                  | Total LUTs | Logic LUTs | LUTRAMs | SRLs | FFs | RAMB36 | RAMB18 | URAM | DSP Blocks |
+-----------------------------------------------------------------+--------------------------------------------------------------------------+------------+------------+---------+------+-----+--------+--------+------+------------+
| bd_0_wrapper                                                    |                                                                    (top) |        135 |        135 |       0 |    0 | 156 |      0 |      0 |    0 |          0 |
|   bd_0_i                                                        |                                                                     bd_0 |        135 |        135 |       0 |    0 | 156 |      0 |      0 |    0 |          0 |
|     hls_inst                                                    |                                                          bd_0_hls_inst_0 |        135 |        135 |       0 |    0 | 156 |      0 |      0 |    0 |          0 |
|       inst                                                      |                                          bd_0_hls_inst_0_convEncoder_Seq |        135 |        135 |       0 |    0 | 156 |      0 |      0 |    0 |          0 |
|         (inst)                                                  |                                          bd_0_hls_inst_0_convEncoder_Seq |          5 |          5 |       0 |    0 |  77 |      0 |      0 |    0 |          0 |
|         grp_convEncoder_Seq_Pipeline_VITIS_LOOP_40_1_fu_115     | bd_0_hls_inst_0_convEncoder_Seq_convEncoder_Seq_Pipeline_VITIS_LOOP_40_1 |        130 |        130 |       0 |    0 |  79 |      0 |      0 |    0 |          0 |
|           (grp_convEncoder_Seq_Pipeline_VITIS_LOOP_40_1_fu_115) | bd_0_hls_inst_0_convEncoder_Seq_convEncoder_Seq_Pipeline_VITIS_LOOP_40_1 |        117 |        117 |       0 |    0 |  77 |      0 |      0 |    0 |          0 |
+-----------------------------------------------------------------+--------------------------------------------------------------------------+------------+------------+---------+------+-----+--------+--------+------+------------+


