Copyright 1986-2022 Xilinx, Inc. All Rights Reserved. Copyright 2022-2025 Advanced Micro Devices, Inc. All Rights Reserved.
---------------------------------------------------------------------------------------------------------------------------------------------
| Tool Version : Vivado v.2025.2 (win64) Build 6299465 Fri Nov 14 19:35:11 GMT 2025
| Date         : Wed Mar 18 16:10:39 2026
| Host         : Dulina running 64-bit major release  (build 9200)
| Command      : report_design_analysis -file ./report/convEncoder_Seq_design_analysis_synth.rpt
| Design       : bd_0_wrapper
| Device       : xcku5p
| Design State : Synthesized
---------------------------------------------------------------------------------------------------------------------------------------------

Report Design Analysis

Table of Contents
-----------------
1. Setup Path Characteristics 1-1
2. Logic Level Distribution
3. Placer Final Level Congestion Reporting

1. Setup Path Characteristics 1-1
---------------------------------

+---------------------------+--------------------------------------------------------+
|      Characteristics      |                         Path #1                        |
+---------------------------+--------------------------------------------------------+
| Requirement               | 10.000                                                 |
| Path Delay                | 1.184                                                  |
| Logic Delay               | 0.403(35%)                                             |
| Net Delay                 | 0.781(65%)                                             |
| Clock Skew                | -0.009                                                 |
| Slack                     | 8.797                                                  |
| Clock Uncertainty         | 0.035                                                  |
| Clock Pair Classification | Timed                                                  |
| Clock Delay Group         | Same Clock                                             |
| Logic Levels              | 4                                                      |
| Routes                    | NA                                                     |
| Logical Path              | FDRE/C-(1)-LUT6-(1)-LUT6-(3)-LUT6-(32)-LUT6-(1)-FDRE/D |
| Start Point Clock         | ap_clk                                                 |
| End Point Clock           | ap_clk                                                 |
| DSP Block                 | None                                                   |
| RAM Registers             | None-None                                              |
| IO Crossings              | 0                                                      |
| SLR Crossings             | 0                                                      |
| PBlocks                   | 0                                                      |
| High Fanout               | 32                                                     |
| ASYNC REG                 | 0                                                      |
| Dont Touch                | 0                                                      |
| Mark Debug                | 0                                                      |
| Start Point Pin Primitive | FDRE/C                                                 |
| End Point Pin Primitive   | FDRE/D                                                 |
| Start Point Pin           | in_word_data_reg_178_reg[10]/C                         |
| End Point Pin             | encoded_fu_58_reg[0]/D                                 |
+---------------------------+--------------------------------------------------------+
* Bounding box calculated as % of dimensions for the target device (2658, 496)


2. Logic Level Distribution
---------------------------

+-----------------+-------------+-----+----+----+----+----+
| End Point Clock | Requirement |  0  |  1 |  2 |  3 |  4 |
+-----------------+-------------+-----+----+----+----+----+
| ap_clk          | 10.000ns    | 104 | 88 | 71 | 12 | 65 |
+-----------------+-------------+-----+----+----+----+----+
* Columns represent the logic levels per end point clock
** Distribution is for top worst 340 paths


3. Placer Final Level Congestion Reporting
------------------------------------------

+-----------+------+-------+--------+---------------+----------------+-----+--------+------+------+------+------+-----+-------+-----+------------+
| Direction | Type | Level | Window | Combined LUTs | Avg LUT Inputs | LUT | LUTRAM | Flop | MUXF | RAMB | URAM | DSP | CARRY | SRL | Cell Names |
+-----------+------+-------+--------+---------------+----------------+-----+--------+------+------+------+------+-----+-------+-----+------------+
* The design has not been placed, hence congestion data is not available. The command report_design_analysis -congestion should be run only after place_design has completed.


