Copyright 1986-2022 Xilinx, Inc. All Rights Reserved. Copyright 2022-2025 Advanced Micro Devices, Inc. All Rights Reserved.
--------------------------------------------------------------------------------------------------------------------------------------------------
| Tool Version      : Vivado v.2025.2 (win64) Build 6299465 Fri Nov 14 19:35:11 GMT 2025
| Date              : Wed Mar 18 16:10:39 2026
| Host              : Dulina running 64-bit major release  (build 9200)
| Command           : report_timing -max_paths 10 -file ./report/convEncoder_Seq_timing_paths_synth.rpt
| Design            : bd_0_wrapper
| Device            : xcku5p-ffvb676
| Speed File        : -2  PRODUCTION 1.29 05-01-2022
| Design State      : Synthesized
| Temperature Grade : E
--------------------------------------------------------------------------------------------------------------------------------------------------

Timing Report

Slack (MET) :             8.797ns  (required time - arrival time)
  Source:                 bd_0_i/hls_inst/inst/in_word_data_reg_178_reg[10]/C
                            (rising edge-triggered cell FDRE clocked by ap_clk  {rise@0.000ns fall@5.000ns period=10.000ns})
  Destination:            bd_0_i/hls_inst/inst/grp_convEncoder_Seq_Pipeline_VITIS_LOOP_40_1_fu_115/encoded_fu_58_reg[0]/D
                            (rising edge-triggered cell FDRE clocked by ap_clk  {rise@0.000ns fall@5.000ns period=10.000ns})
  Path Group:             ap_clk
  Path Type:              Setup (Max at Slow Process Corner)
  Requirement:            10.000ns  (ap_clk rise@10.000ns - ap_clk rise@0.000ns)
  Data Path Delay:        1.184ns  (logic 0.403ns (34.037%)  route 0.781ns (65.963%))
  Logic Levels:           4  (LUT6=4)
  Clock Path Skew:        -0.009ns (DCD - SCD + CPR)
    Destination Clock Delay (DCD):    0.021ns = ( 10.021 - 10.000 ) 
    Source Clock Delay      (SCD):    0.030ns
    Clock Pessimism Removal (CPR):    0.000ns
  Clock Uncertainty:      0.035ns  ((TSJ^2 + TIJ^2)^1/2 + DJ) / 2 + PE
    Total System Jitter     (TSJ):    0.071ns
    Total Input Jitter      (TIJ):    0.000ns
    Discrete Jitter          (DJ):    0.000ns
    Phase Error              (PE):    0.000ns

    Location             Delay type                Incr(ns)  Path(ns)    Netlist Resource(s)
  -------------------------------------------------------------------    -------------------
                         (clock ap_clk rise edge)     0.000     0.000 r  
                                                      0.000     0.000 r  ap_clk (IN)
                         net (fo=155, unset)          0.030     0.030    bd_0_i/hls_inst/inst/ap_clk
                         FDRE                                         r  bd_0_i/hls_inst/inst/in_word_data_reg_178_reg[10]/C
  -------------------------------------------------------------------    -------------------
                         FDRE (Prop_FDRE_C_Q)         0.077     0.107 r  bd_0_i/hls_inst/inst/in_word_data_reg_178_reg[10]/Q
                         net (fo=1, unplaced)         0.154     0.261    bd_0_i/hls_inst/inst/grp_convEncoder_Seq_Pipeline_VITIS_LOOP_40_1_fu_115/empty_fu_66[0]_i_4_0[10]
                         LUT6 (Prop_LUT6_I0_O)        0.150     0.411 f  bd_0_i/hls_inst/inst/grp_convEncoder_Seq_Pipeline_VITIS_LOOP_40_1_fu_115/empty_fu_66[0]_i_5/O
                         net (fo=1, unplaced)         0.141     0.552    bd_0_i/hls_inst/inst/grp_convEncoder_Seq_Pipeline_VITIS_LOOP_40_1_fu_115/empty_fu_66[0]_i_5_n_3
                         LUT6 (Prop_LUT6_I0_O)        0.100     0.652 r  bd_0_i/hls_inst/inst/grp_convEncoder_Seq_Pipeline_VITIS_LOOP_40_1_fu_115/empty_fu_66[0]_i_3/O
                         net (fo=3, unplaced)         0.192     0.844    bd_0_i/hls_inst/inst/grp_convEncoder_Seq_Pipeline_VITIS_LOOP_40_1_fu_115/empty_fu_66[0]_i_3_n_3
                         LUT6 (Prop_LUT6_I2_O)        0.038     0.882 f  bd_0_i/hls_inst/inst/grp_convEncoder_Seq_Pipeline_VITIS_LOOP_40_1_fu_115/encoded_fu_58[62]_i_2/O
                         net (fo=32, unplaced)        0.246     1.128    bd_0_i/hls_inst/inst/grp_convEncoder_Seq_Pipeline_VITIS_LOOP_40_1_fu_115/encoded_fu_58[62]_i_2_n_3
                         LUT6 (Prop_LUT6_I5_O)        0.038     1.166 r  bd_0_i/hls_inst/inst/grp_convEncoder_Seq_Pipeline_VITIS_LOOP_40_1_fu_115/encoded_fu_58[0]_i_1/O
                         net (fo=1, unplaced)         0.048     1.214    bd_0_i/hls_inst/inst/grp_convEncoder_Seq_Pipeline_VITIS_LOOP_40_1_fu_115/encoded_1_fu_247_p4[0]
                         FDRE                                         r  bd_0_i/hls_inst/inst/grp_convEncoder_Seq_Pipeline_VITIS_LOOP_40_1_fu_115/encoded_fu_58_reg[0]/D
  -------------------------------------------------------------------    -------------------

                         (clock ap_clk rise edge)    10.000    10.000 r  
                                                      0.000    10.000 r  ap_clk (IN)
                         net (fo=155, unset)          0.021    10.021    bd_0_i/hls_inst/inst/grp_convEncoder_Seq_Pipeline_VITIS_LOOP_40_1_fu_115/ap_clk
                         FDRE                                         r  bd_0_i/hls_inst/inst/grp_convEncoder_Seq_Pipeline_VITIS_LOOP_40_1_fu_115/encoded_fu_58_reg[0]/C
                         clock pessimism              0.000    10.021    
                         clock uncertainty           -0.035     9.986    
                         FDRE (Setup_FDRE_C_D)        0.025    10.011    bd_0_i/hls_inst/inst/grp_convEncoder_Seq_Pipeline_VITIS_LOOP_40_1_fu_115/encoded_fu_58_reg[0]
  -------------------------------------------------------------------
                         required time                         10.011    
                         arrival time                          -1.214    
  -------------------------------------------------------------------
                         slack                                  8.797    

Slack (MET) :             8.797ns  (required time - arrival time)
  Source:                 bd_0_i/hls_inst/inst/in_word_data_reg_178_reg[10]/C
                            (rising edge-triggered cell FDRE clocked by ap_clk  {rise@0.000ns fall@5.000ns period=10.000ns})
  Destination:            bd_0_i/hls_inst/inst/grp_convEncoder_Seq_Pipeline_VITIS_LOOP_40_1_fu_115/encoded_fu_58_reg[10]/D
                            (rising edge-triggered cell FDRE clocked by ap_clk  {rise@0.000ns fall@5.000ns period=10.000ns})
  Path Group:             ap_clk
  Path Type:              Setup (Max at Slow Process Corner)
  Requirement:            10.000ns  (ap_clk rise@10.000ns - ap_clk rise@0.000ns)
  Data Path Delay:        1.184ns  (logic 0.403ns (34.037%)  route 0.781ns (65.963%))
  Logic Levels:           4  (LUT6=4)
  Clock Path Skew:        -0.009ns (DCD - SCD + CPR)
    Destination Clock Delay (DCD):    0.021ns = ( 10.021 - 10.000 ) 
    Source Clock Delay      (SCD):    0.030ns
    Clock Pessimism Removal (CPR):    0.000ns
  Clock Uncertainty:      0.035ns  ((TSJ^2 + TIJ^2)^1/2 + DJ) / 2 + PE
    Total System Jitter     (TSJ):    0.071ns
    Total Input Jitter      (TIJ):    0.000ns
    Discrete Jitter          (DJ):    0.000ns
    Phase Error              (PE):    0.000ns

    Location             Delay type                Incr(ns)  Path(ns)    Netlist Resource(s)
  -------------------------------------------------------------------    -------------------
                         (clock ap_clk rise edge)     0.000     0.000 r  
                                                      0.000     0.000 r  ap_clk (IN)
                         net (fo=155, unset)          0.030     0.030    bd_0_i/hls_inst/inst/ap_clk
                         FDRE                                         r  bd_0_i/hls_inst/inst/in_word_data_reg_178_reg[10]/C
  -------------------------------------------------------------------    -------------------
                         FDRE (Prop_FDRE_C_Q)         0.077     0.107 r  bd_0_i/hls_inst/inst/in_word_data_reg_178_reg[10]/Q
                         net (fo=1, unplaced)         0.154     0.261    bd_0_i/hls_inst/inst/grp_convEncoder_Seq_Pipeline_VITIS_LOOP_40_1_fu_115/empty_fu_66[0]_i_4_0[10]
                         LUT6 (Prop_LUT6_I0_O)        0.150     0.411 f  bd_0_i/hls_inst/inst/grp_convEncoder_Seq_Pipeline_VITIS_LOOP_40_1_fu_115/empty_fu_66[0]_i_5/O
                         net (fo=1, unplaced)         0.141     0.552    bd_0_i/hls_inst/inst/grp_convEncoder_Seq_Pipeline_VITIS_LOOP_40_1_fu_115/empty_fu_66[0]_i_5_n_3
                         LUT6 (Prop_LUT6_I0_O)        0.100     0.652 r  bd_0_i/hls_inst/inst/grp_convEncoder_Seq_Pipeline_VITIS_LOOP_40_1_fu_115/empty_fu_66[0]_i_3/O
                         net (fo=3, unplaced)         0.192     0.844    bd_0_i/hls_inst/inst/grp_convEncoder_Seq_Pipeline_VITIS_LOOP_40_1_fu_115/empty_fu_66[0]_i_3_n_3
                         LUT6 (Prop_LUT6_I2_O)        0.038     0.882 f  bd_0_i/hls_inst/inst/grp_convEncoder_Seq_Pipeline_VITIS_LOOP_40_1_fu_115/encoded_fu_58[62]_i_2/O
                         net (fo=32, unplaced)        0.246     1.128    bd_0_i/hls_inst/inst/grp_convEncoder_Seq_Pipeline_VITIS_LOOP_40_1_fu_115/encoded_fu_58[62]_i_2_n_3
                         LUT6 (Prop_LUT6_I1_O)        0.038     1.166 r  bd_0_i/hls_inst/inst/grp_convEncoder_Seq_Pipeline_VITIS_LOOP_40_1_fu_115/encoded_fu_58[10]_i_1/O
                         net (fo=1, unplaced)         0.048     1.214    bd_0_i/hls_inst/inst/grp_convEncoder_Seq_Pipeline_VITIS_LOOP_40_1_fu_115/encoded_1_fu_247_p4[10]
                         FDRE                                         r  bd_0_i/hls_inst/inst/grp_convEncoder_Seq_Pipeline_VITIS_LOOP_40_1_fu_115/encoded_fu_58_reg[10]/D
  -------------------------------------------------------------------    -------------------

                         (clock ap_clk rise edge)    10.000    10.000 r  
                                                      0.000    10.000 r  ap_clk (IN)
                         net (fo=155, unset)          0.021    10.021    bd_0_i/hls_inst/inst/grp_convEncoder_Seq_Pipeline_VITIS_LOOP_40_1_fu_115/ap_clk
                         FDRE                                         r  bd_0_i/hls_inst/inst/grp_convEncoder_Seq_Pipeline_VITIS_LOOP_40_1_fu_115/encoded_fu_58_reg[10]/C
                         clock pessimism              0.000    10.021    
                         clock uncertainty           -0.035     9.986    
                         FDRE (Setup_FDRE_C_D)        0.025    10.011    bd_0_i/hls_inst/inst/grp_convEncoder_Seq_Pipeline_VITIS_LOOP_40_1_fu_115/encoded_fu_58_reg[10]
  -------------------------------------------------------------------
                         required time                         10.011    
                         arrival time                          -1.214    
  -------------------------------------------------------------------
                         slack                                  8.797    

Slack (MET) :             8.797ns  (required time - arrival time)
  Source:                 bd_0_i/hls_inst/inst/in_word_data_reg_178_reg[10]/C
                            (rising edge-triggered cell FDRE clocked by ap_clk  {rise@0.000ns fall@5.000ns period=10.000ns})
  Destination:            bd_0_i/hls_inst/inst/grp_convEncoder_Seq_Pipeline_VITIS_LOOP_40_1_fu_115/encoded_fu_58_reg[11]/D
                            (rising edge-triggered cell FDRE clocked by ap_clk  {rise@0.000ns fall@5.000ns period=10.000ns})
  Path Group:             ap_clk
  Path Type:              Setup (Max at Slow Process Corner)
  Requirement:            10.000ns  (ap_clk rise@10.000ns - ap_clk rise@0.000ns)
  Data Path Delay:        1.184ns  (logic 0.403ns (34.037%)  route 0.781ns (65.963%))
  Logic Levels:           4  (LUT6=4)
  Clock Path Skew:        -0.009ns (DCD - SCD + CPR)
    Destination Clock Delay (DCD):    0.021ns = ( 10.021 - 10.000 ) 
    Source Clock Delay      (SCD):    0.030ns
    Clock Pessimism Removal (CPR):    0.000ns
  Clock Uncertainty:      0.035ns  ((TSJ^2 + TIJ^2)^1/2 + DJ) / 2 + PE
    Total System Jitter     (TSJ):    0.071ns
    Total Input Jitter      (TIJ):    0.000ns
    Discrete Jitter          (DJ):    0.000ns
    Phase Error              (PE):    0.000ns

    Location             Delay type                Incr(ns)  Path(ns)    Netlist Resource(s)
  -------------------------------------------------------------------    -------------------
                         (clock ap_clk rise edge)     0.000     0.000 r  
                                                      0.000     0.000 r  ap_clk (IN)
                         net (fo=155, unset)          0.030     0.030    bd_0_i/hls_inst/inst/ap_clk
                         FDRE                                         r  bd_0_i/hls_inst/inst/in_word_data_reg_178_reg[10]/C
  -------------------------------------------------------------------    -------------------
                         FDRE (Prop_FDRE_C_Q)         0.077     0.107 r  bd_0_i/hls_inst/inst/in_word_data_reg_178_reg[10]/Q
                         net (fo=1, unplaced)         0.154     0.261    bd_0_i/hls_inst/inst/grp_convEncoder_Seq_Pipeline_VITIS_LOOP_40_1_fu_115/empty_fu_66[0]_i_4_0[10]
                         LUT6 (Prop_LUT6_I0_O)        0.150     0.411 f  bd_0_i/hls_inst/inst/grp_convEncoder_Seq_Pipeline_VITIS_LOOP_40_1_fu_115/empty_fu_66[0]_i_5/O
                         net (fo=1, unplaced)         0.141     0.552    bd_0_i/hls_inst/inst/grp_convEncoder_Seq_Pipeline_VITIS_LOOP_40_1_fu_115/empty_fu_66[0]_i_5_n_3
                         LUT6 (Prop_LUT6_I0_O)        0.100     0.652 r  bd_0_i/hls_inst/inst/grp_convEncoder_Seq_Pipeline_VITIS_LOOP_40_1_fu_115/empty_fu_66[0]_i_3/O
                         net (fo=3, unplaced)         0.192     0.844    bd_0_i/hls_inst/inst/grp_convEncoder_Seq_Pipeline_VITIS_LOOP_40_1_fu_115/empty_fu_66[0]_i_3_n_3
                         LUT6 (Prop_LUT6_I2_O)        0.038     0.882 f  bd_0_i/hls_inst/inst/grp_convEncoder_Seq_Pipeline_VITIS_LOOP_40_1_fu_115/encoded_fu_58[63]_i_5/O
                         net (fo=32, unplaced)        0.246     1.128    bd_0_i/hls_inst/inst/grp_convEncoder_Seq_Pipeline_VITIS_LOOP_40_1_fu_115/encoded_fu_58[63]_i_5_n_3
                         LUT6 (Prop_LUT6_I1_O)        0.038     1.166 r  bd_0_i/hls_inst/inst/grp_convEncoder_Seq_Pipeline_VITIS_LOOP_40_1_fu_115/encoded_fu_58[11]_i_1/O
                         net (fo=1, unplaced)         0.048     1.214    bd_0_i/hls_inst/inst/grp_convEncoder_Seq_Pipeline_VITIS_LOOP_40_1_fu_115/encoded_1_fu_247_p4[11]
                         FDRE                                         r  bd_0_i/hls_inst/inst/grp_convEncoder_Seq_Pipeline_VITIS_LOOP_40_1_fu_115/encoded_fu_58_reg[11]/D
  -------------------------------------------------------------------    -------------------

                         (clock ap_clk rise edge)    10.000    10.000 r  
                                                      0.000    10.000 r  ap_clk (IN)
                         net (fo=155, unset)          0.021    10.021    bd_0_i/hls_inst/inst/grp_convEncoder_Seq_Pipeline_VITIS_LOOP_40_1_fu_115/ap_clk
                         FDRE                                         r  bd_0_i/hls_inst/inst/grp_convEncoder_Seq_Pipeline_VITIS_LOOP_40_1_fu_115/encoded_fu_58_reg[11]/C
                         clock pessimism              0.000    10.021    
                         clock uncertainty           -0.035     9.986    
                         FDRE (Setup_FDRE_C_D)        0.025    10.011    bd_0_i/hls_inst/inst/grp_convEncoder_Seq_Pipeline_VITIS_LOOP_40_1_fu_115/encoded_fu_58_reg[11]
  -------------------------------------------------------------------
                         required time                         10.011    
                         arrival time                          -1.214    
  -------------------------------------------------------------------
                         slack                                  8.797    

Slack (MET) :             8.797ns  (required time - arrival time)
  Source:                 bd_0_i/hls_inst/inst/in_word_data_reg_178_reg[10]/C
                            (rising edge-triggered cell FDRE clocked by ap_clk  {rise@0.000ns fall@5.000ns period=10.000ns})
  Destination:            bd_0_i/hls_inst/inst/grp_convEncoder_Seq_Pipeline_VITIS_LOOP_40_1_fu_115/encoded_fu_58_reg[12]/D
                            (rising edge-triggered cell FDRE clocked by ap_clk  {rise@0.000ns fall@5.000ns period=10.000ns})
  Path Group:             ap_clk
  Path Type:              Setup (Max at Slow Process Corner)
  Requirement:            10.000ns  (ap_clk rise@10.000ns - ap_clk rise@0.000ns)
  Data Path Delay:        1.184ns  (logic 0.403ns (34.037%)  route 0.781ns (65.963%))
  Logic Levels:           4  (LUT6=4)
  Clock Path Skew:        -0.009ns (DCD - SCD + CPR)
    Destination Clock Delay (DCD):    0.021ns = ( 10.021 - 10.000 ) 
    Source Clock Delay      (SCD):    0.030ns
    Clock Pessimism Removal (CPR):    0.000ns
  Clock Uncertainty:      0.035ns  ((TSJ^2 + TIJ^2)^1/2 + DJ) / 2 + PE
    Total System Jitter     (TSJ):    0.071ns
    Total Input Jitter      (TIJ):    0.000ns
    Discrete Jitter          (DJ):    0.000ns
    Phase Error              (PE):    0.000ns

    Location             Delay type                Incr(ns)  Path(ns)    Netlist Resource(s)
  -------------------------------------------------------------------    -------------------
                         (clock ap_clk rise edge)     0.000     0.000 r  
                                                      0.000     0.000 r  ap_clk (IN)
                         net (fo=155, unset)          0.030     0.030    bd_0_i/hls_inst/inst/ap_clk
                         FDRE                                         r  bd_0_i/hls_inst/inst/in_word_data_reg_178_reg[10]/C
  -------------------------------------------------------------------    -------------------
                         FDRE (Prop_FDRE_C_Q)         0.077     0.107 r  bd_0_i/hls_inst/inst/in_word_data_reg_178_reg[10]/Q
                         net (fo=1, unplaced)         0.154     0.261    bd_0_i/hls_inst/inst/grp_convEncoder_Seq_Pipeline_VITIS_LOOP_40_1_fu_115/empty_fu_66[0]_i_4_0[10]
                         LUT6 (Prop_LUT6_I0_O)        0.150     0.411 f  bd_0_i/hls_inst/inst/grp_convEncoder_Seq_Pipeline_VITIS_LOOP_40_1_fu_115/empty_fu_66[0]_i_5/O
                         net (fo=1, unplaced)         0.141     0.552    bd_0_i/hls_inst/inst/grp_convEncoder_Seq_Pipeline_VITIS_LOOP_40_1_fu_115/empty_fu_66[0]_i_5_n_3
                         LUT6 (Prop_LUT6_I0_O)        0.100     0.652 r  bd_0_i/hls_inst/inst/grp_convEncoder_Seq_Pipeline_VITIS_LOOP_40_1_fu_115/empty_fu_66[0]_i_3/O
                         net (fo=3, unplaced)         0.192     0.844    bd_0_i/hls_inst/inst/grp_convEncoder_Seq_Pipeline_VITIS_LOOP_40_1_fu_115/empty_fu_66[0]_i_3_n_3
                         LUT6 (Prop_LUT6_I2_O)        0.038     0.882 f  bd_0_i/hls_inst/inst/grp_convEncoder_Seq_Pipeline_VITIS_LOOP_40_1_fu_115/encoded_fu_58[62]_i_2/O
                         net (fo=32, unplaced)        0.246     1.128    bd_0_i/hls_inst/inst/grp_convEncoder_Seq_Pipeline_VITIS_LOOP_40_1_fu_115/encoded_fu_58[62]_i_2_n_3
                         LUT6 (Prop_LUT6_I1_O)        0.038     1.166 r  bd_0_i/hls_inst/inst/grp_convEncoder_Seq_Pipeline_VITIS_LOOP_40_1_fu_115/encoded_fu_58[12]_i_1/O
                         net (fo=1, unplaced)         0.048     1.214    bd_0_i/hls_inst/inst/grp_convEncoder_Seq_Pipeline_VITIS_LOOP_40_1_fu_115/encoded_1_fu_247_p4[12]
                         FDRE                                         r  bd_0_i/hls_inst/inst/grp_convEncoder_Seq_Pipeline_VITIS_LOOP_40_1_fu_115/encoded_fu_58_reg[12]/D
  -------------------------------------------------------------------    -------------------

                         (clock ap_clk rise edge)    10.000    10.000 r  
                                                      0.000    10.000 r  ap_clk (IN)
                         net (fo=155, unset)          0.021    10.021    bd_0_i/hls_inst/inst/grp_convEncoder_Seq_Pipeline_VITIS_LOOP_40_1_fu_115/ap_clk
                         FDRE                                         r  bd_0_i/hls_inst/inst/grp_convEncoder_Seq_Pipeline_VITIS_LOOP_40_1_fu_115/encoded_fu_58_reg[12]/C
                         clock pessimism              0.000    10.021    
                         clock uncertainty           -0.035     9.986    
                         FDRE (Setup_FDRE_C_D)        0.025    10.011    bd_0_i/hls_inst/inst/grp_convEncoder_Seq_Pipeline_VITIS_LOOP_40_1_fu_115/encoded_fu_58_reg[12]
  -------------------------------------------------------------------
                         required time                         10.011    
                         arrival time                          -1.214    
  -------------------------------------------------------------------
                         slack                                  8.797    

Slack (MET) :             8.797ns  (required time - arrival time)
  Source:                 bd_0_i/hls_inst/inst/in_word_data_reg_178_reg[10]/C
                            (rising edge-triggered cell FDRE clocked by ap_clk  {rise@0.000ns fall@5.000ns period=10.000ns})
  Destination:            bd_0_i/hls_inst/inst/grp_convEncoder_Seq_Pipeline_VITIS_LOOP_40_1_fu_115/encoded_fu_58_reg[13]/D
                            (rising edge-triggered cell FDRE clocked by ap_clk  {rise@0.000ns fall@5.000ns period=10.000ns})
  Path Group:             ap_clk
  Path Type:              Setup (Max at Slow Process Corner)
  Requirement:            10.000ns  (ap_clk rise@10.000ns - ap_clk rise@0.000ns)
  Data Path Delay:        1.184ns  (logic 0.403ns (34.037%)  route 0.781ns (65.963%))
  Logic Levels:           4  (LUT6=4)
  Clock Path Skew:        -0.009ns (DCD - SCD + CPR)
    Destination Clock Delay (DCD):    0.021ns = ( 10.021 - 10.000 ) 
    Source Clock Delay      (SCD):    0.030ns
    Clock Pessimism Removal (CPR):    0.000ns
  Clock Uncertainty:      0.035ns  ((TSJ^2 + TIJ^2)^1/2 + DJ) / 2 + PE
    Total System Jitter     (TSJ):    0.071ns
    Total Input Jitter      (TIJ):    0.000ns
    Discrete Jitter          (DJ):    0.000ns
    Phase Error              (PE):    0.000ns

    Location             Delay type                Incr(ns)  Path(ns)    Netlist Resource(s)
  -------------------------------------------------------------------    -------------------
                         (clock ap_clk rise edge)     0.000     0.000 r  
                                                      0.000     0.000 r  ap_clk (IN)
                         net (fo=155, unset)          0.030     0.030    bd_0_i/hls_inst/inst/ap_clk
                         FDRE                                         r  bd_0_i/hls_inst/inst/in_word_data_reg_178_reg[10]/C
  -------------------------------------------------------------------    -------------------
                         FDRE (Prop_FDRE_C_Q)         0.077     0.107 r  bd_0_i/hls_inst/inst/in_word_data_reg_178_reg[10]/Q
                         net (fo=1, unplaced)         0.154     0.261    bd_0_i/hls_inst/inst/grp_convEncoder_Seq_Pipeline_VITIS_LOOP_40_1_fu_115/empty_fu_66[0]_i_4_0[10]
                         LUT6 (Prop_LUT6_I0_O)        0.150     0.411 f  bd_0_i/hls_inst/inst/grp_convEncoder_Seq_Pipeline_VITIS_LOOP_40_1_fu_115/empty_fu_66[0]_i_5/O
                         net (fo=1, unplaced)         0.141     0.552    bd_0_i/hls_inst/inst/grp_convEncoder_Seq_Pipeline_VITIS_LOOP_40_1_fu_115/empty_fu_66[0]_i_5_n_3
                         LUT6 (Prop_LUT6_I0_O)        0.100     0.652 r  bd_0_i/hls_inst/inst/grp_convEncoder_Seq_Pipeline_VITIS_LOOP_40_1_fu_115/empty_fu_66[0]_i_3/O
                         net (fo=3, unplaced)         0.192     0.844    bd_0_i/hls_inst/inst/grp_convEncoder_Seq_Pipeline_VITIS_LOOP_40_1_fu_115/empty_fu_66[0]_i_3_n_3
                         LUT6 (Prop_LUT6_I2_O)        0.038     0.882 f  bd_0_i/hls_inst/inst/grp_convEncoder_Seq_Pipeline_VITIS_LOOP_40_1_fu_115/encoded_fu_58[63]_i_5/O
                         net (fo=32, unplaced)        0.246     1.128    bd_0_i/hls_inst/inst/grp_convEncoder_Seq_Pipeline_VITIS_LOOP_40_1_fu_115/encoded_fu_58[63]_i_5_n_3
                         LUT6 (Prop_LUT6_I1_O)        0.038     1.166 r  bd_0_i/hls_inst/inst/grp_convEncoder_Seq_Pipeline_VITIS_LOOP_40_1_fu_115/encoded_fu_58[13]_i_1/O
                         net (fo=1, unplaced)         0.048     1.214    bd_0_i/hls_inst/inst/grp_convEncoder_Seq_Pipeline_VITIS_LOOP_40_1_fu_115/encoded_1_fu_247_p4[13]
                         FDRE                                         r  bd_0_i/hls_inst/inst/grp_convEncoder_Seq_Pipeline_VITIS_LOOP_40_1_fu_115/encoded_fu_58_reg[13]/D
  -------------------------------------------------------------------    -------------------

                         (clock ap_clk rise edge)    10.000    10.000 r  
                                                      0.000    10.000 r  ap_clk (IN)
                         net (fo=155, unset)          0.021    10.021    bd_0_i/hls_inst/inst/grp_convEncoder_Seq_Pipeline_VITIS_LOOP_40_1_fu_115/ap_clk
                         FDRE                                         r  bd_0_i/hls_inst/inst/grp_convEncoder_Seq_Pipeline_VITIS_LOOP_40_1_fu_115/encoded_fu_58_reg[13]/C
                         clock pessimism              0.000    10.021    
                         clock uncertainty           -0.035     9.986    
                         FDRE (Setup_FDRE_C_D)        0.025    10.011    bd_0_i/hls_inst/inst/grp_convEncoder_Seq_Pipeline_VITIS_LOOP_40_1_fu_115/encoded_fu_58_reg[13]
  -------------------------------------------------------------------
                         required time                         10.011    
                         arrival time                          -1.214    
  -------------------------------------------------------------------
                         slack                                  8.797    

Slack (MET) :             8.797ns  (required time - arrival time)
  Source:                 bd_0_i/hls_inst/inst/in_word_data_reg_178_reg[10]/C
                            (rising edge-triggered cell FDRE clocked by ap_clk  {rise@0.000ns fall@5.000ns period=10.000ns})
  Destination:            bd_0_i/hls_inst/inst/grp_convEncoder_Seq_Pipeline_VITIS_LOOP_40_1_fu_115/encoded_fu_58_reg[14]/D
                            (rising edge-triggered cell FDRE clocked by ap_clk  {rise@0.000ns fall@5.000ns period=10.000ns})
  Path Group:             ap_clk
  Path Type:              Setup (Max at Slow Process Corner)
  Requirement:            10.000ns  (ap_clk rise@10.000ns - ap_clk rise@0.000ns)
  Data Path Delay:        1.184ns  (logic 0.403ns (34.037%)  route 0.781ns (65.963%))
  Logic Levels:           4  (LUT6=4)
  Clock Path Skew:        -0.009ns (DCD - SCD + CPR)
    Destination Clock Delay (DCD):    0.021ns = ( 10.021 - 10.000 ) 
    Source Clock Delay      (SCD):    0.030ns
    Clock Pessimism Removal (CPR):    0.000ns
  Clock Uncertainty:      0.035ns  ((TSJ^2 + TIJ^2)^1/2 + DJ) / 2 + PE
    Total System Jitter     (TSJ):    0.071ns
    Total Input Jitter      (TIJ):    0.000ns
    Discrete Jitter          (DJ):    0.000ns
    Phase Error              (PE):    0.000ns

    Location             Delay type                Incr(ns)  Path(ns)    Netlist Resource(s)
  -------------------------------------------------------------------    -------------------
                         (clock ap_clk rise edge)     0.000     0.000 r  
                                                      0.000     0.000 r  ap_clk (IN)
                         net (fo=155, unset)          0.030     0.030    bd_0_i/hls_inst/inst/ap_clk
                         FDRE                                         r  bd_0_i/hls_inst/inst/in_word_data_reg_178_reg[10]/C
  -------------------------------------------------------------------    -------------------
                         FDRE (Prop_FDRE_C_Q)         0.077     0.107 r  bd_0_i/hls_inst/inst/in_word_data_reg_178_reg[10]/Q
                         net (fo=1, unplaced)         0.154     0.261    bd_0_i/hls_inst/inst/grp_convEncoder_Seq_Pipeline_VITIS_LOOP_40_1_fu_115/empty_fu_66[0]_i_4_0[10]
                         LUT6 (Prop_LUT6_I0_O)        0.150     0.411 f  bd_0_i/hls_inst/inst/grp_convEncoder_Seq_Pipeline_VITIS_LOOP_40_1_fu_115/empty_fu_66[0]_i_5/O
                         net (fo=1, unplaced)         0.141     0.552    bd_0_i/hls_inst/inst/grp_convEncoder_Seq_Pipeline_VITIS_LOOP_40_1_fu_115/empty_fu_66[0]_i_5_n_3
                         LUT6 (Prop_LUT6_I0_O)        0.100     0.652 r  bd_0_i/hls_inst/inst/grp_convEncoder_Seq_Pipeline_VITIS_LOOP_40_1_fu_115/empty_fu_66[0]_i_3/O
                         net (fo=3, unplaced)         0.192     0.844    bd_0_i/hls_inst/inst/grp_convEncoder_Seq_Pipeline_VITIS_LOOP_40_1_fu_115/empty_fu_66[0]_i_3_n_3
                         LUT6 (Prop_LUT6_I2_O)        0.038     0.882 f  bd_0_i/hls_inst/inst/grp_convEncoder_Seq_Pipeline_VITIS_LOOP_40_1_fu_115/encoded_fu_58[62]_i_2/O
                         net (fo=32, unplaced)        0.246     1.128    bd_0_i/hls_inst/inst/grp_convEncoder_Seq_Pipeline_VITIS_LOOP_40_1_fu_115/encoded_fu_58[62]_i_2_n_3
                         LUT6 (Prop_LUT6_I5_O)        0.038     1.166 r  bd_0_i/hls_inst/inst/grp_convEncoder_Seq_Pipeline_VITIS_LOOP_40_1_fu_115/encoded_fu_58[14]_i_1/O
                         net (fo=1, unplaced)         0.048     1.214    bd_0_i/hls_inst/inst/grp_convEncoder_Seq_Pipeline_VITIS_LOOP_40_1_fu_115/encoded_1_fu_247_p4[14]
                         FDRE                                         r  bd_0_i/hls_inst/inst/grp_convEncoder_Seq_Pipeline_VITIS_LOOP_40_1_fu_115/encoded_fu_58_reg[14]/D
  -------------------------------------------------------------------    -------------------

                         (clock ap_clk rise edge)    10.000    10.000 r  
                                                      0.000    10.000 r  ap_clk (IN)
                         net (fo=155, unset)          0.021    10.021    bd_0_i/hls_inst/inst/grp_convEncoder_Seq_Pipeline_VITIS_LOOP_40_1_fu_115/ap_clk
                         FDRE                                         r  bd_0_i/hls_inst/inst/grp_convEncoder_Seq_Pipeline_VITIS_LOOP_40_1_fu_115/encoded_fu_58_reg[14]/C
                         clock pessimism              0.000    10.021    
                         clock uncertainty           -0.035     9.986    
                         FDRE (Setup_FDRE_C_D)        0.025    10.011    bd_0_i/hls_inst/inst/grp_convEncoder_Seq_Pipeline_VITIS_LOOP_40_1_fu_115/encoded_fu_58_reg[14]
  -------------------------------------------------------------------
                         required time                         10.011    
                         arrival time                          -1.214    
  -------------------------------------------------------------------
                         slack                                  8.797    

Slack (MET) :             8.797ns  (required time - arrival time)
  Source:                 bd_0_i/hls_inst/inst/in_word_data_reg_178_reg[10]/C
                            (rising edge-triggered cell FDRE clocked by ap_clk  {rise@0.000ns fall@5.000ns period=10.000ns})
  Destination:            bd_0_i/hls_inst/inst/grp_convEncoder_Seq_Pipeline_VITIS_LOOP_40_1_fu_115/encoded_fu_58_reg[15]/D
                            (rising edge-triggered cell FDRE clocked by ap_clk  {rise@0.000ns fall@5.000ns period=10.000ns})
  Path Group:             ap_clk
  Path Type:              Setup (Max at Slow Process Corner)
  Requirement:            10.000ns  (ap_clk rise@10.000ns - ap_clk rise@0.000ns)
  Data Path Delay:        1.184ns  (logic 0.403ns (34.037%)  route 0.781ns (65.963%))
  Logic Levels:           4  (LUT6=4)
  Clock Path Skew:        -0.009ns (DCD - SCD + CPR)
    Destination Clock Delay (DCD):    0.021ns = ( 10.021 - 10.000 ) 
    Source Clock Delay      (SCD):    0.030ns
    Clock Pessimism Removal (CPR):    0.000ns
  Clock Uncertainty:      0.035ns  ((TSJ^2 + TIJ^2)^1/2 + DJ) / 2 + PE
    Total System Jitter     (TSJ):    0.071ns
    Total Input Jitter      (TIJ):    0.000ns
    Discrete Jitter          (DJ):    0.000ns
    Phase Error              (PE):    0.000ns

    Location             Delay type                Incr(ns)  Path(ns)    Netlist Resource(s)
  -------------------------------------------------------------------    -------------------
                         (clock ap_clk rise edge)     0.000     0.000 r  
                                                      0.000     0.000 r  ap_clk (IN)
                         net (fo=155, unset)          0.030     0.030    bd_0_i/hls_inst/inst/ap_clk
                         FDRE                                         r  bd_0_i/hls_inst/inst/in_word_data_reg_178_reg[10]/C
  -------------------------------------------------------------------    -------------------
                         FDRE (Prop_FDRE_C_Q)         0.077     0.107 r  bd_0_i/hls_inst/inst/in_word_data_reg_178_reg[10]/Q
                         net (fo=1, unplaced)         0.154     0.261    bd_0_i/hls_inst/inst/grp_convEncoder_Seq_Pipeline_VITIS_LOOP_40_1_fu_115/empty_fu_66[0]_i_4_0[10]
                         LUT6 (Prop_LUT6_I0_O)        0.150     0.411 f  bd_0_i/hls_inst/inst/grp_convEncoder_Seq_Pipeline_VITIS_LOOP_40_1_fu_115/empty_fu_66[0]_i_5/O
                         net (fo=1, unplaced)         0.141     0.552    bd_0_i/hls_inst/inst/grp_convEncoder_Seq_Pipeline_VITIS_LOOP_40_1_fu_115/empty_fu_66[0]_i_5_n_3
                         LUT6 (Prop_LUT6_I0_O)        0.100     0.652 r  bd_0_i/hls_inst/inst/grp_convEncoder_Seq_Pipeline_VITIS_LOOP_40_1_fu_115/empty_fu_66[0]_i_3/O
                         net (fo=3, unplaced)         0.192     0.844    bd_0_i/hls_inst/inst/grp_convEncoder_Seq_Pipeline_VITIS_LOOP_40_1_fu_115/empty_fu_66[0]_i_3_n_3
                         LUT6 (Prop_LUT6_I2_O)        0.038     0.882 f  bd_0_i/hls_inst/inst/grp_convEncoder_Seq_Pipeline_VITIS_LOOP_40_1_fu_115/encoded_fu_58[63]_i_5/O
                         net (fo=32, unplaced)        0.246     1.128    bd_0_i/hls_inst/inst/grp_convEncoder_Seq_Pipeline_VITIS_LOOP_40_1_fu_115/encoded_fu_58[63]_i_5_n_3
                         LUT6 (Prop_LUT6_I5_O)        0.038     1.166 r  bd_0_i/hls_inst/inst/grp_convEncoder_Seq_Pipeline_VITIS_LOOP_40_1_fu_115/encoded_fu_58[15]_i_1/O
                         net (fo=1, unplaced)         0.048     1.214    bd_0_i/hls_inst/inst/grp_convEncoder_Seq_Pipeline_VITIS_LOOP_40_1_fu_115/encoded_1_fu_247_p4[15]
                         FDRE                                         r  bd_0_i/hls_inst/inst/grp_convEncoder_Seq_Pipeline_VITIS_LOOP_40_1_fu_115/encoded_fu_58_reg[15]/D
  -------------------------------------------------------------------    -------------------

                         (clock ap_clk rise edge)    10.000    10.000 r  
                                                      0.000    10.000 r  ap_clk (IN)
                         net (fo=155, unset)          0.021    10.021    bd_0_i/hls_inst/inst/grp_convEncoder_Seq_Pipeline_VITIS_LOOP_40_1_fu_115/ap_clk
                         FDRE                                         r  bd_0_i/hls_inst/inst/grp_convEncoder_Seq_Pipeline_VITIS_LOOP_40_1_fu_115/encoded_fu_58_reg[15]/C
                         clock pessimism              0.000    10.021    
                         clock uncertainty           -0.035     9.986    
                         FDRE (Setup_FDRE_C_D)        0.025    10.011    bd_0_i/hls_inst/inst/grp_convEncoder_Seq_Pipeline_VITIS_LOOP_40_1_fu_115/encoded_fu_58_reg[15]
  -------------------------------------------------------------------
                         required time                         10.011    
                         arrival time                          -1.214    
  -------------------------------------------------------------------
                         slack                                  8.797    

Slack (MET) :             8.797ns  (required time - arrival time)
  Source:                 bd_0_i/hls_inst/inst/in_word_data_reg_178_reg[10]/C
                            (rising edge-triggered cell FDRE clocked by ap_clk  {rise@0.000ns fall@5.000ns period=10.000ns})
  Destination:            bd_0_i/hls_inst/inst/grp_convEncoder_Seq_Pipeline_VITIS_LOOP_40_1_fu_115/encoded_fu_58_reg[16]/D
                            (rising edge-triggered cell FDRE clocked by ap_clk  {rise@0.000ns fall@5.000ns period=10.000ns})
  Path Group:             ap_clk
  Path Type:              Setup (Max at Slow Process Corner)
  Requirement:            10.000ns  (ap_clk rise@10.000ns - ap_clk rise@0.000ns)
  Data Path Delay:        1.184ns  (logic 0.403ns (34.037%)  route 0.781ns (65.963%))
  Logic Levels:           4  (LUT6=4)
  Clock Path Skew:        -0.009ns (DCD - SCD + CPR)
    Destination Clock Delay (DCD):    0.021ns = ( 10.021 - 10.000 ) 
    Source Clock Delay      (SCD):    0.030ns
    Clock Pessimism Removal (CPR):    0.000ns
  Clock Uncertainty:      0.035ns  ((TSJ^2 + TIJ^2)^1/2 + DJ) / 2 + PE
    Total System Jitter     (TSJ):    0.071ns
    Total Input Jitter      (TIJ):    0.000ns
    Discrete Jitter          (DJ):    0.000ns
    Phase Error              (PE):    0.000ns

    Location             Delay type                Incr(ns)  Path(ns)    Netlist Resource(s)
  -------------------------------------------------------------------    -------------------
                         (clock ap_clk rise edge)     0.000     0.000 r  
                                                      0.000     0.000 r  ap_clk (IN)
                         net (fo=155, unset)          0.030     0.030    bd_0_i/hls_inst/inst/ap_clk
                         FDRE                                         r  bd_0_i/hls_inst/inst/in_word_data_reg_178_reg[10]/C
  -------------------------------------------------------------------    -------------------
                         FDRE (Prop_FDRE_C_Q)         0.077     0.107 r  bd_0_i/hls_inst/inst/in_word_data_reg_178_reg[10]/Q
                         net (fo=1, unplaced)         0.154     0.261    bd_0_i/hls_inst/inst/grp_convEncoder_Seq_Pipeline_VITIS_LOOP_40_1_fu_115/empty_fu_66[0]_i_4_0[10]
                         LUT6 (Prop_LUT6_I0_O)        0.150     0.411 f  bd_0_i/hls_inst/inst/grp_convEncoder_Seq_Pipeline_VITIS_LOOP_40_1_fu_115/empty_fu_66[0]_i_5/O
                         net (fo=1, unplaced)         0.141     0.552    bd_0_i/hls_inst/inst/grp_convEncoder_Seq_Pipeline_VITIS_LOOP_40_1_fu_115/empty_fu_66[0]_i_5_n_3
                         LUT6 (Prop_LUT6_I0_O)        0.100     0.652 r  bd_0_i/hls_inst/inst/grp_convEncoder_Seq_Pipeline_VITIS_LOOP_40_1_fu_115/empty_fu_66[0]_i_3/O
                         net (fo=3, unplaced)         0.192     0.844    bd_0_i/hls_inst/inst/grp_convEncoder_Seq_Pipeline_VITIS_LOOP_40_1_fu_115/empty_fu_66[0]_i_3_n_3
                         LUT6 (Prop_LUT6_I2_O)        0.038     0.882 f  bd_0_i/hls_inst/inst/grp_convEncoder_Seq_Pipeline_VITIS_LOOP_40_1_fu_115/encoded_fu_58[62]_i_2/O
                         net (fo=32, unplaced)        0.246     1.128    bd_0_i/hls_inst/inst/grp_convEncoder_Seq_Pipeline_VITIS_LOOP_40_1_fu_115/encoded_fu_58[62]_i_2_n_3
                         LUT6 (Prop_LUT6_I1_O)        0.038     1.166 r  bd_0_i/hls_inst/inst/grp_convEncoder_Seq_Pipeline_VITIS_LOOP_40_1_fu_115/encoded_fu_58[16]_i_1/O
                         net (fo=1, unplaced)         0.048     1.214    bd_0_i/hls_inst/inst/grp_convEncoder_Seq_Pipeline_VITIS_LOOP_40_1_fu_115/encoded_1_fu_247_p4[16]
                         FDRE                                         r  bd_0_i/hls_inst/inst/grp_convEncoder_Seq_Pipeline_VITIS_LOOP_40_1_fu_115/encoded_fu_58_reg[16]/D
  -------------------------------------------------------------------    -------------------

                         (clock ap_clk rise edge)    10.000    10.000 r  
                                                      0.000    10.000 r  ap_clk (IN)
                         net (fo=155, unset)          0.021    10.021    bd_0_i/hls_inst/inst/grp_convEncoder_Seq_Pipeline_VITIS_LOOP_40_1_fu_115/ap_clk
                         FDRE                                         r  bd_0_i/hls_inst/inst/grp_convEncoder_Seq_Pipeline_VITIS_LOOP_40_1_fu_115/encoded_fu_58_reg[16]/C
                         clock pessimism              0.000    10.021    
                         clock uncertainty           -0.035     9.986    
                         FDRE (Setup_FDRE_C_D)        0.025    10.011    bd_0_i/hls_inst/inst/grp_convEncoder_Seq_Pipeline_VITIS_LOOP_40_1_fu_115/encoded_fu_58_reg[16]
  -------------------------------------------------------------------
                         required time                         10.011    
                         arrival time                          -1.214    
  -------------------------------------------------------------------
                         slack                                  8.797    

Slack (MET) :             8.797ns  (required time - arrival time)
  Source:                 bd_0_i/hls_inst/inst/in_word_data_reg_178_reg[10]/C
                            (rising edge-triggered cell FDRE clocked by ap_clk  {rise@0.000ns fall@5.000ns period=10.000ns})
  Destination:            bd_0_i/hls_inst/inst/grp_convEncoder_Seq_Pipeline_VITIS_LOOP_40_1_fu_115/encoded_fu_58_reg[17]/D
                            (rising edge-triggered cell FDRE clocked by ap_clk  {rise@0.000ns fall@5.000ns period=10.000ns})
  Path Group:             ap_clk
  Path Type:              Setup (Max at Slow Process Corner)
  Requirement:            10.000ns  (ap_clk rise@10.000ns - ap_clk rise@0.000ns)
  Data Path Delay:        1.184ns  (logic 0.403ns (34.037%)  route 0.781ns (65.963%))
  Logic Levels:           4  (LUT6=4)
  Clock Path Skew:        -0.009ns (DCD - SCD + CPR)
    Destination Clock Delay (DCD):    0.021ns = ( 10.021 - 10.000 ) 
    Source Clock Delay      (SCD):    0.030ns
    Clock Pessimism Removal (CPR):    0.000ns
  Clock Uncertainty:      0.035ns  ((TSJ^2 + TIJ^2)^1/2 + DJ) / 2 + PE
    Total System Jitter     (TSJ):    0.071ns
    Total Input Jitter      (TIJ):    0.000ns
    Discrete Jitter          (DJ):    0.000ns
    Phase Error              (PE):    0.000ns

    Location             Delay type                Incr(ns)  Path(ns)    Netlist Resource(s)
  -------------------------------------------------------------------    -------------------
                         (clock ap_clk rise edge)     0.000     0.000 r  
                                                      0.000     0.000 r  ap_clk (IN)
                         net (fo=155, unset)          0.030     0.030    bd_0_i/hls_inst/inst/ap_clk
                         FDRE                                         r  bd_0_i/hls_inst/inst/in_word_data_reg_178_reg[10]/C
  -------------------------------------------------------------------    -------------------
                         FDRE (Prop_FDRE_C_Q)         0.077     0.107 r  bd_0_i/hls_inst/inst/in_word_data_reg_178_reg[10]/Q
                         net (fo=1, unplaced)         0.154     0.261    bd_0_i/hls_inst/inst/grp_convEncoder_Seq_Pipeline_VITIS_LOOP_40_1_fu_115/empty_fu_66[0]_i_4_0[10]
                         LUT6 (Prop_LUT6_I0_O)        0.150     0.411 f  bd_0_i/hls_inst/inst/grp_convEncoder_Seq_Pipeline_VITIS_LOOP_40_1_fu_115/empty_fu_66[0]_i_5/O
                         net (fo=1, unplaced)         0.141     0.552    bd_0_i/hls_inst/inst/grp_convEncoder_Seq_Pipeline_VITIS_LOOP_40_1_fu_115/empty_fu_66[0]_i_5_n_3
                         LUT6 (Prop_LUT6_I0_O)        0.100     0.652 r  bd_0_i/hls_inst/inst/grp_convEncoder_Seq_Pipeline_VITIS_LOOP_40_1_fu_115/empty_fu_66[0]_i_3/O
                         net (fo=3, unplaced)         0.192     0.844    bd_0_i/hls_inst/inst/grp_convEncoder_Seq_Pipeline_VITIS_LOOP_40_1_fu_115/empty_fu_66[0]_i_3_n_3
                         LUT6 (Prop_LUT6_I2_O)        0.038     0.882 f  bd_0_i/hls_inst/inst/grp_convEncoder_Seq_Pipeline_VITIS_LOOP_40_1_fu_115/encoded_fu_58[63]_i_5/O
                         net (fo=32, unplaced)        0.246     1.128    bd_0_i/hls_inst/inst/grp_convEncoder_Seq_Pipeline_VITIS_LOOP_40_1_fu_115/encoded_fu_58[63]_i_5_n_3
                         LUT6 (Prop_LUT6_I1_O)        0.038     1.166 r  bd_0_i/hls_inst/inst/grp_convEncoder_Seq_Pipeline_VITIS_LOOP_40_1_fu_115/encoded_fu_58[17]_i_1/O
                         net (fo=1, unplaced)         0.048     1.214    bd_0_i/hls_inst/inst/grp_convEncoder_Seq_Pipeline_VITIS_LOOP_40_1_fu_115/encoded_1_fu_247_p4[17]
                         FDRE                                         r  bd_0_i/hls_inst/inst/grp_convEncoder_Seq_Pipeline_VITIS_LOOP_40_1_fu_115/encoded_fu_58_reg[17]/D
  -------------------------------------------------------------------    -------------------

                         (clock ap_clk rise edge)    10.000    10.000 r  
                                                      0.000    10.000 r  ap_clk (IN)
                         net (fo=155, unset)          0.021    10.021    bd_0_i/hls_inst/inst/grp_convEncoder_Seq_Pipeline_VITIS_LOOP_40_1_fu_115/ap_clk
                         FDRE                                         r  bd_0_i/hls_inst/inst/grp_convEncoder_Seq_Pipeline_VITIS_LOOP_40_1_fu_115/encoded_fu_58_reg[17]/C
                         clock pessimism              0.000    10.021    
                         clock uncertainty           -0.035     9.986    
                         FDRE (Setup_FDRE_C_D)        0.025    10.011    bd_0_i/hls_inst/inst/grp_convEncoder_Seq_Pipeline_VITIS_LOOP_40_1_fu_115/encoded_fu_58_reg[17]
  -------------------------------------------------------------------
                         required time                         10.011    
                         arrival time                          -1.214    
  -------------------------------------------------------------------
                         slack                                  8.797    

Slack (MET) :             8.797ns  (required time - arrival time)
  Source:                 bd_0_i/hls_inst/inst/in_word_data_reg_178_reg[10]/C
                            (rising edge-triggered cell FDRE clocked by ap_clk  {rise@0.000ns fall@5.000ns period=10.000ns})
  Destination:            bd_0_i/hls_inst/inst/grp_convEncoder_Seq_Pipeline_VITIS_LOOP_40_1_fu_115/encoded_fu_58_reg[18]/D
                            (rising edge-triggered cell FDRE clocked by ap_clk  {rise@0.000ns fall@5.000ns period=10.000ns})
  Path Group:             ap_clk
  Path Type:              Setup (Max at Slow Process Corner)
  Requirement:            10.000ns  (ap_clk rise@10.000ns - ap_clk rise@0.000ns)
  Data Path Delay:        1.184ns  (logic 0.403ns (34.037%)  route 0.781ns (65.963%))
  Logic Levels:           4  (LUT6=4)
  Clock Path Skew:        -0.009ns (DCD - SCD + CPR)
    Destination Clock Delay (DCD):    0.021ns = ( 10.021 - 10.000 ) 
    Source Clock Delay      (SCD):    0.030ns
    Clock Pessimism Removal (CPR):    0.000ns
  Clock Uncertainty:      0.035ns  ((TSJ^2 + TIJ^2)^1/2 + DJ) / 2 + PE
    Total System Jitter     (TSJ):    0.071ns
    Total Input Jitter      (TIJ):    0.000ns
    Discrete Jitter          (DJ):    0.000ns
    Phase Error              (PE):    0.000ns

    Location             Delay type                Incr(ns)  Path(ns)    Netlist Resource(s)
  -------------------------------------------------------------------    -------------------
                         (clock ap_clk rise edge)     0.000     0.000 r  
                                                      0.000     0.000 r  ap_clk (IN)
                         net (fo=155, unset)          0.030     0.030    bd_0_i/hls_inst/inst/ap_clk
                         FDRE                                         r  bd_0_i/hls_inst/inst/in_word_data_reg_178_reg[10]/C
  -------------------------------------------------------------------    -------------------
                         FDRE (Prop_FDRE_C_Q)         0.077     0.107 r  bd_0_i/hls_inst/inst/in_word_data_reg_178_reg[10]/Q
                         net (fo=1, unplaced)         0.154     0.261    bd_0_i/hls_inst/inst/grp_convEncoder_Seq_Pipeline_VITIS_LOOP_40_1_fu_115/empty_fu_66[0]_i_4_0[10]
                         LUT6 (Prop_LUT6_I0_O)        0.150     0.411 f  bd_0_i/hls_inst/inst/grp_convEncoder_Seq_Pipeline_VITIS_LOOP_40_1_fu_115/empty_fu_66[0]_i_5/O
                         net (fo=1, unplaced)         0.141     0.552    bd_0_i/hls_inst/inst/grp_convEncoder_Seq_Pipeline_VITIS_LOOP_40_1_fu_115/empty_fu_66[0]_i_5_n_3
                         LUT6 (Prop_LUT6_I0_O)        0.100     0.652 r  bd_0_i/hls_inst/inst/grp_convEncoder_Seq_Pipeline_VITIS_LOOP_40_1_fu_115/empty_fu_66[0]_i_3/O
                         net (fo=3, unplaced)         0.192     0.844    bd_0_i/hls_inst/inst/grp_convEncoder_Seq_Pipeline_VITIS_LOOP_40_1_fu_115/empty_fu_66[0]_i_3_n_3
                         LUT6 (Prop_LUT6_I2_O)        0.038     0.882 f  bd_0_i/hls_inst/inst/grp_convEncoder_Seq_Pipeline_VITIS_LOOP_40_1_fu_115/encoded_fu_58[62]_i_2/O
                         net (fo=32, unplaced)        0.246     1.128    bd_0_i/hls_inst/inst/grp_convEncoder_Seq_Pipeline_VITIS_LOOP_40_1_fu_115/encoded_fu_58[62]_i_2_n_3
                         LUT6 (Prop_LUT6_I1_O)        0.038     1.166 r  bd_0_i/hls_inst/inst/grp_convEncoder_Seq_Pipeline_VITIS_LOOP_40_1_fu_115/encoded_fu_58[18]_i_1/O
                         net (fo=1, unplaced)         0.048     1.214    bd_0_i/hls_inst/inst/grp_convEncoder_Seq_Pipeline_VITIS_LOOP_40_1_fu_115/encoded_1_fu_247_p4[18]
                         FDRE                                         r  bd_0_i/hls_inst/inst/grp_convEncoder_Seq_Pipeline_VITIS_LOOP_40_1_fu_115/encoded_fu_58_reg[18]/D
  -------------------------------------------------------------------    -------------------

                         (clock ap_clk rise edge)    10.000    10.000 r  
                                                      0.000    10.000 r  ap_clk (IN)
                         net (fo=155, unset)          0.021    10.021    bd_0_i/hls_inst/inst/grp_convEncoder_Seq_Pipeline_VITIS_LOOP_40_1_fu_115/ap_clk
                         FDRE                                         r  bd_0_i/hls_inst/inst/grp_convEncoder_Seq_Pipeline_VITIS_LOOP_40_1_fu_115/encoded_fu_58_reg[18]/C
                         clock pessimism              0.000    10.021    
                         clock uncertainty           -0.035     9.986    
                         FDRE (Setup_FDRE_C_D)        0.025    10.011    bd_0_i/hls_inst/inst/grp_convEncoder_Seq_Pipeline_VITIS_LOOP_40_1_fu_115/encoded_fu_58_reg[18]
  -------------------------------------------------------------------
                         required time                         10.011    
                         arrival time                          -1.214    
  -------------------------------------------------------------------
                         slack                                  8.797    




